running develop
running egg_info
creating omo_r1mini_teleop.egg-info
writing omo_r1mini_teleop.egg-info/PKG-INFO
writing dependency_links to omo_r1mini_teleop.egg-info/dependency_links.txt
writing entry points to omo_r1mini_teleop.egg-info/entry_points.txt
writing requirements to omo_r1mini_teleop.egg-info/requires.txt
writing top-level names to omo_r1mini_teleop.egg-info/top_level.txt
writing manifest file 'omo_r1mini_teleop.egg-info/SOURCES.txt'
reading manifest file 'omo_r1mini_teleop.egg-info/SOURCES.txt'
writing manifest file 'omo_r1mini_teleop.egg-info/SOURCES.txt'
running build_ext
Creating /workspaces/foxy_ws/src/omorobot_r1_mini/src/install/omo_r1mini_teleop/lib/python3.8/site-packages/site.py
Creating /workspaces/foxy_ws/src/omorobot_r1_mini/src/install/omo_r1mini_teleop/lib/python3.8/site-packages/omo-r1mini-teleop.egg-link (link to .)
Installing teleop_keyboard script to /workspaces/foxy_ws/src/omorobot_r1_mini/src/install/omo_r1mini_teleop/lib/omo_r1mini_teleop

Installed /workspaces/foxy_ws/src/omorobot_r1_mini/src/build/omo_r1mini_teleop
running install_data
creating /workspaces/foxy_ws/src/omorobot_r1_mini/src/install/omo_r1mini_teleop/share/ament_index
creating /workspaces/foxy_ws/src/omorobot_r1_mini/src/install/omo_r1mini_teleop/share/ament_index/resource_index
creating /workspaces/foxy_ws/src/omorobot_r1_mini/src/install/omo_r1mini_teleop/share/ament_index/resource_index/packages
copying resource/omo_r1mini_teleop -> /workspaces/foxy_ws/src/omorobot_r1_mini/src/install/omo_r1mini_teleop/share/ament_index/resource_index/packages
copying package.xml -> /workspaces/foxy_ws/src/omorobot_r1_mini/src/install/omo_r1mini_teleop/share/omo_r1mini_teleop
