CMake Deprecation Warning at CMakeLists.txt:44 (cmake_policy):
  The OLD behavior for policy CMP0053 will be removed from a future version
  of CMake.

  The cmake-policies(7) manual explains that the OLD behaviors of all
  policies are deprecated and that a policy should be set to OLD only under
  specific short-term circumstances.  Projects should be ported to the NEW
  behavior and not rely on setting a policy to OLD.


CMake Deprecation Warning at CMakeLists.txt:47 (cmake_policy):
  The OLD behavior for policy CMP0037 will be removed from a future version
  of CMake.

  The cmake-policies(7) manual explains that the OLD behaviors of all
  policies are deprecated and that a policy should be set to OLD only under
  specific short-term circumstances.  Projects should be ported to the NEW
  behavior and not rely on setting a policy to OLD.


CMake Deprecation Warning at CMakeLists.txt:50 (cmake_policy):
  The OLD behavior for policy CMP0043 will be removed from a future version
  of CMake.

  The cmake-policies(7) manual explains that the OLD behaviors of all
  policies are deprecated and that a policy should be set to OLD only under
  specific short-term circumstances.  Projects should be ported to the NEW
  behavior and not rely on setting a policy to OLD.


-- Could NOT find SWIG (missing: SWIG_EXECUTABLE SWIG_DIR) 
-- build test is ON.....
CMake Deprecation Warning at cmake/install_package.cmake:101 (cmake_policy):
  The OLD behavior for policy CMP0026 will be removed from a future version
  of CMake.

  The cmake-policies(7) manual explains that the OLD behaviors of all
  policies are deprecated and that a policy should be set to OLD only under
  specific short-term circumstances.  Projects should be ported to the NEW
  behavior and not rely on setting a policy to OLD.
Call Stack (most recent call first):
  CMakeLists.txt:161 (install_package)


CMake Warning (dev) at cmake/install_package.cmake:191 (install):
  Policy CMP0062 is not set: Disallow install() of export() result.  Run
  "cmake --help-policy CMP0062" for policy details.  Use the cmake_policy
  command to set the policy and suppress this warning.

  The file

    /workspaces/foxy_ws/src/omorobot_r1_mini/build/ydlidar_sdk/ydlidar_sdkTargets.cmake

  was generated by the export() command.  It should not be installed with the
  install() command.  Use the install(EXPORT) mechanism instead.  See the
  cmake-packages(7) manual for more.

Call Stack (most recent call first):
  CMakeLists.txt:161 (install_package)
This warning is for project developers.  Use -Wno-dev to suppress it.

-- 
-- +===========================================================================+
-- |         Resulting configuration for                             |
-- +===========================================================================+
--  _________________________ PLATFORM _____________________________
--  Host                        : Linux5.10.25-linuxkitx86_64
--  Is the system big endian?   :  No 
--  Word size (32/64 bit)       : 64
--  CMake version               : 3.16.3
--  CMake generator             : Unix Makefiles
--  CMake build tool            : /usr/bin/make
--  Compiler                    : GNU
--  Configuration               : 
-- 
--  __________________________ OPTIONS _____________________________
--  Build YDLidar-SDK as a shared library?　　 :  No 
--  Build Examples?　　　　　　　　　　　　　　 : Yes 
--  Build C Sharp API?　　　　　　　　　　　　 :  No 
--  Build TEST?  			　　　 : Yes 
-- 
--  _________________________ INSTALL _____________________
--  Install prefix                    : /workspaces/foxy_ws/src/omorobot_r1_mini/install/ydlidar_sdk
-- 
--  _______________________ WRAPPERS/BINDINGS ______________________
--  Python bindings (pyydlidar)   :  No 
--   - dep: Swig found?       :  No [Version: ]
--   - dep: PythonLibs found?  : Yes [Version: 3.8.10]
-- 
-- Configuring done
-- Generating done
-- Build files have been written to: /workspaces/foxy_ws/src/omorobot_r1_mini/build/ydlidar_sdk
[35m[1mScanning dependencies of target ydlidar_sdk[0m
[  8%] [32mBuilding CXX object CMakeFiles/ydlidar_sdk.dir/core/base/timer.cpp.o[0m
[  8%] [32mBuilding CXX object CMakeFiles/ydlidar_sdk.dir/core/common/ydlidar_def.cpp.o[0m
[ 12%] [32mBuilding CXX object CMakeFiles/ydlidar_sdk.dir/core/network/ActiveSocket.cpp.o[0m
[ 33%] [32mBuilding CXX object CMakeFiles/ydlidar_sdk.dir/core/serial/serial.cpp.o[0m
[ 33%] [32mBuilding CXX object CMakeFiles/ydlidar_sdk.dir/core/network/SimpleSocket.cpp.o[0m
[ 33%] [32mBuilding C object CMakeFiles/ydlidar_sdk.dir/core/serial/impl/unix/lock.c.o[0m
[ 33%] [32mBuilding CXX object CMakeFiles/ydlidar_sdk.dir/core/network/PassiveSocket.cpp.o[0m
[ 33%] [32mBuilding CXX object CMakeFiles/ydlidar_sdk.dir/core/serial/impl/unix/list_ports_linux.cpp.o[0m
[ 37%] [32mBuilding CXX object CMakeFiles/ydlidar_sdk.dir/core/serial/impl/unix/unix_serial.cpp.o[0m
[ 41%] [32mBuilding CXX object CMakeFiles/ydlidar_sdk.dir/src/CYdLidar.cpp.o[0m
[ 45%] [32mBuilding CXX object CMakeFiles/ydlidar_sdk.dir/src/ETLidarDriver.cpp.o[0m
[ 50%] [32mBuilding CXX object CMakeFiles/ydlidar_sdk.dir/src/ydlidar_driver.cpp.o[0m
[ 54%] [32mBuilding CXX object CMakeFiles/ydlidar_sdk.dir/src/ydlidar_sdk.cpp.o[0m
[ 58%] [32m[1mLinking CXX static library libydlidar_sdk.a[0m
[ 58%] Built target ydlidar_sdk
[35m[1mScanning dependencies of target ydlidar_test[0m
[35m[1mScanning dependencies of target tof_test[0m
[35m[1mScanning dependencies of target etlidar_test[0m
[35m[1mScanning dependencies of target lidar_test[0m
[35m[1mScanning dependencies of target lidar_c_api_test[0m
[ 62%] [32mBuilding C object samples/CMakeFiles/lidar_c_api_test.dir/lidar_c_api_test.c.o[0m
[01m[Kcc1:[m[K [01;35m[Kwarning: [m[Kcommand line option ‘[01m[K-std=c++11[m[K’ is valid for C++/ObjC++ but not for C
[ 66%] [32mBuilding CXX object samples/CMakeFiles/ydlidar_test.dir/ydlidar_test.cpp.o[0m
[ 75%] [32mBuilding CXX object samples/CMakeFiles/tof_test.dir/tof_test.cpp.o[0m
[ 75%] [32mBuilding CXX object samples/CMakeFiles/etlidar_test.dir/etlidar_test.cpp.o[0m
[ 79%] [32mBuilding CXX object test/CMakeFiles/lidar_test.dir/lidar_test.cpp.o[0m
[01m[K/workspaces/foxy_ws/src/omorobot_r1_mini/src/YDLidar-SDK/samples/lidar_c_api_test.c:[m[K In function ‘[01m[Kmain[m[K’:
[01m[K/workspaces/foxy_ws/src/omorobot_r1_mini/src/YDLidar-SDK/samples/lidar_c_api_test.c:102:47:[m[K [01;35m[Kwarning: [m[Kformat ‘[01m[K%llu[m[K’ expects argument of type ‘[01m[Klong long unsigned int[m[K’, but argument 3 has type ‘[01m[Kuint64_t[m[K’ {aka ‘[01m[Klong unsigned int[m[K’} [[01;35m[K-Wformat=[m[K]
  102 |             fprintf(stdout, "Scan received[[01;35m[K%llu[m[K]: %u ranges is [%f]Hz\n",
      |                                            [01;35m[K~~~^[m[K
      |                                               [01;35m[K|[m[K
      |                                               [01;35m[Klong long unsigned int[m[K
      |                                            [32m[K%lu[m[K
  103 |                     [32m[Kscan.stamp[m[K,
      |                     [32m[K~~~~~~~~~~[m[K                 
      |                         [32m[K|[m[K
      |                         [32m[Kuint64_t {aka long unsigned int}[m[K
[ 83%] [32m[1mLinking CXX executable ../lidar_c_api_test[0m
[01m[K/workspaces/foxy_ws/src/omorobot_r1_mini/src/YDLidar-SDK/samples/etlidar_test.cpp:[m[K In function ‘[01m[Kint main(int, char**)[m[K’:
[01m[K/workspaces/foxy_ws/src/omorobot_r1_mini/src/YDLidar-SDK/samples/etlidar_test.cpp:178:41:[m[K [01;35m[Kwarning: [m[Kformat ‘[01m[K%llu[m[K’ expects argument of type ‘[01m[Klong long unsigned int[m[K’, but argument 3 has type ‘[01m[Kuint64_t[m[K’ {aka ‘[01m[Klong unsigned int[m[K’} [[01;35m[K-Wformat=[m[K]
  178 |       fprintf(stdout, "Scan received[[01;35m[K%llu[m[K]: %u ranges is [%f]Hz\n",
      |                                      [01;35m[K~~~^[m[K
      |                                         [01;35m[K|[m[K
      |                                         [01;35m[Klong long unsigned int[m[K
      |                                      [32m[K%lu[m[K
  179 |               [32m[Kscan.stamp[m[K,
      |               [32m[K~~~~~~~~~~[m[K                 
      |                    [32m[K|[m[K
      |                    [32m[Kuint64_t {aka long unsigned int}[m[K
[01m[K/workspaces/foxy_ws/src/omorobot_r1_mini/src/YDLidar-SDK/samples/tof_test.cpp:[m[K In function ‘[01m[Kint main(int, char**)[m[K’:
[01m[K/workspaces/foxy_ws/src/omorobot_r1_mini/src/YDLidar-SDK/samples/tof_test.cpp:259:41:[m[K [01;35m[Kwarning: [m[Kformat ‘[01m[K%llu[m[K’ expects argument of type ‘[01m[Klong long unsigned int[m[K’, but argument 3 has type ‘[01m[Kuint64_t[m[K’ {aka ‘[01m[Klong unsigned int[m[K’} [[01;35m[K-Wformat=[m[K]
  259 |       fprintf(stdout, "Scan received[[01;35m[K%llu[m[K]: %u ranges is [%f]Hz\n",
      |                                      [01;35m[K~~~^[m[K
      |                                         [01;35m[K|[m[K
      |                                         [01;35m[Klong long unsigned int[m[K
      |                                      [32m[K%lu[m[K
  260 |               [32m[Kscan.stamp[m[K,
      |               [32m[K~~~~~~~~~~[m[K                 
      |                    [32m[K|[m[K
      |                    [32m[Kuint64_t {aka long unsigned int}[m[K
[01m[K/workspaces/foxy_ws/src/omorobot_r1_mini/src/YDLidar-SDK/samples/ydlidar_test.cpp:[m[K In function ‘[01m[Kint main(int, char**)[m[K’:
[01m[K/workspaces/foxy_ws/src/omorobot_r1_mini/src/YDLidar-SDK/samples/ydlidar_test.cpp:262:41:[m[K [01;35m[Kwarning: [m[Kformat ‘[01m[K%llu[m[K’ expects argument of type ‘[01m[Klong long unsigned int[m[K’, but argument 3 has type ‘[01m[Kuint64_t[m[K’ {aka ‘[01m[Klong unsigned int[m[K’} [[01;35m[K-Wformat=[m[K]
  262 |       fprintf(stdout, "Scan received[[01;35m[K%llu[m[K]: %u ranges is [%f]Hz\n",
      |                                      [01;35m[K~~~^[m[K
      |                                         [01;35m[K|[m[K
      |                                         [01;35m[Klong long unsigned int[m[K
      |                                      [32m[K%lu[m[K
  263 |               [32m[Kscan.stamp[m[K,
      |               [32m[K~~~~~~~~~~[m[K                 
      |                    [32m[K|[m[K
      |                    [32m[Kuint64_t {aka long unsigned int}[m[K
[ 87%] [32m[1mLinking CXX executable ../etlidar_test[0m
[ 91%] [32m[1mLinking CXX executable ../tof_test[0m
[ 91%] Built target lidar_c_api_test
[ 95%] [32m[1mLinking CXX executable ../ydlidar_test[0m
[100%] [32m[1mLinking CXX executable lidar_test[0m
[100%] Built target etlidar_test
[100%] Built target tof_test
[100%] Built target ydlidar_test
[100%] Built target lidar_test
