[0.673s] Invoking command in '/workspaces/foxy_ws/src/omorobot_r1_mini/build/ydlidar_sdk': /usr/bin/cmake --build /workspaces/foxy_ws/src/omorobot_r1_mini/build/ydlidar_sdk -- -j8 -l8
[0.721s] CMake Deprecation Warning at CMakeLists.txt:44 (cmake_policy):
[0.726s]   The OLD behavior for policy CMP0053 will be removed from a future version
[0.736s]   of CMake.
[0.740s] 
[0.744s]   The cmake-policies(7) manual explains that the OLD behaviors of all
[0.768s]   policies are deprecated and that a policy should be set to OLD only under
[0.773s]   specific short-term circumstances.  Projects should be ported to the NEW
[0.777s]   behavior and not rely on setting a policy to OLD.
[0.782s] 
[0.786s] 
[0.790s] CMake Deprecation Warning at CMakeLists.txt:47 (cmake_policy):
[0.794s]   The OLD behavior for policy CMP0037 will be removed from a future version
[0.799s]   of CMake.
[0.804s] 
[0.818s]   The cmake-policies(7) manual explains that the OLD behaviors of all
[0.826s]   policies are deprecated and that a policy should be set to OLD only under
[0.831s]   specific short-term circumstances.  Projects should be ported to the NEW
[0.837s]   behavior and not rely on setting a policy to OLD.
[0.847s] 
[0.854s] 
[0.867s] CMake Deprecation Warning at CMakeLists.txt:50 (cmake_policy):
[0.872s]   The OLD behavior for policy CMP0043 will be removed from a future version
[0.880s]   of CMake.
[0.885s] 
[0.889s]   The cmake-policies(7) manual explains that the OLD behaviors of all
[0.902s]   policies are deprecated and that a policy should be set to OLD only under
[0.906s]   specific short-term circumstances.  Projects should be ported to the NEW
[0.913s]   behavior and not rely on setting a policy to OLD.
[0.926s] 
[0.931s] 
[0.937s] -- Could NOT find SWIG (missing: SWIG_EXECUTABLE SWIG_DIR) 
[1.041s] -- build test is ON.....
[1.054s] CMake Deprecation Warning at cmake/install_package.cmake:101 (cmake_policy):
[1.061s]   The OLD behavior for policy CMP0026 will be removed from a future version
[1.067s]   of CMake.
[1.071s] 
[1.076s]   The cmake-policies(7) manual explains that the OLD behaviors of all
[1.081s]   policies are deprecated and that a policy should be set to OLD only under
[1.084s]   specific short-term circumstances.  Projects should be ported to the NEW
[1.090s]   behavior and not rely on setting a policy to OLD.
[1.096s] Call Stack (most recent call first):
[1.101s]   CMakeLists.txt:161 (install_package)
[1.107s] 
[1.112s] 
[1.136s] CMake Warning (dev) at cmake/install_package.cmake:191 (install):
[1.139s]   Policy CMP0062 is not set: Disallow install() of export() result.  Run
[1.142s]   "cmake --help-policy CMP0062" for policy details.  Use the cmake_policy
[1.153s]   command to set the policy and suppress this warning.
[1.157s] 
[1.160s]   The file
[1.163s] 
[1.166s]     /workspaces/foxy_ws/src/omorobot_r1_mini/build/ydlidar_sdk/ydlidar_sdkTargets.cmake
[1.171s] 
[1.177s]   was generated by the export() command.  It should not be installed with the
[1.181s]   install() command.  Use the install(EXPORT) mechanism instead.  See the
[1.184s]   cmake-packages(7) manual for more.
[1.188s] 
[1.196s] Call Stack (most recent call first):
[1.200s]   CMakeLists.txt:161 (install_package)
[1.207s] This warning is for project developers.  Use -Wno-dev to suppress it.
[1.217s] 
[1.305s] -- 
[1.310s] -- +===========================================================================+
[1.319s] -- |         Resulting configuration for                             |
[1.327s] -- +===========================================================================+
[1.332s] --  _________________________ PLATFORM _____________________________
[1.338s] --  Host                        : Linux5.10.25-linuxkitx86_64
[1.348s] --  Is the system big endian?   :  No 
[1.355s] --  Word size (32/64 bit)       : 64
[1.366s] --  CMake version               : 3.16.3
[1.373s] --  CMake generator             : Unix Makefiles
[1.381s] --  CMake build tool            : /usr/bin/make
[1.388s] --  Compiler                    : GNU
[1.394s] --  Configuration               : 
[1.400s] -- 
[1.406s] --  __________________________ OPTIONS _____________________________
[1.413s] --  Build YDLidar-SDK as a shared library?　　 :  No 
[1.420s] --  Build Examples?　　　　　　　　　　　　　　 : Yes 
[1.425s] --  Build C Sharp API?　　　　　　　　　　　　 :  No 
[1.429s] --  Build TEST?  			　　　 : Yes 
[1.437s] -- 
[1.444s] --  _________________________ INSTALL _____________________
[1.448s] --  Install prefix                    : /workspaces/foxy_ws/src/omorobot_r1_mini/install/ydlidar_sdk
[1.460s] -- 
[1.465s] --  _______________________ WRAPPERS/BINDINGS ______________________
[1.476s] --  Python bindings (pyydlidar)   :  No 
[1.481s] --   - dep: Swig found?       :  No [Version: ]
[1.492s] --   - dep: PythonLibs found?  : Yes [Version: 3.8.10]
[1.497s] -- 
[1.502s] -- Configuring done
[3.127s] -- Generating done
[3.281s] -- Build files have been written to: /workspaces/foxy_ws/src/omorobot_r1_mini/build/ydlidar_sdk
[3.357s] [35m[1mScanning dependencies of target ydlidar_sdk[0m
[5.519s] [  8%] [32mBuilding CXX object CMakeFiles/ydlidar_sdk.dir/core/base/timer.cpp.o[0m
[5.526s] [  8%] [32mBuilding CXX object CMakeFiles/ydlidar_sdk.dir/core/common/ydlidar_def.cpp.o[0m
[5.541s] [ 12%] [32mBuilding CXX object CMakeFiles/ydlidar_sdk.dir/core/network/ActiveSocket.cpp.o[0m
[5.570s] [ 33%] [32mBuilding CXX object CMakeFiles/ydlidar_sdk.dir/core/serial/serial.cpp.o[0m
[5.577s] [ 33%] [32mBuilding CXX object CMakeFiles/ydlidar_sdk.dir/core/network/SimpleSocket.cpp.o[0m
[5.590s] [ 33%] [32mBuilding C object CMakeFiles/ydlidar_sdk.dir/core/serial/impl/unix/lock.c.o[0m
[5.597s] [ 33%] [32mBuilding CXX object CMakeFiles/ydlidar_sdk.dir/core/network/PassiveSocket.cpp.o[0m
[5.606s] [ 33%] [32mBuilding CXX object CMakeFiles/ydlidar_sdk.dir/core/serial/impl/unix/list_ports_linux.cpp.o[0m
[6.035s] [ 37%] [32mBuilding CXX object CMakeFiles/ydlidar_sdk.dir/core/serial/impl/unix/unix_serial.cpp.o[0m
[6.618s] [ 41%] [32mBuilding CXX object CMakeFiles/ydlidar_sdk.dir/src/CYdLidar.cpp.o[0m
[7.106s] [ 45%] [32mBuilding CXX object CMakeFiles/ydlidar_sdk.dir/src/ETLidarDriver.cpp.o[0m
[7.852s] [ 50%] [32mBuilding CXX object CMakeFiles/ydlidar_sdk.dir/src/ydlidar_driver.cpp.o[0m
[7.915s] [ 54%] [32mBuilding CXX object CMakeFiles/ydlidar_sdk.dir/src/ydlidar_sdk.cpp.o[0m
[10.209s] [ 58%] [32m[1mLinking CXX static library libydlidar_sdk.a[0m
[10.657s] [ 58%] Built target ydlidar_sdk
[10.697s] [35m[1mScanning dependencies of target ydlidar_test[0m
[10.705s] [35m[1mScanning dependencies of target tof_test[0m
[10.709s] [35m[1mScanning dependencies of target etlidar_test[0m
[10.713s] [35m[1mScanning dependencies of target lidar_test[0m
[10.721s] [35m[1mScanning dependencies of target lidar_c_api_test[0m
[10.892s] [ 62%] [32mBuilding C object samples/CMakeFiles/lidar_c_api_test.dir/lidar_c_api_test.c.o[0m
[10.900s] [01m[Kcc1:[m[K [01;35m[Kwarning: [m[Kcommand line option ‘[01m[K-std=c++11[m[K’ is valid for C++/ObjC++ but not for C
[11.106s] [ 66%] [32mBuilding CXX object samples/CMakeFiles/ydlidar_test.dir/ydlidar_test.cpp.o[0m
[11.123s] [ 75%] [32mBuilding CXX object samples/CMakeFiles/tof_test.dir/tof_test.cpp.o[0m
[11.126s] [ 75%] [32mBuilding CXX object samples/CMakeFiles/etlidar_test.dir/etlidar_test.cpp.o[0m
[11.167s] [ 79%] [32mBuilding CXX object test/CMakeFiles/lidar_test.dir/lidar_test.cpp.o[0m
[11.251s] [01m[K/workspaces/foxy_ws/src/omorobot_r1_mini/src/YDLidar-SDK/samples/lidar_c_api_test.c:[m[K In function ‘[01m[Kmain[m[K’:
[11.254s] [01m[K/workspaces/foxy_ws/src/omorobot_r1_mini/src/YDLidar-SDK/samples/lidar_c_api_test.c:102:47:[m[K [01;35m[Kwarning: [m[Kformat ‘[01m[K%llu[m[K’ expects argument of type ‘[01m[Klong long unsigned int[m[K’, but argument 3 has type ‘[01m[Kuint64_t[m[K’ {aka ‘[01m[Klong unsigned int[m[K’} [[01;35m[K-Wformat=[m[K]
[11.257s]   102 |             fprintf(stdout, "Scan received[[01;35m[K%llu[m[K]: %u ranges is [%f]Hz\n",
[11.262s]       |                                            [01;35m[K~~~^[m[K
[11.267s]       |                                               [01;35m[K|[m[K
[11.271s]       |                                               [01;35m[Klong long unsigned int[m[K
[11.276s]       |                                            [32m[K%lu[m[K
[11.280s]   103 |                     [32m[Kscan.stamp[m[K,
[11.283s]       |                     [32m[K~~~~~~~~~~[m[K                 
[11.286s]       |                         [32m[K|[m[K
[11.291s]       |                         [32m[Kuint64_t {aka long unsigned int}[m[K
[11.311s] [ 83%] [32m[1mLinking CXX executable ../lidar_c_api_test[0m
[12.654s] [01m[K/workspaces/foxy_ws/src/omorobot_r1_mini/src/YDLidar-SDK/samples/etlidar_test.cpp:[m[K In function ‘[01m[Kint main(int, char**)[m[K’:
[12.672s] [01m[K/workspaces/foxy_ws/src/omorobot_r1_mini/src/YDLidar-SDK/samples/etlidar_test.cpp:178:41:[m[K [01;35m[Kwarning: [m[Kformat ‘[01m[K%llu[m[K’ expects argument of type ‘[01m[Klong long unsigned int[m[K’, but argument 3 has type ‘[01m[Kuint64_t[m[K’ {aka ‘[01m[Klong unsigned int[m[K’} [[01;35m[K-Wformat=[m[K]
[12.676s]   178 |       fprintf(stdout, "Scan received[[01;35m[K%llu[m[K]: %u ranges is [%f]Hz\n",
[12.679s]       |                                      [01;35m[K~~~^[m[K
[12.683s]       |                                         [01;35m[K|[m[K
[12.686s]       |                                         [01;35m[Klong long unsigned int[m[K
[12.689s]       |                                      [32m[K%lu[m[K
[12.692s]   179 |               [32m[Kscan.stamp[m[K,
[12.695s]       |               [32m[K~~~~~~~~~~[m[K                 
[12.698s]       |                    [32m[K|[m[K
[12.701s]       |                    [32m[Kuint64_t {aka long unsigned int}[m[K
[12.704s] [01m[K/workspaces/foxy_ws/src/omorobot_r1_mini/src/YDLidar-SDK/samples/tof_test.cpp:[m[K In function ‘[01m[Kint main(int, char**)[m[K’:
[12.707s] [01m[K/workspaces/foxy_ws/src/omorobot_r1_mini/src/YDLidar-SDK/samples/tof_test.cpp:259:41:[m[K [01;35m[Kwarning: [m[Kformat ‘[01m[K%llu[m[K’ expects argument of type ‘[01m[Klong long unsigned int[m[K’, but argument 3 has type ‘[01m[Kuint64_t[m[K’ {aka ‘[01m[Klong unsigned int[m[K’} [[01;35m[K-Wformat=[m[K]
[12.711s]   259 |       fprintf(stdout, "Scan received[[01;35m[K%llu[m[K]: %u ranges is [%f]Hz\n",
[12.716s]       |                                      [01;35m[K~~~^[m[K
[12.721s]       |                                         [01;35m[K|[m[K
[12.727s]       |                                         [01;35m[Klong long unsigned int[m[K
[12.731s]       |                                      [32m[K%lu[m[K
[12.735s]   260 |               [32m[Kscan.stamp[m[K,
[12.740s]       |               [32m[K~~~~~~~~~~[m[K                 
[12.743s]       |                    [32m[K|[m[K
[12.749s]       |                    [32m[Kuint64_t {aka long unsigned int}[m[K
[12.755s] [01m[K/workspaces/foxy_ws/src/omorobot_r1_mini/src/YDLidar-SDK/samples/ydlidar_test.cpp:[m[K In function ‘[01m[Kint main(int, char**)[m[K’:
[12.760s] [01m[K/workspaces/foxy_ws/src/omorobot_r1_mini/src/YDLidar-SDK/samples/ydlidar_test.cpp:262:41:[m[K [01;35m[Kwarning: [m[Kformat ‘[01m[K%llu[m[K’ expects argument of type ‘[01m[Klong long unsigned int[m[K’, but argument 3 has type ‘[01m[Kuint64_t[m[K’ {aka ‘[01m[Klong unsigned int[m[K’} [[01;35m[K-Wformat=[m[K]
[12.764s]   262 |       fprintf(stdout, "Scan received[[01;35m[K%llu[m[K]: %u ranges is [%f]Hz\n",
[12.768s]       |                                      [01;35m[K~~~^[m[K
[12.771s]       |                                         [01;35m[K|[m[K
[12.776s]       |                                         [01;35m[Klong long unsigned int[m[K
[12.779s]       |                                      [32m[K%lu[m[K
[12.789s]   263 |               [32m[Kscan.stamp[m[K,
[12.794s]       |               [32m[K~~~~~~~~~~[m[K                 
[12.798s]       |                    [32m[K|[m[K
[12.801s]       |                    [32m[Kuint64_t {aka long unsigned int}[m[K
[12.834s] [ 87%] [32m[1mLinking CXX executable ../etlidar_test[0m
[13.151s] [ 91%] [32m[1mLinking CXX executable ../tof_test[0m
[13.155s] [ 91%] Built target lidar_c_api_test
[13.170s] [ 95%] [32m[1mLinking CXX executable ../ydlidar_test[0m
[14.009s] [100%] [32m[1mLinking CXX executable lidar_test[0m
[14.625s] [100%] Built target etlidar_test
[15.115s] [100%] Built target tof_test
[15.152s] [100%] Built target ydlidar_test
[17.320s] [100%] Built target lidar_test
