[1.223s] Invoking command in '/workspaces/foxy_ws/src/omorobot_r1_mini/src/omo_r1mini-foxy/omo_r1mini_bringup': AMENT_PREFIX_PATH=/workspaces/foxy_ws/src/omorobot_r1_mini/src/install/omo_r1mini_description:${AMENT_PREFIX_PATH} CMAKE_PREFIX_PATH=/workspaces/foxy_ws/src/omorobot_r1_mini/src/install/omo_r1mini_description PYTHONPATH=/workspaces/foxy_ws/src/omorobot_r1_mini/src/install/omo_r1mini_bringup/lib/python3.8/site-packages:${PYTHONPATH} /usr/bin/python3 setup.py egg_info --egg-base ../../build/omo_r1mini_bringup build --build-base /workspaces/foxy_ws/src/omorobot_r1_mini/src/build/omo_r1mini_bringup/build install --prefix /workspaces/foxy_ws/src/omorobot_r1_mini/src/install/omo_r1mini_bringup --record /workspaces/foxy_ws/src/omorobot_r1_mini/src/build/omo_r1mini_bringup/install.log --single-version-externally-managed
[1.534s] running egg_info
[1.538s] writing ../../build/omo_r1mini_bringup/omo_r1mini_bringup.egg-info/PKG-INFO
[1.547s] writing dependency_links to ../../build/omo_r1mini_bringup/omo_r1mini_bringup.egg-info/dependency_links.txt
[1.552s] writing entry points to ../../build/omo_r1mini_bringup/omo_r1mini_bringup.egg-info/entry_points.txt
[1.564s] writing requirements to ../../build/omo_r1mini_bringup/omo_r1mini_bringup.egg-info/requires.txt
[1.568s] writing top-level names to ../../build/omo_r1mini_bringup/omo_r1mini_bringup.egg-info/top_level.txt
[1.653s] reading manifest file '../../build/omo_r1mini_bringup/omo_r1mini_bringup.egg-info/SOURCES.txt'
[1.666s] writing manifest file '../../build/omo_r1mini_bringup/omo_r1mini_bringup.egg-info/SOURCES.txt'
[1.669s] running build
[1.672s] running build_py
[1.695s] running install
[1.699s] running install_lib
[1.721s] running install_data
[1.732s] running install_egg_info
[1.734s] removing '/workspaces/foxy_ws/src/omorobot_r1_mini/src/install/omo_r1mini_bringup/lib/python3.8/site-packages/omo_r1mini_bringup-0.0.1-py3.8.egg-info' (and everything under it)
[1.748s] Copying ../../build/omo_r1mini_bringup/omo_r1mini_bringup.egg-info to /workspaces/foxy_ws/src/omorobot_r1_mini/src/install/omo_r1mini_bringup/lib/python3.8/site-packages/omo_r1mini_bringup-0.0.1-py3.8.egg-info
[1.882s] running install_scripts
[1.916s] Installing omo_r1mini_mcu_node script to /workspaces/foxy_ws/src/omorobot_r1_mini/src/install/omo_r1mini_bringup/lib/omo_r1mini_bringup
[1.923s] Installing omo_r1mini_motor_setting_node script to /workspaces/foxy_ws/src/omorobot_r1_mini/src/install/omo_r1mini_bringup/lib/omo_r1mini_bringup
[1.931s] writing list of installed files to '/workspaces/foxy_ws/src/omorobot_r1_mini/src/build/omo_r1mini_bringup/install.log'
[1.973s] Invoked command in '/workspaces/foxy_ws/src/omorobot_r1_mini/src/omo_r1mini-foxy/omo_r1mini_bringup' returned '0': AMENT_PREFIX_PATH=/workspaces/foxy_ws/src/omorobot_r1_mini/src/install/omo_r1mini_description:${AMENT_PREFIX_PATH} CMAKE_PREFIX_PATH=/workspaces/foxy_ws/src/omorobot_r1_mini/src/install/omo_r1mini_description PYTHONPATH=/workspaces/foxy_ws/src/omorobot_r1_mini/src/install/omo_r1mini_bringup/lib/python3.8/site-packages:${PYTHONPATH} /usr/bin/python3 setup.py egg_info --egg-base ../../build/omo_r1mini_bringup build --build-base /workspaces/foxy_ws/src/omorobot_r1_mini/src/build/omo_r1mini_bringup/build install --prefix /workspaces/foxy_ws/src/omorobot_r1_mini/src/install/omo_r1mini_bringup --record /workspaces/foxy_ws/src/omorobot_r1_mini/src/build/omo_r1mini_bringup/install.log --single-version-externally-managed
