running develop
running egg_info
writing ../../../build/py_action_pkg/py_action_pkg.egg-info/PKG-INFO
writing dependency_links to ../../../build/py_action_pkg/py_action_pkg.egg-info/dependency_links.txt
writing entry points to ../../../build/py_action_pkg/py_action_pkg.egg-info/entry_points.txt
writing requirements to ../../../build/py_action_pkg/py_action_pkg.egg-info/requires.txt
writing top-level names to ../../../build/py_action_pkg/py_action_pkg.egg-info/top_level.txt
reading manifest file '../../../build/py_action_pkg/py_action_pkg.egg-info/SOURCES.txt'
writing manifest file '../../../build/py_action_pkg/py_action_pkg.egg-info/SOURCES.txt'
running build
running build_py
running install
running install_lib
running install_data
running install_egg_info
removing '/workspaces/foxy_ws/src/gcamp_ros2_ws/install/py_action_pkg/lib/python3.8/site-packages/py_action_pkg-0.0.0-py3.8.egg-info' (and everything under it)
Copying ../../../build/py_action_pkg/py_action_pkg.egg-info to /workspaces/foxy_ws/src/gcamp_ros2_ws/install/py_action_pkg/lib/python3.8/site-packages/py_action_pkg-0.0.0-py3.8.egg-info
running install_scripts
Installing fibonacci_action_client script to /workspaces/foxy_ws/src/gcamp_ros2_ws/install/py_action_pkg/lib/py_action_pkg
Installing fibonacci_action_client_cancel script to /workspaces/foxy_ws/src/gcamp_ros2_ws/install/py_action_pkg/lib/py_action_pkg
Installing fibonacci_action_server script to /workspaces/foxy_ws/src/gcamp_ros2_ws/install/py_action_pkg/lib/py_action_pkg
Installing fibonacci_action_server_cancel script to /workspaces/foxy_ws/src/gcamp_ros2_ws/install/py_action_pkg/lib/py_action_pkg
Installing img_subscriber_node script to /workspaces/foxy_ws/src/gcamp_ros2_ws/install/py_action_pkg/lib/py_action_pkg
Installing maze_action_client script to /workspaces/foxy_ws/src/gcamp_ros2_ws/install/py_action_pkg/lib/py_action_pkg
Installing maze_action_server script to /workspaces/foxy_ws/src/gcamp_ros2_ws/install/py_action_pkg/lib/py_action_pkg
Installing odom_sub_node script to /workspaces/foxy_ws/src/gcamp_ros2_ws/install/py_action_pkg/lib/py_action_pkg
Installing robot_controller script to /workspaces/foxy_ws/src/gcamp_ros2_ws/install/py_action_pkg/lib/py_action_pkg
writing list of installed files to '/workspaces/foxy_ws/src/gcamp_ros2_ws/build/py_action_pkg/install.log'
