[0.182s] Invoking command in '/workspaces/foxy_ws/src/omorobot_r1_mini/src/build/omo_r1mini_description': CMAKE_PREFIX_PATH=/opt/ros/foxy /usr/bin/cmake --build /workspaces/foxy_ws/src/omorobot_r1_mini/src/build/omo_r1mini_description -- -j8 -l8
[0.645s] Invoked command in '/workspaces/foxy_ws/src/omorobot_r1_mini/src/build/omo_r1mini_description' returned '0': CMAKE_PREFIX_PATH=/opt/ros/foxy /usr/bin/cmake --build /workspaces/foxy_ws/src/omorobot_r1_mini/src/build/omo_r1mini_description -- -j8 -l8
[0.801s] Invoking command in '/workspaces/foxy_ws/src/omorobot_r1_mini/src/build/omo_r1mini_description': CMAKE_PREFIX_PATH=/opt/ros/foxy /usr/bin/cmake --install /workspaces/foxy_ws/src/omorobot_r1_mini/src/build/omo_r1mini_description
[0.839s] -- Install configuration: ""
[0.863s] -- Execute custom install script
[0.901s] -- Up-to-date symlink: /workspaces/foxy_ws/src/omorobot_r1_mini/src/install/omo_r1mini_description/share/omo_r1mini_description/meshes/bases/body_assy.dae
[0.929s] -- Up-to-date symlink: /workspaces/foxy_ws/src/omorobot_r1_mini/src/install/omo_r1mini_description/share/omo_r1mini_description/meshes/bases/housing_body.dae
[0.963s] -- Up-to-date symlink: /workspaces/foxy_ws/src/omorobot_r1_mini/src/install/omo_r1mini_description/share/omo_r1mini_description/meshes/sensors/ydlidar_assy.dae
[0.996s] -- Up-to-date symlink: /workspaces/foxy_ws/src/omorobot_r1_mini/src/install/omo_r1mini_description/share/omo_r1mini_description/meshes/wheels/caster_wheel.dae
[1.038s] -- Up-to-date symlink: /workspaces/foxy_ws/src/omorobot_r1_mini/src/install/omo_r1mini_description/share/omo_r1mini_description/meshes/wheels/caster_wheel_mount.dae
[1.078s] -- Up-to-date symlink: /workspaces/foxy_ws/src/omorobot_r1_mini/src/install/omo_r1mini_description/share/omo_r1mini_description/meshes/wheels/caster_wheel_rotate.dae
[1.118s] -- Up-to-date symlink: /workspaces/foxy_ws/src/omorobot_r1_mini/src/install/omo_r1mini_description/share/omo_r1mini_description/meshes/wheels/wheel_assy.dae
[1.163s] -- Up-to-date symlink: /workspaces/foxy_ws/src/omorobot_r1_mini/src/install/omo_r1mini_description/share/omo_r1mini_description/rviz/model.rviz
[1.188s] -- Up-to-date symlink: /workspaces/foxy_ws/src/omorobot_r1_mini/src/install/omo_r1mini_description/share/omo_r1mini_description/urdf/omo_r1mini.urdf
[1.227s] -- Up-to-date symlink: /workspaces/foxy_ws/src/omorobot_r1_mini/src/install/omo_r1mini_description/share/omo_r1mini_description/launch/omo_r1mini_description.launch.py
[1.253s] -- Up-to-date symlink: /workspaces/foxy_ws/src/omorobot_r1_mini/src/install/omo_r1mini_description/share/omo_r1mini_description/launch/omo_r1mini_description_rviz.launch.py
[1.290s] -- Up-to-date symlink: /workspaces/foxy_ws/src/omorobot_r1_mini/src/install/omo_r1mini_description/share/omo_r1mini_description/launch/omo_r1mini_state_publisher.launch.py
[1.386s] -- Up-to-date symlink: /workspaces/foxy_ws/src/omorobot_r1_mini/src/install/omo_r1mini_description/share/ament_index/resource_index/package_run_dependencies/omo_r1mini_description
[1.416s] -- Up-to-date symlink: /workspaces/foxy_ws/src/omorobot_r1_mini/src/install/omo_r1mini_description/share/ament_index/resource_index/parent_prefix_path/omo_r1mini_description
[1.470s] -- Up-to-date symlink: /workspaces/foxy_ws/src/omorobot_r1_mini/src/install/omo_r1mini_description/share/omo_r1mini_description/environment/ament_prefix_path.sh
[1.486s] -- Up-to-date symlink: /workspaces/foxy_ws/src/omorobot_r1_mini/src/install/omo_r1mini_description/share/omo_r1mini_description/environment/ament_prefix_path.dsv
[1.517s] -- Up-to-date symlink: /workspaces/foxy_ws/src/omorobot_r1_mini/src/install/omo_r1mini_description/share/omo_r1mini_description/environment/path.sh
[1.536s] -- Up-to-date symlink: /workspaces/foxy_ws/src/omorobot_r1_mini/src/install/omo_r1mini_description/share/omo_r1mini_description/environment/path.dsv
[1.544s] -- Up-to-date symlink: /workspaces/foxy_ws/src/omorobot_r1_mini/src/install/omo_r1mini_description/share/omo_r1mini_description/local_setup.bash
[1.562s] -- Up-to-date symlink: /workspaces/foxy_ws/src/omorobot_r1_mini/src/install/omo_r1mini_description/share/omo_r1mini_description/local_setup.sh
[1.593s] -- Up-to-date symlink: /workspaces/foxy_ws/src/omorobot_r1_mini/src/install/omo_r1mini_description/share/omo_r1mini_description/local_setup.zsh
[1.631s] -- Up-to-date symlink: /workspaces/foxy_ws/src/omorobot_r1_mini/src/install/omo_r1mini_description/share/omo_r1mini_description/local_setup.dsv
[1.634s] -- Symlinking: /workspaces/foxy_ws/src/omorobot_r1_mini/src/install/omo_r1mini_description/share/omo_r1mini_description/package.dsv
[1.713s] -- Up-to-date symlink: /workspaces/foxy_ws/src/omorobot_r1_mini/src/install/omo_r1mini_description/share/ament_index/resource_index/packages/omo_r1mini_description
[1.723s] -- Up-to-date symlink: /workspaces/foxy_ws/src/omorobot_r1_mini/src/install/omo_r1mini_description/share/omo_r1mini_description/cmake/omo_r1mini_descriptionConfig.cmake
[1.742s] -- Up-to-date symlink: /workspaces/foxy_ws/src/omorobot_r1_mini/src/install/omo_r1mini_description/share/omo_r1mini_description/cmake/omo_r1mini_descriptionConfig-version.cmake
[1.758s] -- Up-to-date symlink: /workspaces/foxy_ws/src/omorobot_r1_mini/src/install/omo_r1mini_description/share/omo_r1mini_description/package.xml
[1.989s] Invoked command in '/workspaces/foxy_ws/src/omorobot_r1_mini/src/build/omo_r1mini_description' returned '0': CMAKE_PREFIX_PATH=/opt/ros/foxy /usr/bin/cmake --install /workspaces/foxy_ws/src/omorobot_r1_mini/src/build/omo_r1mini_description
