[0.390s] DEBUG:colcon:Command line arguments: ['/usr/bin/colcon', 'build']
[0.391s] DEBUG:colcon:Parsed command line arguments: Namespace(ament_cmake_args=None, base_paths=['.'], build_base='build', catkin_cmake_args=None, catkin_skip_building_tests=False, cmake_args=None, cmake_clean_cache=False, cmake_clean_first=False, cmake_force_configure=False, cmake_target=None, cmake_target_skip_unavailable=False, continue_on_error=False, event_handlers=None, executor='parallel', ignore_user_meta=False, install_base='install', log_base=None, log_level=None, main=<bound method BuildVerb.main of <colcon_core.verb.build.BuildVerb object at 0x7ffb44b651f0>>, merge_install=False, metas=['./colcon.meta'], packages_above=None, packages_above_and_dependencies=None, packages_above_depth=None, packages_end=None, packages_ignore=None, packages_ignore_regex=None, packages_select=None, packages_select_build_failed=False, packages_select_by_dep=None, packages_select_regex=None, packages_select_test_failures=False, packages_skip=None, packages_skip_build_finished=False, packages_skip_by_dep=None, packages_skip_regex=None, packages_skip_test_passed=False, packages_skip_up_to=None, packages_start=None, packages_up_to=None, packages_up_to_regex=None, parallel_workers=8, paths=None, symlink_install=False, test_result_base=None, verb_extension=<colcon_core.verb.build.BuildVerb object at 0x7ffb44b651f0>, verb_name='build', verb_parser=<colcon_defaults.argument_parser.defaults.DefaultArgumentsDecorator object at 0x7ffb44b654c0>)
[0.401s] Level 1:colcon.colcon_core.package_discovery:discover_packages(colcon_meta) check parameters
[0.403s] Level 1:colcon.colcon_core.package_discovery:discover_packages(recursive) check parameters
[0.404s] Level 1:colcon.colcon_core.package_discovery:discover_packages(ignore) check parameters
[0.404s] Level 1:colcon.colcon_core.package_discovery:discover_packages(path) check parameters
[0.408s] Level 1:colcon.colcon_core.package_discovery:discover_packages(colcon_meta) discover
[0.411s] Level 1:colcon.colcon_core.package_discovery:discover_packages(recursive) discover
[0.412s] INFO:colcon.colcon_core.package_discovery:Crawling recursively for packages in '/workspaces/foxy_ws/src/nav2_slam_example/src'
[0.414s] Level 1:colcon.colcon_core.package_identification:_identify(.) by extensions ['ignore', 'ignore_ament_install']
[0.415s] Level 1:colcon.colcon_core.package_identification:_identify(.) by extension 'ignore'
[0.416s] Level 1:colcon.colcon_core.package_identification:_identify(.) by extension 'ignore_ament_install'
[0.418s] Level 1:colcon.colcon_core.package_identification:_identify(.) by extensions ['colcon_pkg']
[0.419s] Level 1:colcon.colcon_core.package_identification:_identify(.) by extension 'colcon_pkg'
[0.420s] Level 1:colcon.colcon_core.package_identification:_identify(.) by extensions ['colcon_meta']
[0.421s] Level 1:colcon.colcon_core.package_identification:_identify(.) by extension 'colcon_meta'
[0.421s] Level 1:colcon.colcon_core.package_identification:_identify(.) by extensions ['ros']
[0.423s] Level 1:colcon.colcon_core.package_identification:_identify(.) by extension 'ros'
[0.441s] Level 1:colcon.colcon_core.package_identification:_identify(.) by extensions ['cmake', 'python']
[0.441s] Level 1:colcon.colcon_core.package_identification:_identify(.) by extension 'cmake'
[0.442s] Level 1:colcon.colcon_core.package_identification:_identify(.) by extension 'python'
[0.444s] Level 1:colcon.colcon_core.package_identification:_identify(.) by extensions ['python_setup_py']
[0.444s] Level 1:colcon.colcon_core.package_identification:_identify(.) by extension 'python_setup_py'
[0.445s] Level 1:colcon.colcon_core.package_identification:_identify(ROS-TCP-Endpoint) by extensions ['ignore', 'ignore_ament_install']
[0.446s] Level 1:colcon.colcon_core.package_identification:_identify(ROS-TCP-Endpoint) by extension 'ignore'
[0.447s] Level 1:colcon.colcon_core.package_identification:_identify(ROS-TCP-Endpoint) by extension 'ignore_ament_install'
[0.449s] Level 1:colcon.colcon_core.package_identification:_identify(ROS-TCP-Endpoint) by extensions ['colcon_pkg']
[0.450s] Level 1:colcon.colcon_core.package_identification:_identify(ROS-TCP-Endpoint) by extension 'colcon_pkg'
[0.455s] Level 1:colcon.colcon_core.package_identification:_identify(ROS-TCP-Endpoint) by extensions ['colcon_meta']
[0.456s] Level 1:colcon.colcon_core.package_identification:_identify(ROS-TCP-Endpoint) by extension 'colcon_meta'
[0.457s] Level 1:colcon.colcon_core.package_identification:_identify(ROS-TCP-Endpoint) by extensions ['ros']
[0.458s] Level 1:colcon.colcon_core.package_identification:_identify(ROS-TCP-Endpoint) by extension 'ros'
[0.464s] DEBUG:colcon.colcon_core.package_identification:Package 'ROS-TCP-Endpoint' with type 'ros.ament_python' and name 'ros_tcp_endpoint'
[0.465s] Level 1:colcon.colcon_core.package_identification:_identify(build) by extensions ['ignore', 'ignore_ament_install']
[0.467s] Level 1:colcon.colcon_core.package_identification:_identify(build) by extension 'ignore'
[0.468s] Level 1:colcon.colcon_core.package_identification:_identify(build) ignored
[0.469s] Level 1:colcon.colcon_core.package_identification:_identify(install) by extensions ['ignore', 'ignore_ament_install']
[0.470s] Level 1:colcon.colcon_core.package_identification:_identify(install) by extension 'ignore'
[0.470s] Level 1:colcon.colcon_core.package_identification:_identify(install) ignored
[0.473s] Level 1:colcon.colcon_core.package_identification:_identify(log) by extensions ['ignore', 'ignore_ament_install']
[0.474s] Level 1:colcon.colcon_core.package_identification:_identify(log) by extension 'ignore'
[0.474s] Level 1:colcon.colcon_core.package_identification:_identify(log) ignored
[0.476s] Level 1:colcon.colcon_core.package_identification:_identify(unity_slam_example) by extensions ['ignore', 'ignore_ament_install']
[0.479s] Level 1:colcon.colcon_core.package_identification:_identify(unity_slam_example) by extension 'ignore'
[0.482s] Level 1:colcon.colcon_core.package_identification:_identify(unity_slam_example) by extension 'ignore_ament_install'
[0.484s] Level 1:colcon.colcon_core.package_identification:_identify(unity_slam_example) by extensions ['colcon_pkg']
[0.485s] Level 1:colcon.colcon_core.package_identification:_identify(unity_slam_example) by extension 'colcon_pkg'
[0.486s] Level 1:colcon.colcon_core.package_identification:_identify(unity_slam_example) by extensions ['colcon_meta']
[0.487s] Level 1:colcon.colcon_core.package_identification:_identify(unity_slam_example) by extension 'colcon_meta'
[0.487s] Level 1:colcon.colcon_core.package_identification:_identify(unity_slam_example) by extensions ['ros']
[0.488s] Level 1:colcon.colcon_core.package_identification:_identify(unity_slam_example) by extension 'ros'
[0.492s] DEBUG:colcon.colcon_core.package_identification:Package 'unity_slam_example' with type 'ros.ament_python' and name 'unity_slam_example'
[0.492s] Level 1:colcon.colcon_core.package_discovery:discover_packages(recursive) using defaults
[0.493s] Level 1:colcon.colcon_core.package_discovery:discover_packages(ignore) discover
[0.493s] Level 1:colcon.colcon_core.package_discovery:discover_packages(ignore) using defaults
[0.494s] Level 1:colcon.colcon_core.package_discovery:discover_packages(path) discover
[0.494s] Level 1:colcon.colcon_core.package_discovery:discover_packages(path) using defaults
[0.517s] Level 5:colcon.colcon_core.verb:set package 'ros_tcp_endpoint' build argument 'cmake_args' from command line to 'None'
[0.518s] Level 5:colcon.colcon_core.verb:set package 'ros_tcp_endpoint' build argument 'cmake_target' from command line to 'None'
[0.518s] Level 5:colcon.colcon_core.verb:set package 'ros_tcp_endpoint' build argument 'cmake_target_skip_unavailable' from command line to 'False'
[0.519s] Level 5:colcon.colcon_core.verb:set package 'ros_tcp_endpoint' build argument 'cmake_clean_cache' from command line to 'False'
[0.520s] Level 5:colcon.colcon_core.verb:set package 'ros_tcp_endpoint' build argument 'cmake_clean_first' from command line to 'False'
[0.520s] Level 5:colcon.colcon_core.verb:set package 'ros_tcp_endpoint' build argument 'cmake_force_configure' from command line to 'False'
[0.521s] Level 5:colcon.colcon_core.verb:set package 'ros_tcp_endpoint' build argument 'ament_cmake_args' from command line to 'None'
[0.522s] Level 5:colcon.colcon_core.verb:set package 'ros_tcp_endpoint' build argument 'catkin_cmake_args' from command line to 'None'
[0.523s] Level 5:colcon.colcon_core.verb:set package 'ros_tcp_endpoint' build argument 'catkin_skip_building_tests' from command line to 'False'
[0.524s] DEBUG:colcon.colcon_core.verb:Building package 'ros_tcp_endpoint' with the following arguments: {'ament_cmake_args': None, 'build_base': '/workspaces/foxy_ws/src/nav2_slam_example/src/build/ros_tcp_endpoint', 'catkin_cmake_args': None, 'catkin_skip_building_tests': False, 'cmake_args': None, 'cmake_clean_cache': False, 'cmake_clean_first': False, 'cmake_force_configure': False, 'cmake_target': None, 'cmake_target_skip_unavailable': False, 'install_base': '/workspaces/foxy_ws/src/nav2_slam_example/src/install/ros_tcp_endpoint', 'merge_install': False, 'path': '/workspaces/foxy_ws/src/nav2_slam_example/src/ROS-TCP-Endpoint', 'symlink_install': False, 'test_result_base': None}
[0.527s] Level 5:colcon.colcon_core.verb:set package 'unity_slam_example' build argument 'cmake_args' from command line to 'None'
[0.528s] Level 5:colcon.colcon_core.verb:set package 'unity_slam_example' build argument 'cmake_target' from command line to 'None'
[0.528s] Level 5:colcon.colcon_core.verb:set package 'unity_slam_example' build argument 'cmake_target_skip_unavailable' from command line to 'False'
[0.529s] Level 5:colcon.colcon_core.verb:set package 'unity_slam_example' build argument 'cmake_clean_cache' from command line to 'False'
[0.529s] Level 5:colcon.colcon_core.verb:set package 'unity_slam_example' build argument 'cmake_clean_first' from command line to 'False'
[0.530s] Level 5:colcon.colcon_core.verb:set package 'unity_slam_example' build argument 'cmake_force_configure' from command line to 'False'
[0.531s] Level 5:colcon.colcon_core.verb:set package 'unity_slam_example' build argument 'ament_cmake_args' from command line to 'None'
[0.531s] Level 5:colcon.colcon_core.verb:set package 'unity_slam_example' build argument 'catkin_cmake_args' from command line to 'None'
[0.533s] Level 5:colcon.colcon_core.verb:set package 'unity_slam_example' build argument 'catkin_skip_building_tests' from command line to 'False'
[0.536s] DEBUG:colcon.colcon_core.verb:Building package 'unity_slam_example' with the following arguments: {'ament_cmake_args': None, 'build_base': '/workspaces/foxy_ws/src/nav2_slam_example/src/build/unity_slam_example', 'catkin_cmake_args': None, 'catkin_skip_building_tests': False, 'cmake_args': None, 'cmake_clean_cache': False, 'cmake_clean_first': False, 'cmake_force_configure': False, 'cmake_target': None, 'cmake_target_skip_unavailable': False, 'install_base': '/workspaces/foxy_ws/src/nav2_slam_example/src/install/unity_slam_example', 'merge_install': False, 'path': '/workspaces/foxy_ws/src/nav2_slam_example/src/unity_slam_example', 'symlink_install': False, 'test_result_base': None}
[0.538s] INFO:colcon.colcon_core.executor:Executing jobs using 'parallel' executor
[0.541s] DEBUG:colcon.colcon_parallel_executor.executor.parallel:run_until_complete
[0.542s] INFO:colcon.colcon_ros.task.ament_python.build:Building ROS package in '/workspaces/foxy_ws/src/nav2_slam_example/src/ROS-TCP-Endpoint' with build type 'ament_python'
[0.543s] Level 1:colcon.colcon_core.shell:create_environment_hook('ros_tcp_endpoint', 'ament_prefix_path')
[0.548s] INFO:colcon.colcon_core.plugin_system:Skipping extension 'colcon_core.shell.bat': Not used on non-Windows systems
[0.551s] INFO:colcon.colcon_core.shell:Creating environment hook '/workspaces/foxy_ws/src/nav2_slam_example/src/install/ros_tcp_endpoint/share/ros_tcp_endpoint/hook/ament_prefix_path.ps1'
[0.556s] INFO:colcon.colcon_core.shell:Creating environment descriptor '/workspaces/foxy_ws/src/nav2_slam_example/src/install/ros_tcp_endpoint/share/ros_tcp_endpoint/hook/ament_prefix_path.dsv'
[0.560s] INFO:colcon.colcon_core.shell:Creating environment hook '/workspaces/foxy_ws/src/nav2_slam_example/src/install/ros_tcp_endpoint/share/ros_tcp_endpoint/hook/ament_prefix_path.sh'
[0.570s] INFO:colcon.colcon_core.shell:Skip shell extension 'powershell' for command environment: Not usable outside of PowerShell
[0.572s] DEBUG:colcon.colcon_core.shell:Skip shell extension 'dsv' for command environment
[0.615s] DEBUG:colcon.colcon_core.shell:Ignoring prefix path '/opt/ros/foxy'
[0.621s] INFO:colcon.colcon_ros.task.ament_python.build:Building ROS package in '/workspaces/foxy_ws/src/nav2_slam_example/src/unity_slam_example' with build type 'ament_python'
[0.622s] Level 1:colcon.colcon_core.shell:create_environment_hook('unity_slam_example', 'ament_prefix_path')
[0.624s] INFO:colcon.colcon_core.shell:Creating environment hook '/workspaces/foxy_ws/src/nav2_slam_example/src/install/unity_slam_example/share/unity_slam_example/hook/ament_prefix_path.ps1'
[0.631s] INFO:colcon.colcon_core.shell:Creating environment descriptor '/workspaces/foxy_ws/src/nav2_slam_example/src/install/unity_slam_example/share/unity_slam_example/hook/ament_prefix_path.dsv'
[0.636s] INFO:colcon.colcon_core.shell:Creating environment hook '/workspaces/foxy_ws/src/nav2_slam_example/src/install/unity_slam_example/share/unity_slam_example/hook/ament_prefix_path.sh'
[0.646s] INFO:colcon.colcon_core.shell:Skip shell extension 'powershell' for command environment: Not usable outside of PowerShell
[0.646s] DEBUG:colcon.colcon_core.shell:Skip shell extension 'dsv' for command environment
[0.695s] DEBUG:colcon.colcon_core.shell:Ignoring prefix path '/opt/ros/foxy'
[1.052s] INFO:colcon.colcon_core.task.python.build:Building Python package in '/workspaces/foxy_ws/src/nav2_slam_example/src/ROS-TCP-Endpoint'
[1.054s] INFO:colcon.colcon_core.shell:Skip shell extension 'powershell' for command environment: Not usable outside of PowerShell
[1.055s] DEBUG:colcon.colcon_core.shell:Skip shell extension 'dsv' for command environment
[1.096s] DEBUG:colcon.colcon_core.shell:Ignoring prefix path '/opt/ros/foxy'
[1.424s] INFO:colcon.colcon_core.task.python.build:Building Python package in '/workspaces/foxy_ws/src/nav2_slam_example/src/unity_slam_example'
[1.426s] INFO:colcon.colcon_core.shell:Skip shell extension 'powershell' for command environment: Not usable outside of PowerShell
[1.427s] DEBUG:colcon.colcon_core.shell:Skip shell extension 'dsv' for command environment
[1.462s] DEBUG:colcon.colcon_core.shell:Ignoring prefix path '/opt/ros/foxy'
[1.503s] DEBUG:colcon.colcon_core.event_handler.log_command:Invoking command in '/workspaces/foxy_ws/src/nav2_slam_example/src/ROS-TCP-Endpoint': PYTHONPATH=/workspaces/foxy_ws/src/nav2_slam_example/src/install/ros_tcp_endpoint/lib/python3.8/site-packages:${PYTHONPATH} /usr/bin/python3 setup.py egg_info --egg-base ../build/ros_tcp_endpoint build --build-base /workspaces/foxy_ws/src/nav2_slam_example/src/build/ros_tcp_endpoint/build install --prefix /workspaces/foxy_ws/src/nav2_slam_example/src/install/ros_tcp_endpoint --record /workspaces/foxy_ws/src/nav2_slam_example/src/build/ros_tcp_endpoint/install.log --single-version-externally-managed
[1.559s] DEBUG:colcon.colcon_core.event_handler.log_command:Invoking command in '/workspaces/foxy_ws/src/nav2_slam_example/src/unity_slam_example': PYTHONPATH=/workspaces/foxy_ws/src/nav2_slam_example/src/install/unity_slam_example/lib/python3.8/site-packages:${PYTHONPATH} /usr/bin/python3 setup.py egg_info --egg-base ../build/unity_slam_example build --build-base /workspaces/foxy_ws/src/nav2_slam_example/src/build/unity_slam_example/build install --prefix /workspaces/foxy_ws/src/nav2_slam_example/src/install/unity_slam_example --record /workspaces/foxy_ws/src/nav2_slam_example/src/build/unity_slam_example/install.log --single-version-externally-managed
[2.221s] Level 1:colcon.colcon_core.environment:checking '/workspaces/foxy_ws/src/nav2_slam_example/src/install/unity_slam_example' for CMake module files
[2.226s] DEBUG:colcon.colcon_core.event_handler.log_command:Invoked command in '/workspaces/foxy_ws/src/nav2_slam_example/src/unity_slam_example' returned '0': PYTHONPATH=/workspaces/foxy_ws/src/nav2_slam_example/src/install/unity_slam_example/lib/python3.8/site-packages:${PYTHONPATH} /usr/bin/python3 setup.py egg_info --egg-base ../build/unity_slam_example build --build-base /workspaces/foxy_ws/src/nav2_slam_example/src/build/unity_slam_example/build install --prefix /workspaces/foxy_ws/src/nav2_slam_example/src/install/unity_slam_example --record /workspaces/foxy_ws/src/nav2_slam_example/src/build/unity_slam_example/install.log --single-version-externally-managed
[2.253s] Level 1:colcon.colcon_core.environment:checking '/workspaces/foxy_ws/src/nav2_slam_example/src/install/unity_slam_example' for CMake config files
[2.265s] Level 1:colcon.colcon_core.environment:checking '/workspaces/foxy_ws/src/nav2_slam_example/src/install/unity_slam_example/lib'
[2.268s] Level 1:colcon.colcon_core.environment:checking '/workspaces/foxy_ws/src/nav2_slam_example/src/install/unity_slam_example/bin'
[2.271s] Level 1:colcon.colcon_core.environment:checking '/workspaces/foxy_ws/src/nav2_slam_example/src/install/unity_slam_example/lib/pkgconfig/unity_slam_example.pc'
[2.273s] Level 1:colcon.colcon_core.environment:checking '/workspaces/foxy_ws/src/nav2_slam_example/src/install/unity_slam_example/lib/python3.8/site-packages'
[2.274s] Level 1:colcon.colcon_core.shell:create_environment_hook('unity_slam_example', 'pythonpath')
[2.276s] INFO:colcon.colcon_core.shell:Creating environment hook '/workspaces/foxy_ws/src/nav2_slam_example/src/install/unity_slam_example/share/unity_slam_example/hook/pythonpath.ps1'
[2.286s] INFO:colcon.colcon_core.shell:Creating environment descriptor '/workspaces/foxy_ws/src/nav2_slam_example/src/install/unity_slam_example/share/unity_slam_example/hook/pythonpath.dsv'
[2.293s] INFO:colcon.colcon_core.shell:Creating environment hook '/workspaces/foxy_ws/src/nav2_slam_example/src/install/unity_slam_example/share/unity_slam_example/hook/pythonpath.sh'
[2.297s] Level 1:colcon.colcon_core.environment:create_environment_scripts_only(unity_slam_example)
[2.299s] INFO:colcon.colcon_core.shell:Creating package script '/workspaces/foxy_ws/src/nav2_slam_example/src/install/unity_slam_example/share/unity_slam_example/package.ps1'
[2.306s] INFO:colcon.colcon_core.shell:Creating package descriptor '/workspaces/foxy_ws/src/nav2_slam_example/src/install/unity_slam_example/share/unity_slam_example/package.dsv'
[2.316s] INFO:colcon.colcon_core.shell:Creating package script '/workspaces/foxy_ws/src/nav2_slam_example/src/install/unity_slam_example/share/unity_slam_example/package.sh'
[2.322s] INFO:colcon.colcon_core.shell:Creating package script '/workspaces/foxy_ws/src/nav2_slam_example/src/install/unity_slam_example/share/unity_slam_example/package.bash'
[2.327s] INFO:colcon.colcon_core.shell:Creating package script '/workspaces/foxy_ws/src/nav2_slam_example/src/install/unity_slam_example/share/unity_slam_example/package.zsh'
[2.336s] Level 1:colcon.colcon_core.environment:create_file_with_runtime_dependencies(/workspaces/foxy_ws/src/nav2_slam_example/src/install/unity_slam_example/share/colcon-core/packages/unity_slam_example)
[2.344s] Level 1:colcon.colcon_core.environment:checking '/workspaces/foxy_ws/src/nav2_slam_example/src/install/ros_tcp_endpoint' for CMake module files
[2.356s] DEBUG:colcon.colcon_core.event_handler.log_command:Invoked command in '/workspaces/foxy_ws/src/nav2_slam_example/src/ROS-TCP-Endpoint' returned '0': PYTHONPATH=/workspaces/foxy_ws/src/nav2_slam_example/src/install/ros_tcp_endpoint/lib/python3.8/site-packages:${PYTHONPATH} /usr/bin/python3 setup.py egg_info --egg-base ../build/ros_tcp_endpoint build --build-base /workspaces/foxy_ws/src/nav2_slam_example/src/build/ros_tcp_endpoint/build install --prefix /workspaces/foxy_ws/src/nav2_slam_example/src/install/ros_tcp_endpoint --record /workspaces/foxy_ws/src/nav2_slam_example/src/build/ros_tcp_endpoint/install.log --single-version-externally-managed
[2.366s] Level 1:colcon.colcon_core.environment:checking '/workspaces/foxy_ws/src/nav2_slam_example/src/install/ros_tcp_endpoint' for CMake config files
[2.375s] Level 1:colcon.colcon_core.environment:checking '/workspaces/foxy_ws/src/nav2_slam_example/src/install/ros_tcp_endpoint/lib'
[2.376s] Level 1:colcon.colcon_core.environment:checking '/workspaces/foxy_ws/src/nav2_slam_example/src/install/ros_tcp_endpoint/bin'
[2.377s] Level 1:colcon.colcon_core.environment:checking '/workspaces/foxy_ws/src/nav2_slam_example/src/install/ros_tcp_endpoint/lib/pkgconfig/ros_tcp_endpoint.pc'
[2.379s] Level 1:colcon.colcon_core.environment:checking '/workspaces/foxy_ws/src/nav2_slam_example/src/install/ros_tcp_endpoint/lib/python3.8/site-packages'
[2.379s] Level 1:colcon.colcon_core.shell:create_environment_hook('ros_tcp_endpoint', 'pythonpath')
[2.381s] INFO:colcon.colcon_core.shell:Creating environment hook '/workspaces/foxy_ws/src/nav2_slam_example/src/install/ros_tcp_endpoint/share/ros_tcp_endpoint/hook/pythonpath.ps1'
[2.384s] INFO:colcon.colcon_core.shell:Creating environment descriptor '/workspaces/foxy_ws/src/nav2_slam_example/src/install/ros_tcp_endpoint/share/ros_tcp_endpoint/hook/pythonpath.dsv'
[2.387s] INFO:colcon.colcon_core.shell:Creating environment hook '/workspaces/foxy_ws/src/nav2_slam_example/src/install/ros_tcp_endpoint/share/ros_tcp_endpoint/hook/pythonpath.sh'
[2.391s] Level 1:colcon.colcon_core.environment:create_environment_scripts_only(ros_tcp_endpoint)
[2.392s] INFO:colcon.colcon_core.shell:Creating package script '/workspaces/foxy_ws/src/nav2_slam_example/src/install/ros_tcp_endpoint/share/ros_tcp_endpoint/package.ps1'
[2.399s] INFO:colcon.colcon_core.shell:Creating package descriptor '/workspaces/foxy_ws/src/nav2_slam_example/src/install/ros_tcp_endpoint/share/ros_tcp_endpoint/package.dsv'
[2.404s] INFO:colcon.colcon_core.shell:Creating package script '/workspaces/foxy_ws/src/nav2_slam_example/src/install/ros_tcp_endpoint/share/ros_tcp_endpoint/package.sh'
[2.409s] INFO:colcon.colcon_core.shell:Creating package script '/workspaces/foxy_ws/src/nav2_slam_example/src/install/ros_tcp_endpoint/share/ros_tcp_endpoint/package.bash'
[2.419s] INFO:colcon.colcon_core.shell:Creating package script '/workspaces/foxy_ws/src/nav2_slam_example/src/install/ros_tcp_endpoint/share/ros_tcp_endpoint/package.zsh'
[2.424s] Level 1:colcon.colcon_core.environment:create_file_with_runtime_dependencies(/workspaces/foxy_ws/src/nav2_slam_example/src/install/ros_tcp_endpoint/share/colcon-core/packages/ros_tcp_endpoint)
[2.427s] DEBUG:colcon.colcon_parallel_executor.executor.parallel:closing loop
[2.428s] DEBUG:colcon.colcon_parallel_executor.executor.parallel:loop closed
[2.430s] DEBUG:colcon.colcon_parallel_executor.executor.parallel:run_until_complete finished with '0'
[2.435s] DEBUG:colcon.colcon_core.event_reactor:joining thread
[2.455s] INFO:colcon.colcon_core.plugin_system:Skipping extension 'colcon_notification.desktop_notification.notify_send': Could not find 'notify-send'
[2.456s] INFO:colcon.colcon_core.plugin_system:Skipping extension 'colcon_notification.desktop_notification.terminal_notifier': Not used on non-Darwin systems
[2.457s] INFO:colcon.colcon_core.plugin_system:Skipping extension 'colcon_notification.desktop_notification.win32': Not used on non-Windows systems
[2.458s] INFO:colcon.colcon_notification.desktop_notification:Sending desktop notification using 'notify2'
[2.492s] DEBUG:colcon.colcon_notification.desktop_notification.notify2:Failed to initialize notify2: org.freedesktop.DBus.Error.ServiceUnknown: The name org.freedesktop.Notifications was not provided by any .service files
[2.494s] DEBUG:colcon.colcon_core.event_reactor:joined thread
[2.496s] INFO:colcon.colcon_core.shell:Creating prefix script '/workspaces/foxy_ws/src/nav2_slam_example/src/install/local_setup.ps1'
[2.502s] INFO:colcon.colcon_core.shell:Creating prefix util module '/workspaces/foxy_ws/src/nav2_slam_example/src/install/_local_setup_util_ps1.py'
[2.515s] INFO:colcon.colcon_core.shell:Creating prefix chain script '/workspaces/foxy_ws/src/nav2_slam_example/src/install/setup.ps1'
[2.572s] INFO:colcon.colcon_core.shell:Creating prefix script '/workspaces/foxy_ws/src/nav2_slam_example/src/install/local_setup.sh'
[2.578s] INFO:colcon.colcon_core.shell:Creating prefix util module '/workspaces/foxy_ws/src/nav2_slam_example/src/install/_local_setup_util_sh.py'
[2.584s] INFO:colcon.colcon_core.shell:Creating prefix chain script '/workspaces/foxy_ws/src/nav2_slam_example/src/install/setup.sh'
[2.639s] INFO:colcon.colcon_core.shell:Creating prefix script '/workspaces/foxy_ws/src/nav2_slam_example/src/install/local_setup.bash'
[2.644s] INFO:colcon.colcon_core.shell:Creating prefix chain script '/workspaces/foxy_ws/src/nav2_slam_example/src/install/setup.bash'
[2.689s] INFO:colcon.colcon_core.shell:Creating prefix script '/workspaces/foxy_ws/src/nav2_slam_example/src/install/local_setup.zsh'
[2.695s] INFO:colcon.colcon_core.shell:Creating prefix chain script '/workspaces/foxy_ws/src/nav2_slam_example/src/install/setup.zsh'
