[0.304s] DEBUG:colcon:Command line arguments: ['/usr/bin/colcon', 'build', '--symlink-install']
[0.304s] DEBUG:colcon:Parsed command line arguments: Namespace(ament_cmake_args=None, base_paths=['.'], build_base='build', catkin_cmake_args=None, catkin_skip_building_tests=False, cmake_args=None, cmake_clean_cache=False, cmake_clean_first=False, cmake_force_configure=False, cmake_target=None, cmake_target_skip_unavailable=False, continue_on_error=False, event_handlers=None, executor='parallel', ignore_user_meta=False, install_base='install', log_base=None, log_level=None, main=<bound method BuildVerb.main of <colcon_core.verb.build.BuildVerb object at 0x7f1e55f499a0>>, merge_install=False, metas=['./colcon.meta'], packages_above=None, packages_above_and_dependencies=None, packages_above_depth=None, packages_end=None, packages_ignore=None, packages_ignore_regex=None, packages_select=None, packages_select_build_failed=False, packages_select_by_dep=None, packages_select_regex=None, packages_select_test_failures=False, packages_skip=None, packages_skip_build_finished=False, packages_skip_by_dep=None, packages_skip_regex=None, packages_skip_test_passed=False, packages_skip_up_to=None, packages_start=None, packages_up_to=None, packages_up_to_regex=None, parallel_workers=8, paths=None, symlink_install=True, test_result_base=None, verb_extension=<colcon_core.verb.build.BuildVerb object at 0x7f1e55f499a0>, verb_name='build', verb_parser=<colcon_defaults.argument_parser.defaults.DefaultArgumentsDecorator object at 0x7f1e55f49f10>)
[0.321s] Level 1:colcon.colcon_core.package_discovery:discover_packages(colcon_meta) check parameters
[0.322s] Level 1:colcon.colcon_core.package_discovery:discover_packages(recursive) check parameters
[0.323s] Level 1:colcon.colcon_core.package_discovery:discover_packages(ignore) check parameters
[0.323s] Level 1:colcon.colcon_core.package_discovery:discover_packages(path) check parameters
[0.324s] Level 1:colcon.colcon_core.package_discovery:discover_packages(colcon_meta) discover
[0.324s] Level 1:colcon.colcon_core.package_discovery:discover_packages(recursive) discover
[0.325s] INFO:colcon.colcon_core.package_discovery:Crawling recursively for packages in '/workspaces/foxy_ws/src/omorobot_r1_mini'
[0.325s] Level 1:colcon.colcon_core.package_identification:_identify(.) by extensions ['ignore', 'ignore_ament_install']
[0.326s] Level 1:colcon.colcon_core.package_identification:_identify(.) by extension 'ignore'
[0.327s] Level 1:colcon.colcon_core.package_identification:_identify(.) by extension 'ignore_ament_install'
[0.328s] Level 1:colcon.colcon_core.package_identification:_identify(.) by extensions ['colcon_pkg']
[0.329s] Level 1:colcon.colcon_core.package_identification:_identify(.) by extension 'colcon_pkg'
[0.330s] Level 1:colcon.colcon_core.package_identification:_identify(.) by extensions ['colcon_meta']
[0.330s] Level 1:colcon.colcon_core.package_identification:_identify(.) by extension 'colcon_meta'
[0.331s] Level 1:colcon.colcon_core.package_identification:_identify(.) by extensions ['ros']
[0.331s] Level 1:colcon.colcon_core.package_identification:_identify(.) by extension 'ros'
[0.346s] Level 1:colcon.colcon_core.package_identification:_identify(.) by extensions ['cmake', 'python']
[0.346s] Level 1:colcon.colcon_core.package_identification:_identify(.) by extension 'cmake'
[0.348s] Level 1:colcon.colcon_core.package_identification:_identify(.) by extension 'python'
[0.349s] Level 1:colcon.colcon_core.package_identification:_identify(.) by extensions ['python_setup_py']
[0.349s] Level 1:colcon.colcon_core.package_identification:_identify(.) by extension 'python_setup_py'
[0.351s] Level 1:colcon.colcon_core.package_identification:_identify(build) by extensions ['ignore', 'ignore_ament_install']
[0.351s] Level 1:colcon.colcon_core.package_identification:_identify(build) by extension 'ignore'
[0.352s] Level 1:colcon.colcon_core.package_identification:_identify(build) ignored
[0.354s] Level 1:colcon.colcon_core.package_identification:_identify(install) by extensions ['ignore', 'ignore_ament_install']
[0.355s] Level 1:colcon.colcon_core.package_identification:_identify(install) by extension 'ignore'
[0.356s] Level 1:colcon.colcon_core.package_identification:_identify(install) ignored
[0.358s] Level 1:colcon.colcon_core.package_identification:_identify(log) by extensions ['ignore', 'ignore_ament_install']
[0.359s] Level 1:colcon.colcon_core.package_identification:_identify(log) by extension 'ignore'
[0.360s] Level 1:colcon.colcon_core.package_identification:_identify(log) ignored
[0.361s] Level 1:colcon.colcon_core.package_identification:_identify(src) by extensions ['ignore', 'ignore_ament_install']
[0.361s] Level 1:colcon.colcon_core.package_identification:_identify(src) by extension 'ignore'
[0.362s] Level 1:colcon.colcon_core.package_identification:_identify(src) by extension 'ignore_ament_install'
[0.364s] Level 1:colcon.colcon_core.package_identification:_identify(src) by extensions ['colcon_pkg']
[0.365s] Level 1:colcon.colcon_core.package_identification:_identify(src) by extension 'colcon_pkg'
[0.366s] Level 1:colcon.colcon_core.package_identification:_identify(src) by extensions ['colcon_meta']
[0.366s] Level 1:colcon.colcon_core.package_identification:_identify(src) by extension 'colcon_meta'
[0.367s] Level 1:colcon.colcon_core.package_identification:_identify(src) by extensions ['ros']
[0.367s] Level 1:colcon.colcon_core.package_identification:_identify(src) by extension 'ros'
[0.370s] Level 1:colcon.colcon_core.package_identification:_identify(src) by extensions ['cmake', 'python']
[0.371s] Level 1:colcon.colcon_core.package_identification:_identify(src) by extension 'cmake'
[0.372s] Level 1:colcon.colcon_core.package_identification:_identify(src) by extension 'python'
[0.373s] Level 1:colcon.colcon_core.package_identification:_identify(src) by extensions ['python_setup_py']
[0.373s] Level 1:colcon.colcon_core.package_identification:_identify(src) by extension 'python_setup_py'
[0.374s] Level 1:colcon.colcon_core.package_identification:_identify(src/YDLidar-SDK) by extensions ['ignore', 'ignore_ament_install']
[0.375s] Level 1:colcon.colcon_core.package_identification:_identify(src/YDLidar-SDK) by extension 'ignore'
[0.376s] Level 1:colcon.colcon_core.package_identification:_identify(src/YDLidar-SDK) by extension 'ignore_ament_install'
[0.377s] Level 1:colcon.colcon_core.package_identification:_identify(src/YDLidar-SDK) by extensions ['colcon_pkg']
[0.377s] Level 1:colcon.colcon_core.package_identification:_identify(src/YDLidar-SDK) by extension 'colcon_pkg'
[0.378s] Level 1:colcon.colcon_core.package_identification:_identify(src/YDLidar-SDK) by extensions ['colcon_meta']
[0.379s] Level 1:colcon.colcon_core.package_identification:_identify(src/YDLidar-SDK) by extension 'colcon_meta'
[0.379s] Level 1:colcon.colcon_core.package_identification:_identify(src/YDLidar-SDK) by extensions ['ros']
[0.380s] Level 1:colcon.colcon_core.package_identification:_identify(src/YDLidar-SDK) by extension 'ros'
[0.382s] Level 1:colcon.colcon_core.package_identification:_identify(src/YDLidar-SDK) by extensions ['cmake', 'python']
[0.382s] Level 1:colcon.colcon_core.package_identification:_identify(src/YDLidar-SDK) by extension 'cmake'
[0.494s] Level 1:colcon.colcon_core.package_identification:_identify(src/YDLidar-SDK) by extension 'python'
[0.495s] DEBUG:colcon.colcon_core.package_identification:Package 'src/YDLidar-SDK' with type 'cmake' and name 'ydlidar_sdk'
[0.497s] Level 1:colcon.colcon_core.package_identification:_identify(src/build) by extensions ['ignore', 'ignore_ament_install']
[0.497s] Level 1:colcon.colcon_core.package_identification:_identify(src/build) by extension 'ignore'
[0.498s] Level 1:colcon.colcon_core.package_identification:_identify(src/build) ignored
[0.499s] Level 1:colcon.colcon_core.package_identification:_identify(src/install) by extensions ['ignore', 'ignore_ament_install']
[0.500s] Level 1:colcon.colcon_core.package_identification:_identify(src/install) by extension 'ignore'
[0.501s] Level 1:colcon.colcon_core.package_identification:_identify(src/install) ignored
[0.504s] Level 1:colcon.colcon_core.package_identification:_identify(src/log) by extensions ['ignore', 'ignore_ament_install']
[0.505s] Level 1:colcon.colcon_core.package_identification:_identify(src/log) by extension 'ignore'
[0.505s] Level 1:colcon.colcon_core.package_identification:_identify(src/log) ignored
[0.506s] Level 1:colcon.colcon_core.package_identification:_identify(src/omo_r1mini-foxy) by extensions ['ignore', 'ignore_ament_install']
[0.507s] Level 1:colcon.colcon_core.package_identification:_identify(src/omo_r1mini-foxy) by extension 'ignore'
[0.509s] Level 1:colcon.colcon_core.package_identification:_identify(src/omo_r1mini-foxy) by extension 'ignore_ament_install'
[0.511s] Level 1:colcon.colcon_core.package_identification:_identify(src/omo_r1mini-foxy) by extensions ['colcon_pkg']
[0.512s] Level 1:colcon.colcon_core.package_identification:_identify(src/omo_r1mini-foxy) by extension 'colcon_pkg'
[0.514s] Level 1:colcon.colcon_core.package_identification:_identify(src/omo_r1mini-foxy) by extensions ['colcon_meta']
[0.514s] Level 1:colcon.colcon_core.package_identification:_identify(src/omo_r1mini-foxy) by extension 'colcon_meta'
[0.515s] Level 1:colcon.colcon_core.package_identification:_identify(src/omo_r1mini-foxy) by extensions ['ros']
[0.515s] Level 1:colcon.colcon_core.package_identification:_identify(src/omo_r1mini-foxy) by extension 'ros'
[0.518s] Level 1:colcon.colcon_core.package_identification:_identify(src/omo_r1mini-foxy) by extensions ['cmake', 'python']
[0.518s] Level 1:colcon.colcon_core.package_identification:_identify(src/omo_r1mini-foxy) by extension 'cmake'
[0.519s] Level 1:colcon.colcon_core.package_identification:_identify(src/omo_r1mini-foxy) by extension 'python'
[0.520s] Level 1:colcon.colcon_core.package_identification:_identify(src/omo_r1mini-foxy) by extensions ['python_setup_py']
[0.520s] Level 1:colcon.colcon_core.package_identification:_identify(src/omo_r1mini-foxy) by extension 'python_setup_py'
[0.522s] Level 1:colcon.colcon_core.package_identification:_identify(src/omo_r1mini-foxy/omo_r1mini) by extensions ['ignore', 'ignore_ament_install']
[0.522s] Level 1:colcon.colcon_core.package_identification:_identify(src/omo_r1mini-foxy/omo_r1mini) by extension 'ignore'
[0.524s] Level 1:colcon.colcon_core.package_identification:_identify(src/omo_r1mini-foxy/omo_r1mini) by extension 'ignore_ament_install'
[0.525s] Level 1:colcon.colcon_core.package_identification:_identify(src/omo_r1mini-foxy/omo_r1mini) by extensions ['colcon_pkg']
[0.526s] Level 1:colcon.colcon_core.package_identification:_identify(src/omo_r1mini-foxy/omo_r1mini) by extension 'colcon_pkg'
[0.527s] Level 1:colcon.colcon_core.package_identification:_identify(src/omo_r1mini-foxy/omo_r1mini) by extensions ['colcon_meta']
[0.527s] Level 1:colcon.colcon_core.package_identification:_identify(src/omo_r1mini-foxy/omo_r1mini) by extension 'colcon_meta'
[0.530s] Level 1:colcon.colcon_core.package_identification:_identify(src/omo_r1mini-foxy/omo_r1mini) by extensions ['ros']
[0.531s] Level 1:colcon.colcon_core.package_identification:_identify(src/omo_r1mini-foxy/omo_r1mini) by extension 'ros'
[0.537s] DEBUG:colcon.colcon_core.package_identification:Package 'src/omo_r1mini-foxy/omo_r1mini' with type 'ros.ament_cmake' and name 'omo_r1mini'
[0.538s] Level 1:colcon.colcon_core.package_identification:_identify(src/omo_r1mini-foxy/omo_r1mini_bringup) by extensions ['ignore', 'ignore_ament_install']
[0.538s] Level 1:colcon.colcon_core.package_identification:_identify(src/omo_r1mini-foxy/omo_r1mini_bringup) by extension 'ignore'
[0.540s] Level 1:colcon.colcon_core.package_identification:_identify(src/omo_r1mini-foxy/omo_r1mini_bringup) by extension 'ignore_ament_install'
[0.542s] Level 1:colcon.colcon_core.package_identification:_identify(src/omo_r1mini-foxy/omo_r1mini_bringup) by extensions ['colcon_pkg']
[0.545s] Level 1:colcon.colcon_core.package_identification:_identify(src/omo_r1mini-foxy/omo_r1mini_bringup) by extension 'colcon_pkg'
[0.546s] Level 1:colcon.colcon_core.package_identification:_identify(src/omo_r1mini-foxy/omo_r1mini_bringup) by extensions ['colcon_meta']
[0.547s] Level 1:colcon.colcon_core.package_identification:_identify(src/omo_r1mini-foxy/omo_r1mini_bringup) by extension 'colcon_meta'
[0.547s] Level 1:colcon.colcon_core.package_identification:_identify(src/omo_r1mini-foxy/omo_r1mini_bringup) by extensions ['ros']
[0.548s] Level 1:colcon.colcon_core.package_identification:_identify(src/omo_r1mini-foxy/omo_r1mini_bringup) by extension 'ros'
[0.554s] DEBUG:colcon.colcon_core.package_identification:Package 'src/omo_r1mini-foxy/omo_r1mini_bringup' with type 'ros.ament_python' and name 'omo_r1mini_bringup'
[0.555s] Level 1:colcon.colcon_core.package_identification:_identify(src/omo_r1mini-foxy/omo_r1mini_cartographer) by extensions ['ignore', 'ignore_ament_install']
[0.556s] Level 1:colcon.colcon_core.package_identification:_identify(src/omo_r1mini-foxy/omo_r1mini_cartographer) by extension 'ignore'
[0.557s] Level 1:colcon.colcon_core.package_identification:_identify(src/omo_r1mini-foxy/omo_r1mini_cartographer) by extension 'ignore_ament_install'
[0.559s] Level 1:colcon.colcon_core.package_identification:_identify(src/omo_r1mini-foxy/omo_r1mini_cartographer) by extensions ['colcon_pkg']
[0.559s] Level 1:colcon.colcon_core.package_identification:_identify(src/omo_r1mini-foxy/omo_r1mini_cartographer) by extension 'colcon_pkg'
[0.560s] Level 1:colcon.colcon_core.package_identification:_identify(src/omo_r1mini-foxy/omo_r1mini_cartographer) by extensions ['colcon_meta']
[0.561s] Level 1:colcon.colcon_core.package_identification:_identify(src/omo_r1mini-foxy/omo_r1mini_cartographer) by extension 'colcon_meta'
[0.561s] Level 1:colcon.colcon_core.package_identification:_identify(src/omo_r1mini-foxy/omo_r1mini_cartographer) by extensions ['ros']
[0.564s] Level 1:colcon.colcon_core.package_identification:_identify(src/omo_r1mini-foxy/omo_r1mini_cartographer) by extension 'ros'
[0.567s] DEBUG:colcon.colcon_core.package_identification:Package 'src/omo_r1mini-foxy/omo_r1mini_cartographer' with type 'ros.ament_cmake' and name 'omo_r1mini_cartographer'
[0.568s] Level 1:colcon.colcon_core.package_identification:_identify(src/omo_r1mini-foxy/omo_r1mini_description) by extensions ['ignore', 'ignore_ament_install']
[0.569s] Level 1:colcon.colcon_core.package_identification:_identify(src/omo_r1mini-foxy/omo_r1mini_description) by extension 'ignore'
[0.570s] Level 1:colcon.colcon_core.package_identification:_identify(src/omo_r1mini-foxy/omo_r1mini_description) by extension 'ignore_ament_install'
[0.571s] Level 1:colcon.colcon_core.package_identification:_identify(src/omo_r1mini-foxy/omo_r1mini_description) by extensions ['colcon_pkg']
[0.572s] Level 1:colcon.colcon_core.package_identification:_identify(src/omo_r1mini-foxy/omo_r1mini_description) by extension 'colcon_pkg'
[0.573s] Level 1:colcon.colcon_core.package_identification:_identify(src/omo_r1mini-foxy/omo_r1mini_description) by extensions ['colcon_meta']
[0.573s] Level 1:colcon.colcon_core.package_identification:_identify(src/omo_r1mini-foxy/omo_r1mini_description) by extension 'colcon_meta'
[0.574s] Level 1:colcon.colcon_core.package_identification:_identify(src/omo_r1mini-foxy/omo_r1mini_description) by extensions ['ros']
[0.574s] Level 1:colcon.colcon_core.package_identification:_identify(src/omo_r1mini-foxy/omo_r1mini_description) by extension 'ros'
[0.578s] DEBUG:colcon.colcon_core.package_identification:Package 'src/omo_r1mini-foxy/omo_r1mini_description' with type 'ros.ament_cmake' and name 'omo_r1mini_description'
[0.579s] Level 1:colcon.colcon_core.package_identification:_identify(src/omo_r1mini-foxy/omo_r1mini_gazebo) by extensions ['ignore', 'ignore_ament_install']
[0.579s] Level 1:colcon.colcon_core.package_identification:_identify(src/omo_r1mini-foxy/omo_r1mini_gazebo) by extension 'ignore'
[0.580s] Level 1:colcon.colcon_core.package_identification:_identify(src/omo_r1mini-foxy/omo_r1mini_gazebo) by extension 'ignore_ament_install'
[0.582s] Level 1:colcon.colcon_core.package_identification:_identify(src/omo_r1mini-foxy/omo_r1mini_gazebo) by extensions ['colcon_pkg']
[0.582s] Level 1:colcon.colcon_core.package_identification:_identify(src/omo_r1mini-foxy/omo_r1mini_gazebo) by extension 'colcon_pkg'
[0.583s] Level 1:colcon.colcon_core.package_identification:_identify(src/omo_r1mini-foxy/omo_r1mini_gazebo) by extensions ['colcon_meta']
[0.583s] Level 1:colcon.colcon_core.package_identification:_identify(src/omo_r1mini-foxy/omo_r1mini_gazebo) by extension 'colcon_meta'
[0.584s] Level 1:colcon.colcon_core.package_identification:_identify(src/omo_r1mini-foxy/omo_r1mini_gazebo) by extensions ['ros']
[0.584s] Level 1:colcon.colcon_core.package_identification:_identify(src/omo_r1mini-foxy/omo_r1mini_gazebo) by extension 'ros'
[0.593s] DEBUG:colcon.colcon_core.package_identification:Package 'src/omo_r1mini-foxy/omo_r1mini_gazebo' with type 'ros.ament_cmake' and name 'omo_r1mini_gazebo'
[0.594s] Level 1:colcon.colcon_core.package_identification:_identify(src/omo_r1mini-foxy/omo_r1mini_navigation2) by extensions ['ignore', 'ignore_ament_install']
[0.594s] Level 1:colcon.colcon_core.package_identification:_identify(src/omo_r1mini-foxy/omo_r1mini_navigation2) by extension 'ignore'
[0.595s] Level 1:colcon.colcon_core.package_identification:_identify(src/omo_r1mini-foxy/omo_r1mini_navigation2) by extension 'ignore_ament_install'
[0.596s] Level 1:colcon.colcon_core.package_identification:_identify(src/omo_r1mini-foxy/omo_r1mini_navigation2) by extensions ['colcon_pkg']
[0.597s] Level 1:colcon.colcon_core.package_identification:_identify(src/omo_r1mini-foxy/omo_r1mini_navigation2) by extension 'colcon_pkg'
[0.598s] Level 1:colcon.colcon_core.package_identification:_identify(src/omo_r1mini-foxy/omo_r1mini_navigation2) by extensions ['colcon_meta']
[0.598s] Level 1:colcon.colcon_core.package_identification:_identify(src/omo_r1mini-foxy/omo_r1mini_navigation2) by extension 'colcon_meta'
[0.599s] Level 1:colcon.colcon_core.package_identification:_identify(src/omo_r1mini-foxy/omo_r1mini_navigation2) by extensions ['ros']
[0.599s] Level 1:colcon.colcon_core.package_identification:_identify(src/omo_r1mini-foxy/omo_r1mini_navigation2) by extension 'ros'
[0.602s] DEBUG:colcon.colcon_core.package_identification:Package 'src/omo_r1mini-foxy/omo_r1mini_navigation2' with type 'ros.ament_cmake' and name 'omo_r1mini_navigation2'
[0.603s] Level 1:colcon.colcon_core.package_identification:_identify(src/omo_r1mini-foxy/omo_r1mini_teleop) by extensions ['ignore', 'ignore_ament_install']
[0.603s] Level 1:colcon.colcon_core.package_identification:_identify(src/omo_r1mini-foxy/omo_r1mini_teleop) by extension 'ignore'
[0.604s] Level 1:colcon.colcon_core.package_identification:_identify(src/omo_r1mini-foxy/omo_r1mini_teleop) by extension 'ignore_ament_install'
[0.606s] Level 1:colcon.colcon_core.package_identification:_identify(src/omo_r1mini-foxy/omo_r1mini_teleop) by extensions ['colcon_pkg']
[0.606s] Level 1:colcon.colcon_core.package_identification:_identify(src/omo_r1mini-foxy/omo_r1mini_teleop) by extension 'colcon_pkg'
[0.607s] Level 1:colcon.colcon_core.package_identification:_identify(src/omo_r1mini-foxy/omo_r1mini_teleop) by extensions ['colcon_meta']
[0.608s] Level 1:colcon.colcon_core.package_identification:_identify(src/omo_r1mini-foxy/omo_r1mini_teleop) by extension 'colcon_meta'
[0.608s] Level 1:colcon.colcon_core.package_identification:_identify(src/omo_r1mini-foxy/omo_r1mini_teleop) by extensions ['ros']
[0.609s] Level 1:colcon.colcon_core.package_identification:_identify(src/omo_r1mini-foxy/omo_r1mini_teleop) by extension 'ros'
[0.612s] DEBUG:colcon.colcon_core.package_identification:Package 'src/omo_r1mini-foxy/omo_r1mini_teleop' with type 'ros.ament_python' and name 'omo_r1mini_teleop'
[0.613s] Level 1:colcon.colcon_core.package_identification:_identify(src/ydlidar_ros2_driver) by extensions ['ignore', 'ignore_ament_install']
[0.613s] Level 1:colcon.colcon_core.package_identification:_identify(src/ydlidar_ros2_driver) by extension 'ignore'
[0.614s] Level 1:colcon.colcon_core.package_identification:_identify(src/ydlidar_ros2_driver) by extension 'ignore_ament_install'
[0.616s] Level 1:colcon.colcon_core.package_identification:_identify(src/ydlidar_ros2_driver) by extensions ['colcon_pkg']
[0.616s] Level 1:colcon.colcon_core.package_identification:_identify(src/ydlidar_ros2_driver) by extension 'colcon_pkg'
[0.617s] Level 1:colcon.colcon_core.package_identification:_identify(src/ydlidar_ros2_driver) by extensions ['colcon_meta']
[0.618s] Level 1:colcon.colcon_core.package_identification:_identify(src/ydlidar_ros2_driver) by extension 'colcon_meta'
[0.618s] Level 1:colcon.colcon_core.package_identification:_identify(src/ydlidar_ros2_driver) by extensions ['ros']
[0.619s] Level 1:colcon.colcon_core.package_identification:_identify(src/ydlidar_ros2_driver) by extension 'ros'
[0.622s] DEBUG:colcon.colcon_core.package_identification:Package 'src/ydlidar_ros2_driver' with type 'ros.ament_cmake' and name 'ydlidar_ros2_driver'
[0.622s] Level 1:colcon.colcon_core.package_discovery:discover_packages(recursive) using defaults
[0.623s] Level 1:colcon.colcon_core.package_discovery:discover_packages(ignore) discover
[0.623s] Level 1:colcon.colcon_core.package_discovery:discover_packages(ignore) using defaults
[0.624s] Level 1:colcon.colcon_core.package_discovery:discover_packages(path) discover
[0.624s] Level 1:colcon.colcon_core.package_discovery:discover_packages(path) using defaults
[0.649s] Level 5:colcon.colcon_core.verb:set package 'omo_r1mini_cartographer' build argument 'cmake_args' from command line to 'None'
[0.649s] Level 5:colcon.colcon_core.verb:set package 'omo_r1mini_cartographer' build argument 'cmake_target' from command line to 'None'
[0.650s] Level 5:colcon.colcon_core.verb:set package 'omo_r1mini_cartographer' build argument 'cmake_target_skip_unavailable' from command line to 'False'
[0.650s] Level 5:colcon.colcon_core.verb:set package 'omo_r1mini_cartographer' build argument 'cmake_clean_cache' from command line to 'False'
[0.651s] Level 5:colcon.colcon_core.verb:set package 'omo_r1mini_cartographer' build argument 'cmake_clean_first' from command line to 'False'
[0.651s] Level 5:colcon.colcon_core.verb:set package 'omo_r1mini_cartographer' build argument 'cmake_force_configure' from command line to 'False'
[0.651s] Level 5:colcon.colcon_core.verb:set package 'omo_r1mini_cartographer' build argument 'ament_cmake_args' from command line to 'None'
[0.652s] Level 5:colcon.colcon_core.verb:set package 'omo_r1mini_cartographer' build argument 'catkin_cmake_args' from command line to 'None'
[0.652s] Level 5:colcon.colcon_core.verb:set package 'omo_r1mini_cartographer' build argument 'catkin_skip_building_tests' from command line to 'False'
[0.653s] DEBUG:colcon.colcon_core.verb:Building package 'omo_r1mini_cartographer' with the following arguments: {'ament_cmake_args': None, 'build_base': '/workspaces/foxy_ws/src/omorobot_r1_mini/build/omo_r1mini_cartographer', 'catkin_cmake_args': None, 'catkin_skip_building_tests': False, 'cmake_args': None, 'cmake_clean_cache': False, 'cmake_clean_first': False, 'cmake_force_configure': False, 'cmake_target': None, 'cmake_target_skip_unavailable': False, 'install_base': '/workspaces/foxy_ws/src/omorobot_r1_mini/install/omo_r1mini_cartographer', 'merge_install': False, 'path': '/workspaces/foxy_ws/src/omorobot_r1_mini/src/omo_r1mini-foxy/omo_r1mini_cartographer', 'symlink_install': True, 'test_result_base': None}
[0.655s] Level 5:colcon.colcon_core.verb:set package 'omo_r1mini_description' build argument 'cmake_args' from command line to 'None'
[0.656s] Level 5:colcon.colcon_core.verb:set package 'omo_r1mini_description' build argument 'cmake_target' from command line to 'None'
[0.656s] Level 5:colcon.colcon_core.verb:set package 'omo_r1mini_description' build argument 'cmake_target_skip_unavailable' from command line to 'False'
[0.656s] Level 5:colcon.colcon_core.verb:set package 'omo_r1mini_description' build argument 'cmake_clean_cache' from command line to 'False'
[0.657s] Level 5:colcon.colcon_core.verb:set package 'omo_r1mini_description' build argument 'cmake_clean_first' from command line to 'False'
[0.657s] Level 5:colcon.colcon_core.verb:set package 'omo_r1mini_description' build argument 'cmake_force_configure' from command line to 'False'
[0.658s] Level 5:colcon.colcon_core.verb:set package 'omo_r1mini_description' build argument 'ament_cmake_args' from command line to 'None'
[0.658s] Level 5:colcon.colcon_core.verb:set package 'omo_r1mini_description' build argument 'catkin_cmake_args' from command line to 'None'
[0.659s] Level 5:colcon.colcon_core.verb:set package 'omo_r1mini_description' build argument 'catkin_skip_building_tests' from command line to 'False'
[0.659s] DEBUG:colcon.colcon_core.verb:Building package 'omo_r1mini_description' with the following arguments: {'ament_cmake_args': None, 'build_base': '/workspaces/foxy_ws/src/omorobot_r1_mini/build/omo_r1mini_description', 'catkin_cmake_args': None, 'catkin_skip_building_tests': False, 'cmake_args': None, 'cmake_clean_cache': False, 'cmake_clean_first': False, 'cmake_force_configure': False, 'cmake_target': None, 'cmake_target_skip_unavailable': False, 'install_base': '/workspaces/foxy_ws/src/omorobot_r1_mini/install/omo_r1mini_description', 'merge_install': False, 'path': '/workspaces/foxy_ws/src/omorobot_r1_mini/src/omo_r1mini-foxy/omo_r1mini_description', 'symlink_install': True, 'test_result_base': None}
[0.661s] Level 5:colcon.colcon_core.verb:set package 'omo_r1mini_gazebo' build argument 'cmake_args' from command line to 'None'
[0.662s] Level 5:colcon.colcon_core.verb:set package 'omo_r1mini_gazebo' build argument 'cmake_target' from command line to 'None'
[0.662s] Level 5:colcon.colcon_core.verb:set package 'omo_r1mini_gazebo' build argument 'cmake_target_skip_unavailable' from command line to 'False'
[0.663s] Level 5:colcon.colcon_core.verb:set package 'omo_r1mini_gazebo' build argument 'cmake_clean_cache' from command line to 'False'
[0.663s] Level 5:colcon.colcon_core.verb:set package 'omo_r1mini_gazebo' build argument 'cmake_clean_first' from command line to 'False'
[0.664s] Level 5:colcon.colcon_core.verb:set package 'omo_r1mini_gazebo' build argument 'cmake_force_configure' from command line to 'False'
[0.664s] Level 5:colcon.colcon_core.verb:set package 'omo_r1mini_gazebo' build argument 'ament_cmake_args' from command line to 'None'
[0.665s] Level 5:colcon.colcon_core.verb:set package 'omo_r1mini_gazebo' build argument 'catkin_cmake_args' from command line to 'None'
[0.665s] Level 5:colcon.colcon_core.verb:set package 'omo_r1mini_gazebo' build argument 'catkin_skip_building_tests' from command line to 'False'
[0.665s] DEBUG:colcon.colcon_core.verb:Building package 'omo_r1mini_gazebo' with the following arguments: {'ament_cmake_args': None, 'build_base': '/workspaces/foxy_ws/src/omorobot_r1_mini/build/omo_r1mini_gazebo', 'catkin_cmake_args': None, 'catkin_skip_building_tests': False, 'cmake_args': None, 'cmake_clean_cache': False, 'cmake_clean_first': False, 'cmake_force_configure': False, 'cmake_target': None, 'cmake_target_skip_unavailable': False, 'install_base': '/workspaces/foxy_ws/src/omorobot_r1_mini/install/omo_r1mini_gazebo', 'merge_install': False, 'path': '/workspaces/foxy_ws/src/omorobot_r1_mini/src/omo_r1mini-foxy/omo_r1mini_gazebo', 'symlink_install': True, 'test_result_base': None}
[0.668s] Level 5:colcon.colcon_core.verb:set package 'omo_r1mini_navigation2' build argument 'cmake_args' from command line to 'None'
[0.668s] Level 5:colcon.colcon_core.verb:set package 'omo_r1mini_navigation2' build argument 'cmake_target' from command line to 'None'
[0.669s] Level 5:colcon.colcon_core.verb:set package 'omo_r1mini_navigation2' build argument 'cmake_target_skip_unavailable' from command line to 'False'
[0.670s] Level 5:colcon.colcon_core.verb:set package 'omo_r1mini_navigation2' build argument 'cmake_clean_cache' from command line to 'False'
[0.672s] Level 5:colcon.colcon_core.verb:set package 'omo_r1mini_navigation2' build argument 'cmake_clean_first' from command line to 'False'
[0.672s] Level 5:colcon.colcon_core.verb:set package 'omo_r1mini_navigation2' build argument 'cmake_force_configure' from command line to 'False'
[0.673s] Level 5:colcon.colcon_core.verb:set package 'omo_r1mini_navigation2' build argument 'ament_cmake_args' from command line to 'None'
[0.673s] Level 5:colcon.colcon_core.verb:set package 'omo_r1mini_navigation2' build argument 'catkin_cmake_args' from command line to 'None'
[0.674s] Level 5:colcon.colcon_core.verb:set package 'omo_r1mini_navigation2' build argument 'catkin_skip_building_tests' from command line to 'False'
[0.674s] DEBUG:colcon.colcon_core.verb:Building package 'omo_r1mini_navigation2' with the following arguments: {'ament_cmake_args': None, 'build_base': '/workspaces/foxy_ws/src/omorobot_r1_mini/build/omo_r1mini_navigation2', 'catkin_cmake_args': None, 'catkin_skip_building_tests': False, 'cmake_args': None, 'cmake_clean_cache': False, 'cmake_clean_first': False, 'cmake_force_configure': False, 'cmake_target': None, 'cmake_target_skip_unavailable': False, 'install_base': '/workspaces/foxy_ws/src/omorobot_r1_mini/install/omo_r1mini_navigation2', 'merge_install': False, 'path': '/workspaces/foxy_ws/src/omorobot_r1_mini/src/omo_r1mini-foxy/omo_r1mini_navigation2', 'symlink_install': True, 'test_result_base': None}
[0.678s] Level 5:colcon.colcon_core.verb:set package 'omo_r1mini_teleop' build argument 'cmake_args' from command line to 'None'
[0.678s] Level 5:colcon.colcon_core.verb:set package 'omo_r1mini_teleop' build argument 'cmake_target' from command line to 'None'
[0.679s] Level 5:colcon.colcon_core.verb:set package 'omo_r1mini_teleop' build argument 'cmake_target_skip_unavailable' from command line to 'False'
[0.679s] Level 5:colcon.colcon_core.verb:set package 'omo_r1mini_teleop' build argument 'cmake_clean_cache' from command line to 'False'
[0.679s] Level 5:colcon.colcon_core.verb:set package 'omo_r1mini_teleop' build argument 'cmake_clean_first' from command line to 'False'
[0.680s] Level 5:colcon.colcon_core.verb:set package 'omo_r1mini_teleop' build argument 'cmake_force_configure' from command line to 'False'
[0.681s] Level 5:colcon.colcon_core.verb:set package 'omo_r1mini_teleop' build argument 'ament_cmake_args' from command line to 'None'
[0.681s] Level 5:colcon.colcon_core.verb:set package 'omo_r1mini_teleop' build argument 'catkin_cmake_args' from command line to 'None'
[0.682s] Level 5:colcon.colcon_core.verb:set package 'omo_r1mini_teleop' build argument 'catkin_skip_building_tests' from command line to 'False'
[0.682s] DEBUG:colcon.colcon_core.verb:Building package 'omo_r1mini_teleop' with the following arguments: {'ament_cmake_args': None, 'build_base': '/workspaces/foxy_ws/src/omorobot_r1_mini/build/omo_r1mini_teleop', 'catkin_cmake_args': None, 'catkin_skip_building_tests': False, 'cmake_args': None, 'cmake_clean_cache': False, 'cmake_clean_first': False, 'cmake_force_configure': False, 'cmake_target': None, 'cmake_target_skip_unavailable': False, 'install_base': '/workspaces/foxy_ws/src/omorobot_r1_mini/install/omo_r1mini_teleop', 'merge_install': False, 'path': '/workspaces/foxy_ws/src/omorobot_r1_mini/src/omo_r1mini-foxy/omo_r1mini_teleop', 'symlink_install': True, 'test_result_base': None}
[0.686s] Level 5:colcon.colcon_core.verb:set package 'ydlidar_ros2_driver' build argument 'cmake_args' from command line to 'None'
[0.686s] Level 5:colcon.colcon_core.verb:set package 'ydlidar_ros2_driver' build argument 'cmake_target' from command line to 'None'
[0.687s] Level 5:colcon.colcon_core.verb:set package 'ydlidar_ros2_driver' build argument 'cmake_target_skip_unavailable' from command line to 'False'
[0.687s] Level 5:colcon.colcon_core.verb:set package 'ydlidar_ros2_driver' build argument 'cmake_clean_cache' from command line to 'False'
[0.688s] Level 5:colcon.colcon_core.verb:set package 'ydlidar_ros2_driver' build argument 'cmake_clean_first' from command line to 'False'
[0.688s] Level 5:colcon.colcon_core.verb:set package 'ydlidar_ros2_driver' build argument 'cmake_force_configure' from command line to 'False'
[0.689s] Level 5:colcon.colcon_core.verb:set package 'ydlidar_ros2_driver' build argument 'ament_cmake_args' from command line to 'None'
[0.690s] Level 5:colcon.colcon_core.verb:set package 'ydlidar_ros2_driver' build argument 'catkin_cmake_args' from command line to 'None'
[0.691s] Level 5:colcon.colcon_core.verb:set package 'ydlidar_ros2_driver' build argument 'catkin_skip_building_tests' from command line to 'False'
[0.693s] DEBUG:colcon.colcon_core.verb:Building package 'ydlidar_ros2_driver' with the following arguments: {'ament_cmake_args': None, 'build_base': '/workspaces/foxy_ws/src/omorobot_r1_mini/build/ydlidar_ros2_driver', 'catkin_cmake_args': None, 'catkin_skip_building_tests': False, 'cmake_args': None, 'cmake_clean_cache': False, 'cmake_clean_first': False, 'cmake_force_configure': False, 'cmake_target': None, 'cmake_target_skip_unavailable': False, 'install_base': '/workspaces/foxy_ws/src/omorobot_r1_mini/install/ydlidar_ros2_driver', 'merge_install': False, 'path': '/workspaces/foxy_ws/src/omorobot_r1_mini/src/ydlidar_ros2_driver', 'symlink_install': True, 'test_result_base': None}
[0.697s] Level 5:colcon.colcon_core.verb:set package 'ydlidar_sdk' build argument 'cmake_args' from command line to 'None'
[0.698s] Level 5:colcon.colcon_core.verb:set package 'ydlidar_sdk' build argument 'cmake_target' from command line to 'None'
[0.698s] Level 5:colcon.colcon_core.verb:set package 'ydlidar_sdk' build argument 'cmake_target_skip_unavailable' from command line to 'False'
[0.699s] Level 5:colcon.colcon_core.verb:set package 'ydlidar_sdk' build argument 'cmake_clean_cache' from command line to 'False'
[0.700s] Level 5:colcon.colcon_core.verb:set package 'ydlidar_sdk' build argument 'cmake_clean_first' from command line to 'False'
[0.700s] Level 5:colcon.colcon_core.verb:set package 'ydlidar_sdk' build argument 'cmake_force_configure' from command line to 'False'
[0.701s] Level 5:colcon.colcon_core.verb:set package 'ydlidar_sdk' build argument 'ament_cmake_args' from command line to 'None'
[0.702s] Level 5:colcon.colcon_core.verb:set package 'ydlidar_sdk' build argument 'catkin_cmake_args' from command line to 'None'
[0.702s] Level 5:colcon.colcon_core.verb:set package 'ydlidar_sdk' build argument 'catkin_skip_building_tests' from command line to 'False'
[0.703s] DEBUG:colcon.colcon_core.verb:Building package 'ydlidar_sdk' with the following arguments: {'ament_cmake_args': None, 'build_base': '/workspaces/foxy_ws/src/omorobot_r1_mini/build/ydlidar_sdk', 'catkin_cmake_args': None, 'catkin_skip_building_tests': False, 'cmake_args': None, 'cmake_clean_cache': False, 'cmake_clean_first': False, 'cmake_force_configure': False, 'cmake_target': None, 'cmake_target_skip_unavailable': False, 'install_base': '/workspaces/foxy_ws/src/omorobot_r1_mini/install/ydlidar_sdk', 'merge_install': False, 'path': '/workspaces/foxy_ws/src/omorobot_r1_mini/src/YDLidar-SDK', 'symlink_install': True, 'test_result_base': None}
[0.706s] Level 5:colcon.colcon_core.verb:set package 'omo_r1mini_bringup' build argument 'cmake_args' from command line to 'None'
[0.706s] Level 5:colcon.colcon_core.verb:set package 'omo_r1mini_bringup' build argument 'cmake_target' from command line to 'None'
[0.707s] Level 5:colcon.colcon_core.verb:set package 'omo_r1mini_bringup' build argument 'cmake_target_skip_unavailable' from command line to 'False'
[0.707s] Level 5:colcon.colcon_core.verb:set package 'omo_r1mini_bringup' build argument 'cmake_clean_cache' from command line to 'False'
[0.708s] Level 5:colcon.colcon_core.verb:set package 'omo_r1mini_bringup' build argument 'cmake_clean_first' from command line to 'False'
[0.708s] Level 5:colcon.colcon_core.verb:set package 'omo_r1mini_bringup' build argument 'cmake_force_configure' from command line to 'False'
[0.708s] Level 5:colcon.colcon_core.verb:set package 'omo_r1mini_bringup' build argument 'ament_cmake_args' from command line to 'None'
[0.709s] Level 5:colcon.colcon_core.verb:set package 'omo_r1mini_bringup' build argument 'catkin_cmake_args' from command line to 'None'
[0.709s] Level 5:colcon.colcon_core.verb:set package 'omo_r1mini_bringup' build argument 'catkin_skip_building_tests' from command line to 'False'
[0.710s] DEBUG:colcon.colcon_core.verb:Building package 'omo_r1mini_bringup' with the following arguments: {'ament_cmake_args': None, 'build_base': '/workspaces/foxy_ws/src/omorobot_r1_mini/build/omo_r1mini_bringup', 'catkin_cmake_args': None, 'catkin_skip_building_tests': False, 'cmake_args': None, 'cmake_clean_cache': False, 'cmake_clean_first': False, 'cmake_force_configure': False, 'cmake_target': None, 'cmake_target_skip_unavailable': False, 'install_base': '/workspaces/foxy_ws/src/omorobot_r1_mini/install/omo_r1mini_bringup', 'merge_install': False, 'path': '/workspaces/foxy_ws/src/omorobot_r1_mini/src/omo_r1mini-foxy/omo_r1mini_bringup', 'symlink_install': True, 'test_result_base': None}
[0.713s] Level 5:colcon.colcon_core.verb:set package 'omo_r1mini' build argument 'cmake_args' from command line to 'None'
[0.713s] Level 5:colcon.colcon_core.verb:set package 'omo_r1mini' build argument 'cmake_target' from command line to 'None'
[0.714s] Level 5:colcon.colcon_core.verb:set package 'omo_r1mini' build argument 'cmake_target_skip_unavailable' from command line to 'False'
[0.714s] Level 5:colcon.colcon_core.verb:set package 'omo_r1mini' build argument 'cmake_clean_cache' from command line to 'False'
[0.715s] Level 5:colcon.colcon_core.verb:set package 'omo_r1mini' build argument 'cmake_clean_first' from command line to 'False'
[0.715s] Level 5:colcon.colcon_core.verb:set package 'omo_r1mini' build argument 'cmake_force_configure' from command line to 'False'
[0.716s] Level 5:colcon.colcon_core.verb:set package 'omo_r1mini' build argument 'ament_cmake_args' from command line to 'None'
[0.716s] Level 5:colcon.colcon_core.verb:set package 'omo_r1mini' build argument 'catkin_cmake_args' from command line to 'None'
[0.717s] Level 5:colcon.colcon_core.verb:set package 'omo_r1mini' build argument 'catkin_skip_building_tests' from command line to 'False'
[0.717s] DEBUG:colcon.colcon_core.verb:Building package 'omo_r1mini' with the following arguments: {'ament_cmake_args': None, 'build_base': '/workspaces/foxy_ws/src/omorobot_r1_mini/build/omo_r1mini', 'catkin_cmake_args': None, 'catkin_skip_building_tests': False, 'cmake_args': None, 'cmake_clean_cache': False, 'cmake_clean_first': False, 'cmake_force_configure': False, 'cmake_target': None, 'cmake_target_skip_unavailable': False, 'install_base': '/workspaces/foxy_ws/src/omorobot_r1_mini/install/omo_r1mini', 'merge_install': False, 'path': '/workspaces/foxy_ws/src/omorobot_r1_mini/src/omo_r1mini-foxy/omo_r1mini', 'symlink_install': True, 'test_result_base': None}
[0.718s] INFO:colcon.colcon_core.executor:Executing jobs using 'parallel' executor
[0.720s] DEBUG:colcon.colcon_parallel_executor.executor.parallel:run_until_complete
[0.721s] INFO:colcon.colcon_ros.task.ament_cmake.build:Building ROS package in '/workspaces/foxy_ws/src/omorobot_r1_mini/src/omo_r1mini-foxy/omo_r1mini_description' with build type 'ament_cmake'
[0.722s] INFO:colcon.colcon_cmake.task.cmake.build:Building CMake package in '/workspaces/foxy_ws/src/omorobot_r1_mini/src/omo_r1mini-foxy/omo_r1mini_description'
[0.730s] INFO:colcon.colcon_core.plugin_system:Skipping extension 'colcon_core.shell.bat': Not used on non-Windows systems
[0.731s] INFO:colcon.colcon_core.shell:Skip shell extension 'powershell' for command environment: Not usable outside of PowerShell
[0.731s] DEBUG:colcon.colcon_core.shell:Skip shell extension 'dsv' for command environment
[0.735s] DEBUG:colcon.colcon_core.shell:Ignoring prefix path '/opt/ros/foxy'
[0.740s] INFO:colcon.colcon_ros.task.ament_cmake.build:Building ROS package in '/workspaces/foxy_ws/src/omorobot_r1_mini/src/omo_r1mini-foxy/omo_r1mini_cartographer' with build type 'ament_cmake'
[0.741s] INFO:colcon.colcon_cmake.task.cmake.build:Building CMake package in '/workspaces/foxy_ws/src/omorobot_r1_mini/src/omo_r1mini-foxy/omo_r1mini_cartographer'
[0.742s] INFO:colcon.colcon_core.shell:Skip shell extension 'powershell' for command environment: Not usable outside of PowerShell
[0.743s] DEBUG:colcon.colcon_core.shell:Skip shell extension 'dsv' for command environment
[0.745s] DEBUG:colcon.colcon_core.shell:Ignoring prefix path '/opt/ros/foxy'
[0.752s] INFO:colcon.colcon_ros.task.ament_cmake.build:Building ROS package in '/workspaces/foxy_ws/src/omorobot_r1_mini/src/omo_r1mini-foxy/omo_r1mini_navigation2' with build type 'ament_cmake'
[0.753s] INFO:colcon.colcon_cmake.task.cmake.build:Building CMake package in '/workspaces/foxy_ws/src/omorobot_r1_mini/src/omo_r1mini-foxy/omo_r1mini_navigation2'
[0.755s] INFO:colcon.colcon_core.shell:Skip shell extension 'powershell' for command environment: Not usable outside of PowerShell
[0.755s] DEBUG:colcon.colcon_core.shell:Skip shell extension 'dsv' for command environment
[0.758s] DEBUG:colcon.colcon_core.shell:Ignoring prefix path '/opt/ros/foxy'
[0.763s] INFO:colcon.colcon_ros.task.ament_python.build:Building ROS package in '/workspaces/foxy_ws/src/omorobot_r1_mini/src/omo_r1mini-foxy/omo_r1mini_teleop' with build type 'ament_python'
[0.764s] Level 1:colcon.colcon_core.shell:create_environment_hook('omo_r1mini_teleop', 'ament_prefix_path')
[0.766s] INFO:colcon.colcon_core.shell:Creating environment hook '/workspaces/foxy_ws/src/omorobot_r1_mini/install/omo_r1mini_teleop/share/omo_r1mini_teleop/hook/ament_prefix_path.ps1'
[0.769s] INFO:colcon.colcon_core.shell:Creating environment descriptor '/workspaces/foxy_ws/src/omorobot_r1_mini/install/omo_r1mini_teleop/share/omo_r1mini_teleop/hook/ament_prefix_path.dsv'
[0.776s] INFO:colcon.colcon_core.shell:Creating environment hook '/workspaces/foxy_ws/src/omorobot_r1_mini/install/omo_r1mini_teleop/share/omo_r1mini_teleop/hook/ament_prefix_path.sh'
[0.781s] INFO:colcon.colcon_core.shell:Skip shell extension 'powershell' for command environment: Not usable outside of PowerShell
[0.782s] DEBUG:colcon.colcon_core.shell:Skip shell extension 'dsv' for command environment
[0.784s] DEBUG:colcon.colcon_core.shell:Ignoring prefix path '/opt/ros/foxy'
[0.789s] INFO:colcon.colcon_ros.task.ament_cmake.build:Building ROS package in '/workspaces/foxy_ws/src/omorobot_r1_mini/src/omo_r1mini-foxy/omo_r1mini_gazebo' with build type 'ament_cmake'
[0.791s] INFO:colcon.colcon_cmake.task.cmake.build:Building CMake package in '/workspaces/foxy_ws/src/omorobot_r1_mini/src/omo_r1mini-foxy/omo_r1mini_gazebo'
[0.793s] INFO:colcon.colcon_core.shell:Skip shell extension 'powershell' for command environment: Not usable outside of PowerShell
[0.794s] DEBUG:colcon.colcon_core.shell:Skip shell extension 'dsv' for command environment
[0.796s] DEBUG:colcon.colcon_core.shell:Ignoring prefix path '/opt/ros/foxy'
[0.804s] INFO:colcon.colcon_ros.task.ament_cmake.build:Building ROS package in '/workspaces/foxy_ws/src/omorobot_r1_mini/src/ydlidar_ros2_driver' with build type 'ament_cmake'
[0.806s] INFO:colcon.colcon_cmake.task.cmake.build:Building CMake package in '/workspaces/foxy_ws/src/omorobot_r1_mini/src/ydlidar_ros2_driver'
[0.808s] INFO:colcon.colcon_core.shell:Skip shell extension 'powershell' for command environment: Not usable outside of PowerShell
[0.809s] DEBUG:colcon.colcon_core.shell:Skip shell extension 'dsv' for command environment
[0.813s] DEBUG:colcon.colcon_core.shell:Ignoring prefix path '/opt/ros/foxy'
[0.824s] INFO:colcon.colcon_cmake.task.cmake.build:Building CMake package in '/workspaces/foxy_ws/src/omorobot_r1_mini/src/YDLidar-SDK'
[0.827s] INFO:colcon.colcon_core.shell:Skip shell extension 'powershell' for command environment: Not usable outside of PowerShell
[0.829s] DEBUG:colcon.colcon_core.shell:Skip shell extension 'dsv' for command environment
[0.831s] DEBUG:colcon.colcon_core.shell:Ignoring prefix path '/opt/ros/foxy'
[0.878s] DEBUG:colcon.colcon_core.event_handler.log_command:Invoking command in '/workspaces/foxy_ws/src/omorobot_r1_mini/build/omo_r1mini_description': CMAKE_PREFIX_PATH=/opt/ros/foxy /usr/bin/cmake --build /workspaces/foxy_ws/src/omorobot_r1_mini/build/omo_r1mini_description -- -j8 -l8
[0.902s] DEBUG:colcon.colcon_core.event_handler.log_command:Invoking command in '/workspaces/foxy_ws/src/omorobot_r1_mini/build/omo_r1mini_cartographer': CMAKE_PREFIX_PATH=/opt/ros/foxy /usr/bin/cmake --build /workspaces/foxy_ws/src/omorobot_r1_mini/build/omo_r1mini_cartographer -- -j8 -l8
[0.935s] DEBUG:colcon.colcon_core.event_handler.log_command:Invoking command in '/workspaces/foxy_ws/src/omorobot_r1_mini/build/omo_r1mini_navigation2': CMAKE_PREFIX_PATH=/opt/ros/foxy /usr/bin/cmake --build /workspaces/foxy_ws/src/omorobot_r1_mini/build/omo_r1mini_navigation2 -- -j8 -l8
[1.296s] INFO:colcon.colcon_core.task.python.build:Building Python package in '/workspaces/foxy_ws/src/omorobot_r1_mini/src/omo_r1mini-foxy/omo_r1mini_teleop'
[1.300s] INFO:colcon.colcon_core.shell:Skip shell extension 'powershell' for command environment: Not usable outside of PowerShell
[1.302s] DEBUG:colcon.colcon_core.shell:Skip shell extension 'dsv' for command environment
[1.307s] DEBUG:colcon.colcon_core.shell:Ignoring prefix path '/opt/ros/foxy'
[1.371s] DEBUG:colcon.colcon_core.event_handler.log_command:Invoking command in '/workspaces/foxy_ws/src/omorobot_r1_mini/build/omo_r1mini_gazebo': CMAKE_PREFIX_PATH=/opt/ros/foxy /usr/bin/cmake --build /workspaces/foxy_ws/src/omorobot_r1_mini/build/omo_r1mini_gazebo -- -j8 -l8
[1.404s] DEBUG:colcon.colcon_core.event_handler.log_command:Invoking command in '/workspaces/foxy_ws/src/omorobot_r1_mini/build/ydlidar_ros2_driver': CMAKE_PREFIX_PATH=/opt/ros/foxy /usr/bin/cmake /workspaces/foxy_ws/src/omorobot_r1_mini/src/ydlidar_ros2_driver -DAMENT_CMAKE_SYMLINK_INSTALL=1 -DCMAKE_INSTALL_PREFIX=/workspaces/foxy_ws/src/omorobot_r1_mini/install/ydlidar_ros2_driver
[1.440s] DEBUG:colcon.colcon_core.event_handler.log_command:Invoking command in '/workspaces/foxy_ws/src/omorobot_r1_mini/build/ydlidar_sdk': /usr/bin/cmake --build /workspaces/foxy_ws/src/omorobot_r1_mini/build/ydlidar_sdk -- -j8 -l8
[1.453s] DEBUG:colcon.colcon_core.event_handler.log_command:Invoked command in '/workspaces/foxy_ws/src/omorobot_r1_mini/build/omo_r1mini_description' returned '0': CMAKE_PREFIX_PATH=/opt/ros/foxy /usr/bin/cmake --build /workspaces/foxy_ws/src/omorobot_r1_mini/build/omo_r1mini_description -- -j8 -l8
[1.473s] DEBUG:colcon.colcon_core.event_handler.log_command:Invoked command in '/workspaces/foxy_ws/src/omorobot_r1_mini/build/omo_r1mini_cartographer' returned '0': CMAKE_PREFIX_PATH=/opt/ros/foxy /usr/bin/cmake --build /workspaces/foxy_ws/src/omorobot_r1_mini/build/omo_r1mini_cartographer -- -j8 -l8
[1.483s] DEBUG:colcon.colcon_core.event_handler.log_command:Invoked command in '/workspaces/foxy_ws/src/omorobot_r1_mini/build/omo_r1mini_navigation2' returned '0': CMAKE_PREFIX_PATH=/opt/ros/foxy /usr/bin/cmake --build /workspaces/foxy_ws/src/omorobot_r1_mini/build/omo_r1mini_navigation2 -- -j8 -l8
[1.535s] DEBUG:colcon.colcon_core.event_handler.log_command:Invoking command in '/workspaces/foxy_ws/src/omorobot_r1_mini/build/omo_r1mini_teleop': PYTHONPATH=/workspaces/foxy_ws/src/omorobot_r1_mini/install/omo_r1mini_teleop/lib/python3.8/site-packages:${PYTHONPATH} /usr/bin/python3 setup.py develop --prefix /workspaces/foxy_ws/src/omorobot_r1_mini/install/omo_r1mini_teleop --editable --build-directory /workspaces/foxy_ws/src/omorobot_r1_mini/build/omo_r1mini_teleop/build --no-deps install_data --install-dir /workspaces/foxy_ws/src/omorobot_r1_mini/install/omo_r1mini_teleop
[1.543s] DEBUG:colcon.colcon_core.event_handler.log_command:Invoking command in '/workspaces/foxy_ws/src/omorobot_r1_mini/build/omo_r1mini_description': CMAKE_PREFIX_PATH=/opt/ros/foxy /usr/bin/cmake --install /workspaces/foxy_ws/src/omorobot_r1_mini/build/omo_r1mini_description
[1.554s] DEBUG:colcon.colcon_core.event_handler.log_command:Invoked command in '/workspaces/foxy_ws/src/omorobot_r1_mini/build/omo_r1mini_gazebo' returned '0': CMAKE_PREFIX_PATH=/opt/ros/foxy /usr/bin/cmake --build /workspaces/foxy_ws/src/omorobot_r1_mini/build/omo_r1mini_gazebo -- -j8 -l8
[1.569s] DEBUG:colcon.colcon_core.event_handler.log_command:Invoking command in '/workspaces/foxy_ws/src/omorobot_r1_mini/build/omo_r1mini_navigation2': CMAKE_PREFIX_PATH=/opt/ros/foxy /usr/bin/cmake --install /workspaces/foxy_ws/src/omorobot_r1_mini/build/omo_r1mini_navigation2
[1.588s] DEBUG:colcon.colcon_core.event_handler.log_command:Invoking command in '/workspaces/foxy_ws/src/omorobot_r1_mini/build/omo_r1mini_cartographer': CMAKE_PREFIX_PATH=/opt/ros/foxy /usr/bin/cmake --install /workspaces/foxy_ws/src/omorobot_r1_mini/build/omo_r1mini_cartographer
[1.710s] DEBUG:colcon.colcon_core.event_handler.log_command:Invoking command in '/workspaces/foxy_ws/src/omorobot_r1_mini/build/omo_r1mini_gazebo': CMAKE_PREFIX_PATH=/opt/ros/foxy /usr/bin/cmake --install /workspaces/foxy_ws/src/omorobot_r1_mini/build/omo_r1mini_gazebo
[1.930s] Level 1:colcon.colcon_core.environment:create_environment_scripts_only(omo_r1mini_navigation2)
[1.945s] Level 1:colcon.colcon_core.environment:checking '/workspaces/foxy_ws/src/omorobot_r1_mini/install/omo_r1mini_navigation2' for CMake module files
[2.037s] Level 1:colcon.colcon_core.environment:checking '/workspaces/foxy_ws/src/omorobot_r1_mini/install/omo_r1mini_navigation2' for CMake config files
[2.059s] Level 1:colcon.colcon_core.shell:create_environment_hook('omo_r1mini_navigation2', 'cmake_prefix_path')
[2.063s] INFO:colcon.colcon_core.shell:Creating environment hook '/workspaces/foxy_ws/src/omorobot_r1_mini/install/omo_r1mini_navigation2/share/omo_r1mini_navigation2/hook/cmake_prefix_path.ps1'
[2.071s] INFO:colcon.colcon_core.shell:Creating environment descriptor '/workspaces/foxy_ws/src/omorobot_r1_mini/install/omo_r1mini_navigation2/share/omo_r1mini_navigation2/hook/cmake_prefix_path.dsv'
[2.078s] INFO:colcon.colcon_core.shell:Creating environment hook '/workspaces/foxy_ws/src/omorobot_r1_mini/install/omo_r1mini_navigation2/share/omo_r1mini_navigation2/hook/cmake_prefix_path.sh'
[2.099s] Level 1:colcon.colcon_core.environment:checking '/workspaces/foxy_ws/src/omorobot_r1_mini/install/omo_r1mini_navigation2/bin'
[2.101s] Level 1:colcon.colcon_core.environment:checking '/workspaces/foxy_ws/src/omorobot_r1_mini/install/omo_r1mini_navigation2/lib/pkgconfig/omo_r1mini_navigation2.pc'
[2.103s] Level 1:colcon.colcon_core.environment:checking '/workspaces/foxy_ws/src/omorobot_r1_mini/install/omo_r1mini_navigation2/lib/python3.8/site-packages'
[2.111s] INFO:colcon.colcon_core.shell:Creating package script '/workspaces/foxy_ws/src/omorobot_r1_mini/install/omo_r1mini_navigation2/share/omo_r1mini_navigation2/package.ps1'
[2.120s] INFO:colcon.colcon_core.shell:Creating package descriptor '/workspaces/foxy_ws/src/omorobot_r1_mini/install/omo_r1mini_navigation2/share/omo_r1mini_navigation2/package.dsv'
[2.135s] INFO:colcon.colcon_core.shell:Creating package script '/workspaces/foxy_ws/src/omorobot_r1_mini/install/omo_r1mini_navigation2/share/omo_r1mini_navigation2/package.sh'
[2.147s] INFO:colcon.colcon_core.shell:Creating package script '/workspaces/foxy_ws/src/omorobot_r1_mini/install/omo_r1mini_navigation2/share/omo_r1mini_navigation2/package.bash'
[2.168s] INFO:colcon.colcon_core.shell:Creating package script '/workspaces/foxy_ws/src/omorobot_r1_mini/install/omo_r1mini_navigation2/share/omo_r1mini_navigation2/package.zsh'
[2.193s] Level 1:colcon.colcon_core.environment:create_file_with_runtime_dependencies(/workspaces/foxy_ws/src/omorobot_r1_mini/install/omo_r1mini_navigation2/share/colcon-core/packages/omo_r1mini_navigation2)
[2.227s] Level 1:colcon.colcon_core.environment:create_environment_scripts_only(omo_r1mini_gazebo)
[2.238s] Level 1:colcon.colcon_core.environment:checking '/workspaces/foxy_ws/src/omorobot_r1_mini/install/omo_r1mini_gazebo' for CMake module files
[2.322s] Level 1:colcon.colcon_core.environment:checking '/workspaces/foxy_ws/src/omorobot_r1_mini/install/omo_r1mini_gazebo' for CMake config files
[2.351s] Level 1:colcon.colcon_core.shell:create_environment_hook('omo_r1mini_gazebo', 'cmake_prefix_path')
[2.353s] INFO:colcon.colcon_core.shell:Creating environment hook '/workspaces/foxy_ws/src/omorobot_r1_mini/install/omo_r1mini_gazebo/share/omo_r1mini_gazebo/hook/cmake_prefix_path.ps1'
[2.363s] INFO:colcon.colcon_core.shell:Creating environment descriptor '/workspaces/foxy_ws/src/omorobot_r1_mini/install/omo_r1mini_gazebo/share/omo_r1mini_gazebo/hook/cmake_prefix_path.dsv'
[2.372s] INFO:colcon.colcon_core.shell:Creating environment hook '/workspaces/foxy_ws/src/omorobot_r1_mini/install/omo_r1mini_gazebo/share/omo_r1mini_gazebo/hook/cmake_prefix_path.sh'
[2.382s] Level 1:colcon.colcon_core.environment:checking '/workspaces/foxy_ws/src/omorobot_r1_mini/install/omo_r1mini_gazebo/bin'
[2.383s] Level 1:colcon.colcon_core.environment:checking '/workspaces/foxy_ws/src/omorobot_r1_mini/install/omo_r1mini_gazebo/lib/pkgconfig/omo_r1mini_gazebo.pc'
[2.385s] Level 1:colcon.colcon_core.environment:checking '/workspaces/foxy_ws/src/omorobot_r1_mini/install/omo_r1mini_gazebo/lib/python3.8/site-packages'
[2.388s] INFO:colcon.colcon_core.shell:Creating package script '/workspaces/foxy_ws/src/omorobot_r1_mini/install/omo_r1mini_gazebo/share/omo_r1mini_gazebo/package.ps1'
[2.399s] INFO:colcon.colcon_core.shell:Creating package descriptor '/workspaces/foxy_ws/src/omorobot_r1_mini/install/omo_r1mini_gazebo/share/omo_r1mini_gazebo/package.dsv'
[2.409s] INFO:colcon.colcon_core.shell:Creating package script '/workspaces/foxy_ws/src/omorobot_r1_mini/install/omo_r1mini_gazebo/share/omo_r1mini_gazebo/package.sh'
[2.422s] INFO:colcon.colcon_core.shell:Creating package script '/workspaces/foxy_ws/src/omorobot_r1_mini/install/omo_r1mini_gazebo/share/omo_r1mini_gazebo/package.bash'
[2.434s] INFO:colcon.colcon_core.shell:Creating package script '/workspaces/foxy_ws/src/omorobot_r1_mini/install/omo_r1mini_gazebo/share/omo_r1mini_gazebo/package.zsh'
[2.443s] Level 1:colcon.colcon_core.environment:create_file_with_runtime_dependencies(/workspaces/foxy_ws/src/omorobot_r1_mini/install/omo_r1mini_gazebo/share/colcon-core/packages/omo_r1mini_gazebo)
[2.462s] Level 1:colcon.colcon_core.environment:create_environment_scripts_only(omo_r1mini_cartographer)
[2.467s] Level 1:colcon.colcon_core.environment:checking '/workspaces/foxy_ws/src/omorobot_r1_mini/install/omo_r1mini_cartographer' for CMake module files
[2.508s] DEBUG:colcon.colcon_core.event_handler.log_command:Invoked command in '/workspaces/foxy_ws/src/omorobot_r1_mini/build/omo_r1mini_navigation2' returned '0': CMAKE_PREFIX_PATH=/opt/ros/foxy /usr/bin/cmake --install /workspaces/foxy_ws/src/omorobot_r1_mini/build/omo_r1mini_navigation2
[2.537s] Level 1:colcon.colcon_core.environment:checking '/workspaces/foxy_ws/src/omorobot_r1_mini/install/omo_r1mini_cartographer' for CMake config files
[2.559s] Level 1:colcon.colcon_core.shell:create_environment_hook('omo_r1mini_cartographer', 'cmake_prefix_path')
[2.564s] INFO:colcon.colcon_core.shell:Creating environment hook '/workspaces/foxy_ws/src/omorobot_r1_mini/install/omo_r1mini_cartographer/share/omo_r1mini_cartographer/hook/cmake_prefix_path.ps1'
[2.578s] INFO:colcon.colcon_core.shell:Creating environment descriptor '/workspaces/foxy_ws/src/omorobot_r1_mini/install/omo_r1mini_cartographer/share/omo_r1mini_cartographer/hook/cmake_prefix_path.dsv'
[2.583s] INFO:colcon.colcon_core.shell:Creating environment hook '/workspaces/foxy_ws/src/omorobot_r1_mini/install/omo_r1mini_cartographer/share/omo_r1mini_cartographer/hook/cmake_prefix_path.sh'
[2.594s] Level 1:colcon.colcon_core.environment:checking '/workspaces/foxy_ws/src/omorobot_r1_mini/install/omo_r1mini_cartographer/bin'
[2.596s] Level 1:colcon.colcon_core.environment:checking '/workspaces/foxy_ws/src/omorobot_r1_mini/install/omo_r1mini_cartographer/lib/pkgconfig/omo_r1mini_cartographer.pc'
[2.598s] Level 1:colcon.colcon_core.environment:checking '/workspaces/foxy_ws/src/omorobot_r1_mini/install/omo_r1mini_cartographer/lib/python3.8/site-packages'
[2.602s] INFO:colcon.colcon_core.shell:Creating package script '/workspaces/foxy_ws/src/omorobot_r1_mini/install/omo_r1mini_cartographer/share/omo_r1mini_cartographer/package.ps1'
[2.615s] INFO:colcon.colcon_core.shell:Creating package descriptor '/workspaces/foxy_ws/src/omorobot_r1_mini/install/omo_r1mini_cartographer/share/omo_r1mini_cartographer/package.dsv'
[2.632s] INFO:colcon.colcon_core.shell:Creating package script '/workspaces/foxy_ws/src/omorobot_r1_mini/install/omo_r1mini_cartographer/share/omo_r1mini_cartographer/package.sh'
[2.647s] INFO:colcon.colcon_core.shell:Creating package script '/workspaces/foxy_ws/src/omorobot_r1_mini/install/omo_r1mini_cartographer/share/omo_r1mini_cartographer/package.bash'
[2.660s] INFO:colcon.colcon_core.shell:Creating package script '/workspaces/foxy_ws/src/omorobot_r1_mini/install/omo_r1mini_cartographer/share/omo_r1mini_cartographer/package.zsh'
[2.683s] Level 1:colcon.colcon_core.environment:create_file_with_runtime_dependencies(/workspaces/foxy_ws/src/omorobot_r1_mini/install/omo_r1mini_cartographer/share/colcon-core/packages/omo_r1mini_cartographer)
[2.700s] Level 1:colcon.colcon_core.environment:create_environment_scripts_only(omo_r1mini_description)
[2.706s] Level 1:colcon.colcon_core.environment:checking '/workspaces/foxy_ws/src/omorobot_r1_mini/install/omo_r1mini_description' for CMake module files
[2.765s] DEBUG:colcon.colcon_core.event_handler.log_command:Invoked command in '/workspaces/foxy_ws/src/omorobot_r1_mini/build/omo_r1mini_gazebo' returned '0': CMAKE_PREFIX_PATH=/opt/ros/foxy /usr/bin/cmake --install /workspaces/foxy_ws/src/omorobot_r1_mini/build/omo_r1mini_gazebo
[2.782s] Level 1:colcon.colcon_core.environment:checking '/workspaces/foxy_ws/src/omorobot_r1_mini/install/omo_r1mini_description' for CMake config files
[2.811s] Level 1:colcon.colcon_core.shell:create_environment_hook('omo_r1mini_description', 'cmake_prefix_path')
[2.813s] INFO:colcon.colcon_core.shell:Creating environment hook '/workspaces/foxy_ws/src/omorobot_r1_mini/install/omo_r1mini_description/share/omo_r1mini_description/hook/cmake_prefix_path.ps1'
[2.819s] INFO:colcon.colcon_core.shell:Creating environment descriptor '/workspaces/foxy_ws/src/omorobot_r1_mini/install/omo_r1mini_description/share/omo_r1mini_description/hook/cmake_prefix_path.dsv'
[2.828s] INFO:colcon.colcon_core.shell:Creating environment hook '/workspaces/foxy_ws/src/omorobot_r1_mini/install/omo_r1mini_description/share/omo_r1mini_description/hook/cmake_prefix_path.sh'
[2.832s] Level 1:colcon.colcon_core.environment:checking '/workspaces/foxy_ws/src/omorobot_r1_mini/install/omo_r1mini_description/bin'
[2.835s] Level 1:colcon.colcon_core.environment:checking '/workspaces/foxy_ws/src/omorobot_r1_mini/install/omo_r1mini_description/lib/pkgconfig/omo_r1mini_description.pc'
[2.839s] Level 1:colcon.colcon_core.environment:checking '/workspaces/foxy_ws/src/omorobot_r1_mini/install/omo_r1mini_description/lib/python3.8/site-packages'
[2.842s] INFO:colcon.colcon_core.shell:Creating package script '/workspaces/foxy_ws/src/omorobot_r1_mini/install/omo_r1mini_description/share/omo_r1mini_description/package.ps1'
[2.843s] DEBUG:colcon.colcon_core.event_handler.log_command:Invoked command in '/workspaces/foxy_ws/src/omorobot_r1_mini/build/omo_r1mini_cartographer' returned '0': CMAKE_PREFIX_PATH=/opt/ros/foxy /usr/bin/cmake --install /workspaces/foxy_ws/src/omorobot_r1_mini/build/omo_r1mini_cartographer
[2.852s] INFO:colcon.colcon_core.shell:Creating package descriptor '/workspaces/foxy_ws/src/omorobot_r1_mini/install/omo_r1mini_description/share/omo_r1mini_description/package.dsv'
[2.859s] INFO:colcon.colcon_core.shell:Creating package script '/workspaces/foxy_ws/src/omorobot_r1_mini/install/omo_r1mini_description/share/omo_r1mini_description/package.sh'
[2.861s] DEBUG:colcon.colcon_core.event_handler.log_command:Invoked command in '/workspaces/foxy_ws/src/omorobot_r1_mini/build/omo_r1mini_description' returned '0': CMAKE_PREFIX_PATH=/opt/ros/foxy /usr/bin/cmake --install /workspaces/foxy_ws/src/omorobot_r1_mini/build/omo_r1mini_description
[2.889s] INFO:colcon.colcon_core.shell:Creating package script '/workspaces/foxy_ws/src/omorobot_r1_mini/install/omo_r1mini_description/share/omo_r1mini_description/package.bash'
[2.897s] INFO:colcon.colcon_core.shell:Creating package script '/workspaces/foxy_ws/src/omorobot_r1_mini/install/omo_r1mini_description/share/omo_r1mini_description/package.zsh'
[2.902s] Level 1:colcon.colcon_core.environment:create_file_with_runtime_dependencies(/workspaces/foxy_ws/src/omorobot_r1_mini/install/omo_r1mini_description/share/colcon-core/packages/omo_r1mini_description)
[2.925s] Level 1:colcon.colcon_core.environment:create_environment_scripts_only(omo_r1mini_navigation2)
[2.925s] DEBUG:colcon.colcon_core.event_handler.log_command:Invoked command in '/workspaces/foxy_ws/src/omorobot_r1_mini/build/ydlidar_sdk' returned '0': /usr/bin/cmake --build /workspaces/foxy_ws/src/omorobot_r1_mini/build/ydlidar_sdk -- -j8 -l8
[2.927s] Level 1:colcon.colcon_core.environment:checking '/workspaces/foxy_ws/src/omorobot_r1_mini/install/omo_r1mini_navigation2' for CMake module files
[2.990s] Level 1:colcon.colcon_core.environment:checking '/workspaces/foxy_ws/src/omorobot_r1_mini/install/omo_r1mini_navigation2' for CMake config files
[3.010s] Level 1:colcon.colcon_core.shell:create_environment_hook('omo_r1mini_navigation2', 'cmake_prefix_path')
[3.012s] INFO:colcon.colcon_core.shell:Creating environment hook '/workspaces/foxy_ws/src/omorobot_r1_mini/install/omo_r1mini_navigation2/share/omo_r1mini_navigation2/hook/cmake_prefix_path.ps1'
[3.020s] INFO:colcon.colcon_core.shell:Creating environment descriptor '/workspaces/foxy_ws/src/omorobot_r1_mini/install/omo_r1mini_navigation2/share/omo_r1mini_navigation2/hook/cmake_prefix_path.dsv'
[3.026s] INFO:colcon.colcon_core.shell:Creating environment hook '/workspaces/foxy_ws/src/omorobot_r1_mini/install/omo_r1mini_navigation2/share/omo_r1mini_navigation2/hook/cmake_prefix_path.sh'
[3.032s] Level 1:colcon.colcon_core.environment:checking '/workspaces/foxy_ws/src/omorobot_r1_mini/install/omo_r1mini_navigation2/bin'
[3.033s] Level 1:colcon.colcon_core.environment:checking '/workspaces/foxy_ws/src/omorobot_r1_mini/install/omo_r1mini_navigation2/lib/pkgconfig/omo_r1mini_navigation2.pc'
[3.034s] Level 1:colcon.colcon_core.environment:checking '/workspaces/foxy_ws/src/omorobot_r1_mini/install/omo_r1mini_navigation2/lib/python3.8/site-packages'
[3.036s] INFO:colcon.colcon_core.shell:Creating package script '/workspaces/foxy_ws/src/omorobot_r1_mini/install/omo_r1mini_navigation2/share/omo_r1mini_navigation2/package.ps1'
[3.045s] INFO:colcon.colcon_core.shell:Creating package descriptor '/workspaces/foxy_ws/src/omorobot_r1_mini/install/omo_r1mini_navigation2/share/omo_r1mini_navigation2/package.dsv'
[3.055s] INFO:colcon.colcon_core.shell:Creating package script '/workspaces/foxy_ws/src/omorobot_r1_mini/install/omo_r1mini_navigation2/share/omo_r1mini_navigation2/package.sh'
[3.060s] INFO:colcon.colcon_core.shell:Creating package script '/workspaces/foxy_ws/src/omorobot_r1_mini/install/omo_r1mini_navigation2/share/omo_r1mini_navigation2/package.bash'
[3.064s] INFO:colcon.colcon_core.shell:Creating package script '/workspaces/foxy_ws/src/omorobot_r1_mini/install/omo_r1mini_navigation2/share/omo_r1mini_navigation2/package.zsh'
[3.069s] Level 1:colcon.colcon_core.environment:create_file_with_runtime_dependencies(/workspaces/foxy_ws/src/omorobot_r1_mini/install/omo_r1mini_navigation2/share/colcon-core/packages/omo_r1mini_navigation2)
[3.077s] Level 1:colcon.colcon_core.environment:create_environment_scripts_only(omo_r1mini_gazebo)
[3.079s] Level 1:colcon.colcon_core.environment:checking '/workspaces/foxy_ws/src/omorobot_r1_mini/install/omo_r1mini_gazebo' for CMake module files
[3.106s] Level 1:colcon.colcon_core.environment:checking '/workspaces/foxy_ws/src/omorobot_r1_mini/install/omo_r1mini_gazebo' for CMake config files
[3.118s] Level 1:colcon.colcon_core.shell:create_environment_hook('omo_r1mini_gazebo', 'cmake_prefix_path')
[3.120s] INFO:colcon.colcon_core.shell:Creating environment hook '/workspaces/foxy_ws/src/omorobot_r1_mini/install/omo_r1mini_gazebo/share/omo_r1mini_gazebo/hook/cmake_prefix_path.ps1'
[3.128s] INFO:colcon.colcon_core.shell:Creating environment descriptor '/workspaces/foxy_ws/src/omorobot_r1_mini/install/omo_r1mini_gazebo/share/omo_r1mini_gazebo/hook/cmake_prefix_path.dsv'
[3.131s] INFO:colcon.colcon_core.shell:Creating environment hook '/workspaces/foxy_ws/src/omorobot_r1_mini/install/omo_r1mini_gazebo/share/omo_r1mini_gazebo/hook/cmake_prefix_path.sh'
[3.135s] Level 1:colcon.colcon_core.environment:checking '/workspaces/foxy_ws/src/omorobot_r1_mini/install/omo_r1mini_gazebo/bin'
[3.136s] Level 1:colcon.colcon_core.environment:checking '/workspaces/foxy_ws/src/omorobot_r1_mini/install/omo_r1mini_gazebo/lib/pkgconfig/omo_r1mini_gazebo.pc'
[3.137s] Level 1:colcon.colcon_core.environment:checking '/workspaces/foxy_ws/src/omorobot_r1_mini/install/omo_r1mini_gazebo/lib/python3.8/site-packages'
[3.139s] INFO:colcon.colcon_core.shell:Creating package script '/workspaces/foxy_ws/src/omorobot_r1_mini/install/omo_r1mini_gazebo/share/omo_r1mini_gazebo/package.ps1'
[3.143s] INFO:colcon.colcon_core.shell:Creating package descriptor '/workspaces/foxy_ws/src/omorobot_r1_mini/install/omo_r1mini_gazebo/share/omo_r1mini_gazebo/package.dsv'
[3.149s] INFO:colcon.colcon_core.shell:Creating package script '/workspaces/foxy_ws/src/omorobot_r1_mini/install/omo_r1mini_gazebo/share/omo_r1mini_gazebo/package.sh'
[3.153s] INFO:colcon.colcon_core.shell:Creating package script '/workspaces/foxy_ws/src/omorobot_r1_mini/install/omo_r1mini_gazebo/share/omo_r1mini_gazebo/package.bash'
[3.162s] INFO:colcon.colcon_core.shell:Creating package script '/workspaces/foxy_ws/src/omorobot_r1_mini/install/omo_r1mini_gazebo/share/omo_r1mini_gazebo/package.zsh'
[3.167s] Level 1:colcon.colcon_core.environment:create_file_with_runtime_dependencies(/workspaces/foxy_ws/src/omorobot_r1_mini/install/omo_r1mini_gazebo/share/colcon-core/packages/omo_r1mini_gazebo)
[3.173s] Level 1:colcon.colcon_core.environment:create_environment_scripts_only(omo_r1mini_cartographer)
[3.175s] Level 1:colcon.colcon_core.environment:checking '/workspaces/foxy_ws/src/omorobot_r1_mini/install/omo_r1mini_cartographer' for CMake module files
[3.198s] Level 1:colcon.colcon_core.environment:checking '/workspaces/foxy_ws/src/omorobot_r1_mini/install/omo_r1mini_cartographer' for CMake config files
[3.208s] Level 1:colcon.colcon_core.shell:create_environment_hook('omo_r1mini_cartographer', 'cmake_prefix_path')
[3.210s] INFO:colcon.colcon_core.shell:Creating environment hook '/workspaces/foxy_ws/src/omorobot_r1_mini/install/omo_r1mini_cartographer/share/omo_r1mini_cartographer/hook/cmake_prefix_path.ps1'
[3.216s] INFO:colcon.colcon_core.shell:Creating environment descriptor '/workspaces/foxy_ws/src/omorobot_r1_mini/install/omo_r1mini_cartographer/share/omo_r1mini_cartographer/hook/cmake_prefix_path.dsv'
[3.224s] INFO:colcon.colcon_core.shell:Creating environment hook '/workspaces/foxy_ws/src/omorobot_r1_mini/install/omo_r1mini_cartographer/share/omo_r1mini_cartographer/hook/cmake_prefix_path.sh'
[3.234s] Level 1:colcon.colcon_core.environment:checking '/workspaces/foxy_ws/src/omorobot_r1_mini/install/omo_r1mini_cartographer/bin'
[3.236s] Level 1:colcon.colcon_core.environment:checking '/workspaces/foxy_ws/src/omorobot_r1_mini/install/omo_r1mini_cartographer/lib/pkgconfig/omo_r1mini_cartographer.pc'
[3.237s] Level 1:colcon.colcon_core.environment:checking '/workspaces/foxy_ws/src/omorobot_r1_mini/install/omo_r1mini_cartographer/lib/python3.8/site-packages'
[3.243s] INFO:colcon.colcon_core.shell:Creating package script '/workspaces/foxy_ws/src/omorobot_r1_mini/install/omo_r1mini_cartographer/share/omo_r1mini_cartographer/package.ps1'
[3.247s] INFO:colcon.colcon_core.shell:Creating package descriptor '/workspaces/foxy_ws/src/omorobot_r1_mini/install/omo_r1mini_cartographer/share/omo_r1mini_cartographer/package.dsv'
[3.250s] INFO:colcon.colcon_core.shell:Creating package script '/workspaces/foxy_ws/src/omorobot_r1_mini/install/omo_r1mini_cartographer/share/omo_r1mini_cartographer/package.sh'
[3.256s] INFO:colcon.colcon_core.shell:Creating package script '/workspaces/foxy_ws/src/omorobot_r1_mini/install/omo_r1mini_cartographer/share/omo_r1mini_cartographer/package.bash'
[3.260s] INFO:colcon.colcon_core.shell:Creating package script '/workspaces/foxy_ws/src/omorobot_r1_mini/install/omo_r1mini_cartographer/share/omo_r1mini_cartographer/package.zsh'
[3.264s] Level 1:colcon.colcon_core.environment:create_file_with_runtime_dependencies(/workspaces/foxy_ws/src/omorobot_r1_mini/install/omo_r1mini_cartographer/share/colcon-core/packages/omo_r1mini_cartographer)
[3.267s] Level 1:colcon.colcon_core.shell:create_environment_hook('omo_r1mini_teleop', 'pythonpath_develop')
[3.269s] INFO:colcon.colcon_core.shell:Creating environment hook '/workspaces/foxy_ws/src/omorobot_r1_mini/build/omo_r1mini_teleop/share/omo_r1mini_teleop/hook/pythonpath_develop.ps1'
[3.275s] INFO:colcon.colcon_core.shell:Creating environment descriptor '/workspaces/foxy_ws/src/omorobot_r1_mini/build/omo_r1mini_teleop/share/omo_r1mini_teleop/hook/pythonpath_develop.dsv'
[3.279s] DEBUG:colcon.colcon_core.event_handler.log_command:Invoked command in '/workspaces/foxy_ws/src/omorobot_r1_mini/build/omo_r1mini_teleop' returned '0': PYTHONPATH=/workspaces/foxy_ws/src/omorobot_r1_mini/install/omo_r1mini_teleop/lib/python3.8/site-packages:${PYTHONPATH} /usr/bin/python3 setup.py develop --prefix /workspaces/foxy_ws/src/omorobot_r1_mini/install/omo_r1mini_teleop --editable --build-directory /workspaces/foxy_ws/src/omorobot_r1_mini/build/omo_r1mini_teleop/build --no-deps install_data --install-dir /workspaces/foxy_ws/src/omorobot_r1_mini/install/omo_r1mini_teleop
[3.282s] INFO:colcon.colcon_core.shell:Creating environment hook '/workspaces/foxy_ws/src/omorobot_r1_mini/build/omo_r1mini_teleop/share/omo_r1mini_teleop/hook/pythonpath_develop.sh'
[3.288s] Level 1:colcon.colcon_core.environment:checking '/workspaces/foxy_ws/src/omorobot_r1_mini/install/omo_r1mini_teleop' for CMake module files
[3.303s] Level 1:colcon.colcon_core.environment:checking '/workspaces/foxy_ws/src/omorobot_r1_mini/install/omo_r1mini_teleop' for CMake config files
[3.307s] Level 1:colcon.colcon_core.environment:checking '/workspaces/foxy_ws/src/omorobot_r1_mini/install/omo_r1mini_teleop/lib'
[3.309s] Level 1:colcon.colcon_core.environment:checking '/workspaces/foxy_ws/src/omorobot_r1_mini/install/omo_r1mini_teleop/bin'
[3.311s] Level 1:colcon.colcon_core.environment:checking '/workspaces/foxy_ws/src/omorobot_r1_mini/install/omo_r1mini_teleop/lib/pkgconfig/omo_r1mini_teleop.pc'
[3.313s] Level 1:colcon.colcon_core.environment:checking '/workspaces/foxy_ws/src/omorobot_r1_mini/install/omo_r1mini_teleop/lib/python3.8/site-packages'
[3.314s] Level 1:colcon.colcon_core.shell:create_environment_hook('omo_r1mini_teleop', 'pythonpath')
[3.316s] INFO:colcon.colcon_core.shell:Creating environment hook '/workspaces/foxy_ws/src/omorobot_r1_mini/install/omo_r1mini_teleop/share/omo_r1mini_teleop/hook/pythonpath.ps1'
[3.320s] INFO:colcon.colcon_core.shell:Creating environment descriptor '/workspaces/foxy_ws/src/omorobot_r1_mini/install/omo_r1mini_teleop/share/omo_r1mini_teleop/hook/pythonpath.dsv'
[3.327s] INFO:colcon.colcon_core.shell:Creating environment hook '/workspaces/foxy_ws/src/omorobot_r1_mini/install/omo_r1mini_teleop/share/omo_r1mini_teleop/hook/pythonpath.sh'
[3.331s] Level 1:colcon.colcon_core.environment:create_environment_scripts_only(omo_r1mini_teleop)
[3.333s] INFO:colcon.colcon_core.shell:Creating package script '/workspaces/foxy_ws/src/omorobot_r1_mini/install/omo_r1mini_teleop/share/omo_r1mini_teleop/package.ps1'
[3.338s] INFO:colcon.colcon_core.shell:Creating package descriptor '/workspaces/foxy_ws/src/omorobot_r1_mini/install/omo_r1mini_teleop/share/omo_r1mini_teleop/package.dsv'
[3.343s] INFO:colcon.colcon_core.shell:Creating package script '/workspaces/foxy_ws/src/omorobot_r1_mini/install/omo_r1mini_teleop/share/omo_r1mini_teleop/package.sh'
[3.352s] INFO:colcon.colcon_core.shell:Creating package script '/workspaces/foxy_ws/src/omorobot_r1_mini/install/omo_r1mini_teleop/share/omo_r1mini_teleop/package.bash'
[3.360s] INFO:colcon.colcon_core.shell:Creating package script '/workspaces/foxy_ws/src/omorobot_r1_mini/install/omo_r1mini_teleop/share/omo_r1mini_teleop/package.zsh'
[3.365s] Level 1:colcon.colcon_core.environment:create_file_with_runtime_dependencies(/workspaces/foxy_ws/src/omorobot_r1_mini/install/omo_r1mini_teleop/share/colcon-core/packages/omo_r1mini_teleop)
[3.373s] Level 1:colcon.colcon_core.environment:create_environment_scripts_only(omo_r1mini_description)
[3.376s] Level 1:colcon.colcon_core.environment:checking '/workspaces/foxy_ws/src/omorobot_r1_mini/install/omo_r1mini_description' for CMake module files
[3.397s] Level 1:colcon.colcon_core.environment:checking '/workspaces/foxy_ws/src/omorobot_r1_mini/install/omo_r1mini_description' for CMake config files
[3.407s] Level 1:colcon.colcon_core.shell:create_environment_hook('omo_r1mini_description', 'cmake_prefix_path')
[3.409s] INFO:colcon.colcon_core.shell:Creating environment hook '/workspaces/foxy_ws/src/omorobot_r1_mini/install/omo_r1mini_description/share/omo_r1mini_description/hook/cmake_prefix_path.ps1'
[3.413s] INFO:colcon.colcon_core.shell:Creating environment descriptor '/workspaces/foxy_ws/src/omorobot_r1_mini/install/omo_r1mini_description/share/omo_r1mini_description/hook/cmake_prefix_path.dsv'
[3.421s] INFO:colcon.colcon_core.shell:Creating environment hook '/workspaces/foxy_ws/src/omorobot_r1_mini/install/omo_r1mini_description/share/omo_r1mini_description/hook/cmake_prefix_path.sh'
[3.425s] Level 1:colcon.colcon_core.environment:checking '/workspaces/foxy_ws/src/omorobot_r1_mini/install/omo_r1mini_description/bin'
[3.426s] Level 1:colcon.colcon_core.environment:checking '/workspaces/foxy_ws/src/omorobot_r1_mini/install/omo_r1mini_description/lib/pkgconfig/omo_r1mini_description.pc'
[3.427s] Level 1:colcon.colcon_core.environment:checking '/workspaces/foxy_ws/src/omorobot_r1_mini/install/omo_r1mini_description/lib/python3.8/site-packages'
[3.430s] INFO:colcon.colcon_core.shell:Creating package script '/workspaces/foxy_ws/src/omorobot_r1_mini/install/omo_r1mini_description/share/omo_r1mini_description/package.ps1'
[3.435s] INFO:colcon.colcon_core.shell:Creating package descriptor '/workspaces/foxy_ws/src/omorobot_r1_mini/install/omo_r1mini_description/share/omo_r1mini_description/package.dsv'
[3.440s] INFO:colcon.colcon_core.shell:Creating package script '/workspaces/foxy_ws/src/omorobot_r1_mini/install/omo_r1mini_description/share/omo_r1mini_description/package.sh'
[3.443s] INFO:colcon.colcon_core.shell:Creating package script '/workspaces/foxy_ws/src/omorobot_r1_mini/install/omo_r1mini_description/share/omo_r1mini_description/package.bash'
[3.447s] INFO:colcon.colcon_core.shell:Creating package script '/workspaces/foxy_ws/src/omorobot_r1_mini/install/omo_r1mini_description/share/omo_r1mini_description/package.zsh'
[3.452s] Level 1:colcon.colcon_core.environment:create_file_with_runtime_dependencies(/workspaces/foxy_ws/src/omorobot_r1_mini/install/omo_r1mini_description/share/colcon-core/packages/omo_r1mini_description)
[3.464s] INFO:colcon.colcon_ros.task.ament_python.build:Building ROS package in '/workspaces/foxy_ws/src/omorobot_r1_mini/src/omo_r1mini-foxy/omo_r1mini_bringup' with build type 'ament_python'
[3.469s] Level 1:colcon.colcon_core.shell:create_environment_hook('omo_r1mini_bringup', 'ament_prefix_path')
[3.472s] INFO:colcon.colcon_core.shell:Creating environment hook '/workspaces/foxy_ws/src/omorobot_r1_mini/install/omo_r1mini_bringup/share/omo_r1mini_bringup/hook/ament_prefix_path.ps1'
[3.475s] DEBUG:colcon.colcon_core.event_handler.log_command:Invoking command in '/workspaces/foxy_ws/src/omorobot_r1_mini/build/ydlidar_sdk': /usr/bin/cmake --install /workspaces/foxy_ws/src/omorobot_r1_mini/build/ydlidar_sdk
[3.477s] INFO:colcon.colcon_core.shell:Creating environment descriptor '/workspaces/foxy_ws/src/omorobot_r1_mini/install/omo_r1mini_bringup/share/omo_r1mini_bringup/hook/ament_prefix_path.dsv'
[3.486s] INFO:colcon.colcon_core.shell:Creating environment hook '/workspaces/foxy_ws/src/omorobot_r1_mini/install/omo_r1mini_bringup/share/omo_r1mini_bringup/hook/ament_prefix_path.sh'
[3.496s] INFO:colcon.colcon_core.shell:Skip shell extension 'powershell' for command environment: Not usable outside of PowerShell
[3.497s] DEBUG:colcon.colcon_core.shell:Skip shell extension 'dsv' for command environment
[3.501s] DEBUG:colcon.colcon_core.shell:Ignoring prefix path '/opt/ros/foxy'
[4.003s] INFO:colcon.colcon_core.task.python.build:Building Python package in '/workspaces/foxy_ws/src/omorobot_r1_mini/src/omo_r1mini-foxy/omo_r1mini_bringup'
[4.010s] INFO:colcon.colcon_core.shell:Skip shell extension 'powershell' for command environment: Not usable outside of PowerShell
[4.011s] DEBUG:colcon.colcon_core.shell:Skip shell extension 'dsv' for command environment
[4.016s] DEBUG:colcon.colcon_core.shell:Ignoring prefix path '/opt/ros/foxy'
[4.039s] Level 1:colcon.colcon_core.environment:create_environment_scripts_only(ydlidar_sdk)
[4.042s] Level 1:colcon.colcon_core.environment:checking '/workspaces/foxy_ws/src/omorobot_r1_mini/install/ydlidar_sdk' for CMake module files
[4.070s] Level 1:colcon.colcon_core.shell:create_environment_hook('ydlidar_sdk', 'cmake_module_path')
[4.072s] INFO:colcon.colcon_core.shell:Creating environment hook '/workspaces/foxy_ws/src/omorobot_r1_mini/install/ydlidar_sdk/share/ydlidar_sdk/hook/cmake_module_path.ps1'
[4.084s] INFO:colcon.colcon_core.shell:Creating environment descriptor '/workspaces/foxy_ws/src/omorobot_r1_mini/install/ydlidar_sdk/share/ydlidar_sdk/hook/cmake_module_path.dsv'
[4.093s] INFO:colcon.colcon_core.shell:Creating environment hook '/workspaces/foxy_ws/src/omorobot_r1_mini/install/ydlidar_sdk/share/ydlidar_sdk/hook/cmake_module_path.sh'
[4.139s] Level 1:colcon.colcon_core.environment:checking '/workspaces/foxy_ws/src/omorobot_r1_mini/install/ydlidar_sdk' for CMake config files
[4.145s] Level 1:colcon.colcon_core.shell:create_environment_hook('ydlidar_sdk', 'cmake_prefix_path')
[4.146s] INFO:colcon.colcon_core.shell:Creating environment hook '/workspaces/foxy_ws/src/omorobot_r1_mini/install/ydlidar_sdk/share/ydlidar_sdk/hook/cmake_prefix_path.ps1'
[4.150s] INFO:colcon.colcon_core.shell:Creating environment descriptor '/workspaces/foxy_ws/src/omorobot_r1_mini/install/ydlidar_sdk/share/ydlidar_sdk/hook/cmake_prefix_path.dsv'
[4.163s] INFO:colcon.colcon_core.shell:Creating environment hook '/workspaces/foxy_ws/src/omorobot_r1_mini/install/ydlidar_sdk/share/ydlidar_sdk/hook/cmake_prefix_path.sh'
[4.172s] Level 1:colcon.colcon_core.environment:checking '/workspaces/foxy_ws/src/omorobot_r1_mini/install/ydlidar_sdk/lib'
[4.174s] Level 1:colcon.colcon_core.environment:checking '/workspaces/foxy_ws/src/omorobot_r1_mini/install/ydlidar_sdk/bin'
[4.176s] Level 1:colcon.colcon_core.shell:create_environment_hook('ydlidar_sdk', 'path')
[4.179s] INFO:colcon.colcon_core.shell:Creating environment hook '/workspaces/foxy_ws/src/omorobot_r1_mini/install/ydlidar_sdk/share/ydlidar_sdk/hook/path.ps1'
[4.188s] INFO:colcon.colcon_core.shell:Creating environment descriptor '/workspaces/foxy_ws/src/omorobot_r1_mini/install/ydlidar_sdk/share/ydlidar_sdk/hook/path.dsv'
[4.196s] INFO:colcon.colcon_core.shell:Creating environment hook '/workspaces/foxy_ws/src/omorobot_r1_mini/install/ydlidar_sdk/share/ydlidar_sdk/hook/path.sh'
[4.200s] Level 1:colcon.colcon_core.environment:checking '/workspaces/foxy_ws/src/omorobot_r1_mini/install/ydlidar_sdk/lib/pkgconfig/ydlidar_sdk.pc'
[4.202s] Level 1:colcon.colcon_core.shell:create_environment_hook('ydlidar_sdk', 'pkg_config')
[4.204s] INFO:colcon.colcon_core.shell:Creating environment hook '/workspaces/foxy_ws/src/omorobot_r1_mini/install/ydlidar_sdk/share/ydlidar_sdk/hook/pkg_config.ps1'
[4.212s] INFO:colcon.colcon_core.shell:Creating environment descriptor '/workspaces/foxy_ws/src/omorobot_r1_mini/install/ydlidar_sdk/share/ydlidar_sdk/hook/pkg_config.dsv'
[4.222s] INFO:colcon.colcon_core.shell:Creating environment hook '/workspaces/foxy_ws/src/omorobot_r1_mini/install/ydlidar_sdk/share/ydlidar_sdk/hook/pkg_config.sh'
[4.229s] Level 1:colcon.colcon_core.environment:checking '/workspaces/foxy_ws/src/omorobot_r1_mini/install/ydlidar_sdk/lib/python3.8/site-packages'
[4.233s] INFO:colcon.colcon_core.shell:Creating package script '/workspaces/foxy_ws/src/omorobot_r1_mini/install/ydlidar_sdk/share/ydlidar_sdk/package.ps1'
[4.238s] INFO:colcon.colcon_core.shell:Creating package descriptor '/workspaces/foxy_ws/src/omorobot_r1_mini/install/ydlidar_sdk/share/ydlidar_sdk/package.dsv'
[4.242s] INFO:colcon.colcon_core.shell:Creating package script '/workspaces/foxy_ws/src/omorobot_r1_mini/install/ydlidar_sdk/share/ydlidar_sdk/package.sh'
[4.249s] INFO:colcon.colcon_core.shell:Creating package script '/workspaces/foxy_ws/src/omorobot_r1_mini/install/ydlidar_sdk/share/ydlidar_sdk/package.bash'
[4.250s] DEBUG:colcon.colcon_core.event_handler.log_command:Invoked command in '/workspaces/foxy_ws/src/omorobot_r1_mini/build/ydlidar_ros2_driver' returned '1': CMAKE_PREFIX_PATH=/opt/ros/foxy /usr/bin/cmake /workspaces/foxy_ws/src/omorobot_r1_mini/src/ydlidar_ros2_driver -DAMENT_CMAKE_SYMLINK_INSTALL=1 -DCMAKE_INSTALL_PREFIX=/workspaces/foxy_ws/src/omorobot_r1_mini/install/ydlidar_ros2_driver
[4.253s] DEBUG:colcon.colcon_core.event_handler.log_command:Invoked command in '/workspaces/foxy_ws/src/omorobot_r1_mini/build/ydlidar_sdk' returned '0': /usr/bin/cmake --install /workspaces/foxy_ws/src/omorobot_r1_mini/build/ydlidar_sdk
[4.253s] INFO:colcon.colcon_core.shell:Creating package script '/workspaces/foxy_ws/src/omorobot_r1_mini/install/ydlidar_sdk/share/ydlidar_sdk/package.zsh'
[4.266s] Level 1:colcon.colcon_core.environment:create_file_with_runtime_dependencies(/workspaces/foxy_ws/src/omorobot_r1_mini/install/ydlidar_sdk/share/colcon-core/packages/ydlidar_sdk)
[4.313s] Level 1:colcon.colcon_core.environment:create_environment_scripts_only(ydlidar_ros2_driver)
[4.316s] Level 1:colcon.colcon_core.environment:checking '/workspaces/foxy_ws/src/omorobot_r1_mini/install/ydlidar_ros2_driver' for CMake module files
[4.331s] DEBUG:colcon.colcon_core.event_handler.log_command:Invoking command in '/workspaces/foxy_ws/src/omorobot_r1_mini/build/omo_r1mini_bringup': AMENT_PREFIX_PATH=/workspaces/foxy_ws/src/omorobot_r1_mini/install/omo_r1mini_description:${AMENT_PREFIX_PATH} CMAKE_PREFIX_PATH=/workspaces/foxy_ws/src/omorobot_r1_mini/install/omo_r1mini_description PYTHONPATH=/workspaces/foxy_ws/src/omorobot_r1_mini/install/omo_r1mini_bringup/lib/python3.8/site-packages:${PYTHONPATH} /usr/bin/python3 setup.py develop --prefix /workspaces/foxy_ws/src/omorobot_r1_mini/install/omo_r1mini_bringup --editable --build-directory /workspaces/foxy_ws/src/omorobot_r1_mini/build/omo_r1mini_bringup/build --no-deps install_data --install-dir /workspaces/foxy_ws/src/omorobot_r1_mini/install/omo_r1mini_bringup
[4.344s] Level 1:colcon.colcon_core.environment:checking '/workspaces/foxy_ws/src/omorobot_r1_mini/install/ydlidar_ros2_driver' for CMake config files
[4.351s] Level 1:colcon.colcon_core.shell:create_environment_hook('ydlidar_ros2_driver', 'cmake_prefix_path')
[4.353s] INFO:colcon.colcon_core.shell:Creating environment hook '/workspaces/foxy_ws/src/omorobot_r1_mini/install/ydlidar_ros2_driver/share/ydlidar_ros2_driver/hook/cmake_prefix_path.ps1'
[4.361s] INFO:colcon.colcon_core.shell:Creating environment descriptor '/workspaces/foxy_ws/src/omorobot_r1_mini/install/ydlidar_ros2_driver/share/ydlidar_ros2_driver/hook/cmake_prefix_path.dsv'
[4.365s] INFO:colcon.colcon_core.shell:Creating environment hook '/workspaces/foxy_ws/src/omorobot_r1_mini/install/ydlidar_ros2_driver/share/ydlidar_ros2_driver/hook/cmake_prefix_path.sh'
[4.371s] Level 1:colcon.colcon_core.environment:checking '/workspaces/foxy_ws/src/omorobot_r1_mini/install/ydlidar_ros2_driver/lib'
[4.372s] Level 1:colcon.colcon_core.environment:checking '/workspaces/foxy_ws/src/omorobot_r1_mini/install/ydlidar_ros2_driver/bin'
[4.374s] Level 1:colcon.colcon_core.environment:checking '/workspaces/foxy_ws/src/omorobot_r1_mini/install/ydlidar_ros2_driver/lib/pkgconfig/ydlidar_ros2_driver.pc'
[4.380s] Level 1:colcon.colcon_core.environment:checking '/workspaces/foxy_ws/src/omorobot_r1_mini/install/ydlidar_ros2_driver/lib/python3.8/site-packages'
[4.382s] INFO:colcon.colcon_core.shell:Creating package script '/workspaces/foxy_ws/src/omorobot_r1_mini/install/ydlidar_ros2_driver/share/ydlidar_ros2_driver/package.ps1'
[4.389s] INFO:colcon.colcon_core.shell:Creating package descriptor '/workspaces/foxy_ws/src/omorobot_r1_mini/install/ydlidar_ros2_driver/share/ydlidar_ros2_driver/package.dsv'
[4.393s] INFO:colcon.colcon_core.shell:Creating package script '/workspaces/foxy_ws/src/omorobot_r1_mini/install/ydlidar_ros2_driver/share/ydlidar_ros2_driver/package.sh'
[4.400s] INFO:colcon.colcon_core.shell:Creating package script '/workspaces/foxy_ws/src/omorobot_r1_mini/install/ydlidar_ros2_driver/share/ydlidar_ros2_driver/package.bash'
[4.403s] INFO:colcon.colcon_core.shell:Creating package script '/workspaces/foxy_ws/src/omorobot_r1_mini/install/ydlidar_ros2_driver/share/ydlidar_ros2_driver/package.zsh'
[4.407s] Level 1:colcon.colcon_core.environment:create_file_with_runtime_dependencies(/workspaces/foxy_ws/src/omorobot_r1_mini/install/ydlidar_ros2_driver/share/colcon-core/packages/ydlidar_ros2_driver)
[5.149s] DEBUG:colcon.colcon_parallel_executor.executor.parallel:closing loop
[5.150s] DEBUG:colcon.colcon_parallel_executor.executor.parallel:loop closed
[5.151s] DEBUG:colcon.colcon_parallel_executor.executor.parallel:run_until_complete finished with '1'
[5.151s] DEBUG:colcon.colcon_core.event_reactor:joining thread
[5.169s] INFO:colcon.colcon_core.plugin_system:Skipping extension 'colcon_notification.desktop_notification.notify_send': Could not find 'notify-send'
[5.171s] INFO:colcon.colcon_core.plugin_system:Skipping extension 'colcon_notification.desktop_notification.terminal_notifier': Not used on non-Darwin systems
[5.172s] INFO:colcon.colcon_core.plugin_system:Skipping extension 'colcon_notification.desktop_notification.win32': Not used on non-Windows systems
[5.173s] INFO:colcon.colcon_notification.desktop_notification:Sending desktop notification using 'notify2'
[5.178s] DEBUG:colcon.colcon_notification.desktop_notification.notify2:Failed to initialize notify2: org.freedesktop.DBus.Error.Spawn.ExecFailed: /usr/bin/dbus-launch terminated abnormally with the following error: Autolaunch error: X11 initialization failed.

[5.179s] DEBUG:colcon.colcon_core.event_reactor:joined thread
[5.181s] INFO:colcon.colcon_core.shell:Creating prefix script '/workspaces/foxy_ws/src/omorobot_r1_mini/install/local_setup.ps1'
[5.188s] INFO:colcon.colcon_core.shell:Creating prefix util module '/workspaces/foxy_ws/src/omorobot_r1_mini/install/_local_setup_util_ps1.py'
[5.192s] INFO:colcon.colcon_core.shell:Creating prefix chain script '/workspaces/foxy_ws/src/omorobot_r1_mini/install/setup.ps1'
[5.200s] INFO:colcon.colcon_core.shell:Creating prefix script '/workspaces/foxy_ws/src/omorobot_r1_mini/install/local_setup.sh'
[5.204s] INFO:colcon.colcon_core.shell:Creating prefix util module '/workspaces/foxy_ws/src/omorobot_r1_mini/install/_local_setup_util_sh.py'
[5.208s] INFO:colcon.colcon_core.shell:Creating prefix chain script '/workspaces/foxy_ws/src/omorobot_r1_mini/install/setup.sh'
[5.217s] INFO:colcon.colcon_core.shell:Creating prefix script '/workspaces/foxy_ws/src/omorobot_r1_mini/install/local_setup.bash'
[5.220s] INFO:colcon.colcon_core.shell:Creating prefix chain script '/workspaces/foxy_ws/src/omorobot_r1_mini/install/setup.bash'
[5.226s] INFO:colcon.colcon_core.shell:Creating prefix script '/workspaces/foxy_ws/src/omorobot_r1_mini/install/local_setup.zsh'
[5.230s] INFO:colcon.colcon_core.shell:Creating prefix chain script '/workspaces/foxy_ws/src/omorobot_r1_mini/install/setup.zsh'
