[0.291s] DEBUG:colcon:Command line arguments: ['/usr/bin/colcon', 'build']
[0.292s] DEBUG:colcon:Parsed command line arguments: Namespace(ament_cmake_args=None, base_paths=['.'], build_base='build', catkin_cmake_args=None, catkin_skip_building_tests=False, cmake_args=None, cmake_clean_cache=False, cmake_clean_first=False, cmake_force_configure=False, cmake_target=None, cmake_target_skip_unavailable=False, continue_on_error=False, event_handlers=None, executor='parallel', ignore_user_meta=False, install_base='install', log_base=None, log_level=None, main=<bound method BuildVerb.main of <colcon_core.verb.build.BuildVerb object at 0x7fb5c3c1f220>>, merge_install=False, metas=['./colcon.meta'], packages_above=None, packages_above_and_dependencies=None, packages_above_depth=None, packages_end=None, packages_ignore=None, packages_ignore_regex=None, packages_select=None, packages_select_build_failed=False, packages_select_by_dep=None, packages_select_regex=None, packages_select_test_failures=False, packages_skip=None, packages_skip_build_finished=False, packages_skip_by_dep=None, packages_skip_regex=None, packages_skip_test_passed=False, packages_skip_up_to=None, packages_start=None, packages_up_to=None, packages_up_to_regex=None, parallel_workers=8, paths=None, symlink_install=False, test_result_base=None, verb_extension=<colcon_core.verb.build.BuildVerb object at 0x7fb5c3c1f220>, verb_name='build', verb_parser=<colcon_defaults.argument_parser.defaults.DefaultArgumentsDecorator object at 0x7fb5c3c1f760>)
[0.305s] Level 1:colcon.colcon_core.package_discovery:discover_packages(colcon_meta) check parameters
[0.307s] Level 1:colcon.colcon_core.package_discovery:discover_packages(recursive) check parameters
[0.307s] Level 1:colcon.colcon_core.package_discovery:discover_packages(ignore) check parameters
[0.308s] Level 1:colcon.colcon_core.package_discovery:discover_packages(path) check parameters
[0.308s] Level 1:colcon.colcon_core.package_discovery:discover_packages(colcon_meta) discover
[0.309s] Level 1:colcon.colcon_core.package_discovery:discover_packages(recursive) discover
[0.309s] INFO:colcon.colcon_core.package_discovery:Crawling recursively for packages in '/workspaces/foxy_ws/src/nav2_slam_example'
[0.310s] Level 1:colcon.colcon_core.package_identification:_identify(.) by extensions ['ignore', 'ignore_ament_install']
[0.310s] Level 1:colcon.colcon_core.package_identification:_identify(.) by extension 'ignore'
[0.311s] Level 1:colcon.colcon_core.package_identification:_identify(.) by extension 'ignore_ament_install'
[0.313s] Level 1:colcon.colcon_core.package_identification:_identify(.) by extensions ['colcon_pkg']
[0.313s] Level 1:colcon.colcon_core.package_identification:_identify(.) by extension 'colcon_pkg'
[0.314s] Level 1:colcon.colcon_core.package_identification:_identify(.) by extensions ['colcon_meta']
[0.314s] Level 1:colcon.colcon_core.package_identification:_identify(.) by extension 'colcon_meta'
[0.315s] Level 1:colcon.colcon_core.package_identification:_identify(.) by extensions ['ros']
[0.315s] Level 1:colcon.colcon_core.package_identification:_identify(.) by extension 'ros'
[0.329s] Level 1:colcon.colcon_core.package_identification:_identify(.) by extensions ['cmake', 'python']
[0.330s] Level 1:colcon.colcon_core.package_identification:_identify(.) by extension 'cmake'
[0.331s] Level 1:colcon.colcon_core.package_identification:_identify(.) by extension 'python'
[0.332s] Level 1:colcon.colcon_core.package_identification:_identify(.) by extensions ['python_setup_py']
[0.332s] Level 1:colcon.colcon_core.package_identification:_identify(.) by extension 'python_setup_py'
[0.334s] Level 1:colcon.colcon_core.package_identification:_identify(build) by extensions ['ignore', 'ignore_ament_install']
[0.334s] Level 1:colcon.colcon_core.package_identification:_identify(build) by extension 'ignore'
[0.335s] Level 1:colcon.colcon_core.package_identification:_identify(build) ignored
[0.335s] Level 1:colcon.colcon_core.package_identification:_identify(install) by extensions ['ignore', 'ignore_ament_install']
[0.336s] Level 1:colcon.colcon_core.package_identification:_identify(install) by extension 'ignore'
[0.337s] Level 1:colcon.colcon_core.package_identification:_identify(install) ignored
[0.339s] Level 1:colcon.colcon_core.package_identification:_identify(log) by extensions ['ignore', 'ignore_ament_install']
[0.339s] Level 1:colcon.colcon_core.package_identification:_identify(log) by extension 'ignore'
[0.339s] Level 1:colcon.colcon_core.package_identification:_identify(log) ignored
[0.342s] Level 1:colcon.colcon_core.package_identification:_identify(src) by extensions ['ignore', 'ignore_ament_install']
[0.343s] Level 1:colcon.colcon_core.package_identification:_identify(src) by extension 'ignore'
[0.345s] Level 1:colcon.colcon_core.package_identification:_identify(src) by extension 'ignore_ament_install'
[0.346s] Level 1:colcon.colcon_core.package_identification:_identify(src) by extensions ['colcon_pkg']
[0.346s] Level 1:colcon.colcon_core.package_identification:_identify(src) by extension 'colcon_pkg'
[0.347s] Level 1:colcon.colcon_core.package_identification:_identify(src) by extensions ['colcon_meta']
[0.348s] Level 1:colcon.colcon_core.package_identification:_identify(src) by extension 'colcon_meta'
[0.348s] Level 1:colcon.colcon_core.package_identification:_identify(src) by extensions ['ros']
[0.349s] Level 1:colcon.colcon_core.package_identification:_identify(src) by extension 'ros'
[0.351s] Level 1:colcon.colcon_core.package_identification:_identify(src) by extensions ['cmake', 'python']
[0.351s] Level 1:colcon.colcon_core.package_identification:_identify(src) by extension 'cmake'
[0.352s] Level 1:colcon.colcon_core.package_identification:_identify(src) by extension 'python'
[0.354s] Level 1:colcon.colcon_core.package_identification:_identify(src) by extensions ['python_setup_py']
[0.354s] Level 1:colcon.colcon_core.package_identification:_identify(src) by extension 'python_setup_py'
[0.355s] Level 1:colcon.colcon_core.package_identification:_identify(src/ROS-TCP-Endpoint) by extensions ['ignore', 'ignore_ament_install']
[0.356s] Level 1:colcon.colcon_core.package_identification:_identify(src/ROS-TCP-Endpoint) by extension 'ignore'
[0.357s] Level 1:colcon.colcon_core.package_identification:_identify(src/ROS-TCP-Endpoint) by extension 'ignore_ament_install'
[0.358s] Level 1:colcon.colcon_core.package_identification:_identify(src/ROS-TCP-Endpoint) by extensions ['colcon_pkg']
[0.358s] Level 1:colcon.colcon_core.package_identification:_identify(src/ROS-TCP-Endpoint) by extension 'colcon_pkg'
[0.359s] Level 1:colcon.colcon_core.package_identification:_identify(src/ROS-TCP-Endpoint) by extensions ['colcon_meta']
[0.360s] Level 1:colcon.colcon_core.package_identification:_identify(src/ROS-TCP-Endpoint) by extension 'colcon_meta'
[0.361s] Level 1:colcon.colcon_core.package_identification:_identify(src/ROS-TCP-Endpoint) by extensions ['ros']
[0.361s] Level 1:colcon.colcon_core.package_identification:_identify(src/ROS-TCP-Endpoint) by extension 'ros'
[0.366s] DEBUG:colcon.colcon_core.package_identification:Package 'src/ROS-TCP-Endpoint' with type 'ros.ament_python' and name 'ros_tcp_endpoint'
[0.367s] Level 1:colcon.colcon_core.package_identification:_identify(src/unity_slam_example) by extensions ['ignore', 'ignore_ament_install']
[0.368s] Level 1:colcon.colcon_core.package_identification:_identify(src/unity_slam_example) by extension 'ignore'
[0.369s] Level 1:colcon.colcon_core.package_identification:_identify(src/unity_slam_example) by extension 'ignore_ament_install'
[0.370s] Level 1:colcon.colcon_core.package_identification:_identify(src/unity_slam_example) by extensions ['colcon_pkg']
[0.371s] Level 1:colcon.colcon_core.package_identification:_identify(src/unity_slam_example) by extension 'colcon_pkg'
[0.372s] Level 1:colcon.colcon_core.package_identification:_identify(src/unity_slam_example) by extensions ['colcon_meta']
[0.372s] Level 1:colcon.colcon_core.package_identification:_identify(src/unity_slam_example) by extension 'colcon_meta'
[0.373s] Level 1:colcon.colcon_core.package_identification:_identify(src/unity_slam_example) by extensions ['ros']
[0.374s] Level 1:colcon.colcon_core.package_identification:_identify(src/unity_slam_example) by extension 'ros'
[0.377s] DEBUG:colcon.colcon_core.package_identification:Package 'src/unity_slam_example' with type 'ros.ament_python' and name 'unity_slam_example'
[0.377s] Level 1:colcon.colcon_core.package_discovery:discover_packages(recursive) using defaults
[0.378s] Level 1:colcon.colcon_core.package_discovery:discover_packages(ignore) discover
[0.378s] Level 1:colcon.colcon_core.package_discovery:discover_packages(ignore) using defaults
[0.379s] Level 1:colcon.colcon_core.package_discovery:discover_packages(path) discover
[0.379s] Level 1:colcon.colcon_core.package_discovery:discover_packages(path) using defaults
[0.399s] Level 5:colcon.colcon_core.verb:set package 'ros_tcp_endpoint' build argument 'cmake_args' from command line to 'None'
[0.400s] Level 5:colcon.colcon_core.verb:set package 'ros_tcp_endpoint' build argument 'cmake_target' from command line to 'None'
[0.401s] Level 5:colcon.colcon_core.verb:set package 'ros_tcp_endpoint' build argument 'cmake_target_skip_unavailable' from command line to 'False'
[0.402s] Level 5:colcon.colcon_core.verb:set package 'ros_tcp_endpoint' build argument 'cmake_clean_cache' from command line to 'False'
[0.402s] Level 5:colcon.colcon_core.verb:set package 'ros_tcp_endpoint' build argument 'cmake_clean_first' from command line to 'False'
[0.403s] Level 5:colcon.colcon_core.verb:set package 'ros_tcp_endpoint' build argument 'cmake_force_configure' from command line to 'False'
[0.403s] Level 5:colcon.colcon_core.verb:set package 'ros_tcp_endpoint' build argument 'ament_cmake_args' from command line to 'None'
[0.404s] Level 5:colcon.colcon_core.verb:set package 'ros_tcp_endpoint' build argument 'catkin_cmake_args' from command line to 'None'
[0.404s] Level 5:colcon.colcon_core.verb:set package 'ros_tcp_endpoint' build argument 'catkin_skip_building_tests' from command line to 'False'
[0.405s] DEBUG:colcon.colcon_core.verb:Building package 'ros_tcp_endpoint' with the following arguments: {'ament_cmake_args': None, 'build_base': '/workspaces/foxy_ws/src/nav2_slam_example/build/ros_tcp_endpoint', 'catkin_cmake_args': None, 'catkin_skip_building_tests': False, 'cmake_args': None, 'cmake_clean_cache': False, 'cmake_clean_first': False, 'cmake_force_configure': False, 'cmake_target': None, 'cmake_target_skip_unavailable': False, 'install_base': '/workspaces/foxy_ws/src/nav2_slam_example/install/ros_tcp_endpoint', 'merge_install': False, 'path': '/workspaces/foxy_ws/src/nav2_slam_example/src/ROS-TCP-Endpoint', 'symlink_install': False, 'test_result_base': None}
[0.408s] Level 5:colcon.colcon_core.verb:set package 'unity_slam_example' build argument 'cmake_args' from command line to 'None'
[0.408s] Level 5:colcon.colcon_core.verb:set package 'unity_slam_example' build argument 'cmake_target' from command line to 'None'
[0.409s] Level 5:colcon.colcon_core.verb:set package 'unity_slam_example' build argument 'cmake_target_skip_unavailable' from command line to 'False'
[0.409s] Level 5:colcon.colcon_core.verb:set package 'unity_slam_example' build argument 'cmake_clean_cache' from command line to 'False'
[0.410s] Level 5:colcon.colcon_core.verb:set package 'unity_slam_example' build argument 'cmake_clean_first' from command line to 'False'
[0.410s] Level 5:colcon.colcon_core.verb:set package 'unity_slam_example' build argument 'cmake_force_configure' from command line to 'False'
[0.411s] Level 5:colcon.colcon_core.verb:set package 'unity_slam_example' build argument 'ament_cmake_args' from command line to 'None'
[0.411s] Level 5:colcon.colcon_core.verb:set package 'unity_slam_example' build argument 'catkin_cmake_args' from command line to 'None'
[0.412s] Level 5:colcon.colcon_core.verb:set package 'unity_slam_example' build argument 'catkin_skip_building_tests' from command line to 'False'
[0.412s] DEBUG:colcon.colcon_core.verb:Building package 'unity_slam_example' with the following arguments: {'ament_cmake_args': None, 'build_base': '/workspaces/foxy_ws/src/nav2_slam_example/build/unity_slam_example', 'catkin_cmake_args': None, 'catkin_skip_building_tests': False, 'cmake_args': None, 'cmake_clean_cache': False, 'cmake_clean_first': False, 'cmake_force_configure': False, 'cmake_target': None, 'cmake_target_skip_unavailable': False, 'install_base': '/workspaces/foxy_ws/src/nav2_slam_example/install/unity_slam_example', 'merge_install': False, 'path': '/workspaces/foxy_ws/src/nav2_slam_example/src/unity_slam_example', 'symlink_install': False, 'test_result_base': None}
[0.413s] INFO:colcon.colcon_core.executor:Executing jobs using 'parallel' executor
[0.416s] DEBUG:colcon.colcon_parallel_executor.executor.parallel:run_until_complete
[0.420s] INFO:colcon.colcon_ros.task.ament_python.build:Building ROS package in '/workspaces/foxy_ws/src/nav2_slam_example/src/ROS-TCP-Endpoint' with build type 'ament_python'
[0.422s] Level 1:colcon.colcon_core.shell:create_environment_hook('ros_tcp_endpoint', 'ament_prefix_path')
[0.428s] INFO:colcon.colcon_core.plugin_system:Skipping extension 'colcon_core.shell.bat': Not used on non-Windows systems
[0.429s] INFO:colcon.colcon_core.shell:Creating environment hook '/workspaces/foxy_ws/src/nav2_slam_example/install/ros_tcp_endpoint/share/ros_tcp_endpoint/hook/ament_prefix_path.ps1'
[0.434s] INFO:colcon.colcon_core.shell:Creating environment descriptor '/workspaces/foxy_ws/src/nav2_slam_example/install/ros_tcp_endpoint/share/ros_tcp_endpoint/hook/ament_prefix_path.dsv'
[0.437s] INFO:colcon.colcon_core.shell:Creating environment hook '/workspaces/foxy_ws/src/nav2_slam_example/install/ros_tcp_endpoint/share/ros_tcp_endpoint/hook/ament_prefix_path.sh'
[0.442s] INFO:colcon.colcon_core.shell:Skip shell extension 'powershell' for command environment: Not usable outside of PowerShell
[0.443s] DEBUG:colcon.colcon_core.shell:Skip shell extension 'dsv' for command environment
[0.446s] DEBUG:colcon.colcon_core.shell:Ignoring prefix path '/opt/ros/foxy'
[0.451s] INFO:colcon.colcon_ros.task.ament_python.build:Building ROS package in '/workspaces/foxy_ws/src/nav2_slam_example/src/unity_slam_example' with build type 'ament_python'
[0.452s] Level 1:colcon.colcon_core.shell:create_environment_hook('unity_slam_example', 'ament_prefix_path')
[0.457s] INFO:colcon.colcon_core.shell:Creating environment hook '/workspaces/foxy_ws/src/nav2_slam_example/install/unity_slam_example/share/unity_slam_example/hook/ament_prefix_path.ps1'
[0.461s] INFO:colcon.colcon_core.shell:Creating environment descriptor '/workspaces/foxy_ws/src/nav2_slam_example/install/unity_slam_example/share/unity_slam_example/hook/ament_prefix_path.dsv'
[0.465s] INFO:colcon.colcon_core.shell:Creating environment hook '/workspaces/foxy_ws/src/nav2_slam_example/install/unity_slam_example/share/unity_slam_example/hook/ament_prefix_path.sh'
[0.469s] INFO:colcon.colcon_core.shell:Skip shell extension 'powershell' for command environment: Not usable outside of PowerShell
[0.469s] DEBUG:colcon.colcon_core.shell:Skip shell extension 'dsv' for command environment
[0.472s] DEBUG:colcon.colcon_core.shell:Ignoring prefix path '/opt/ros/foxy'
[0.730s] INFO:colcon.colcon_core.task.python.build:Building Python package in '/workspaces/foxy_ws/src/nav2_slam_example/src/ROS-TCP-Endpoint'
[0.732s] INFO:colcon.colcon_core.shell:Skip shell extension 'powershell' for command environment: Not usable outside of PowerShell
[0.732s] DEBUG:colcon.colcon_core.shell:Skip shell extension 'dsv' for command environment
[0.734s] DEBUG:colcon.colcon_core.shell:Ignoring prefix path '/opt/ros/foxy'
[0.986s] INFO:colcon.colcon_core.task.python.build:Building Python package in '/workspaces/foxy_ws/src/nav2_slam_example/src/unity_slam_example'
[0.988s] INFO:colcon.colcon_core.shell:Skip shell extension 'powershell' for command environment: Not usable outside of PowerShell
[0.989s] DEBUG:colcon.colcon_core.shell:Skip shell extension 'dsv' for command environment
[0.991s] DEBUG:colcon.colcon_core.shell:Ignoring prefix path '/opt/ros/foxy'
[1.025s] DEBUG:colcon.colcon_core.event_handler.log_command:Invoking command in '/workspaces/foxy_ws/src/nav2_slam_example/build/ros_tcp_endpoint': PYTHONPATH=/workspaces/foxy_ws/src/nav2_slam_example/install/ros_tcp_endpoint/lib/python3.8/site-packages:${PYTHONPATH} /usr/bin/python3 setup.py develop --prefix /workspaces/foxy_ws/src/nav2_slam_example/install/ros_tcp_endpoint --uninstall --editable --build-directory /workspaces/foxy_ws/src/nav2_slam_example/build/ros_tcp_endpoint/build
[1.047s] DEBUG:colcon.colcon_core.event_handler.log_command:Invoking command in '/workspaces/foxy_ws/src/nav2_slam_example/build/unity_slam_example': PYTHONPATH=/workspaces/foxy_ws/src/nav2_slam_example/install/unity_slam_example/lib/python3.8/site-packages:${PYTHONPATH} /usr/bin/python3 setup.py develop --prefix /workspaces/foxy_ws/src/nav2_slam_example/install/unity_slam_example --uninstall --editable --build-directory /workspaces/foxy_ws/src/nav2_slam_example/build/unity_slam_example/build
[1.484s] DEBUG:colcon.colcon_core.event_handler.log_command:Invoked command in '/workspaces/foxy_ws/src/nav2_slam_example/build/ros_tcp_endpoint' returned '0': PYTHONPATH=/workspaces/foxy_ws/src/nav2_slam_example/install/ros_tcp_endpoint/lib/python3.8/site-packages:${PYTHONPATH} /usr/bin/python3 setup.py develop --prefix /workspaces/foxy_ws/src/nav2_slam_example/install/ros_tcp_endpoint --uninstall --editable --build-directory /workspaces/foxy_ws/src/nav2_slam_example/build/ros_tcp_endpoint/build
[1.490s] DEBUG:colcon.colcon_core.event_handler.log_command:Invoking command in '/workspaces/foxy_ws/src/nav2_slam_example/src/ROS-TCP-Endpoint': PYTHONPATH=/workspaces/foxy_ws/src/nav2_slam_example/install/ros_tcp_endpoint/lib/python3.8/site-packages:${PYTHONPATH} /usr/bin/python3 setup.py egg_info --egg-base ../../build/ros_tcp_endpoint build --build-base /workspaces/foxy_ws/src/nav2_slam_example/build/ros_tcp_endpoint/build install --prefix /workspaces/foxy_ws/src/nav2_slam_example/install/ros_tcp_endpoint --record /workspaces/foxy_ws/src/nav2_slam_example/build/ros_tcp_endpoint/install.log --single-version-externally-managed
[1.492s] DEBUG:colcon.colcon_core.event_handler.log_command:Invoked command in '/workspaces/foxy_ws/src/nav2_slam_example/build/unity_slam_example' returned '0': PYTHONPATH=/workspaces/foxy_ws/src/nav2_slam_example/install/unity_slam_example/lib/python3.8/site-packages:${PYTHONPATH} /usr/bin/python3 setup.py develop --prefix /workspaces/foxy_ws/src/nav2_slam_example/install/unity_slam_example --uninstall --editable --build-directory /workspaces/foxy_ws/src/nav2_slam_example/build/unity_slam_example/build
[1.497s] DEBUG:colcon.colcon_core.event_handler.log_command:Invoking command in '/workspaces/foxy_ws/src/nav2_slam_example/src/unity_slam_example': PYTHONPATH=/workspaces/foxy_ws/src/nav2_slam_example/install/unity_slam_example/lib/python3.8/site-packages:${PYTHONPATH} /usr/bin/python3 setup.py egg_info --egg-base ../../build/unity_slam_example build --build-base /workspaces/foxy_ws/src/nav2_slam_example/build/unity_slam_example/build install --prefix /workspaces/foxy_ws/src/nav2_slam_example/install/unity_slam_example --record /workspaces/foxy_ws/src/nav2_slam_example/build/unity_slam_example/install.log --single-version-externally-managed
[1.936s] DEBUG:colcon.colcon_core.event_handler.log_command:Invoked command in '/workspaces/foxy_ws/src/nav2_slam_example/src/unity_slam_example' returned '0': PYTHONPATH=/workspaces/foxy_ws/src/nav2_slam_example/install/unity_slam_example/lib/python3.8/site-packages:${PYTHONPATH} /usr/bin/python3 setup.py egg_info --egg-base ../../build/unity_slam_example build --build-base /workspaces/foxy_ws/src/nav2_slam_example/build/unity_slam_example/build install --prefix /workspaces/foxy_ws/src/nav2_slam_example/install/unity_slam_example --record /workspaces/foxy_ws/src/nav2_slam_example/build/unity_slam_example/install.log --single-version-externally-managed
[1.940s] Level 1:colcon.colcon_core.environment:checking '/workspaces/foxy_ws/src/nav2_slam_example/install/unity_slam_example' for CMake module files
[1.964s] Level 1:colcon.colcon_core.environment:checking '/workspaces/foxy_ws/src/nav2_slam_example/install/unity_slam_example' for CMake config files
[1.969s] Level 1:colcon.colcon_core.environment:checking '/workspaces/foxy_ws/src/nav2_slam_example/install/unity_slam_example/lib'
[1.970s] Level 1:colcon.colcon_core.environment:checking '/workspaces/foxy_ws/src/nav2_slam_example/install/unity_slam_example/bin'
[1.975s] Level 1:colcon.colcon_core.environment:checking '/workspaces/foxy_ws/src/nav2_slam_example/install/unity_slam_example/lib/pkgconfig/unity_slam_example.pc'
[1.976s] Level 1:colcon.colcon_core.environment:checking '/workspaces/foxy_ws/src/nav2_slam_example/install/unity_slam_example/lib/python3.8/site-packages'
[1.977s] Level 1:colcon.colcon_core.shell:create_environment_hook('unity_slam_example', 'pythonpath')
[1.979s] INFO:colcon.colcon_core.shell:Creating environment hook '/workspaces/foxy_ws/src/nav2_slam_example/install/unity_slam_example/share/unity_slam_example/hook/pythonpath.ps1'
[1.985s] INFO:colcon.colcon_core.shell:Creating environment descriptor '/workspaces/foxy_ws/src/nav2_slam_example/install/unity_slam_example/share/unity_slam_example/hook/pythonpath.dsv'
[1.988s] INFO:colcon.colcon_core.shell:Creating environment hook '/workspaces/foxy_ws/src/nav2_slam_example/install/unity_slam_example/share/unity_slam_example/hook/pythonpath.sh'
[1.992s] Level 1:colcon.colcon_core.environment:create_environment_scripts_only(unity_slam_example)
[1.994s] INFO:colcon.colcon_core.shell:Creating package script '/workspaces/foxy_ws/src/nav2_slam_example/install/unity_slam_example/share/unity_slam_example/package.ps1'
[2.005s] INFO:colcon.colcon_core.shell:Creating package descriptor '/workspaces/foxy_ws/src/nav2_slam_example/install/unity_slam_example/share/unity_slam_example/package.dsv'
[2.013s] INFO:colcon.colcon_core.shell:Creating package script '/workspaces/foxy_ws/src/nav2_slam_example/install/unity_slam_example/share/unity_slam_example/package.sh'
[2.022s] INFO:colcon.colcon_core.shell:Creating package script '/workspaces/foxy_ws/src/nav2_slam_example/install/unity_slam_example/share/unity_slam_example/package.bash'
[2.028s] INFO:colcon.colcon_core.shell:Creating package script '/workspaces/foxy_ws/src/nav2_slam_example/install/unity_slam_example/share/unity_slam_example/package.zsh'
[2.039s] Level 1:colcon.colcon_core.environment:create_file_with_runtime_dependencies(/workspaces/foxy_ws/src/nav2_slam_example/install/unity_slam_example/share/colcon-core/packages/unity_slam_example)
[2.326s] Level 1:colcon.colcon_core.environment:checking '/workspaces/foxy_ws/src/nav2_slam_example/install/ros_tcp_endpoint' for CMake module files
[2.328s] DEBUG:colcon.colcon_core.event_handler.log_command:Invoked command in '/workspaces/foxy_ws/src/nav2_slam_example/src/ROS-TCP-Endpoint' returned '0': PYTHONPATH=/workspaces/foxy_ws/src/nav2_slam_example/install/ros_tcp_endpoint/lib/python3.8/site-packages:${PYTHONPATH} /usr/bin/python3 setup.py egg_info --egg-base ../../build/ros_tcp_endpoint build --build-base /workspaces/foxy_ws/src/nav2_slam_example/build/ros_tcp_endpoint/build install --prefix /workspaces/foxy_ws/src/nav2_slam_example/install/ros_tcp_endpoint --record /workspaces/foxy_ws/src/nav2_slam_example/build/ros_tcp_endpoint/install.log --single-version-externally-managed
[2.336s] Level 1:colcon.colcon_core.environment:checking '/workspaces/foxy_ws/src/nav2_slam_example/install/ros_tcp_endpoint' for CMake config files
[2.346s] Level 1:colcon.colcon_core.environment:checking '/workspaces/foxy_ws/src/nav2_slam_example/install/ros_tcp_endpoint/lib'
[2.347s] Level 1:colcon.colcon_core.environment:checking '/workspaces/foxy_ws/src/nav2_slam_example/install/ros_tcp_endpoint/bin'
[2.348s] Level 1:colcon.colcon_core.environment:checking '/workspaces/foxy_ws/src/nav2_slam_example/install/ros_tcp_endpoint/lib/pkgconfig/ros_tcp_endpoint.pc'
[2.349s] Level 1:colcon.colcon_core.environment:checking '/workspaces/foxy_ws/src/nav2_slam_example/install/ros_tcp_endpoint/lib/python3.8/site-packages'
[2.350s] Level 1:colcon.colcon_core.shell:create_environment_hook('ros_tcp_endpoint', 'pythonpath')
[2.351s] INFO:colcon.colcon_core.shell:Creating environment hook '/workspaces/foxy_ws/src/nav2_slam_example/install/ros_tcp_endpoint/share/ros_tcp_endpoint/hook/pythonpath.ps1'
[2.355s] INFO:colcon.colcon_core.shell:Creating environment descriptor '/workspaces/foxy_ws/src/nav2_slam_example/install/ros_tcp_endpoint/share/ros_tcp_endpoint/hook/pythonpath.dsv'
[2.358s] INFO:colcon.colcon_core.shell:Creating environment hook '/workspaces/foxy_ws/src/nav2_slam_example/install/ros_tcp_endpoint/share/ros_tcp_endpoint/hook/pythonpath.sh'
[2.364s] Level 1:colcon.colcon_core.environment:create_environment_scripts_only(ros_tcp_endpoint)
[2.365s] INFO:colcon.colcon_core.shell:Creating package script '/workspaces/foxy_ws/src/nav2_slam_example/install/ros_tcp_endpoint/share/ros_tcp_endpoint/package.ps1'
[2.369s] INFO:colcon.colcon_core.shell:Creating package descriptor '/workspaces/foxy_ws/src/nav2_slam_example/install/ros_tcp_endpoint/share/ros_tcp_endpoint/package.dsv'
[2.373s] INFO:colcon.colcon_core.shell:Creating package script '/workspaces/foxy_ws/src/nav2_slam_example/install/ros_tcp_endpoint/share/ros_tcp_endpoint/package.sh'
[2.376s] INFO:colcon.colcon_core.shell:Creating package script '/workspaces/foxy_ws/src/nav2_slam_example/install/ros_tcp_endpoint/share/ros_tcp_endpoint/package.bash'
[2.382s] INFO:colcon.colcon_core.shell:Creating package script '/workspaces/foxy_ws/src/nav2_slam_example/install/ros_tcp_endpoint/share/ros_tcp_endpoint/package.zsh'
[2.385s] Level 1:colcon.colcon_core.environment:create_file_with_runtime_dependencies(/workspaces/foxy_ws/src/nav2_slam_example/install/ros_tcp_endpoint/share/colcon-core/packages/ros_tcp_endpoint)
[2.387s] DEBUG:colcon.colcon_parallel_executor.executor.parallel:closing loop
[2.388s] DEBUG:colcon.colcon_parallel_executor.executor.parallel:loop closed
[2.389s] DEBUG:colcon.colcon_parallel_executor.executor.parallel:run_until_complete finished with '0'
[2.390s] DEBUG:colcon.colcon_core.event_reactor:joining thread
[2.399s] INFO:colcon.colcon_core.plugin_system:Skipping extension 'colcon_notification.desktop_notification.notify_send': Could not find 'notify-send'
[2.403s] INFO:colcon.colcon_core.plugin_system:Skipping extension 'colcon_notification.desktop_notification.terminal_notifier': Not used on non-Darwin systems
[2.404s] INFO:colcon.colcon_core.plugin_system:Skipping extension 'colcon_notification.desktop_notification.win32': Not used on non-Windows systems
[2.405s] INFO:colcon.colcon_notification.desktop_notification:Sending desktop notification using 'notify2'
[2.412s] DEBUG:colcon.colcon_notification.desktop_notification.notify2:Failed to initialize notify2: org.freedesktop.DBus.Error.ServiceUnknown: The name org.freedesktop.Notifications was not provided by any .service files
[2.413s] DEBUG:colcon.colcon_core.event_reactor:joined thread
[2.415s] INFO:colcon.colcon_core.shell:Creating prefix script '/workspaces/foxy_ws/src/nav2_slam_example/install/local_setup.ps1'
[2.421s] INFO:colcon.colcon_core.shell:Creating prefix util module '/workspaces/foxy_ws/src/nav2_slam_example/install/_local_setup_util_ps1.py'
[2.426s] INFO:colcon.colcon_core.shell:Creating prefix chain script '/workspaces/foxy_ws/src/nav2_slam_example/install/setup.ps1'
[2.435s] INFO:colcon.colcon_core.shell:Creating prefix script '/workspaces/foxy_ws/src/nav2_slam_example/install/local_setup.sh'
[2.439s] INFO:colcon.colcon_core.shell:Creating prefix util module '/workspaces/foxy_ws/src/nav2_slam_example/install/_local_setup_util_sh.py'
[2.442s] INFO:colcon.colcon_core.shell:Creating prefix chain script '/workspaces/foxy_ws/src/nav2_slam_example/install/setup.sh'
[2.449s] INFO:colcon.colcon_core.shell:Creating prefix script '/workspaces/foxy_ws/src/nav2_slam_example/install/local_setup.bash'
[2.454s] INFO:colcon.colcon_core.shell:Creating prefix chain script '/workspaces/foxy_ws/src/nav2_slam_example/install/setup.bash'
[2.465s] INFO:colcon.colcon_core.shell:Creating prefix script '/workspaces/foxy_ws/src/nav2_slam_example/install/local_setup.zsh'
[2.468s] INFO:colcon.colcon_core.shell:Creating prefix chain script '/workspaces/foxy_ws/src/nav2_slam_example/install/setup.zsh'
