-- Found ament_cmake: 0.9.9 (/opt/ros/foxy/share/ament_cmake/cmake)
-- Using PYTHON_EXECUTABLE: /usr/bin/python3
-- Override CMake install command with custom implementation using symlinks instead of copying resources
-- Found gazebo_ros_pkgs: 3.5.3 (/opt/ros/foxy/share/gazebo_ros_pkgs/cmake)
-- Found geometry_msgs: 2.0.4 (/opt/ros/foxy/share/geometry_msgs/cmake)
-- Using all available rosidl_typesupport_c: rosidl_typesupport_fastrtps_c;rosidl_typesupport_introspection_c
-- Found rosidl_adapter: 1.2.1 (/opt/ros/foxy/share/rosidl_adapter/cmake)
-- Using all available rosidl_typesupport_cpp: rosidl_typesupport_fastrtps_cpp;rosidl_typesupport_introspection_cpp
-- Found nav_msgs: 2.0.4 (/opt/ros/foxy/share/nav_msgs/cmake)
-- Found rclcpp: 2.4.0 (/opt/ros/foxy/share/rclcpp/cmake)
-- Found rmw_implementation_cmake: 1.0.3 (/opt/ros/foxy/share/rmw_implementation_cmake/cmake)
-- Using RMW implementation 'rmw_fastrtps_cpp' as default
-- Found sensor_msgs: 2.0.4 (/opt/ros/foxy/share/sensor_msgs/cmake)
-- Found tf2: 0.13.12 (/opt/ros/foxy/share/tf2/cmake)
-- Configuring done
-- Generating done
-- Build files have been written to: /workspaces/foxy_ws/src/omorobot_r1_mini/src/build/omo_r1mini_gazebo
-- Install configuration: ""
-- Execute custom install script
-- Symlinking: /workspaces/foxy_ws/src/omorobot_r1_mini/src/install/omo_r1mini_gazebo/share/omo_r1mini_gazebo//launch/empty_world.launch.py
-- Symlinking: /workspaces/foxy_ws/src/omorobot_r1_mini/src/install/omo_r1mini_gazebo/share/omo_r1mini_gazebo//launch/omo_r1mini.launch.py
-- Symlinking: /workspaces/foxy_ws/src/omorobot_r1_mini/src/install/omo_r1mini_gazebo/share/omo_r1mini_gazebo//launch/robot_state_publisher.launch.py
-- Symlinking: /workspaces/foxy_ws/src/omorobot_r1_mini/src/install/omo_r1mini_gazebo/share/omo_r1mini_gazebo//models/omo_r1mini/meshes/bases/body_assy.dae
-- Symlinking: /workspaces/foxy_ws/src/omorobot_r1_mini/src/install/omo_r1mini_gazebo/share/omo_r1mini_gazebo//models/omo_r1mini/meshes/bases/housing_body.dae
-- Symlinking: /workspaces/foxy_ws/src/omorobot_r1_mini/src/install/omo_r1mini_gazebo/share/omo_r1mini_gazebo//models/omo_r1mini/meshes/sensors/ydlidar_assy.dae
-- Symlinking: /workspaces/foxy_ws/src/omorobot_r1_mini/src/install/omo_r1mini_gazebo/share/omo_r1mini_gazebo//models/omo_r1mini/meshes/wheels/caster_wheel.dae
-- Symlinking: /workspaces/foxy_ws/src/omorobot_r1_mini/src/install/omo_r1mini_gazebo/share/omo_r1mini_gazebo//models/omo_r1mini/meshes/wheels/caster_wheel_mount.dae
-- Symlinking: /workspaces/foxy_ws/src/omorobot_r1_mini/src/install/omo_r1mini_gazebo/share/omo_r1mini_gazebo//models/omo_r1mini/meshes/wheels/caster_wheel_rotate.dae
-- Symlinking: /workspaces/foxy_ws/src/omorobot_r1_mini/src/install/omo_r1mini_gazebo/share/omo_r1mini_gazebo//models/omo_r1mini/meshes/wheels/wheel_assy.dae
-- Symlinking: /workspaces/foxy_ws/src/omorobot_r1_mini/src/install/omo_r1mini_gazebo/share/omo_r1mini_gazebo//models/omo_r1mini/model.config
-- Symlinking: /workspaces/foxy_ws/src/omorobot_r1_mini/src/install/omo_r1mini_gazebo/share/omo_r1mini_gazebo//models/omo_r1mini/model.sdf
-- Symlinking: /workspaces/foxy_ws/src/omorobot_r1_mini/src/install/omo_r1mini_gazebo/share/omo_r1mini_gazebo//models/turtlebot3_world/meshes/hexagon.dae
-- Symlinking: /workspaces/foxy_ws/src/omorobot_r1_mini/src/install/omo_r1mini_gazebo/share/omo_r1mini_gazebo//models/turtlebot3_world/meshes/wall.dae
-- Symlinking: /workspaces/foxy_ws/src/omorobot_r1_mini/src/install/omo_r1mini_gazebo/share/omo_r1mini_gazebo//models/turtlebot3_world/model.config
-- Symlinking: /workspaces/foxy_ws/src/omorobot_r1_mini/src/install/omo_r1mini_gazebo/share/omo_r1mini_gazebo//models/turtlebot3_world/model.sdf
-- Symlinking: /workspaces/foxy_ws/src/omorobot_r1_mini/src/install/omo_r1mini_gazebo/share/omo_r1mini_gazebo//rviz/tb3_gazebo.rviz
-- Symlinking: /workspaces/foxy_ws/src/omorobot_r1_mini/src/install/omo_r1mini_gazebo/share/omo_r1mini_gazebo//worlds/empty_worlds/omo_r1mini.model
-- Symlinking: /workspaces/foxy_ws/src/omorobot_r1_mini/src/install/omo_r1mini_gazebo/share/omo_r1mini_gazebo//worlds/turtlebot3_worlds/omo_r1mini.model
-- Symlinking: /workspaces/foxy_ws/src/omorobot_r1_mini/src/install/omo_r1mini_gazebo/share/ament_index/resource_index/package_run_dependencies/omo_r1mini_gazebo
-- Symlinking: /workspaces/foxy_ws/src/omorobot_r1_mini/src/install/omo_r1mini_gazebo/share/ament_index/resource_index/parent_prefix_path/omo_r1mini_gazebo
-- Symlinking: /workspaces/foxy_ws/src/omorobot_r1_mini/src/install/omo_r1mini_gazebo/share/omo_r1mini_gazebo/environment/ament_prefix_path.sh
-- Symlinking: /workspaces/foxy_ws/src/omorobot_r1_mini/src/install/omo_r1mini_gazebo/share/omo_r1mini_gazebo/environment/ament_prefix_path.dsv
-- Symlinking: /workspaces/foxy_ws/src/omorobot_r1_mini/src/install/omo_r1mini_gazebo/share/omo_r1mini_gazebo/environment/path.sh
-- Symlinking: /workspaces/foxy_ws/src/omorobot_r1_mini/src/install/omo_r1mini_gazebo/share/omo_r1mini_gazebo/environment/path.dsv
-- Symlinking: /workspaces/foxy_ws/src/omorobot_r1_mini/src/install/omo_r1mini_gazebo/share/omo_r1mini_gazebo/local_setup.bash
-- Symlinking: /workspaces/foxy_ws/src/omorobot_r1_mini/src/install/omo_r1mini_gazebo/share/omo_r1mini_gazebo/local_setup.sh
-- Symlinking: /workspaces/foxy_ws/src/omorobot_r1_mini/src/install/omo_r1mini_gazebo/share/omo_r1mini_gazebo/local_setup.zsh
-- Symlinking: /workspaces/foxy_ws/src/omorobot_r1_mini/src/install/omo_r1mini_gazebo/share/omo_r1mini_gazebo/local_setup.dsv
-- Symlinking: /workspaces/foxy_ws/src/omorobot_r1_mini/src/install/omo_r1mini_gazebo/share/omo_r1mini_gazebo/package.dsv
-- Symlinking: /workspaces/foxy_ws/src/omorobot_r1_mini/src/install/omo_r1mini_gazebo/share/ament_index/resource_index/packages/omo_r1mini_gazebo
-- Symlinking: /workspaces/foxy_ws/src/omorobot_r1_mini/src/install/omo_r1mini_gazebo/share/omo_r1mini_gazebo/cmake/ament_cmake_export_dependencies-extras.cmake
-- Symlinking: /workspaces/foxy_ws/src/omorobot_r1_mini/src/install/omo_r1mini_gazebo/share/omo_r1mini_gazebo/cmake/omo_r1mini_gazeboConfig.cmake
-- Symlinking: /workspaces/foxy_ws/src/omorobot_r1_mini/src/install/omo_r1mini_gazebo/share/omo_r1mini_gazebo/cmake/omo_r1mini_gazeboConfig-version.cmake
-- Symlinking: /workspaces/foxy_ws/src/omorobot_r1_mini/src/install/omo_r1mini_gazebo/share/omo_r1mini_gazebo/package.xml
