running develop
running egg_info
creating py_first_pkg.egg-info
writing py_first_pkg.egg-info/PKG-INFO
writing dependency_links to py_first_pkg.egg-info/dependency_links.txt
writing entry points to py_first_pkg.egg-info/entry_points.txt
writing requirements to py_first_pkg.egg-info/requires.txt
writing top-level names to py_first_pkg.egg-info/top_level.txt
writing manifest file 'py_first_pkg.egg-info/SOURCES.txt'
reading manifest file 'py_first_pkg.egg-info/SOURCES.txt'
writing manifest file 'py_first_pkg.egg-info/SOURCES.txt'
running build_ext
Creating /workspaces/foxy_ws/src/gcamp_ros2_ws/install/py_first_pkg/lib/python3.8/site-packages/site.py
Creating /workspaces/foxy_ws/src/gcamp_ros2_ws/install/py_first_pkg/lib/python3.8/site-packages/py-first-pkg.egg-link (link to .)
Installing hello_ros_node script to /workspaces/foxy_ws/src/gcamp_ros2_ws/install/py_first_pkg/lib/py_first_pkg

Installed /workspaces/foxy_ws/src/gcamp_ros2_ws/build/py_first_pkg
running install_data
creating /workspaces/foxy_ws/src/gcamp_ros2_ws/install/py_first_pkg/share/ament_index
creating /workspaces/foxy_ws/src/gcamp_ros2_ws/install/py_first_pkg/share/ament_index/resource_index
creating /workspaces/foxy_ws/src/gcamp_ros2_ws/install/py_first_pkg/share/ament_index/resource_index/packages
copying resource/py_first_pkg -> /workspaces/foxy_ws/src/gcamp_ros2_ws/install/py_first_pkg/share/ament_index/resource_index/packages
copying package.xml -> /workspaces/foxy_ws/src/gcamp_ros2_ws/install/py_first_pkg/share/py_first_pkg
creating /workspaces/foxy_ws/src/gcamp_ros2_ws/install/py_first_pkg/share/py_first_pkg/launch
copying launch/hello_ros.launch.py -> /workspaces/foxy_ws/src/gcamp_ros2_ws/install/py_first_pkg/share/py_first_pkg/launch
