[0.561s] Invoking command in '/workspaces/foxy_ws/src/omorobot_r1_mini/src/build/omo_r1mini_navigation2': CMAKE_PREFIX_PATH=${CMAKE_PREFIX_PATH}:/workspaces/foxy_ws/src/nav2_slam_example/src/install/unity_slam_example:/workspaces/foxy_ws/src/nav2_slam_example/src/install/ros_tcp_endpoint:/workspaces/foxy_ws/src/omorobot_r1_mini/src/install/omo_r1mini_teleop:/workspaces/foxy_ws/src/omorobot_r1_mini/src/install/omo_r1mini_bringup:/workspaces/foxy_ws/src/gcamp_ros2_ws/install/py_topic_pkg:/workspaces/foxy_ws/src/gcamp_ros2_ws/install/py_service_pkg:/workspaces/foxy_ws/src/gcamp_ros2_ws/install/py_first_pkg:/workspaces/foxy_ws/src/gcamp_ros2_ws/install/py_action_pkg:/opt/ros/foxy /usr/bin/cmake /workspaces/foxy_ws/src/omorobot_r1_mini/src/omo_r1mini-foxy/omo_r1mini_navigation2 -DCMAKE_INSTALL_PREFIX=/workspaces/foxy_ws/src/omorobot_r1_mini/src/install/omo_r1mini_navigation2
[1.276s] -- Found ament_cmake: 0.9.8 (/opt/ros/foxy/share/ament_cmake/cmake)
[1.286s] -- Using PYTHON_EXECUTABLE: /usr/bin/python3
[1.293s] -- Override CMake install command with custom implementation using symlinks instead of copying resources
[1.947s] -- Configuring done
[2.362s] -- Generating done
[2.493s] -- Build files have been written to: /workspaces/foxy_ws/src/omorobot_r1_mini/src/build/omo_r1mini_navigation2
[2.590s] Invoked command in '/workspaces/foxy_ws/src/omorobot_r1_mini/src/build/omo_r1mini_navigation2' returned '0': CMAKE_PREFIX_PATH=${CMAKE_PREFIX_PATH}:/workspaces/foxy_ws/src/nav2_slam_example/src/install/unity_slam_example:/workspaces/foxy_ws/src/nav2_slam_example/src/install/ros_tcp_endpoint:/workspaces/foxy_ws/src/omorobot_r1_mini/src/install/omo_r1mini_teleop:/workspaces/foxy_ws/src/omorobot_r1_mini/src/install/omo_r1mini_bringup:/workspaces/foxy_ws/src/gcamp_ros2_ws/install/py_topic_pkg:/workspaces/foxy_ws/src/gcamp_ros2_ws/install/py_service_pkg:/workspaces/foxy_ws/src/gcamp_ros2_ws/install/py_first_pkg:/workspaces/foxy_ws/src/gcamp_ros2_ws/install/py_action_pkg:/opt/ros/foxy /usr/bin/cmake /workspaces/foxy_ws/src/omorobot_r1_mini/src/omo_r1mini-foxy/omo_r1mini_navigation2 -DCMAKE_INSTALL_PREFIX=/workspaces/foxy_ws/src/omorobot_r1_mini/src/install/omo_r1mini_navigation2
[2.624s] Invoking command in '/workspaces/foxy_ws/src/omorobot_r1_mini/src/build/omo_r1mini_navigation2': CMAKE_PREFIX_PATH=${CMAKE_PREFIX_PATH}:/workspaces/foxy_ws/src/nav2_slam_example/src/install/unity_slam_example:/workspaces/foxy_ws/src/nav2_slam_example/src/install/ros_tcp_endpoint:/workspaces/foxy_ws/src/omorobot_r1_mini/src/install/omo_r1mini_teleop:/workspaces/foxy_ws/src/omorobot_r1_mini/src/install/omo_r1mini_bringup:/workspaces/foxy_ws/src/gcamp_ros2_ws/install/py_topic_pkg:/workspaces/foxy_ws/src/gcamp_ros2_ws/install/py_service_pkg:/workspaces/foxy_ws/src/gcamp_ros2_ws/install/py_first_pkg:/workspaces/foxy_ws/src/gcamp_ros2_ws/install/py_action_pkg:/opt/ros/foxy /usr/bin/cmake --build /workspaces/foxy_ws/src/omorobot_r1_mini/src/build/omo_r1mini_navigation2 -- -j8 -l8
[3.471s] Invoked command in '/workspaces/foxy_ws/src/omorobot_r1_mini/src/build/omo_r1mini_navigation2' returned '0': CMAKE_PREFIX_PATH=${CMAKE_PREFIX_PATH}:/workspaces/foxy_ws/src/nav2_slam_example/src/install/unity_slam_example:/workspaces/foxy_ws/src/nav2_slam_example/src/install/ros_tcp_endpoint:/workspaces/foxy_ws/src/omorobot_r1_mini/src/install/omo_r1mini_teleop:/workspaces/foxy_ws/src/omorobot_r1_mini/src/install/omo_r1mini_bringup:/workspaces/foxy_ws/src/gcamp_ros2_ws/install/py_topic_pkg:/workspaces/foxy_ws/src/gcamp_ros2_ws/install/py_service_pkg:/workspaces/foxy_ws/src/gcamp_ros2_ws/install/py_first_pkg:/workspaces/foxy_ws/src/gcamp_ros2_ws/install/py_action_pkg:/opt/ros/foxy /usr/bin/cmake --build /workspaces/foxy_ws/src/omorobot_r1_mini/src/build/omo_r1mini_navigation2 -- -j8 -l8
[4.307s] Invoking command in '/workspaces/foxy_ws/src/omorobot_r1_mini/src/build/omo_r1mini_navigation2': CMAKE_PREFIX_PATH=${CMAKE_PREFIX_PATH}:/workspaces/foxy_ws/src/nav2_slam_example/src/install/unity_slam_example:/workspaces/foxy_ws/src/nav2_slam_example/src/install/ros_tcp_endpoint:/workspaces/foxy_ws/src/omorobot_r1_mini/src/install/omo_r1mini_teleop:/workspaces/foxy_ws/src/omorobot_r1_mini/src/install/omo_r1mini_bringup:/workspaces/foxy_ws/src/gcamp_ros2_ws/install/py_topic_pkg:/workspaces/foxy_ws/src/gcamp_ros2_ws/install/py_service_pkg:/workspaces/foxy_ws/src/gcamp_ros2_ws/install/py_first_pkg:/workspaces/foxy_ws/src/gcamp_ros2_ws/install/py_action_pkg:/opt/ros/foxy /usr/bin/cmake --install /workspaces/foxy_ws/src/omorobot_r1_mini/src/build/omo_r1mini_navigation2
[4.448s] -- Install configuration: ""
[4.475s] -- Execute custom install script
[4.500s] -- Up-to-date symlink: /workspaces/foxy_ws/src/omorobot_r1_mini/src/install/omo_r1mini_navigation2/share/omo_r1mini_navigation2/launch/navigation2.launch.py
[4.524s] -- Up-to-date symlink: /workspaces/foxy_ws/src/omorobot_r1_mini/src/install/omo_r1mini_navigation2/share/omo_r1mini_navigation2/launch/navigation2_rviz.launch.py
[4.535s] -- Up-to-date symlink: /workspaces/foxy_ws/src/omorobot_r1_mini/src/install/omo_r1mini_navigation2/share/omo_r1mini_navigation2/map/turtlebot3_world.pgm
[4.550s] -- Up-to-date symlink: /workspaces/foxy_ws/src/omorobot_r1_mini/src/install/omo_r1mini_navigation2/share/omo_r1mini_navigation2/map/turtlebot3_world.yaml
[4.574s] -- Up-to-date symlink: /workspaces/foxy_ws/src/omorobot_r1_mini/src/install/omo_r1mini_navigation2/share/omo_r1mini_navigation2/param/omo_r1mini.yaml
[4.595s] -- Up-to-date symlink: /workspaces/foxy_ws/src/omorobot_r1_mini/src/install/omo_r1mini_navigation2/share/omo_r1mini_navigation2/rviz/tb3_navigation2.rviz
[4.625s] -- Up-to-date symlink: /workspaces/foxy_ws/src/omorobot_r1_mini/src/install/omo_r1mini_navigation2/share/ament_index/resource_index/package_run_dependencies/omo_r1mini_navigation2
[4.642s] -- Up-to-date symlink: /workspaces/foxy_ws/src/omorobot_r1_mini/src/install/omo_r1mini_navigation2/share/ament_index/resource_index/parent_prefix_path/omo_r1mini_navigation2
[4.677s] -- Up-to-date symlink: /workspaces/foxy_ws/src/omorobot_r1_mini/src/install/omo_r1mini_navigation2/share/omo_r1mini_navigation2/environment/ament_prefix_path.sh
[4.698s] -- Up-to-date symlink: /workspaces/foxy_ws/src/omorobot_r1_mini/src/install/omo_r1mini_navigation2/share/omo_r1mini_navigation2/environment/ament_prefix_path.dsv
[4.740s] -- Up-to-date symlink: /workspaces/foxy_ws/src/omorobot_r1_mini/src/install/omo_r1mini_navigation2/share/omo_r1mini_navigation2/environment/path.sh
[4.766s] -- Up-to-date symlink: /workspaces/foxy_ws/src/omorobot_r1_mini/src/install/omo_r1mini_navigation2/share/omo_r1mini_navigation2/environment/path.dsv
[4.784s] -- Up-to-date symlink: /workspaces/foxy_ws/src/omorobot_r1_mini/src/install/omo_r1mini_navigation2/share/omo_r1mini_navigation2/local_setup.bash
[4.803s] -- Up-to-date symlink: /workspaces/foxy_ws/src/omorobot_r1_mini/src/install/omo_r1mini_navigation2/share/omo_r1mini_navigation2/local_setup.sh
[4.830s] -- Up-to-date symlink: /workspaces/foxy_ws/src/omorobot_r1_mini/src/install/omo_r1mini_navigation2/share/omo_r1mini_navigation2/local_setup.zsh
[4.843s] -- Up-to-date symlink: /workspaces/foxy_ws/src/omorobot_r1_mini/src/install/omo_r1mini_navigation2/share/omo_r1mini_navigation2/local_setup.dsv
[4.860s] -- Symlinking: /workspaces/foxy_ws/src/omorobot_r1_mini/src/install/omo_r1mini_navigation2/share/omo_r1mini_navigation2/package.dsv
[5.060s] -- Up-to-date symlink: /workspaces/foxy_ws/src/omorobot_r1_mini/src/install/omo_r1mini_navigation2/share/ament_index/resource_index/packages/omo_r1mini_navigation2
[5.066s] -- Up-to-date symlink: /workspaces/foxy_ws/src/omorobot_r1_mini/src/install/omo_r1mini_navigation2/share/omo_r1mini_navigation2/cmake/omo_r1mini_navigation2Config.cmake
[5.088s] -- Up-to-date symlink: /workspaces/foxy_ws/src/omorobot_r1_mini/src/install/omo_r1mini_navigation2/share/omo_r1mini_navigation2/cmake/omo_r1mini_navigation2Config-version.cmake
[5.099s] -- Up-to-date symlink: /workspaces/foxy_ws/src/omorobot_r1_mini/src/install/omo_r1mini_navigation2/share/omo_r1mini_navigation2/package.xml
[5.143s] Invoked command in '/workspaces/foxy_ws/src/omorobot_r1_mini/src/build/omo_r1mini_navigation2' returned '0': CMAKE_PREFIX_PATH=${CMAKE_PREFIX_PATH}:/workspaces/foxy_ws/src/nav2_slam_example/src/install/unity_slam_example:/workspaces/foxy_ws/src/nav2_slam_example/src/install/ros_tcp_endpoint:/workspaces/foxy_ws/src/omorobot_r1_mini/src/install/omo_r1mini_teleop:/workspaces/foxy_ws/src/omorobot_r1_mini/src/install/omo_r1mini_bringup:/workspaces/foxy_ws/src/gcamp_ros2_ws/install/py_topic_pkg:/workspaces/foxy_ws/src/gcamp_ros2_ws/install/py_service_pkg:/workspaces/foxy_ws/src/gcamp_ros2_ws/install/py_first_pkg:/workspaces/foxy_ws/src/gcamp_ros2_ws/install/py_action_pkg:/opt/ros/foxy /usr/bin/cmake --install /workspaces/foxy_ws/src/omorobot_r1_mini/src/build/omo_r1mini_navigation2
