[0.520s] Invoking command in '/workspaces/foxy_ws/src/omorobot_r1_mini/src/build/omo_r1mini_description': CMAKE_PREFIX_PATH=${CMAKE_PREFIX_PATH}:/workspaces/foxy_ws/src/nav2_slam_example/src/install/unity_slam_example:/workspaces/foxy_ws/src/nav2_slam_example/src/install/ros_tcp_endpoint:/workspaces/foxy_ws/src/omorobot_r1_mini/src/install/omo_r1mini_teleop:/workspaces/foxy_ws/src/omorobot_r1_mini/src/install/omo_r1mini_bringup:/workspaces/foxy_ws/src/gcamp_ros2_ws/install/py_topic_pkg:/workspaces/foxy_ws/src/gcamp_ros2_ws/install/py_service_pkg:/workspaces/foxy_ws/src/gcamp_ros2_ws/install/py_first_pkg:/workspaces/foxy_ws/src/gcamp_ros2_ws/install/py_action_pkg:/opt/ros/foxy /usr/bin/cmake /workspaces/foxy_ws/src/omorobot_r1_mini/src/omo_r1mini-foxy/omo_r1mini_description -DCMAKE_INSTALL_PREFIX=/workspaces/foxy_ws/src/omorobot_r1_mini/src/install/omo_r1mini_description
[1.330s] -- Found ament_cmake: 0.9.8 (/opt/ros/foxy/share/ament_cmake/cmake)
[1.342s] -- Using PYTHON_EXECUTABLE: /usr/bin/python3
[1.405s] -- Override CMake install command with custom implementation using symlinks instead of copying resources
[1.547s] -- Found urdf: 2.4.0 (/opt/ros/foxy/share/urdf/cmake)
[2.438s] -- Configuring done
[2.876s] -- Generating done
[2.993s] -- Build files have been written to: /workspaces/foxy_ws/src/omorobot_r1_mini/src/build/omo_r1mini_description
[3.002s] Invoked command in '/workspaces/foxy_ws/src/omorobot_r1_mini/src/build/omo_r1mini_description' returned '0': CMAKE_PREFIX_PATH=${CMAKE_PREFIX_PATH}:/workspaces/foxy_ws/src/nav2_slam_example/src/install/unity_slam_example:/workspaces/foxy_ws/src/nav2_slam_example/src/install/ros_tcp_endpoint:/workspaces/foxy_ws/src/omorobot_r1_mini/src/install/omo_r1mini_teleop:/workspaces/foxy_ws/src/omorobot_r1_mini/src/install/omo_r1mini_bringup:/workspaces/foxy_ws/src/gcamp_ros2_ws/install/py_topic_pkg:/workspaces/foxy_ws/src/gcamp_ros2_ws/install/py_service_pkg:/workspaces/foxy_ws/src/gcamp_ros2_ws/install/py_first_pkg:/workspaces/foxy_ws/src/gcamp_ros2_ws/install/py_action_pkg:/opt/ros/foxy /usr/bin/cmake /workspaces/foxy_ws/src/omorobot_r1_mini/src/omo_r1mini-foxy/omo_r1mini_description -DCMAKE_INSTALL_PREFIX=/workspaces/foxy_ws/src/omorobot_r1_mini/src/install/omo_r1mini_description
[3.017s] Invoking command in '/workspaces/foxy_ws/src/omorobot_r1_mini/src/build/omo_r1mini_description': CMAKE_PREFIX_PATH=${CMAKE_PREFIX_PATH}:/workspaces/foxy_ws/src/nav2_slam_example/src/install/unity_slam_example:/workspaces/foxy_ws/src/nav2_slam_example/src/install/ros_tcp_endpoint:/workspaces/foxy_ws/src/omorobot_r1_mini/src/install/omo_r1mini_teleop:/workspaces/foxy_ws/src/omorobot_r1_mini/src/install/omo_r1mini_bringup:/workspaces/foxy_ws/src/gcamp_ros2_ws/install/py_topic_pkg:/workspaces/foxy_ws/src/gcamp_ros2_ws/install/py_service_pkg:/workspaces/foxy_ws/src/gcamp_ros2_ws/install/py_first_pkg:/workspaces/foxy_ws/src/gcamp_ros2_ws/install/py_action_pkg:/opt/ros/foxy /usr/bin/cmake --build /workspaces/foxy_ws/src/omorobot_r1_mini/src/build/omo_r1mini_description -- -j8 -l8
[3.810s] Invoked command in '/workspaces/foxy_ws/src/omorobot_r1_mini/src/build/omo_r1mini_description' returned '0': CMAKE_PREFIX_PATH=${CMAKE_PREFIX_PATH}:/workspaces/foxy_ws/src/nav2_slam_example/src/install/unity_slam_example:/workspaces/foxy_ws/src/nav2_slam_example/src/install/ros_tcp_endpoint:/workspaces/foxy_ws/src/omorobot_r1_mini/src/install/omo_r1mini_teleop:/workspaces/foxy_ws/src/omorobot_r1_mini/src/install/omo_r1mini_bringup:/workspaces/foxy_ws/src/gcamp_ros2_ws/install/py_topic_pkg:/workspaces/foxy_ws/src/gcamp_ros2_ws/install/py_service_pkg:/workspaces/foxy_ws/src/gcamp_ros2_ws/install/py_first_pkg:/workspaces/foxy_ws/src/gcamp_ros2_ws/install/py_action_pkg:/opt/ros/foxy /usr/bin/cmake --build /workspaces/foxy_ws/src/omorobot_r1_mini/src/build/omo_r1mini_description -- -j8 -l8
[4.493s] Invoking command in '/workspaces/foxy_ws/src/omorobot_r1_mini/src/build/omo_r1mini_description': CMAKE_PREFIX_PATH=${CMAKE_PREFIX_PATH}:/workspaces/foxy_ws/src/nav2_slam_example/src/install/unity_slam_example:/workspaces/foxy_ws/src/nav2_slam_example/src/install/ros_tcp_endpoint:/workspaces/foxy_ws/src/omorobot_r1_mini/src/install/omo_r1mini_teleop:/workspaces/foxy_ws/src/omorobot_r1_mini/src/install/omo_r1mini_bringup:/workspaces/foxy_ws/src/gcamp_ros2_ws/install/py_topic_pkg:/workspaces/foxy_ws/src/gcamp_ros2_ws/install/py_service_pkg:/workspaces/foxy_ws/src/gcamp_ros2_ws/install/py_first_pkg:/workspaces/foxy_ws/src/gcamp_ros2_ws/install/py_action_pkg:/opt/ros/foxy /usr/bin/cmake --install /workspaces/foxy_ws/src/omorobot_r1_mini/src/build/omo_r1mini_description
[4.747s] -- Install configuration: ""
[4.773s] -- Execute custom install script
[4.806s] -- Up-to-date symlink: /workspaces/foxy_ws/src/omorobot_r1_mini/src/install/omo_r1mini_description/share/omo_r1mini_description/meshes/bases/body_assy.dae
[4.812s] -- Up-to-date symlink: /workspaces/foxy_ws/src/omorobot_r1_mini/src/install/omo_r1mini_description/share/omo_r1mini_description/meshes/bases/housing_body.dae
[4.850s] -- Up-to-date symlink: /workspaces/foxy_ws/src/omorobot_r1_mini/src/install/omo_r1mini_description/share/omo_r1mini_description/meshes/sensors/ydlidar_assy.dae
[4.872s] -- Up-to-date symlink: /workspaces/foxy_ws/src/omorobot_r1_mini/src/install/omo_r1mini_description/share/omo_r1mini_description/meshes/wheels/caster_wheel.dae
[4.892s] -- Up-to-date symlink: /workspaces/foxy_ws/src/omorobot_r1_mini/src/install/omo_r1mini_description/share/omo_r1mini_description/meshes/wheels/caster_wheel_mount.dae
[4.912s] -- Up-to-date symlink: /workspaces/foxy_ws/src/omorobot_r1_mini/src/install/omo_r1mini_description/share/omo_r1mini_description/meshes/wheels/caster_wheel_rotate.dae
[4.945s] -- Up-to-date symlink: /workspaces/foxy_ws/src/omorobot_r1_mini/src/install/omo_r1mini_description/share/omo_r1mini_description/meshes/wheels/wheel_assy.dae
[4.956s] -- Up-to-date symlink: /workspaces/foxy_ws/src/omorobot_r1_mini/src/install/omo_r1mini_description/share/omo_r1mini_description/rviz/model.rviz
[4.968s] -- Up-to-date symlink: /workspaces/foxy_ws/src/omorobot_r1_mini/src/install/omo_r1mini_description/share/omo_r1mini_description/urdf/omo_r1mini.urdf
[4.972s] -- Up-to-date symlink: /workspaces/foxy_ws/src/omorobot_r1_mini/src/install/omo_r1mini_description/share/omo_r1mini_description/launch/omo_r1mini_description.launch.py
[4.976s] -- Up-to-date symlink: /workspaces/foxy_ws/src/omorobot_r1_mini/src/install/omo_r1mini_description/share/omo_r1mini_description/launch/omo_r1mini_description_rviz.launch.py
[4.983s] -- Up-to-date symlink: /workspaces/foxy_ws/src/omorobot_r1_mini/src/install/omo_r1mini_description/share/omo_r1mini_description/launch/omo_r1mini_state_publisher.launch.py
[4.987s] -- Up-to-date symlink: /workspaces/foxy_ws/src/omorobot_r1_mini/src/install/omo_r1mini_description/share/ament_index/resource_index/package_run_dependencies/omo_r1mini_description
[4.994s] -- Up-to-date symlink: /workspaces/foxy_ws/src/omorobot_r1_mini/src/install/omo_r1mini_description/share/ament_index/resource_index/parent_prefix_path/omo_r1mini_description
[4.999s] -- Up-to-date symlink: /workspaces/foxy_ws/src/omorobot_r1_mini/src/install/omo_r1mini_description/share/omo_r1mini_description/environment/ament_prefix_path.sh
[5.009s] -- Up-to-date symlink: /workspaces/foxy_ws/src/omorobot_r1_mini/src/install/omo_r1mini_description/share/omo_r1mini_description/environment/ament_prefix_path.dsv
[5.014s] -- Up-to-date symlink: /workspaces/foxy_ws/src/omorobot_r1_mini/src/install/omo_r1mini_description/share/omo_r1mini_description/environment/path.sh
[5.031s] -- Up-to-date symlink: /workspaces/foxy_ws/src/omorobot_r1_mini/src/install/omo_r1mini_description/share/omo_r1mini_description/environment/path.dsv
[5.046s] -- Up-to-date symlink: /workspaces/foxy_ws/src/omorobot_r1_mini/src/install/omo_r1mini_description/share/omo_r1mini_description/local_setup.bash
[5.057s] -- Up-to-date symlink: /workspaces/foxy_ws/src/omorobot_r1_mini/src/install/omo_r1mini_description/share/omo_r1mini_description/local_setup.sh
[5.067s] -- Up-to-date symlink: /workspaces/foxy_ws/src/omorobot_r1_mini/src/install/omo_r1mini_description/share/omo_r1mini_description/local_setup.zsh
[5.078s] -- Up-to-date symlink: /workspaces/foxy_ws/src/omorobot_r1_mini/src/install/omo_r1mini_description/share/omo_r1mini_description/local_setup.dsv
[5.100s] -- Symlinking: /workspaces/foxy_ws/src/omorobot_r1_mini/src/install/omo_r1mini_description/share/omo_r1mini_description/package.dsv
[5.198s] -- Up-to-date symlink: /workspaces/foxy_ws/src/omorobot_r1_mini/src/install/omo_r1mini_description/share/ament_index/resource_index/packages/omo_r1mini_description
[5.207s] -- Up-to-date symlink: /workspaces/foxy_ws/src/omorobot_r1_mini/src/install/omo_r1mini_description/share/omo_r1mini_description/cmake/omo_r1mini_descriptionConfig.cmake
[5.213s] -- Up-to-date symlink: /workspaces/foxy_ws/src/omorobot_r1_mini/src/install/omo_r1mini_description/share/omo_r1mini_description/cmake/omo_r1mini_descriptionConfig-version.cmake
[5.228s] -- Up-to-date symlink: /workspaces/foxy_ws/src/omorobot_r1_mini/src/install/omo_r1mini_description/share/omo_r1mini_description/package.xml
[5.358s] Invoked command in '/workspaces/foxy_ws/src/omorobot_r1_mini/src/build/omo_r1mini_description' returned '0': CMAKE_PREFIX_PATH=${CMAKE_PREFIX_PATH}:/workspaces/foxy_ws/src/nav2_slam_example/src/install/unity_slam_example:/workspaces/foxy_ws/src/nav2_slam_example/src/install/ros_tcp_endpoint:/workspaces/foxy_ws/src/omorobot_r1_mini/src/install/omo_r1mini_teleop:/workspaces/foxy_ws/src/omorobot_r1_mini/src/install/omo_r1mini_bringup:/workspaces/foxy_ws/src/gcamp_ros2_ws/install/py_topic_pkg:/workspaces/foxy_ws/src/gcamp_ros2_ws/install/py_service_pkg:/workspaces/foxy_ws/src/gcamp_ros2_ws/install/py_first_pkg:/workspaces/foxy_ws/src/gcamp_ros2_ws/install/py_action_pkg:/opt/ros/foxy /usr/bin/cmake --install /workspaces/foxy_ws/src/omorobot_r1_mini/src/build/omo_r1mini_description
