-- Found ament_cmake: 0.9.8 (/opt/ros/foxy/share/ament_cmake/cmake)
-- Using PYTHON_EXECUTABLE: /usr/bin/python3
-- Override CMake install command with custom implementation using symlinks instead of copying resources
-- Found rclcpp: 2.3.1 (/opt/ros/foxy/share/rclcpp/cmake)
-- Using all available rosidl_typesupport_c: rosidl_typesupport_fastrtps_c;rosidl_typesupport_introspection_c
-- Found rosidl_adapter: 1.2.1 (/opt/ros/foxy/share/rosidl_adapter/cmake)
-- Using all available rosidl_typesupport_cpp: rosidl_typesupport_fastrtps_cpp;rosidl_typesupport_introspection_cpp
-- Found rmw_implementation_cmake: 1.0.3 (/opt/ros/foxy/share/rmw_implementation_cmake/cmake)
-- Using RMW implementation 'rmw_fastrtps_cpp' as default
-- Found xacro: 2.0.6 (/opt/ros/foxy/share/xacro/cmake)
-- Found ament_lint_auto: 0.9.6 (/opt/ros/foxy/share/ament_lint_auto/cmake)
-- Added test 'copyright' to check source files copyright and LICENSE
-- Added test 'flake8' to check Python code syntax and style conventions
-- Added test 'lint_cmake' to check CMake code style
-- Added test 'pep257' to check Python code against some of the style conventions in PEP 257
-- Added test 'xmllint' to check XML markup files
-- Configuring done
-- Generating done
-- Build files have been written to: /workspaces/foxy_ws/src/gcamp_ros2_ws/build/gcamp_gazebo
Built target media_files
-- Install configuration: ""
-- Execute custom install script
-- Up-to-date symlink: /workspaces/foxy_ws/src/gcamp_ros2_ws/install/gcamp_gazebo/share/gcamp_gazebo/launch/diffbot_description.launch.py
-- Up-to-date symlink: /workspaces/foxy_ws/src/gcamp_ros2_ws/install/gcamp_gazebo/share/gcamp_gazebo/launch/empty_world.launch.py
-- Up-to-date symlink: /workspaces/foxy_ws/src/gcamp_ros2_ws/install/gcamp_gazebo/share/gcamp_gazebo/launch/first_launch.launch.py
-- Up-to-date symlink: /workspaces/foxy_ws/src/gcamp_ros2_ws/install/gcamp_gazebo/share/gcamp_gazebo/launch/gcamp_world.launch.py
-- Up-to-date symlink: /workspaces/foxy_ws/src/gcamp_ros2_ws/install/gcamp_gazebo/share/gcamp_gazebo/launch/gcamp_world_windows.launch.py
-- Up-to-date symlink: /workspaces/foxy_ws/src/gcamp_ros2_ws/install/gcamp_gazebo/share/gcamp_gazebo/launch/maze_world.launch.py
-- Up-to-date symlink: /workspaces/foxy_ws/src/gcamp_ros2_ws/install/gcamp_gazebo/share/gcamp_gazebo/launch/second_launch.launch.py
-- Up-to-date symlink: /workspaces/foxy_ws/src/gcamp_ros2_ws/install/gcamp_gazebo/share/gcamp_gazebo/launch/skid_robot_world.launch.py
-- Up-to-date symlink: /workspaces/foxy_ws/src/gcamp_ros2_ws/install/gcamp_gazebo/share/gcamp_gazebo/launch/skidbot_description.launch.py
-- Up-to-date symlink: /workspaces/foxy_ws/src/gcamp_ros2_ws/install/gcamp_gazebo/share/gcamp_gazebo/launch/spawn_entity.launch.py
-- Up-to-date symlink: /workspaces/foxy_ws/src/gcamp_ros2_ws/install/gcamp_gazebo/share/gcamp_gazebo/launch/tinybot_description.launch.py
-- Up-to-date symlink: /workspaces/foxy_ws/src/gcamp_ros2_ws/install/gcamp_gazebo/share/gcamp_gazebo/worlds/bocbot_office.world
-- Up-to-date symlink: /workspaces/foxy_ws/src/gcamp_ros2_ws/install/gcamp_gazebo/share/gcamp_gazebo/worlds/gcamp_world.world
-- Up-to-date symlink: /workspaces/foxy_ws/src/gcamp_ros2_ws/install/gcamp_gazebo/share/gcamp_gazebo/worlds/maze_world.world
-- Up-to-date symlink: /workspaces/foxy_ws/src/gcamp_ros2_ws/install/gcamp_gazebo/share/gcamp_gazebo/urdf/diffbot.gazebo
-- Up-to-date symlink: /workspaces/foxy_ws/src/gcamp_ros2_ws/install/gcamp_gazebo/share/gcamp_gazebo/urdf/diffbot.urdf
-- Up-to-date symlink: /workspaces/foxy_ws/src/gcamp_ros2_ws/install/gcamp_gazebo/share/gcamp_gazebo/urdf/diffbot.urdf.xacro
-- Up-to-date symlink: /workspaces/foxy_ws/src/gcamp_ros2_ws/install/gcamp_gazebo/share/gcamp_gazebo/urdf/sambot.urdf
-- Up-to-date symlink: /workspaces/foxy_ws/src/gcamp_ros2_ws/install/gcamp_gazebo/share/gcamp_gazebo/urdf/skidbot.gazebo
-- Up-to-date symlink: /workspaces/foxy_ws/src/gcamp_ros2_ws/install/gcamp_gazebo/share/gcamp_gazebo/urdf/skidbot.urdf
-- Up-to-date symlink: /workspaces/foxy_ws/src/gcamp_ros2_ws/install/gcamp_gazebo/share/gcamp_gazebo/urdf/skidbot.urdf.xacro
-- Up-to-date symlink: /workspaces/foxy_ws/src/gcamp_ros2_ws/install/gcamp_gazebo/share/gcamp_gazebo/urdf/skidbot2.gazebo
-- Up-to-date symlink: /workspaces/foxy_ws/src/gcamp_ros2_ws/install/gcamp_gazebo/share/gcamp_gazebo/urdf/skidbot2.urdf
-- Up-to-date symlink: /workspaces/foxy_ws/src/gcamp_ros2_ws/install/gcamp_gazebo/share/gcamp_gazebo/urdf/skidbot2.urdf.xacro
-- Up-to-date symlink: /workspaces/foxy_ws/src/gcamp_ros2_ws/install/gcamp_gazebo/share/gcamp_gazebo/urdf/tinybot_diff.gazebo
-- Up-to-date symlink: /workspaces/foxy_ws/src/gcamp_ros2_ws/install/gcamp_gazebo/share/gcamp_gazebo/urdf/tinybot_diff.urdf
-- Up-to-date symlink: /workspaces/foxy_ws/src/gcamp_ros2_ws/install/gcamp_gazebo/share/gcamp_gazebo/urdf/tinybot_diff.urdf.xacro
-- Up-to-date symlink: /workspaces/foxy_ws/src/gcamp_ros2_ws/install/gcamp_gazebo/share/gcamp_gazebo/urdf/turtlebot.sdf
-- Up-to-date symlink: /workspaces/foxy_ws/src/gcamp_ros2_ws/install/gcamp_gazebo/share/gcamp_gazebo/rviz/description.rviz
-- Up-to-date symlink: /workspaces/foxy_ws/src/gcamp_ros2_ws/install/gcamp_gazebo/share/gcamp_gazebo/rviz/diffbot.rviz
-- Up-to-date symlink: /workspaces/foxy_ws/src/gcamp_ros2_ws/install/gcamp_gazebo/share/gcamp_gazebo/rviz/skidbot.rviz
-- Up-to-date symlink: /workspaces/foxy_ws/src/gcamp_ros2_ws/install/gcamp_gazebo/share/gcamp_gazebo/rviz/tinybot.rviz
-- Up-to-date symlink: /workspaces/foxy_ws/src/gcamp_ros2_ws/install/gcamp_gazebo/share/ament_index/resource_index/package_run_dependencies/gcamp_gazebo
-- Up-to-date symlink: /workspaces/foxy_ws/src/gcamp_ros2_ws/install/gcamp_gazebo/share/ament_index/resource_index/parent_prefix_path/gcamp_gazebo
-- Up-to-date symlink: /workspaces/foxy_ws/src/gcamp_ros2_ws/install/gcamp_gazebo/share/gcamp_gazebo/environment/ament_prefix_path.sh
-- Up-to-date symlink: /workspaces/foxy_ws/src/gcamp_ros2_ws/install/gcamp_gazebo/share/gcamp_gazebo/environment/ament_prefix_path.dsv
-- Up-to-date symlink: /workspaces/foxy_ws/src/gcamp_ros2_ws/install/gcamp_gazebo/share/gcamp_gazebo/environment/path.sh
-- Up-to-date symlink: /workspaces/foxy_ws/src/gcamp_ros2_ws/install/gcamp_gazebo/share/gcamp_gazebo/environment/path.dsv
-- Up-to-date symlink: /workspaces/foxy_ws/src/gcamp_ros2_ws/install/gcamp_gazebo/share/gcamp_gazebo/local_setup.bash
-- Up-to-date symlink: /workspaces/foxy_ws/src/gcamp_ros2_ws/install/gcamp_gazebo/share/gcamp_gazebo/local_setup.sh
-- Up-to-date symlink: /workspaces/foxy_ws/src/gcamp_ros2_ws/install/gcamp_gazebo/share/gcamp_gazebo/local_setup.zsh
-- Up-to-date symlink: /workspaces/foxy_ws/src/gcamp_ros2_ws/install/gcamp_gazebo/share/gcamp_gazebo/local_setup.dsv
-- Symlinking: /workspaces/foxy_ws/src/gcamp_ros2_ws/install/gcamp_gazebo/share/gcamp_gazebo/package.dsv
-- Up-to-date symlink: /workspaces/foxy_ws/src/gcamp_ros2_ws/install/gcamp_gazebo/share/ament_index/resource_index/packages/gcamp_gazebo
-- Up-to-date symlink: /workspaces/foxy_ws/src/gcamp_ros2_ws/install/gcamp_gazebo/share/gcamp_gazebo/cmake/gcamp_gazeboConfig.cmake
-- Up-to-date symlink: /workspaces/foxy_ws/src/gcamp_ros2_ws/install/gcamp_gazebo/share/gcamp_gazebo/cmake/gcamp_gazeboConfig-version.cmake
-- Up-to-date symlink: /workspaces/foxy_ws/src/gcamp_ros2_ws/install/gcamp_gazebo/share/gcamp_gazebo/package.xml
