[0.552s] Invoking command in '/workspaces/foxy_ws/src/gcamp_ros2_ws/build/gcamp_gazebo': CMAKE_PREFIX_PATH=${CMAKE_PREFIX_PATH}:/workspaces/foxy_ws/src/install/unity_slam_example:/workspaces/foxy_ws/src/install/ros_tcp_endpoint:/workspaces/foxy_ws/src/install/py_topic_pkg:/workspaces/foxy_ws/src/install/py_service_pkg:/workspaces/foxy_ws/src/install/py_first_pkg:/workspaces/foxy_ws/src/install/py_action_pkg:/workspaces/foxy_ws/src/install/omo_r1mini_teleop:/workspaces/foxy_ws/src/install/omo_r1mini_bringup:/opt/ros/foxy /usr/bin/cmake /workspaces/foxy_ws/src/gcamp_ros2_ws/src/gcamp_ros2_basic/gcamp_gazebo -DCMAKE_INSTALL_PREFIX=/workspaces/foxy_ws/src/gcamp_ros2_ws/install/gcamp_gazebo
[1.245s] -- Found ament_cmake: 0.9.8 (/opt/ros/foxy/share/ament_cmake/cmake)
[1.255s] -- Using PYTHON_EXECUTABLE: /usr/bin/python3
[1.275s] -- Override CMake install command with custom implementation using symlinks instead of copying resources
[1.413s] -- Found rclcpp: 2.3.1 (/opt/ros/foxy/share/rclcpp/cmake)
[1.623s] -- Using all available rosidl_typesupport_c: rosidl_typesupport_fastrtps_c;rosidl_typesupport_introspection_c
[1.630s] -- Found rosidl_adapter: 1.2.1 (/opt/ros/foxy/share/rosidl_adapter/cmake)
[3.716s] -- Using all available rosidl_typesupport_cpp: rosidl_typesupport_fastrtps_cpp;rosidl_typesupport_introspection_cpp
[3.877s] -- Found rmw_implementation_cmake: 1.0.3 (/opt/ros/foxy/share/rmw_implementation_cmake/cmake)
[4.199s] -- Using RMW implementation 'rmw_fastrtps_cpp' as default
[4.281s] -- Found xacro: 2.0.6 (/opt/ros/foxy/share/xacro/cmake)
[4.285s] -- Found ament_lint_auto: 0.9.6 (/opt/ros/foxy/share/ament_lint_auto/cmake)
[4.752s] -- Added test 'copyright' to check source files copyright and LICENSE
[4.920s] -- Added test 'flake8' to check Python code syntax and style conventions
[4.934s] -- Added test 'lint_cmake' to check CMake code style
[4.941s] -- Added test 'pep257' to check Python code against some of the style conventions in PEP 257
[4.980s] -- Added test 'xmllint' to check XML markup files
[5.080s] -- Configuring done
[5.490s] -- Generating done
[5.613s] -- Build files have been written to: /workspaces/foxy_ws/src/gcamp_ros2_ws/build/gcamp_gazebo
[5.621s] Invoked command in '/workspaces/foxy_ws/src/gcamp_ros2_ws/build/gcamp_gazebo' returned '0': CMAKE_PREFIX_PATH=${CMAKE_PREFIX_PATH}:/workspaces/foxy_ws/src/install/unity_slam_example:/workspaces/foxy_ws/src/install/ros_tcp_endpoint:/workspaces/foxy_ws/src/install/py_topic_pkg:/workspaces/foxy_ws/src/install/py_service_pkg:/workspaces/foxy_ws/src/install/py_first_pkg:/workspaces/foxy_ws/src/install/py_action_pkg:/workspaces/foxy_ws/src/install/omo_r1mini_teleop:/workspaces/foxy_ws/src/install/omo_r1mini_bringup:/opt/ros/foxy /usr/bin/cmake /workspaces/foxy_ws/src/gcamp_ros2_ws/src/gcamp_ros2_basic/gcamp_gazebo -DCMAKE_INSTALL_PREFIX=/workspaces/foxy_ws/src/gcamp_ros2_ws/install/gcamp_gazebo
[5.632s] Invoking command in '/workspaces/foxy_ws/src/gcamp_ros2_ws/build/gcamp_gazebo': CMAKE_PREFIX_PATH=${CMAKE_PREFIX_PATH}:/workspaces/foxy_ws/src/install/unity_slam_example:/workspaces/foxy_ws/src/install/ros_tcp_endpoint:/workspaces/foxy_ws/src/install/py_topic_pkg:/workspaces/foxy_ws/src/install/py_service_pkg:/workspaces/foxy_ws/src/install/py_first_pkg:/workspaces/foxy_ws/src/install/py_action_pkg:/workspaces/foxy_ws/src/install/omo_r1mini_teleop:/workspaces/foxy_ws/src/install/omo_r1mini_bringup:/opt/ros/foxy /usr/bin/cmake --build /workspaces/foxy_ws/src/gcamp_ros2_ws/build/gcamp_gazebo -- -j8 -l8
[6.668s] Built target media_files
[6.826s] Invoked command in '/workspaces/foxy_ws/src/gcamp_ros2_ws/build/gcamp_gazebo' returned '0': CMAKE_PREFIX_PATH=${CMAKE_PREFIX_PATH}:/workspaces/foxy_ws/src/install/unity_slam_example:/workspaces/foxy_ws/src/install/ros_tcp_endpoint:/workspaces/foxy_ws/src/install/py_topic_pkg:/workspaces/foxy_ws/src/install/py_service_pkg:/workspaces/foxy_ws/src/install/py_first_pkg:/workspaces/foxy_ws/src/install/py_action_pkg:/workspaces/foxy_ws/src/install/omo_r1mini_teleop:/workspaces/foxy_ws/src/install/omo_r1mini_bringup:/opt/ros/foxy /usr/bin/cmake --build /workspaces/foxy_ws/src/gcamp_ros2_ws/build/gcamp_gazebo -- -j8 -l8
[8.219s] Invoking command in '/workspaces/foxy_ws/src/gcamp_ros2_ws/build/gcamp_gazebo': CMAKE_PREFIX_PATH=${CMAKE_PREFIX_PATH}:/workspaces/foxy_ws/src/install/unity_slam_example:/workspaces/foxy_ws/src/install/ros_tcp_endpoint:/workspaces/foxy_ws/src/install/py_topic_pkg:/workspaces/foxy_ws/src/install/py_service_pkg:/workspaces/foxy_ws/src/install/py_first_pkg:/workspaces/foxy_ws/src/install/py_action_pkg:/workspaces/foxy_ws/src/install/omo_r1mini_teleop:/workspaces/foxy_ws/src/install/omo_r1mini_bringup:/opt/ros/foxy /usr/bin/cmake --install /workspaces/foxy_ws/src/gcamp_ros2_ws/build/gcamp_gazebo
[8.336s] -- Install configuration: ""
[8.350s] -- Execute custom install script
[8.365s] -- Up-to-date symlink: /workspaces/foxy_ws/src/gcamp_ros2_ws/install/gcamp_gazebo/share/gcamp_gazebo/launch/diffbot_description.launch.py
[8.372s] -- Up-to-date symlink: /workspaces/foxy_ws/src/gcamp_ros2_ws/install/gcamp_gazebo/share/gcamp_gazebo/launch/empty_world.launch.py
[8.375s] -- Up-to-date symlink: /workspaces/foxy_ws/src/gcamp_ros2_ws/install/gcamp_gazebo/share/gcamp_gazebo/launch/first_launch.launch.py
[8.378s] -- Up-to-date symlink: /workspaces/foxy_ws/src/gcamp_ros2_ws/install/gcamp_gazebo/share/gcamp_gazebo/launch/gcamp_world.launch.py
[8.391s] -- Up-to-date symlink: /workspaces/foxy_ws/src/gcamp_ros2_ws/install/gcamp_gazebo/share/gcamp_gazebo/launch/gcamp_world_windows.launch.py
[8.398s] -- Up-to-date symlink: /workspaces/foxy_ws/src/gcamp_ros2_ws/install/gcamp_gazebo/share/gcamp_gazebo/launch/maze_world.launch.py
[8.406s] -- Up-to-date symlink: /workspaces/foxy_ws/src/gcamp_ros2_ws/install/gcamp_gazebo/share/gcamp_gazebo/launch/second_launch.launch.py
[8.414s] -- Up-to-date symlink: /workspaces/foxy_ws/src/gcamp_ros2_ws/install/gcamp_gazebo/share/gcamp_gazebo/launch/skid_robot_world.launch.py
[8.424s] -- Up-to-date symlink: /workspaces/foxy_ws/src/gcamp_ros2_ws/install/gcamp_gazebo/share/gcamp_gazebo/launch/skidbot_description.launch.py
[8.435s] -- Up-to-date symlink: /workspaces/foxy_ws/src/gcamp_ros2_ws/install/gcamp_gazebo/share/gcamp_gazebo/launch/spawn_entity.launch.py
[8.439s] -- Up-to-date symlink: /workspaces/foxy_ws/src/gcamp_ros2_ws/install/gcamp_gazebo/share/gcamp_gazebo/launch/tinybot_description.launch.py
[8.448s] -- Up-to-date symlink: /workspaces/foxy_ws/src/gcamp_ros2_ws/install/gcamp_gazebo/share/gcamp_gazebo/worlds/bocbot_office.world
[8.463s] -- Up-to-date symlink: /workspaces/foxy_ws/src/gcamp_ros2_ws/install/gcamp_gazebo/share/gcamp_gazebo/worlds/gcamp_world.world
[8.471s] -- Up-to-date symlink: /workspaces/foxy_ws/src/gcamp_ros2_ws/install/gcamp_gazebo/share/gcamp_gazebo/worlds/maze_world.world
[8.480s] -- Up-to-date symlink: /workspaces/foxy_ws/src/gcamp_ros2_ws/install/gcamp_gazebo/share/gcamp_gazebo/urdf/diffbot.gazebo
[8.485s] -- Up-to-date symlink: /workspaces/foxy_ws/src/gcamp_ros2_ws/install/gcamp_gazebo/share/gcamp_gazebo/urdf/diffbot.urdf
[8.495s] -- Up-to-date symlink: /workspaces/foxy_ws/src/gcamp_ros2_ws/install/gcamp_gazebo/share/gcamp_gazebo/urdf/diffbot.urdf.xacro
[8.499s] -- Up-to-date symlink: /workspaces/foxy_ws/src/gcamp_ros2_ws/install/gcamp_gazebo/share/gcamp_gazebo/urdf/sambot.urdf
[8.511s] -- Up-to-date symlink: /workspaces/foxy_ws/src/gcamp_ros2_ws/install/gcamp_gazebo/share/gcamp_gazebo/urdf/skidbot.gazebo
[8.522s] -- Up-to-date symlink: /workspaces/foxy_ws/src/gcamp_ros2_ws/install/gcamp_gazebo/share/gcamp_gazebo/urdf/skidbot.urdf
[8.527s] -- Up-to-date symlink: /workspaces/foxy_ws/src/gcamp_ros2_ws/install/gcamp_gazebo/share/gcamp_gazebo/urdf/skidbot.urdf.xacro
[8.537s] -- Up-to-date symlink: /workspaces/foxy_ws/src/gcamp_ros2_ws/install/gcamp_gazebo/share/gcamp_gazebo/urdf/skidbot2.gazebo
[8.544s] -- Up-to-date symlink: /workspaces/foxy_ws/src/gcamp_ros2_ws/install/gcamp_gazebo/share/gcamp_gazebo/urdf/skidbot2.urdf
[8.549s] -- Up-to-date symlink: /workspaces/foxy_ws/src/gcamp_ros2_ws/install/gcamp_gazebo/share/gcamp_gazebo/urdf/skidbot2.urdf.xacro
[8.561s] -- Up-to-date symlink: /workspaces/foxy_ws/src/gcamp_ros2_ws/install/gcamp_gazebo/share/gcamp_gazebo/urdf/tinybot_diff.gazebo
[8.569s] -- Up-to-date symlink: /workspaces/foxy_ws/src/gcamp_ros2_ws/install/gcamp_gazebo/share/gcamp_gazebo/urdf/tinybot_diff.urdf
[8.582s] -- Up-to-date symlink: /workspaces/foxy_ws/src/gcamp_ros2_ws/install/gcamp_gazebo/share/gcamp_gazebo/urdf/tinybot_diff.urdf.xacro
[8.585s] -- Up-to-date symlink: /workspaces/foxy_ws/src/gcamp_ros2_ws/install/gcamp_gazebo/share/gcamp_gazebo/urdf/turtlebot.sdf
[8.589s] -- Up-to-date symlink: /workspaces/foxy_ws/src/gcamp_ros2_ws/install/gcamp_gazebo/share/gcamp_gazebo/rviz/description.rviz
[8.598s] -- Up-to-date symlink: /workspaces/foxy_ws/src/gcamp_ros2_ws/install/gcamp_gazebo/share/gcamp_gazebo/rviz/diffbot.rviz
[8.604s] -- Up-to-date symlink: /workspaces/foxy_ws/src/gcamp_ros2_ws/install/gcamp_gazebo/share/gcamp_gazebo/rviz/skidbot.rviz
[8.608s] -- Up-to-date symlink: /workspaces/foxy_ws/src/gcamp_ros2_ws/install/gcamp_gazebo/share/gcamp_gazebo/rviz/tinybot.rviz
[8.618s] -- Up-to-date symlink: /workspaces/foxy_ws/src/gcamp_ros2_ws/install/gcamp_gazebo/share/ament_index/resource_index/package_run_dependencies/gcamp_gazebo
[8.625s] -- Up-to-date symlink: /workspaces/foxy_ws/src/gcamp_ros2_ws/install/gcamp_gazebo/share/ament_index/resource_index/parent_prefix_path/gcamp_gazebo
[8.635s] -- Up-to-date symlink: /workspaces/foxy_ws/src/gcamp_ros2_ws/install/gcamp_gazebo/share/gcamp_gazebo/environment/ament_prefix_path.sh
[8.645s] -- Up-to-date symlink: /workspaces/foxy_ws/src/gcamp_ros2_ws/install/gcamp_gazebo/share/gcamp_gazebo/environment/ament_prefix_path.dsv
[8.657s] -- Up-to-date symlink: /workspaces/foxy_ws/src/gcamp_ros2_ws/install/gcamp_gazebo/share/gcamp_gazebo/environment/path.sh
[8.665s] -- Up-to-date symlink: /workspaces/foxy_ws/src/gcamp_ros2_ws/install/gcamp_gazebo/share/gcamp_gazebo/environment/path.dsv
[8.677s] -- Up-to-date symlink: /workspaces/foxy_ws/src/gcamp_ros2_ws/install/gcamp_gazebo/share/gcamp_gazebo/local_setup.bash
[8.683s] -- Up-to-date symlink: /workspaces/foxy_ws/src/gcamp_ros2_ws/install/gcamp_gazebo/share/gcamp_gazebo/local_setup.sh
[8.688s] -- Up-to-date symlink: /workspaces/foxy_ws/src/gcamp_ros2_ws/install/gcamp_gazebo/share/gcamp_gazebo/local_setup.zsh
[8.698s] -- Up-to-date symlink: /workspaces/foxy_ws/src/gcamp_ros2_ws/install/gcamp_gazebo/share/gcamp_gazebo/local_setup.dsv
[8.706s] -- Symlinking: /workspaces/foxy_ws/src/gcamp_ros2_ws/install/gcamp_gazebo/share/gcamp_gazebo/package.dsv
[8.850s] -- Up-to-date symlink: /workspaces/foxy_ws/src/gcamp_ros2_ws/install/gcamp_gazebo/share/ament_index/resource_index/packages/gcamp_gazebo
[8.866s] -- Up-to-date symlink: /workspaces/foxy_ws/src/gcamp_ros2_ws/install/gcamp_gazebo/share/gcamp_gazebo/cmake/gcamp_gazeboConfig.cmake
[8.871s] -- Up-to-date symlink: /workspaces/foxy_ws/src/gcamp_ros2_ws/install/gcamp_gazebo/share/gcamp_gazebo/cmake/gcamp_gazeboConfig-version.cmake
[8.877s] -- Up-to-date symlink: /workspaces/foxy_ws/src/gcamp_ros2_ws/install/gcamp_gazebo/share/gcamp_gazebo/package.xml
[8.883s] Invoked command in '/workspaces/foxy_ws/src/gcamp_ros2_ws/build/gcamp_gazebo' returned '0': CMAKE_PREFIX_PATH=${CMAKE_PREFIX_PATH}:/workspaces/foxy_ws/src/install/unity_slam_example:/workspaces/foxy_ws/src/install/ros_tcp_endpoint:/workspaces/foxy_ws/src/install/py_topic_pkg:/workspaces/foxy_ws/src/install/py_service_pkg:/workspaces/foxy_ws/src/install/py_first_pkg:/workspaces/foxy_ws/src/install/py_action_pkg:/workspaces/foxy_ws/src/install/omo_r1mini_teleop:/workspaces/foxy_ws/src/install/omo_r1mini_bringup:/opt/ros/foxy /usr/bin/cmake --install /workspaces/foxy_ws/src/gcamp_ros2_ws/build/gcamp_gazebo
