[0.514s] Invoking command in '/workspaces/foxy_ws/src/gcamp_ros2_ws/build/custom_interfaces': CMAKE_PREFIX_PATH=${CMAKE_PREFIX_PATH}:/workspaces/foxy_ws/src/install/unity_slam_example:/workspaces/foxy_ws/src/install/ros_tcp_endpoint:/workspaces/foxy_ws/src/install/py_topic_pkg:/workspaces/foxy_ws/src/install/py_service_pkg:/workspaces/foxy_ws/src/install/py_first_pkg:/workspaces/foxy_ws/src/install/py_action_pkg:/workspaces/foxy_ws/src/install/omo_r1mini_teleop:/workspaces/foxy_ws/src/install/omo_r1mini_bringup:/opt/ros/foxy /usr/bin/cmake /workspaces/foxy_ws/src/gcamp_ros2_ws/src/gcamp_ros2_basic/custom_interfaces -DCMAKE_INSTALL_PREFIX=/workspaces/foxy_ws/src/gcamp_ros2_ws/install/custom_interfaces
[1.386s] -- Found ament_cmake: 0.9.8 (/opt/ros/foxy/share/ament_cmake/cmake)
[1.394s] -- Found PythonInterp: /usr/bin/python3 (found suitable version "3.8.10", minimum required is "3") 
[1.403s] -- Using PYTHON_EXECUTABLE: /usr/bin/python3
[1.414s] -- Override CMake install command with custom implementation using symlinks instead of copying resources
[1.423s] -- Found rosidl_default_generators: 1.0.1 (/opt/ros/foxy/share/rosidl_default_generators/cmake)
[1.609s] -- Using all available rosidl_typesupport_c: rosidl_typesupport_fastrtps_c;rosidl_typesupport_introspection_c
[1.616s] -- Found rosidl_adapter: 1.2.1 (/opt/ros/foxy/share/rosidl_adapter/cmake)
[3.766s] -- Using all available rosidl_typesupport_cpp: rosidl_typesupport_fastrtps_cpp;rosidl_typesupport_introspection_cpp
[4.006s] -- Found PythonInterp: /usr/bin/python3 (found version "3.8.10") 
[5.168s] -- Found ament_cmake_ros: 0.9.2 (/opt/ros/foxy/share/ament_cmake_ros/cmake)
[8.262s] -- Using all available rosidl_typesupport_c: rosidl_typesupport_fastrtps_c;rosidl_typesupport_introspection_c
[9.095s] -- Using all available rosidl_typesupport_cpp: rosidl_typesupport_fastrtps_cpp;rosidl_typesupport_introspection_cpp
[9.174s] -- Found PythonInterp: /usr/bin/python3 (found suitable version "3.8.10", minimum required is "3.5") 
[9.180s] -- Found python_cmake_module: 0.8.1 (/opt/ros/foxy/share/python_cmake_module/cmake)
[9.257s] -- Using PYTHON_EXECUTABLE: /usr/bin/python3
[9.265s] -- Using PYTHON_INCLUDE_DIRS: /usr/include/python3.8
[9.269s] -- Using PYTHON_LIBRARIES: /usr/lib/x86_64-linux-gnu/libpython3.8.so
[9.860s] -- Found ament_lint_auto: 0.9.6 (/opt/ros/foxy/share/ament_lint_auto/cmake)
[10.236s] -- Added test 'copyright' to check source files copyright and LICENSE
[10.269s] -- Added test 'lint_cmake' to check CMake code style
[10.278s] -- Added test 'xmllint' to check XML markup files
[10.452s] -- Configuring done
[12.087s] -- Generating done
[12.284s] -- Build files have been written to: /workspaces/foxy_ws/src/gcamp_ros2_ws/build/custom_interfaces
[12.291s] Invoked command in '/workspaces/foxy_ws/src/gcamp_ros2_ws/build/custom_interfaces' returned '0': CMAKE_PREFIX_PATH=${CMAKE_PREFIX_PATH}:/workspaces/foxy_ws/src/install/unity_slam_example:/workspaces/foxy_ws/src/install/ros_tcp_endpoint:/workspaces/foxy_ws/src/install/py_topic_pkg:/workspaces/foxy_ws/src/install/py_service_pkg:/workspaces/foxy_ws/src/install/py_first_pkg:/workspaces/foxy_ws/src/install/py_action_pkg:/workspaces/foxy_ws/src/install/omo_r1mini_teleop:/workspaces/foxy_ws/src/install/omo_r1mini_bringup:/opt/ros/foxy /usr/bin/cmake /workspaces/foxy_ws/src/gcamp_ros2_ws/src/gcamp_ros2_basic/custom_interfaces -DCMAKE_INSTALL_PREFIX=/workspaces/foxy_ws/src/gcamp_ros2_ws/install/custom_interfaces
[12.300s] Invoking command in '/workspaces/foxy_ws/src/gcamp_ros2_ws/build/custom_interfaces': CMAKE_PREFIX_PATH=${CMAKE_PREFIX_PATH}:/workspaces/foxy_ws/src/install/unity_slam_example:/workspaces/foxy_ws/src/install/ros_tcp_endpoint:/workspaces/foxy_ws/src/install/py_topic_pkg:/workspaces/foxy_ws/src/install/py_service_pkg:/workspaces/foxy_ws/src/install/py_first_pkg:/workspaces/foxy_ws/src/install/py_action_pkg:/workspaces/foxy_ws/src/install/omo_r1mini_teleop:/workspaces/foxy_ws/src/install/omo_r1mini_bringup:/opt/ros/foxy /usr/bin/cmake --build /workspaces/foxy_ws/src/gcamp_ros2_ws/build/custom_interfaces -- -j8 -l8
[12.712s] [  1%] Built target custom_interfaces__cpp
[12.763s] [ 12%] Built target custom_interfaces__rosidl_generator_c
[13.086s] [ 23%] Built target custom_interfaces__rosidl_typesupport_introspection_cpp
[13.158s] [ 52%] Built target custom_interfaces__rosidl_typesupport_cpp
[13.163s] [ 52%] Built target custom_interfaces__rosidl_typesupport_fastrtps_cpp
[13.186s] [ 66%] Built target custom_interfaces__rosidl_typesupport_c
[13.192s] [ 68%] Built target custom_interfaces__rosidl_typesupport_introspection_c
[13.415s] [ 79%] Built target custom_interfaces__rosidl_typesupport_fastrtps_c
[13.574s] [ 79%] Built target custom_interfaces
[13.757s] [ 80%] Built target custom_interfaces__py
[13.984s] [ 90%] Built target custom_interfaces__python
[14.258s] [ 93%] Built target custom_interfaces__rosidl_typesupport_introspection_c__pyext
[14.268s] [ 96%] Built target custom_interfaces__rosidl_typesupport_c__pyext
[14.282s] [100%] Built target custom_interfaces__rosidl_typesupport_fastrtps_c__pyext
[14.527s] Invoked command in '/workspaces/foxy_ws/src/gcamp_ros2_ws/build/custom_interfaces' returned '0': CMAKE_PREFIX_PATH=${CMAKE_PREFIX_PATH}:/workspaces/foxy_ws/src/install/unity_slam_example:/workspaces/foxy_ws/src/install/ros_tcp_endpoint:/workspaces/foxy_ws/src/install/py_topic_pkg:/workspaces/foxy_ws/src/install/py_service_pkg:/workspaces/foxy_ws/src/install/py_first_pkg:/workspaces/foxy_ws/src/install/py_action_pkg:/workspaces/foxy_ws/src/install/omo_r1mini_teleop:/workspaces/foxy_ws/src/install/omo_r1mini_bringup:/opt/ros/foxy /usr/bin/cmake --build /workspaces/foxy_ws/src/gcamp_ros2_ws/build/custom_interfaces -- -j8 -l8
[16.082s] Invoking command in '/workspaces/foxy_ws/src/gcamp_ros2_ws/build/custom_interfaces': CMAKE_PREFIX_PATH=${CMAKE_PREFIX_PATH}:/workspaces/foxy_ws/src/install/unity_slam_example:/workspaces/foxy_ws/src/install/ros_tcp_endpoint:/workspaces/foxy_ws/src/install/py_topic_pkg:/workspaces/foxy_ws/src/install/py_service_pkg:/workspaces/foxy_ws/src/install/py_first_pkg:/workspaces/foxy_ws/src/install/py_action_pkg:/workspaces/foxy_ws/src/install/omo_r1mini_teleop:/workspaces/foxy_ws/src/install/omo_r1mini_bringup:/opt/ros/foxy /usr/bin/cmake --install /workspaces/foxy_ws/src/gcamp_ros2_ws/build/custom_interfaces
[16.136s] -- Install configuration: ""
[16.141s] -- Execute custom install script
[16.148s] -- Up-to-date symlink: /workspaces/foxy_ws/src/gcamp_ros2_ws/install/custom_interfaces/share/ament_index/resource_index/rosidl_interfaces/custom_interfaces
[16.156s] -- Up-to-date symlink: /workspaces/foxy_ws/src/gcamp_ros2_ws/install/custom_interfaces/include/custom_interfaces/action/detail/fibonacci__functions.h
[16.162s] -- Up-to-date symlink: /workspaces/foxy_ws/src/gcamp_ros2_ws/install/custom_interfaces/include/custom_interfaces/action/detail/fibonacci__struct.h
[16.168s] -- Up-to-date symlink: /workspaces/foxy_ws/src/gcamp_ros2_ws/install/custom_interfaces/include/custom_interfaces/action/detail/fibonacci__type_support.h
[16.173s] -- Up-to-date symlink: /workspaces/foxy_ws/src/gcamp_ros2_ws/install/custom_interfaces/include/custom_interfaces/action/detail/maze__functions.h
[16.178s] -- Up-to-date symlink: /workspaces/foxy_ws/src/gcamp_ros2_ws/install/custom_interfaces/include/custom_interfaces/action/detail/maze__struct.h
[16.187s] -- Up-to-date symlink: /workspaces/foxy_ws/src/gcamp_ros2_ws/install/custom_interfaces/include/custom_interfaces/action/detail/maze__type_support.h
[16.191s] -- Up-to-date symlink: /workspaces/foxy_ws/src/gcamp_ros2_ws/install/custom_interfaces/include/custom_interfaces/action/fibonacci.h
[16.197s] -- Up-to-date symlink: /workspaces/foxy_ws/src/gcamp_ros2_ws/install/custom_interfaces/include/custom_interfaces/action/maze.h
[16.207s] -- Up-to-date symlink: /workspaces/foxy_ws/src/gcamp_ros2_ws/install/custom_interfaces/include/custom_interfaces/msg/detail/num__functions.h
[16.212s] -- Up-to-date symlink: /workspaces/foxy_ws/src/gcamp_ros2_ws/install/custom_interfaces/include/custom_interfaces/msg/detail/num__struct.h
[16.218s] -- Up-to-date symlink: /workspaces/foxy_ws/src/gcamp_ros2_ws/install/custom_interfaces/include/custom_interfaces/msg/detail/num__type_support.h
[16.227s] -- Up-to-date symlink: /workspaces/foxy_ws/src/gcamp_ros2_ws/install/custom_interfaces/include/custom_interfaces/msg/num.h
[16.232s] -- Up-to-date symlink: /workspaces/foxy_ws/src/gcamp_ros2_ws/install/custom_interfaces/include/custom_interfaces/msg/rosidl_generator_c__visibility_control.h
[16.239s] -- Up-to-date symlink: /workspaces/foxy_ws/src/gcamp_ros2_ws/install/custom_interfaces/include/custom_interfaces/srv/add_three_ints.h
[16.242s] -- Up-to-date symlink: /workspaces/foxy_ws/src/gcamp_ros2_ws/install/custom_interfaces/include/custom_interfaces/srv/detail/add_three_ints__functions.h
[16.246s] -- Up-to-date symlink: /workspaces/foxy_ws/src/gcamp_ros2_ws/install/custom_interfaces/include/custom_interfaces/srv/detail/add_three_ints__struct.h
[16.253s] -- Up-to-date symlink: /workspaces/foxy_ws/src/gcamp_ros2_ws/install/custom_interfaces/include/custom_interfaces/srv/detail/add_three_ints__type_support.h
[16.257s] -- Up-to-date symlink: /workspaces/foxy_ws/src/gcamp_ros2_ws/install/custom_interfaces/include/custom_interfaces/srv/detail/turning_control__functions.h
[16.262s] -- Up-to-date symlink: /workspaces/foxy_ws/src/gcamp_ros2_ws/install/custom_interfaces/include/custom_interfaces/srv/detail/turning_control__struct.h
[16.268s] -- Up-to-date symlink: /workspaces/foxy_ws/src/gcamp_ros2_ws/install/custom_interfaces/include/custom_interfaces/srv/detail/turning_control__type_support.h
[16.276s] -- Up-to-date symlink: /workspaces/foxy_ws/src/gcamp_ros2_ws/install/custom_interfaces/include/custom_interfaces/srv/turning_control.h
[16.281s] -- Up-to-date symlink: /workspaces/foxy_ws/src/gcamp_ros2_ws/install/custom_interfaces/share/custom_interfaces/environment/library_path.sh
[16.289s] -- Up-to-date symlink: /workspaces/foxy_ws/src/gcamp_ros2_ws/install/custom_interfaces/share/custom_interfaces/environment/library_path.dsv
[16.300s] -- Up-to-date symlink: /workspaces/foxy_ws/src/gcamp_ros2_ws/install/custom_interfaces/include/custom_interfaces/action/detail/fibonacci__rosidl_typesupport_fastrtps_c.h
[16.306s] -- Up-to-date symlink: /workspaces/foxy_ws/src/gcamp_ros2_ws/install/custom_interfaces/include/custom_interfaces/action/detail/maze__rosidl_typesupport_fastrtps_c.h
[16.311s] -- Up-to-date symlink: /workspaces/foxy_ws/src/gcamp_ros2_ws/install/custom_interfaces/include/custom_interfaces/msg/detail/num__rosidl_typesupport_fastrtps_c.h
[16.318s] -- Up-to-date symlink: /workspaces/foxy_ws/src/gcamp_ros2_ws/install/custom_interfaces/include/custom_interfaces/msg/rosidl_typesupport_fastrtps_c__visibility_control.h
[16.323s] -- Up-to-date symlink: /workspaces/foxy_ws/src/gcamp_ros2_ws/install/custom_interfaces/include/custom_interfaces/srv/detail/add_three_ints__rosidl_typesupport_fastrtps_c.h
[16.326s] -- Up-to-date symlink: /workspaces/foxy_ws/src/gcamp_ros2_ws/install/custom_interfaces/include/custom_interfaces/srv/detail/turning_control__rosidl_typesupport_fastrtps_c.h
[16.337s] -- Up-to-date symlink: /workspaces/foxy_ws/src/gcamp_ros2_ws/install/custom_interfaces/lib/libcustom_interfaces__rosidl_typesupport_fastrtps_c.so
[16.345s] -- Up-to-date symlink: /workspaces/foxy_ws/src/gcamp_ros2_ws/install/custom_interfaces/include/custom_interfaces/action/detail/fibonacci__rosidl_typesupport_fastrtps_cpp.hpp
[16.353s] -- Up-to-date symlink: /workspaces/foxy_ws/src/gcamp_ros2_ws/install/custom_interfaces/include/custom_interfaces/action/detail/maze__rosidl_typesupport_fastrtps_cpp.hpp
[16.357s] -- Up-to-date symlink: /workspaces/foxy_ws/src/gcamp_ros2_ws/install/custom_interfaces/include/custom_interfaces/msg/detail/num__rosidl_typesupport_fastrtps_cpp.hpp
[16.365s] -- Up-to-date symlink: /workspaces/foxy_ws/src/gcamp_ros2_ws/install/custom_interfaces/include/custom_interfaces/msg/rosidl_typesupport_fastrtps_cpp__visibility_control.h
[16.370s] -- Up-to-date symlink: /workspaces/foxy_ws/src/gcamp_ros2_ws/install/custom_interfaces/include/custom_interfaces/srv/detail/add_three_ints__rosidl_typesupport_fastrtps_cpp.hpp
[16.376s] -- Up-to-date symlink: /workspaces/foxy_ws/src/gcamp_ros2_ws/install/custom_interfaces/include/custom_interfaces/srv/detail/turning_control__rosidl_typesupport_fastrtps_cpp.hpp
[16.384s] -- Up-to-date symlink: /workspaces/foxy_ws/src/gcamp_ros2_ws/install/custom_interfaces/lib/libcustom_interfaces__rosidl_typesupport_fastrtps_cpp.so
[16.387s] -- Up-to-date symlink: /workspaces/foxy_ws/src/gcamp_ros2_ws/install/custom_interfaces/include/custom_interfaces/action/detail/fibonacci__rosidl_typesupport_introspection_c.h
[16.390s] -- Up-to-date symlink: /workspaces/foxy_ws/src/gcamp_ros2_ws/install/custom_interfaces/include/custom_interfaces/action/detail/maze__rosidl_typesupport_introspection_c.h
[16.398s] -- Up-to-date symlink: /workspaces/foxy_ws/src/gcamp_ros2_ws/install/custom_interfaces/include/custom_interfaces/msg/detail/num__rosidl_typesupport_introspection_c.h
[16.402s] -- Up-to-date symlink: /workspaces/foxy_ws/src/gcamp_ros2_ws/install/custom_interfaces/include/custom_interfaces/msg/rosidl_typesupport_introspection_c__visibility_control.h
[16.407s] -- Up-to-date symlink: /workspaces/foxy_ws/src/gcamp_ros2_ws/install/custom_interfaces/include/custom_interfaces/srv/detail/add_three_ints__rosidl_typesupport_introspection_c.h
[16.417s] -- Up-to-date symlink: /workspaces/foxy_ws/src/gcamp_ros2_ws/install/custom_interfaces/include/custom_interfaces/srv/detail/turning_control__rosidl_typesupport_introspection_c.h
[16.426s] -- Up-to-date symlink: /workspaces/foxy_ws/src/gcamp_ros2_ws/install/custom_interfaces/include/custom_interfaces/action/detail/fibonacci__builder.hpp
[16.429s] -- Up-to-date symlink: /workspaces/foxy_ws/src/gcamp_ros2_ws/install/custom_interfaces/include/custom_interfaces/action/detail/fibonacci__struct.hpp
[16.436s] -- Up-to-date symlink: /workspaces/foxy_ws/src/gcamp_ros2_ws/install/custom_interfaces/include/custom_interfaces/action/detail/fibonacci__traits.hpp
[16.440s] -- Up-to-date symlink: /workspaces/foxy_ws/src/gcamp_ros2_ws/install/custom_interfaces/include/custom_interfaces/action/detail/maze__builder.hpp
[16.445s] -- Up-to-date symlink: /workspaces/foxy_ws/src/gcamp_ros2_ws/install/custom_interfaces/include/custom_interfaces/action/detail/maze__struct.hpp
[16.453s] -- Up-to-date symlink: /workspaces/foxy_ws/src/gcamp_ros2_ws/install/custom_interfaces/include/custom_interfaces/action/detail/maze__traits.hpp
[16.457s] -- Up-to-date symlink: /workspaces/foxy_ws/src/gcamp_ros2_ws/install/custom_interfaces/include/custom_interfaces/action/fibonacci.hpp
[16.461s] -- Up-to-date symlink: /workspaces/foxy_ws/src/gcamp_ros2_ws/install/custom_interfaces/include/custom_interfaces/action/maze.hpp
[16.465s] -- Up-to-date symlink: /workspaces/foxy_ws/src/gcamp_ros2_ws/install/custom_interfaces/include/custom_interfaces/msg/detail/num__builder.hpp
[16.473s] -- Up-to-date symlink: /workspaces/foxy_ws/src/gcamp_ros2_ws/install/custom_interfaces/include/custom_interfaces/msg/detail/num__struct.hpp
[16.477s] -- Up-to-date symlink: /workspaces/foxy_ws/src/gcamp_ros2_ws/install/custom_interfaces/include/custom_interfaces/msg/detail/num__traits.hpp
[16.481s] -- Up-to-date symlink: /workspaces/foxy_ws/src/gcamp_ros2_ws/install/custom_interfaces/include/custom_interfaces/msg/num.hpp
[16.487s] -- Up-to-date symlink: /workspaces/foxy_ws/src/gcamp_ros2_ws/install/custom_interfaces/include/custom_interfaces/srv/add_three_ints.hpp
[16.493s] -- Up-to-date symlink: /workspaces/foxy_ws/src/gcamp_ros2_ws/install/custom_interfaces/include/custom_interfaces/srv/detail/add_three_ints__builder.hpp
[16.497s] -- Up-to-date symlink: /workspaces/foxy_ws/src/gcamp_ros2_ws/install/custom_interfaces/include/custom_interfaces/srv/detail/add_three_ints__struct.hpp
[16.501s] -- Up-to-date symlink: /workspaces/foxy_ws/src/gcamp_ros2_ws/install/custom_interfaces/include/custom_interfaces/srv/detail/add_three_ints__traits.hpp
[16.508s] -- Up-to-date symlink: /workspaces/foxy_ws/src/gcamp_ros2_ws/install/custom_interfaces/include/custom_interfaces/srv/detail/turning_control__builder.hpp
[16.512s] -- Up-to-date symlink: /workspaces/foxy_ws/src/gcamp_ros2_ws/install/custom_interfaces/include/custom_interfaces/srv/detail/turning_control__struct.hpp
[16.519s] -- Up-to-date symlink: /workspaces/foxy_ws/src/gcamp_ros2_ws/install/custom_interfaces/include/custom_interfaces/srv/detail/turning_control__traits.hpp
[16.525s] -- Up-to-date symlink: /workspaces/foxy_ws/src/gcamp_ros2_ws/install/custom_interfaces/include/custom_interfaces/srv/turning_control.hpp
[16.530s] -- Up-to-date symlink: /workspaces/foxy_ws/src/gcamp_ros2_ws/install/custom_interfaces/include/custom_interfaces/action/detail/fibonacci__rosidl_typesupport_introspection_cpp.hpp
[16.539s] -- Up-to-date symlink: /workspaces/foxy_ws/src/gcamp_ros2_ws/install/custom_interfaces/include/custom_interfaces/action/detail/maze__rosidl_typesupport_introspection_cpp.hpp
[16.543s] -- Up-to-date symlink: /workspaces/foxy_ws/src/gcamp_ros2_ws/install/custom_interfaces/include/custom_interfaces/msg/detail/num__rosidl_typesupport_introspection_cpp.hpp
[16.546s] -- Up-to-date symlink: /workspaces/foxy_ws/src/gcamp_ros2_ws/install/custom_interfaces/include/custom_interfaces/srv/detail/add_three_ints__rosidl_typesupport_introspection_cpp.hpp
[16.554s] -- Up-to-date symlink: /workspaces/foxy_ws/src/gcamp_ros2_ws/install/custom_interfaces/include/custom_interfaces/srv/detail/turning_control__rosidl_typesupport_introspection_cpp.hpp
[16.558s] -- Up-to-date symlink: /workspaces/foxy_ws/src/gcamp_ros2_ws/install/custom_interfaces/share/custom_interfaces/environment/pythonpath.sh
[16.563s] -- Up-to-date symlink: /workspaces/foxy_ws/src/gcamp_ros2_ws/install/custom_interfaces/share/custom_interfaces/environment/pythonpath.dsv
[16.566s] -- Up-to-date symlink: /workspaces/foxy_ws/src/gcamp_ros2_ws/install/custom_interfaces/lib/python3.8/site-packages/custom_interfaces/__init__.py
[16.576s] -- Up-to-date symlink: /workspaces/foxy_ws/src/gcamp_ros2_ws/install/custom_interfaces/lib/python3.8/site-packages/custom_interfaces/msg/__init__.py
[16.579s] -- Up-to-date symlink: /workspaces/foxy_ws/src/gcamp_ros2_ws/install/custom_interfaces/lib/python3.8/site-packages/custom_interfaces/msg/_num.py
[16.582s] -- Up-to-date symlink: /workspaces/foxy_ws/src/gcamp_ros2_ws/install/custom_interfaces/lib/python3.8/site-packages/custom_interfaces/srv/__init__.py
[16.585s] -- Up-to-date symlink: /workspaces/foxy_ws/src/gcamp_ros2_ws/install/custom_interfaces/lib/python3.8/site-packages/custom_interfaces/srv/_add_three_ints.py
[16.596s] -- Up-to-date symlink: /workspaces/foxy_ws/src/gcamp_ros2_ws/install/custom_interfaces/lib/python3.8/site-packages/custom_interfaces/srv/_turning_control.py
[16.599s] -- Up-to-date symlink: /workspaces/foxy_ws/src/gcamp_ros2_ws/install/custom_interfaces/lib/python3.8/site-packages/custom_interfaces/action/__init__.py
[16.604s] -- Up-to-date symlink: /workspaces/foxy_ws/src/gcamp_ros2_ws/install/custom_interfaces/lib/python3.8/site-packages/custom_interfaces/action/_fibonacci.py
[16.612s] -- Up-to-date symlink: /workspaces/foxy_ws/src/gcamp_ros2_ws/install/custom_interfaces/lib/python3.8/site-packages/custom_interfaces/action/_maze.py
[16.616s] -- Up-to-date symlink: /workspaces/foxy_ws/src/gcamp_ros2_ws/install/custom_interfaces/lib/python3.8/site-packages/custom_interfaces/custom_interfaces_s__rosidl_typesupport_fastrtps_c.cpython-38-x86_64-linux-gnu.so
[16.627s] -- Up-to-date symlink: /workspaces/foxy_ws/src/gcamp_ros2_ws/install/custom_interfaces/lib/python3.8/site-packages/custom_interfaces/custom_interfaces_s__rosidl_typesupport_introspection_c.cpython-38-x86_64-linux-gnu.so
[16.631s] -- Up-to-date symlink: /workspaces/foxy_ws/src/gcamp_ros2_ws/install/custom_interfaces/lib/python3.8/site-packages/custom_interfaces/custom_interfaces_s__rosidl_typesupport_c.cpython-38-x86_64-linux-gnu.so
[16.636s] -- Up-to-date symlink: /workspaces/foxy_ws/src/gcamp_ros2_ws/install/custom_interfaces/lib/libcustom_interfaces__python.so
[16.647s] -- Up-to-date symlink: /workspaces/foxy_ws/src/gcamp_ros2_ws/install/custom_interfaces/share/custom_interfaces/msg/Num.idl
[16.650s] -- Up-to-date symlink: /workspaces/foxy_ws/src/gcamp_ros2_ws/install/custom_interfaces/share/custom_interfaces/srv/AddThreeInts.idl
[16.659s] -- Up-to-date symlink: /workspaces/foxy_ws/src/gcamp_ros2_ws/install/custom_interfaces/share/custom_interfaces/srv/TurningControl.idl
[16.662s] -- Up-to-date symlink: /workspaces/foxy_ws/src/gcamp_ros2_ws/install/custom_interfaces/share/custom_interfaces/action/Fibonacci.idl
[16.666s] -- Up-to-date symlink: /workspaces/foxy_ws/src/gcamp_ros2_ws/install/custom_interfaces/share/custom_interfaces/action/Maze.idl
[16.674s] -- Up-to-date symlink: /workspaces/foxy_ws/src/gcamp_ros2_ws/install/custom_interfaces/share/custom_interfaces/msg/Num.msg
[16.680s] -- Up-to-date symlink: /workspaces/foxy_ws/src/gcamp_ros2_ws/install/custom_interfaces/share/custom_interfaces/srv/AddThreeInts.srv
[16.686s] -- Up-to-date symlink: /workspaces/foxy_ws/src/gcamp_ros2_ws/install/custom_interfaces/share/custom_interfaces/srv/AddThreeInts_Request.msg
[16.690s] -- Up-to-date symlink: /workspaces/foxy_ws/src/gcamp_ros2_ws/install/custom_interfaces/share/custom_interfaces/srv/AddThreeInts_Response.msg
[16.694s] -- Up-to-date symlink: /workspaces/foxy_ws/src/gcamp_ros2_ws/install/custom_interfaces/share/custom_interfaces/srv/TurningControl.srv
[16.700s] -- Up-to-date symlink: /workspaces/foxy_ws/src/gcamp_ros2_ws/install/custom_interfaces/share/custom_interfaces/srv/TurningControl_Request.msg
[16.705s] -- Up-to-date symlink: /workspaces/foxy_ws/src/gcamp_ros2_ws/install/custom_interfaces/share/custom_interfaces/srv/TurningControl_Response.msg
[16.709s] -- Up-to-date symlink: /workspaces/foxy_ws/src/gcamp_ros2_ws/install/custom_interfaces/share/custom_interfaces/action/Fibonacci.action
[16.712s] -- Up-to-date symlink: /workspaces/foxy_ws/src/gcamp_ros2_ws/install/custom_interfaces/share/custom_interfaces/action/Maze.action
[16.718s] -- Up-to-date symlink: /workspaces/foxy_ws/src/gcamp_ros2_ws/install/custom_interfaces/share/ament_index/resource_index/package_run_dependencies/custom_interfaces
[16.726s] -- Up-to-date symlink: /workspaces/foxy_ws/src/gcamp_ros2_ws/install/custom_interfaces/share/ament_index/resource_index/parent_prefix_path/custom_interfaces
[16.731s] -- Up-to-date symlink: /workspaces/foxy_ws/src/gcamp_ros2_ws/install/custom_interfaces/share/custom_interfaces/environment/ament_prefix_path.sh
[16.735s] -- Up-to-date symlink: /workspaces/foxy_ws/src/gcamp_ros2_ws/install/custom_interfaces/share/custom_interfaces/environment/ament_prefix_path.dsv
[16.745s] -- Up-to-date symlink: /workspaces/foxy_ws/src/gcamp_ros2_ws/install/custom_interfaces/share/custom_interfaces/environment/path.sh
[16.749s] -- Up-to-date symlink: /workspaces/foxy_ws/src/gcamp_ros2_ws/install/custom_interfaces/share/custom_interfaces/environment/path.dsv
[16.759s] -- Up-to-date symlink: /workspaces/foxy_ws/src/gcamp_ros2_ws/install/custom_interfaces/share/custom_interfaces/local_setup.bash
[16.762s] -- Up-to-date symlink: /workspaces/foxy_ws/src/gcamp_ros2_ws/install/custom_interfaces/share/custom_interfaces/local_setup.sh
[16.766s] -- Up-to-date symlink: /workspaces/foxy_ws/src/gcamp_ros2_ws/install/custom_interfaces/share/custom_interfaces/local_setup.zsh
[16.774s] -- Up-to-date symlink: /workspaces/foxy_ws/src/gcamp_ros2_ws/install/custom_interfaces/share/custom_interfaces/local_setup.dsv
[16.777s] -- Symlinking: /workspaces/foxy_ws/src/gcamp_ros2_ws/install/custom_interfaces/share/custom_interfaces/package.dsv
[16.843s] -- Up-to-date symlink: /workspaces/foxy_ws/src/gcamp_ros2_ws/install/custom_interfaces/share/ament_index/resource_index/packages/custom_interfaces
[16.853s] -- Up-to-date symlink: /workspaces/foxy_ws/src/gcamp_ros2_ws/install/custom_interfaces/share/custom_interfaces/cmake/rosidl_cmake-extras.cmake
[16.857s] -- Up-to-date symlink: /workspaces/foxy_ws/src/gcamp_ros2_ws/install/custom_interfaces/share/custom_interfaces/cmake/ament_cmake_export_dependencies-extras.cmake
[16.861s] -- Up-to-date symlink: /workspaces/foxy_ws/src/gcamp_ros2_ws/install/custom_interfaces/share/custom_interfaces/cmake/ament_cmake_export_libraries-extras.cmake
[16.871s] -- Up-to-date symlink: /workspaces/foxy_ws/src/gcamp_ros2_ws/install/custom_interfaces/share/custom_interfaces/cmake/ament_cmake_export_targets-extras.cmake
[16.876s] -- Up-to-date symlink: /workspaces/foxy_ws/src/gcamp_ros2_ws/install/custom_interfaces/share/custom_interfaces/cmake/ament_cmake_export_include_directories-extras.cmake
[16.880s] -- Up-to-date symlink: /workspaces/foxy_ws/src/gcamp_ros2_ws/install/custom_interfaces/share/custom_interfaces/cmake/rosidl_cmake_export_typesupport_libraries-extras.cmake
[16.885s] -- Up-to-date symlink: /workspaces/foxy_ws/src/gcamp_ros2_ws/install/custom_interfaces/share/custom_interfaces/cmake/rosidl_cmake_export_typesupport_targets-extras.cmake
[16.893s] -- Up-to-date symlink: /workspaces/foxy_ws/src/gcamp_ros2_ws/install/custom_interfaces/share/custom_interfaces/cmake/custom_interfacesConfig.cmake
[16.899s] -- Up-to-date symlink: /workspaces/foxy_ws/src/gcamp_ros2_ws/install/custom_interfaces/share/custom_interfaces/cmake/custom_interfacesConfig-version.cmake
[16.904s] -- Up-to-date symlink: /workspaces/foxy_ws/src/gcamp_ros2_ws/install/custom_interfaces/share/custom_interfaces/package.xml
[16.912s] -- Up-to-date: /workspaces/foxy_ws/src/gcamp_ros2_ws/install/custom_interfaces/lib/libcustom_interfaces__rosidl_generator_c.so
[16.923s] -- Up-to-date: /workspaces/foxy_ws/src/gcamp_ros2_ws/install/custom_interfaces/lib/libcustom_interfaces__rosidl_typesupport_introspection_c.so
[16.932s] -- Up-to-date: /workspaces/foxy_ws/src/gcamp_ros2_ws/install/custom_interfaces/lib/libcustom_interfaces__rosidl_typesupport_c.so
[16.940s] -- Up-to-date: /workspaces/foxy_ws/src/gcamp_ros2_ws/install/custom_interfaces/lib/libcustom_interfaces__rosidl_typesupport_introspection_cpp.so
[16.953s] -- Up-to-date: /workspaces/foxy_ws/src/gcamp_ros2_ws/install/custom_interfaces/lib/libcustom_interfaces__rosidl_typesupport_cpp.so
[17.026s] Compiling '/workspaces/foxy_ws/src/gcamp_ros2_ws/install/custom_interfaces/lib/python3.8/site-packages/custom_interfaces/__init__.py'...
[17.040s] -- Up-to-date: /workspaces/foxy_ws/src/gcamp_ros2_ws/install/custom_interfaces/share/custom_interfaces/cmake/custom_interfaces__rosidl_generator_cExport.cmake
[17.043s] -- Installing: /workspaces/foxy_ws/src/gcamp_ros2_ws/install/custom_interfaces/share/custom_interfaces/cmake/custom_interfaces__rosidl_generator_cExport-noconfig.cmake
[17.067s] -- Up-to-date: /workspaces/foxy_ws/src/gcamp_ros2_ws/install/custom_interfaces/share/custom_interfaces/cmake/custom_interfaces__rosidl_typesupport_introspection_cExport.cmake
[17.070s] -- Installing: /workspaces/foxy_ws/src/gcamp_ros2_ws/install/custom_interfaces/share/custom_interfaces/cmake/custom_interfaces__rosidl_typesupport_introspection_cExport-noconfig.cmake
[17.090s] -- Up-to-date: /workspaces/foxy_ws/src/gcamp_ros2_ws/install/custom_interfaces/share/custom_interfaces/cmake/custom_interfaces__rosidl_typesupport_cExport.cmake
[17.094s] -- Installing: /workspaces/foxy_ws/src/gcamp_ros2_ws/install/custom_interfaces/share/custom_interfaces/cmake/custom_interfaces__rosidl_typesupport_cExport-noconfig.cmake
[17.114s] -- Up-to-date: /workspaces/foxy_ws/src/gcamp_ros2_ws/install/custom_interfaces/share/custom_interfaces/cmake/custom_interfaces__rosidl_generator_cppExport.cmake
[17.119s] -- Up-to-date: /workspaces/foxy_ws/src/gcamp_ros2_ws/install/custom_interfaces/share/custom_interfaces/cmake/custom_interfaces__rosidl_typesupport_introspection_cppExport.cmake
[17.121s] -- Installing: /workspaces/foxy_ws/src/gcamp_ros2_ws/install/custom_interfaces/share/custom_interfaces/cmake/custom_interfaces__rosidl_typesupport_introspection_cppExport-noconfig.cmake
[17.140s] -- Up-to-date: /workspaces/foxy_ws/src/gcamp_ros2_ws/install/custom_interfaces/share/custom_interfaces/cmake/custom_interfaces__rosidl_typesupport_cppExport.cmake
[17.144s] -- Installing: /workspaces/foxy_ws/src/gcamp_ros2_ws/install/custom_interfaces/share/custom_interfaces/cmake/custom_interfaces__rosidl_typesupport_cppExport-noconfig.cmake
[17.169s] Invoked command in '/workspaces/foxy_ws/src/gcamp_ros2_ws/build/custom_interfaces' returned '0': CMAKE_PREFIX_PATH=${CMAKE_PREFIX_PATH}:/workspaces/foxy_ws/src/install/unity_slam_example:/workspaces/foxy_ws/src/install/ros_tcp_endpoint:/workspaces/foxy_ws/src/install/py_topic_pkg:/workspaces/foxy_ws/src/install/py_service_pkg:/workspaces/foxy_ws/src/install/py_first_pkg:/workspaces/foxy_ws/src/install/py_action_pkg:/workspaces/foxy_ws/src/install/omo_r1mini_teleop:/workspaces/foxy_ws/src/install/omo_r1mini_bringup:/opt/ros/foxy /usr/bin/cmake --install /workspaces/foxy_ws/src/gcamp_ros2_ws/build/custom_interfaces
