[0.706s] Invoking command in '/workspaces/foxy_ws/src/omorobot_r1_mini/build/ydlidar_sdk': /usr/bin/cmake --build /workspaces/foxy_ws/src/omorobot_r1_mini/build/ydlidar_sdk -- -j8 -l8
[0.923s] [ 58%] Built target ydlidar_sdk
[1.076s] [ 70%] Built target ydlidar_test
[1.116s] [ 87%] Built target lidar_c_api_test
[1.123s] [ 87%] Built target tof_test
[1.144s] [100%] Built target etlidar_test
[1.149s] [100%] Built target lidar_test
[1.256s] Invoked command in '/workspaces/foxy_ws/src/omorobot_r1_mini/build/ydlidar_sdk' returned '0': /usr/bin/cmake --build /workspaces/foxy_ws/src/omorobot_r1_mini/build/ydlidar_sdk -- -j8 -l8
[1.405s] Invoking command in '/workspaces/foxy_ws/src/omorobot_r1_mini/build/ydlidar_sdk': /usr/bin/cmake --install /workspaces/foxy_ws/src/omorobot_r1_mini/build/ydlidar_sdk
[1.557s] -- Install configuration: ""
[1.570s] -- Up-to-date: /workspaces/foxy_ws/src/omorobot_r1_mini/install/ydlidar_sdk/include/core/base/datatype.h
[1.574s] -- Up-to-date: /workspaces/foxy_ws/src/omorobot_r1_mini/install/ydlidar_sdk/include/core/base/locker.h
[1.583s] -- Up-to-date: /workspaces/foxy_ws/src/omorobot_r1_mini/install/ydlidar_sdk/include/core/base/thread.h
[1.598s] -- Up-to-date: /workspaces/foxy_ws/src/omorobot_r1_mini/install/ydlidar_sdk/include/core/base/timer.h
[1.607s] -- Up-to-date: /workspaces/foxy_ws/src/omorobot_r1_mini/install/ydlidar_sdk/include/core/base/typedef.h
[1.614s] -- Up-to-date: /workspaces/foxy_ws/src/omorobot_r1_mini/install/ydlidar_sdk/include/core/base/utils.h
[1.617s] -- Up-to-date: /workspaces/foxy_ws/src/omorobot_r1_mini/install/ydlidar_sdk/include/core/base/v8stdint.h
[1.624s] -- Up-to-date: /workspaces/foxy_ws/src/omorobot_r1_mini/install/ydlidar_sdk/include/core/base/ydlidar.h
[1.637s] -- Up-to-date: /workspaces/foxy_ws/src/omorobot_r1_mini/install/ydlidar_sdk/include/core/common/ChannelDevice.h
[1.644s] -- Up-to-date: /workspaces/foxy_ws/src/omorobot_r1_mini/install/ydlidar_sdk/include/core/common/DriverInterface.h
[1.653s] -- Up-to-date: /workspaces/foxy_ws/src/omorobot_r1_mini/install/ydlidar_sdk/include/core/common/ydlidar_datatype.h
[1.667s] -- Up-to-date: /workspaces/foxy_ws/src/omorobot_r1_mini/install/ydlidar_sdk/include/core/common/ydlidar_def.h
[1.682s] -- Up-to-date: /workspaces/foxy_ws/src/omorobot_r1_mini/install/ydlidar_sdk/include/core/common/ydlidar_help.h
[1.692s] -- Up-to-date: /workspaces/foxy_ws/src/omorobot_r1_mini/install/ydlidar_sdk/include/core/common/ydlidar_protocol.h
[1.698s] -- Up-to-date: /workspaces/foxy_ws/src/omorobot_r1_mini/install/ydlidar_sdk/include/core/math/angles.h
[1.711s] -- Up-to-date: /workspaces/foxy_ws/src/omorobot_r1_mini/install/ydlidar_sdk/include/core/network/ActiveSocket.h
[1.721s] -- Up-to-date: /workspaces/foxy_ws/src/omorobot_r1_mini/install/ydlidar_sdk/include/core/network/PassiveSocket.h
[1.730s] -- Up-to-date: /workspaces/foxy_ws/src/omorobot_r1_mini/install/ydlidar_sdk/include/core/network/SimpleSocket.h
[1.750s] -- Up-to-date: /workspaces/foxy_ws/src/omorobot_r1_mini/install/ydlidar_sdk/include/core/network/StatTimer.h
[1.763s] -- Up-to-date: /workspaces/foxy_ws/src/omorobot_r1_mini/install/ydlidar_sdk/include/core/serial/common.h
[1.769s] -- Up-to-date: /workspaces/foxy_ws/src/omorobot_r1_mini/install/ydlidar_sdk/include/core/serial/serial.h
[1.775s] -- Up-to-date: /workspaces/foxy_ws/src/omorobot_r1_mini/install/ydlidar_sdk/include/core/serial/impl/unix/lock.h
[1.789s] -- Up-to-date: /workspaces/foxy_ws/src/omorobot_r1_mini/install/ydlidar_sdk/include/core/serial/impl/unix/unix.h
[1.803s] -- Up-to-date: /workspaces/foxy_ws/src/omorobot_r1_mini/install/ydlidar_sdk/include/core/serial/impl/unix/unix_serial.h
[1.807s] -- Up-to-date: /workspaces/foxy_ws/src/omorobot_r1_mini/install/ydlidar_sdk/include/src/CYdLidar.h
[1.815s] -- Up-to-date: /workspaces/foxy_ws/src/omorobot_r1_mini/install/ydlidar_sdk/include/src/ETLidarDriver.h
[1.825s] -- Up-to-date: /workspaces/foxy_ws/src/omorobot_r1_mini/install/ydlidar_sdk/include/src/ydlidar_driver.h
[1.841s] -- Up-to-date: /workspaces/foxy_ws/src/omorobot_r1_mini/install/ydlidar_sdk/include/src/ydlidar_sdk.h
[1.850s] -- Up-to-date: /workspaces/foxy_ws/src/omorobot_r1_mini/install/ydlidar_sdk/include/ydlidar_config.h
[1.857s] -- Up-to-date: /workspaces/foxy_ws/src/omorobot_r1_mini/install/ydlidar_sdk/lib/libydlidar_sdk.a
[1.871s] -- Up-to-date: /workspaces/foxy_ws/src/omorobot_r1_mini/install/ydlidar_sdk/lib/pkgconfig/YDLIDAR_SDK.pc
[1.882s] -- Up-to-date: /workspaces/foxy_ws/src/omorobot_r1_mini/install/ydlidar_sdk/lib/cmake/ydlidar_sdk/ydlidar_sdkConfig.cmake
[1.887s] -- Up-to-date: /workspaces/foxy_ws/src/omorobot_r1_mini/install/ydlidar_sdk/lib/cmake/ydlidar_sdk/ydlidar_sdkTargets.cmake
[1.898s] -- Up-to-date: /workspaces/foxy_ws/src/omorobot_r1_mini/install/ydlidar_sdk/lib/cmake/ydlidar_sdk/ydlidar_sdkConfigVersion.cmake
[1.903s] -- Up-to-date: /workspaces/foxy_ws/src/omorobot_r1_mini/install/ydlidar_sdk/share/YDLIDAR_SDK/FindYDLIDAR_SDK.cmake
[1.918s] -- Up-to-date: /workspaces/foxy_ws/src/omorobot_r1_mini/install/ydlidar_sdk/share/YDLIDAR_SDK
[1.952s] -- Up-to-date: /workspaces/foxy_ws/src/omorobot_r1_mini/install/ydlidar_sdk/share/YDLIDAR_SDK/FindPackage.cmake.in
[1.971s] -- Up-to-date: /workspaces/foxy_ws/src/omorobot_r1_mini/install/ydlidar_sdk/share/YDLIDAR_SDK/PackageConfig.cmake.in
[1.985s] -- Up-to-date: /workspaces/foxy_ws/src/omorobot_r1_mini/install/ydlidar_sdk/share/YDLIDAR_SDK/PackageConfigVersion.cmake.in
[1.994s] -- Up-to-date: /workspaces/foxy_ws/src/omorobot_r1_mini/install/ydlidar_sdk/share/YDLIDAR_SDK/PkgConfig.pc.in
[1.999s] -- Up-to-date: /workspaces/foxy_ws/src/omorobot_r1_mini/install/ydlidar_sdk/share/YDLIDAR_SDK/cmake_uninstall.cmake.in
[2.007s] -- Up-to-date: /workspaces/foxy_ws/src/omorobot_r1_mini/install/ydlidar_sdk/share/YDLIDAR_SDK/common
[2.016s] -- Up-to-date: /workspaces/foxy_ws/src/omorobot_r1_mini/install/ydlidar_sdk/share/YDLIDAR_SDK/common/ydlidar_base.cmake
[2.027s] -- Up-to-date: /workspaces/foxy_ws/src/omorobot_r1_mini/install/ydlidar_sdk/share/YDLIDAR_SDK/common/ydlidar_parse.cmake
[2.032s] -- Up-to-date: /workspaces/foxy_ws/src/omorobot_r1_mini/install/ydlidar_sdk/share/YDLIDAR_SDK/install_package.cmake
[2.042s] -- Up-to-date: /workspaces/foxy_ws/src/omorobot_r1_mini/install/ydlidar_sdk/share/YDLIDAR_SDK/script_show_final_summary.cmake
[2.056s] -- Up-to-date: /workspaces/foxy_ws/src/omorobot_r1_mini/install/ydlidar_sdk/share/YDLIDAR_SDK/LICENSE.txt
[2.072s] -- Up-to-date: /workspaces/foxy_ws/src/omorobot_r1_mini/install/ydlidar_sdk/share/YDLIDAR_SDK/README.md
[2.081s] -- Up-to-date: /workspaces/foxy_ws/src/omorobot_r1_mini/install/ydlidar_sdk/share/YDLIDAR_SDK/doc
[2.090s] -- Up-to-date: /workspaces/foxy_ws/src/omorobot_r1_mini/install/ydlidar_sdk/share/YDLIDAR_SDK/doc/Dataset.md
[2.098s] -- Up-to-date: /workspaces/foxy_ws/src/omorobot_r1_mini/install/ydlidar_sdk/share/YDLIDAR_SDK/doc/Diagram.md
[2.111s] -- Up-to-date: /workspaces/foxy_ws/src/omorobot_r1_mini/install/ydlidar_sdk/share/YDLIDAR_SDK/doc/FAQs
[2.115s] -- Up-to-date: /workspaces/foxy_ws/src/omorobot_r1_mini/install/ydlidar_sdk/share/YDLIDAR_SDK/doc/FAQs/General_FAQs.md
[2.121s] -- Up-to-date: /workspaces/foxy_ws/src/omorobot_r1_mini/install/ydlidar_sdk/share/YDLIDAR_SDK/doc/FAQs/General_FAQs_cn.md
[2.125s] -- Up-to-date: /workspaces/foxy_ws/src/omorobot_r1_mini/install/ydlidar_sdk/share/YDLIDAR_SDK/doc/FAQs/Hardware_FAQs.md
[2.135s] -- Up-to-date: /workspaces/foxy_ws/src/omorobot_r1_mini/install/ydlidar_sdk/share/YDLIDAR_SDK/doc/FAQs/Hardware_FAQs_cn.md
[2.144s] -- Up-to-date: /workspaces/foxy_ws/src/omorobot_r1_mini/install/ydlidar_sdk/share/YDLIDAR_SDK/doc/FAQs/README.md
[2.151s] -- Up-to-date: /workspaces/foxy_ws/src/omorobot_r1_mini/install/ydlidar_sdk/share/YDLIDAR_SDK/doc/FAQs/Software_FAQs.md
[2.158s] -- Up-to-date: /workspaces/foxy_ws/src/omorobot_r1_mini/install/ydlidar_sdk/share/YDLIDAR_SDK/doc/FAQs/Software_FAQs_cn.md
[2.171s] -- Up-to-date: /workspaces/foxy_ws/src/omorobot_r1_mini/install/ydlidar_sdk/share/YDLIDAR_SDK/doc/README.md
[2.185s] -- Up-to-date: /workspaces/foxy_ws/src/omorobot_r1_mini/install/ydlidar_sdk/share/YDLIDAR_SDK/doc/SDK.pdf
[2.196s] -- Up-to-date: /workspaces/foxy_ws/src/omorobot_r1_mini/install/ydlidar_sdk/share/YDLIDAR_SDK/doc/Tutorials.md
[2.201s] -- Up-to-date: /workspaces/foxy_ws/src/omorobot_r1_mini/install/ydlidar_sdk/share/YDLIDAR_SDK/doc/YDLIDAR_SDK_API_for_Developers.md
[2.209s] -- Up-to-date: /workspaces/foxy_ws/src/omorobot_r1_mini/install/ydlidar_sdk/share/YDLIDAR_SDK/doc/YDLidar-SDK-Communication-Protocol.html
[2.213s] -- Up-to-date: /workspaces/foxy_ws/src/omorobot_r1_mini/install/ydlidar_sdk/share/YDLIDAR_SDK/doc/YDLidar-SDK-Communication-Protocol.md
[2.219s] -- Up-to-date: /workspaces/foxy_ws/src/omorobot_r1_mini/install/ydlidar_sdk/share/YDLIDAR_SDK/doc/YDLidar-SDK-Communication-Protocol.pdf
[2.224s] -- Up-to-date: /workspaces/foxy_ws/src/omorobot_r1_mini/install/ydlidar_sdk/share/YDLIDAR_SDK/doc/YDLidar_SDK_Communication_Protocol.pdf
[2.230s] -- Up-to-date: /workspaces/foxy_ws/src/omorobot_r1_mini/install/ydlidar_sdk/share/YDLIDAR_SDK/doc/howto
[2.234s] -- Up-to-date: /workspaces/foxy_ws/src/omorobot_r1_mini/install/ydlidar_sdk/share/YDLIDAR_SDK/doc/howto/README.md
[2.237s] -- Up-to-date: /workspaces/foxy_ws/src/omorobot_r1_mini/install/ydlidar_sdk/share/YDLIDAR_SDK/doc/howto/how_to_build_and_debug_using_vscode.md
[2.241s] -- Up-to-date: /workspaces/foxy_ws/src/omorobot_r1_mini/install/ydlidar_sdk/share/YDLIDAR_SDK/doc/howto/how_to_build_and_install.md
[2.246s] -- Up-to-date: /workspaces/foxy_ws/src/omorobot_r1_mini/install/ydlidar_sdk/share/YDLIDAR_SDK/doc/howto/how_to_create_a_csharp_project.md
[2.249s] -- Up-to-date: /workspaces/foxy_ws/src/omorobot_r1_mini/install/ydlidar_sdk/share/YDLIDAR_SDK/doc/howto/how_to_create_a_pull.md
[2.258s] -- Up-to-date: /workspaces/foxy_ws/src/omorobot_r1_mini/install/ydlidar_sdk/share/YDLIDAR_SDK/doc/howto/how_to_create_a_udev_rules.md
[2.261s] -- Up-to-date: /workspaces/foxy_ws/src/omorobot_r1_mini/install/ydlidar_sdk/share/YDLIDAR_SDK/doc/howto/how_to_gerenrate_vs_project_by_cmake.md
[2.269s] -- Up-to-date: /workspaces/foxy_ws/src/omorobot_r1_mini/install/ydlidar_sdk/share/YDLIDAR_SDK/doc/howto/how_to_solve_slow_pull_from_cn.md
[2.271s] -- Up-to-date: /workspaces/foxy_ws/src/omorobot_r1_mini/install/ydlidar_sdk/share/YDLIDAR_SDK/doc/howto/images
[2.275s] -- Up-to-date: /workspaces/foxy_ws/src/omorobot_r1_mini/install/ydlidar_sdk/share/YDLIDAR_SDK/doc/howto/images/cpack.png
[2.281s] -- Up-to-date: /workspaces/foxy_ws/src/omorobot_r1_mini/install/ydlidar_sdk/share/YDLIDAR_SDK/doc/howto/images/csharp_build.png
[2.289s] -- Up-to-date: /workspaces/foxy_ws/src/omorobot_r1_mini/install/ydlidar_sdk/share/YDLIDAR_SDK/doc/howto/images/csharp_exception.png
[2.292s] -- Up-to-date: /workspaces/foxy_ws/src/omorobot_r1_mini/install/ydlidar_sdk/share/YDLIDAR_SDK/doc/howto/images/csharp_library.png
[2.298s] -- Up-to-date: /workspaces/foxy_ws/src/omorobot_r1_mini/install/ydlidar_sdk/share/YDLIDAR_SDK/doc/howto/images/csharp_project.png
[2.302s] -- Up-to-date: /workspaces/foxy_ws/src/omorobot_r1_mini/install/ydlidar_sdk/share/YDLIDAR_SDK/doc/howto/images/csharp_running.png
[2.305s] -- Up-to-date: /workspaces/foxy_ws/src/omorobot_r1_mini/install/ydlidar_sdk/share/YDLIDAR_SDK/doc/howto/images/sdk_init.png
[2.308s] -- Up-to-date: /workspaces/foxy_ws/src/omorobot_r1_mini/install/ydlidar_sdk/share/YDLIDAR_SDK/doc/howto/images/sdk_scanning.png
[2.313s] -- Up-to-date: /workspaces/foxy_ws/src/omorobot_r1_mini/install/ydlidar_sdk/share/YDLIDAR_SDK/doc/howto/images/sequence.png
[2.315s] -- Up-to-date: /workspaces/foxy_ws/src/omorobot_r1_mini/install/ydlidar_sdk/share/YDLIDAR_SDK/doc/howto/images/ttyUSB0.png
[2.320s] -- Up-to-date: /workspaces/foxy_ws/src/omorobot_r1_mini/install/ydlidar_sdk/share/YDLIDAR_SDK/doc/howto/images/ttyUSB1.png
[2.323s] -- Up-to-date: /workspaces/foxy_ws/src/omorobot_r1_mini/install/ydlidar_sdk/share/YDLIDAR_SDK/doc/howto/images/vscode
[2.325s] -- Up-to-date: /workspaces/foxy_ws/src/omorobot_r1_mini/install/ydlidar_sdk/share/YDLIDAR_SDK/doc/howto/images/vscode/run_tasks.jpg
[2.329s] -- Up-to-date: /workspaces/foxy_ws/src/omorobot_r1_mini/install/ydlidar_sdk/share/YDLIDAR_SDK/doc/howto/images/vscode/tasks.png
[2.334s] -- Up-to-date: /workspaces/foxy_ws/src/omorobot_r1_mini/install/ydlidar_sdk/share/YDLIDAR_SDK/doc/howto/images/ydlidar_lidar_monitor.png
[2.339s] -- Up-to-date: /workspaces/foxy_ws/src/omorobot_r1_mini/install/ydlidar_sdk/share/YDLIDAR_SDK/doc/images
[2.345s] -- Up-to-date: /workspaces/foxy_ws/src/omorobot_r1_mini/install/ydlidar_sdk/share/YDLIDAR_SDK/doc/images/EAI.png
[2.347s] -- Up-to-date: /workspaces/foxy_ws/src/omorobot_r1_mini/install/ydlidar_sdk/share/YDLIDAR_SDK/doc/images/FlowChart.png
[2.352s] -- Up-to-date: /workspaces/foxy_ws/src/omorobot_r1_mini/install/ydlidar_sdk/share/YDLIDAR_SDK/doc/images/YDLidar.jpg
[2.357s] -- Up-to-date: /workspaces/foxy_ws/src/omorobot_r1_mini/install/ydlidar_sdk/share/YDLIDAR_SDK/doc/images/YDLidar.png
[2.361s] -- Up-to-date: /workspaces/foxy_ws/src/omorobot_r1_mini/install/ydlidar_sdk/share/YDLIDAR_SDK/doc/images/angle_q2.png
[2.366s] -- Up-to-date: /workspaces/foxy_ws/src/omorobot_r1_mini/install/ydlidar_sdk/share/YDLIDAR_SDK/doc/images/communication_mechanism.png
[2.373s] -- Up-to-date: /workspaces/foxy_ws/src/omorobot_r1_mini/install/ydlidar_sdk/share/YDLIDAR_SDK/doc/images/frame.png
[2.376s] -- Up-to-date: /workspaces/foxy_ws/src/omorobot_r1_mini/install/ydlidar_sdk/share/YDLIDAR_SDK/doc/images/frame_intensity.png
[2.382s] -- Up-to-date: /workspaces/foxy_ws/src/omorobot_r1_mini/install/ydlidar_sdk/share/YDLIDAR_SDK/doc/images/sdk_architecture.png
[2.385s] -- Up-to-date: /workspaces/foxy_ws/src/omorobot_r1_mini/install/ydlidar_sdk/share/YDLIDAR_SDK/doc/images/sdk_init.png
[2.398s] -- Up-to-date: /workspaces/foxy_ws/src/omorobot_r1_mini/install/ydlidar_sdk/share/YDLIDAR_SDK/doc/images/sdk_scanning.png
[2.406s] -- Up-to-date: /workspaces/foxy_ws/src/omorobot_r1_mini/install/ydlidar_sdk/share/YDLIDAR_SDK/doc/images/sequence.png
[2.411s] -- Up-to-date: /workspaces/foxy_ws/src/omorobot_r1_mini/install/ydlidar_sdk/share/YDLIDAR_SDK/doc/images/system_workflow.png
[2.415s] -- Up-to-date: /workspaces/foxy_ws/src/omorobot_r1_mini/install/ydlidar_sdk/share/YDLIDAR_SDK/doc/quickstart
[2.435s] -- Up-to-date: /workspaces/foxy_ws/src/omorobot_r1_mini/install/ydlidar_sdk/share/YDLIDAR_SDK/doc/quickstart/README.md
[2.439s] -- Up-to-date: /workspaces/foxy_ws/src/omorobot_r1_mini/install/ydlidar_sdk/share/YDLIDAR_SDK/doc/quickstart/ydlidar_sdk_software_installation_guide.md
[2.443s] -- Up-to-date: /workspaces/foxy_ws/src/omorobot_r1_mini/install/ydlidar_sdk/share/YDLIDAR_SDK/doc/tutorials
[2.464s] -- Up-to-date: /workspaces/foxy_ws/src/omorobot_r1_mini/install/ydlidar_sdk/share/YDLIDAR_SDK/doc/tutorials/examine_the_simple_lidar_tutorial.md
[2.478s] -- Up-to-date: /workspaces/foxy_ws/src/omorobot_r1_mini/install/ydlidar_sdk/share/YDLIDAR_SDK/doc/tutorials/writing_lidar_network_adapter_tutorial_c++.md
[2.481s] -- Up-to-date: /workspaces/foxy_ws/src/omorobot_r1_mini/install/ydlidar_sdk/share/YDLIDAR_SDK/doc/tutorials/writing_lidar_tutorial_c++.md
[2.488s] -- Up-to-date: /workspaces/foxy_ws/src/omorobot_r1_mini/install/ydlidar_sdk/share/YDLIDAR_SDK/doc/tutorials/writing_lidar_tutorial_c.md
[2.498s] -- Up-to-date: /workspaces/foxy_ws/src/omorobot_r1_mini/install/ydlidar_sdk/share/YDLIDAR_SDK/doc/tutorials/writing_lidar_tutorial_python.md
[2.502s] -- Up-to-date: /workspaces/foxy_ws/src/omorobot_r1_mini/install/ydlidar_sdk/startup/initenv.sh
[2.549s] -- Up-to-date: /workspaces/foxy_ws/src/omorobot_r1_mini/install/ydlidar_sdk/bin/etlidar_test
[2.555s] -- Up-to-date: /workspaces/foxy_ws/src/omorobot_r1_mini/install/ydlidar_sdk/bin/tof_test
[2.567s] -- Up-to-date: /workspaces/foxy_ws/src/omorobot_r1_mini/install/ydlidar_sdk/bin/ydlidar_test
[2.575s] -- Up-to-date: /workspaces/foxy_ws/src/omorobot_r1_mini/install/ydlidar_sdk/bin/lidar_c_api_test
[2.634s] Invoked command in '/workspaces/foxy_ws/src/omorobot_r1_mini/build/ydlidar_sdk' returned '0': /usr/bin/cmake --install /workspaces/foxy_ws/src/omorobot_r1_mini/build/ydlidar_sdk
