[0.520s] Invoking command in '/workspaces/foxy_ws/src/omorobot_r1_mini/src/build/omo_r1mini_cartographer': CMAKE_PREFIX_PATH=${CMAKE_PREFIX_PATH}:/workspaces/foxy_ws/src/nav2_slam_example/src/install/unity_slam_example:/workspaces/foxy_ws/src/nav2_slam_example/src/install/ros_tcp_endpoint:/workspaces/foxy_ws/src/omorobot_r1_mini/src/install/omo_r1mini_teleop:/workspaces/foxy_ws/src/omorobot_r1_mini/src/install/omo_r1mini_bringup:/workspaces/foxy_ws/src/gcamp_ros2_ws/install/py_topic_pkg:/workspaces/foxy_ws/src/gcamp_ros2_ws/install/py_service_pkg:/workspaces/foxy_ws/src/gcamp_ros2_ws/install/py_first_pkg:/workspaces/foxy_ws/src/gcamp_ros2_ws/install/py_action_pkg:/opt/ros/foxy /usr/bin/cmake /workspaces/foxy_ws/src/omorobot_r1_mini/src/omo_r1mini-foxy/omo_r1mini_cartographer -DCMAKE_INSTALL_PREFIX=/workspaces/foxy_ws/src/omorobot_r1_mini/src/install/omo_r1mini_cartographer
[1.312s] -- Found ament_cmake: 0.9.8 (/opt/ros/foxy/share/ament_cmake/cmake)
[1.320s] -- Using PYTHON_EXECUTABLE: /usr/bin/python3
[1.358s] -- Override CMake install command with custom implementation using symlinks instead of copying resources
[1.982s] -- Configuring done
[2.405s] -- Generating done
[2.628s] -- Build files have been written to: /workspaces/foxy_ws/src/omorobot_r1_mini/src/build/omo_r1mini_cartographer
[2.691s] Invoked command in '/workspaces/foxy_ws/src/omorobot_r1_mini/src/build/omo_r1mini_cartographer' returned '0': CMAKE_PREFIX_PATH=${CMAKE_PREFIX_PATH}:/workspaces/foxy_ws/src/nav2_slam_example/src/install/unity_slam_example:/workspaces/foxy_ws/src/nav2_slam_example/src/install/ros_tcp_endpoint:/workspaces/foxy_ws/src/omorobot_r1_mini/src/install/omo_r1mini_teleop:/workspaces/foxy_ws/src/omorobot_r1_mini/src/install/omo_r1mini_bringup:/workspaces/foxy_ws/src/gcamp_ros2_ws/install/py_topic_pkg:/workspaces/foxy_ws/src/gcamp_ros2_ws/install/py_service_pkg:/workspaces/foxy_ws/src/gcamp_ros2_ws/install/py_first_pkg:/workspaces/foxy_ws/src/gcamp_ros2_ws/install/py_action_pkg:/opt/ros/foxy /usr/bin/cmake /workspaces/foxy_ws/src/omorobot_r1_mini/src/omo_r1mini-foxy/omo_r1mini_cartographer -DCMAKE_INSTALL_PREFIX=/workspaces/foxy_ws/src/omorobot_r1_mini/src/install/omo_r1mini_cartographer
[2.715s] Invoking command in '/workspaces/foxy_ws/src/omorobot_r1_mini/src/build/omo_r1mini_cartographer': CMAKE_PREFIX_PATH=${CMAKE_PREFIX_PATH}:/workspaces/foxy_ws/src/nav2_slam_example/src/install/unity_slam_example:/workspaces/foxy_ws/src/nav2_slam_example/src/install/ros_tcp_endpoint:/workspaces/foxy_ws/src/omorobot_r1_mini/src/install/omo_r1mini_teleop:/workspaces/foxy_ws/src/omorobot_r1_mini/src/install/omo_r1mini_bringup:/workspaces/foxy_ws/src/gcamp_ros2_ws/install/py_topic_pkg:/workspaces/foxy_ws/src/gcamp_ros2_ws/install/py_service_pkg:/workspaces/foxy_ws/src/gcamp_ros2_ws/install/py_first_pkg:/workspaces/foxy_ws/src/gcamp_ros2_ws/install/py_action_pkg:/opt/ros/foxy /usr/bin/cmake --build /workspaces/foxy_ws/src/omorobot_r1_mini/src/build/omo_r1mini_cartographer -- -j8 -l8
[3.541s] Invoked command in '/workspaces/foxy_ws/src/omorobot_r1_mini/src/build/omo_r1mini_cartographer' returned '0': CMAKE_PREFIX_PATH=${CMAKE_PREFIX_PATH}:/workspaces/foxy_ws/src/nav2_slam_example/src/install/unity_slam_example:/workspaces/foxy_ws/src/nav2_slam_example/src/install/ros_tcp_endpoint:/workspaces/foxy_ws/src/omorobot_r1_mini/src/install/omo_r1mini_teleop:/workspaces/foxy_ws/src/omorobot_r1_mini/src/install/omo_r1mini_bringup:/workspaces/foxy_ws/src/gcamp_ros2_ws/install/py_topic_pkg:/workspaces/foxy_ws/src/gcamp_ros2_ws/install/py_service_pkg:/workspaces/foxy_ws/src/gcamp_ros2_ws/install/py_first_pkg:/workspaces/foxy_ws/src/gcamp_ros2_ws/install/py_action_pkg:/opt/ros/foxy /usr/bin/cmake --build /workspaces/foxy_ws/src/omorobot_r1_mini/src/build/omo_r1mini_cartographer -- -j8 -l8
[4.377s] Invoking command in '/workspaces/foxy_ws/src/omorobot_r1_mini/src/build/omo_r1mini_cartographer': CMAKE_PREFIX_PATH=${CMAKE_PREFIX_PATH}:/workspaces/foxy_ws/src/nav2_slam_example/src/install/unity_slam_example:/workspaces/foxy_ws/src/nav2_slam_example/src/install/ros_tcp_endpoint:/workspaces/foxy_ws/src/omorobot_r1_mini/src/install/omo_r1mini_teleop:/workspaces/foxy_ws/src/omorobot_r1_mini/src/install/omo_r1mini_bringup:/workspaces/foxy_ws/src/gcamp_ros2_ws/install/py_topic_pkg:/workspaces/foxy_ws/src/gcamp_ros2_ws/install/py_service_pkg:/workspaces/foxy_ws/src/gcamp_ros2_ws/install/py_first_pkg:/workspaces/foxy_ws/src/gcamp_ros2_ws/install/py_action_pkg:/opt/ros/foxy /usr/bin/cmake --install /workspaces/foxy_ws/src/omorobot_r1_mini/src/build/omo_r1mini_cartographer
[4.512s] -- Install configuration: ""
[4.531s] -- Execute custom install script
[4.565s] -- Up-to-date symlink: /workspaces/foxy_ws/src/omorobot_r1_mini/src/install/omo_r1mini_cartographer/share/omo_r1mini_cartographer/config/omo_r1mini_lidar.lua
[4.579s] -- Up-to-date symlink: /workspaces/foxy_ws/src/omorobot_r1_mini/src/install/omo_r1mini_cartographer/share/omo_r1mini_cartographer/launch/cartographer.launch.py
[4.592s] -- Up-to-date symlink: /workspaces/foxy_ws/src/omorobot_r1_mini/src/install/omo_r1mini_cartographer/share/omo_r1mini_cartographer/launch/cartographer_rviz.launch.py
[4.606s] -- Up-to-date symlink: /workspaces/foxy_ws/src/omorobot_r1_mini/src/install/omo_r1mini_cartographer/share/omo_r1mini_cartographer/launch/occupancy_grid.launch.py
[4.635s] -- Up-to-date symlink: /workspaces/foxy_ws/src/omorobot_r1_mini/src/install/omo_r1mini_cartographer/share/omo_r1mini_cartographer/rviz/omo_r1mini_cartographer.rviz
[4.658s] -- Up-to-date symlink: /workspaces/foxy_ws/src/omorobot_r1_mini/src/install/omo_r1mini_cartographer/share/ament_index/resource_index/package_run_dependencies/omo_r1mini_cartographer
[4.681s] -- Up-to-date symlink: /workspaces/foxy_ws/src/omorobot_r1_mini/src/install/omo_r1mini_cartographer/share/ament_index/resource_index/parent_prefix_path/omo_r1mini_cartographer
[4.715s] -- Up-to-date symlink: /workspaces/foxy_ws/src/omorobot_r1_mini/src/install/omo_r1mini_cartographer/share/omo_r1mini_cartographer/environment/ament_prefix_path.sh
[4.742s] -- Up-to-date symlink: /workspaces/foxy_ws/src/omorobot_r1_mini/src/install/omo_r1mini_cartographer/share/omo_r1mini_cartographer/environment/ament_prefix_path.dsv
[4.755s] -- Up-to-date symlink: /workspaces/foxy_ws/src/omorobot_r1_mini/src/install/omo_r1mini_cartographer/share/omo_r1mini_cartographer/environment/path.sh
[4.780s] -- Up-to-date symlink: /workspaces/foxy_ws/src/omorobot_r1_mini/src/install/omo_r1mini_cartographer/share/omo_r1mini_cartographer/environment/path.dsv
[4.804s] -- Up-to-date symlink: /workspaces/foxy_ws/src/omorobot_r1_mini/src/install/omo_r1mini_cartographer/share/omo_r1mini_cartographer/local_setup.bash
[4.822s] -- Up-to-date symlink: /workspaces/foxy_ws/src/omorobot_r1_mini/src/install/omo_r1mini_cartographer/share/omo_r1mini_cartographer/local_setup.sh
[4.843s] -- Up-to-date symlink: /workspaces/foxy_ws/src/omorobot_r1_mini/src/install/omo_r1mini_cartographer/share/omo_r1mini_cartographer/local_setup.zsh
[4.865s] -- Up-to-date symlink: /workspaces/foxy_ws/src/omorobot_r1_mini/src/install/omo_r1mini_cartographer/share/omo_r1mini_cartographer/local_setup.dsv
[4.885s] -- Symlinking: /workspaces/foxy_ws/src/omorobot_r1_mini/src/install/omo_r1mini_cartographer/share/omo_r1mini_cartographer/package.dsv
[5.048s] -- Up-to-date symlink: /workspaces/foxy_ws/src/omorobot_r1_mini/src/install/omo_r1mini_cartographer/share/ament_index/resource_index/packages/omo_r1mini_cartographer
[5.069s] -- Up-to-date symlink: /workspaces/foxy_ws/src/omorobot_r1_mini/src/install/omo_r1mini_cartographer/share/omo_r1mini_cartographer/cmake/omo_r1mini_cartographerConfig.cmake
[5.079s] -- Up-to-date symlink: /workspaces/foxy_ws/src/omorobot_r1_mini/src/install/omo_r1mini_cartographer/share/omo_r1mini_cartographer/cmake/omo_r1mini_cartographerConfig-version.cmake
[5.086s] -- Up-to-date symlink: /workspaces/foxy_ws/src/omorobot_r1_mini/src/install/omo_r1mini_cartographer/share/omo_r1mini_cartographer/package.xml
[5.091s] Invoked command in '/workspaces/foxy_ws/src/omorobot_r1_mini/src/build/omo_r1mini_cartographer' returned '0': CMAKE_PREFIX_PATH=${CMAKE_PREFIX_PATH}:/workspaces/foxy_ws/src/nav2_slam_example/src/install/unity_slam_example:/workspaces/foxy_ws/src/nav2_slam_example/src/install/ros_tcp_endpoint:/workspaces/foxy_ws/src/omorobot_r1_mini/src/install/omo_r1mini_teleop:/workspaces/foxy_ws/src/omorobot_r1_mini/src/install/omo_r1mini_bringup:/workspaces/foxy_ws/src/gcamp_ros2_ws/install/py_topic_pkg:/workspaces/foxy_ws/src/gcamp_ros2_ws/install/py_service_pkg:/workspaces/foxy_ws/src/gcamp_ros2_ws/install/py_first_pkg:/workspaces/foxy_ws/src/gcamp_ros2_ws/install/py_action_pkg:/opt/ros/foxy /usr/bin/cmake --install /workspaces/foxy_ws/src/omorobot_r1_mini/src/build/omo_r1mini_cartographer
