[0.235s] Invoking command in '/workspaces/foxy_ws/src/gcamp_ros2_ws/build/custom_interfaces': CMAKE_PREFIX_PATH=/opt/ros/foxy /usr/bin/cmake --build /workspaces/foxy_ws/src/gcamp_ros2_ws/build/custom_interfaces -- -j8 -l8
[0.977s] [  1%] Built target custom_interfaces__cpp
[0.987s] [ 12%] Built target custom_interfaces__rosidl_generator_c
[1.126s] [ 36%] Built target custom_interfaces__rosidl_typesupport_cpp
[1.130s] [ 44%] Built target custom_interfaces__rosidl_typesupport_introspection_cpp
[1.134s] [ 49%] Built target custom_interfaces__rosidl_typesupport_fastrtps_cpp
[1.165s] [ 68%] Built target custom_interfaces__rosidl_typesupport_c
[1.169s] [ 68%] Built target custom_interfaces__rosidl_typesupport_introspection_c
[1.266s] [ 79%] Built target custom_interfaces__rosidl_typesupport_fastrtps_c
[1.345s] [ 79%] Built target custom_interfaces
[1.523s] [ 80%] Built target custom_interfaces__py
[1.902s] [ 90%] Built target custom_interfaces__python
[2.421s] [ 95%] Built target custom_interfaces__rosidl_typesupport_c__pyext
[2.442s] [ 98%] Built target custom_interfaces__rosidl_typesupport_introspection_c__pyext
[2.459s] [100%] Built target custom_interfaces__rosidl_typesupport_fastrtps_c__pyext
[2.783s] Invoked command in '/workspaces/foxy_ws/src/gcamp_ros2_ws/build/custom_interfaces' returned '0': CMAKE_PREFIX_PATH=/opt/ros/foxy /usr/bin/cmake --build /workspaces/foxy_ws/src/gcamp_ros2_ws/build/custom_interfaces -- -j8 -l8
[3.362s] Invoking command in '/workspaces/foxy_ws/src/gcamp_ros2_ws/build/custom_interfaces': CMAKE_PREFIX_PATH=/opt/ros/foxy /usr/bin/cmake --install /workspaces/foxy_ws/src/gcamp_ros2_ws/build/custom_interfaces
[3.397s] -- Install configuration: ""
[3.403s] -- Execute custom install script
[3.407s] -- Up-to-date symlink: /workspaces/foxy_ws/src/gcamp_ros2_ws/install/custom_interfaces/share/ament_index/resource_index/rosidl_interfaces/custom_interfaces
[3.411s] -- Up-to-date symlink: /workspaces/foxy_ws/src/gcamp_ros2_ws/install/custom_interfaces/include/custom_interfaces/action/detail/fibonacci__functions.h
[3.416s] -- Up-to-date symlink: /workspaces/foxy_ws/src/gcamp_ros2_ws/install/custom_interfaces/include/custom_interfaces/action/detail/fibonacci__struct.h
[3.427s] -- Up-to-date symlink: /workspaces/foxy_ws/src/gcamp_ros2_ws/install/custom_interfaces/include/custom_interfaces/action/detail/fibonacci__type_support.h
[3.434s] -- Up-to-date symlink: /workspaces/foxy_ws/src/gcamp_ros2_ws/install/custom_interfaces/include/custom_interfaces/action/detail/maze__functions.h
[3.438s] -- Up-to-date symlink: /workspaces/foxy_ws/src/gcamp_ros2_ws/install/custom_interfaces/include/custom_interfaces/action/detail/maze__struct.h
[3.442s] -- Up-to-date symlink: /workspaces/foxy_ws/src/gcamp_ros2_ws/install/custom_interfaces/include/custom_interfaces/action/detail/maze__type_support.h
[3.450s] -- Up-to-date symlink: /workspaces/foxy_ws/src/gcamp_ros2_ws/install/custom_interfaces/include/custom_interfaces/action/fibonacci.h
[3.456s] -- Up-to-date symlink: /workspaces/foxy_ws/src/gcamp_ros2_ws/install/custom_interfaces/include/custom_interfaces/action/maze.h
[3.467s] -- Up-to-date symlink: /workspaces/foxy_ws/src/gcamp_ros2_ws/install/custom_interfaces/include/custom_interfaces/msg/detail/num__functions.h
[3.472s] -- Up-to-date symlink: /workspaces/foxy_ws/src/gcamp_ros2_ws/install/custom_interfaces/include/custom_interfaces/msg/detail/num__struct.h
[3.484s] -- Up-to-date symlink: /workspaces/foxy_ws/src/gcamp_ros2_ws/install/custom_interfaces/include/custom_interfaces/msg/detail/num__type_support.h
[3.494s] -- Up-to-date symlink: /workspaces/foxy_ws/src/gcamp_ros2_ws/install/custom_interfaces/include/custom_interfaces/msg/num.h
[3.504s] -- Up-to-date symlink: /workspaces/foxy_ws/src/gcamp_ros2_ws/install/custom_interfaces/include/custom_interfaces/msg/rosidl_generator_c__visibility_control.h
[3.509s] -- Up-to-date symlink: /workspaces/foxy_ws/src/gcamp_ros2_ws/install/custom_interfaces/include/custom_interfaces/srv/add_three_ints.h
[3.521s] -- Up-to-date symlink: /workspaces/foxy_ws/src/gcamp_ros2_ws/install/custom_interfaces/include/custom_interfaces/srv/detail/add_three_ints__functions.h
[3.531s] -- Up-to-date symlink: /workspaces/foxy_ws/src/gcamp_ros2_ws/install/custom_interfaces/include/custom_interfaces/srv/detail/add_three_ints__struct.h
[3.544s] -- Up-to-date symlink: /workspaces/foxy_ws/src/gcamp_ros2_ws/install/custom_interfaces/include/custom_interfaces/srv/detail/add_three_ints__type_support.h
[3.552s] -- Up-to-date symlink: /workspaces/foxy_ws/src/gcamp_ros2_ws/install/custom_interfaces/include/custom_interfaces/srv/detail/turning_control__functions.h
[3.565s] -- Up-to-date symlink: /workspaces/foxy_ws/src/gcamp_ros2_ws/install/custom_interfaces/include/custom_interfaces/srv/detail/turning_control__struct.h
[3.574s] -- Up-to-date symlink: /workspaces/foxy_ws/src/gcamp_ros2_ws/install/custom_interfaces/include/custom_interfaces/srv/detail/turning_control__type_support.h
[3.589s] -- Up-to-date symlink: /workspaces/foxy_ws/src/gcamp_ros2_ws/install/custom_interfaces/include/custom_interfaces/srv/turning_control.h
[3.595s] -- Up-to-date symlink: /workspaces/foxy_ws/src/gcamp_ros2_ws/install/custom_interfaces/share/custom_interfaces/environment/library_path.sh
[3.601s] -- Up-to-date symlink: /workspaces/foxy_ws/src/gcamp_ros2_ws/install/custom_interfaces/share/custom_interfaces/environment/library_path.dsv
[3.610s] -- Up-to-date symlink: /workspaces/foxy_ws/src/gcamp_ros2_ws/install/custom_interfaces/include/custom_interfaces/action/detail/fibonacci__rosidl_typesupport_fastrtps_c.h
[3.626s] -- Up-to-date symlink: /workspaces/foxy_ws/src/gcamp_ros2_ws/install/custom_interfaces/include/custom_interfaces/action/detail/maze__rosidl_typesupport_fastrtps_c.h
[3.641s] -- Up-to-date symlink: /workspaces/foxy_ws/src/gcamp_ros2_ws/install/custom_interfaces/include/custom_interfaces/msg/detail/num__rosidl_typesupport_fastrtps_c.h
[3.645s] -- Up-to-date symlink: /workspaces/foxy_ws/src/gcamp_ros2_ws/install/custom_interfaces/include/custom_interfaces/msg/rosidl_typesupport_fastrtps_c__visibility_control.h
[3.655s] -- Up-to-date symlink: /workspaces/foxy_ws/src/gcamp_ros2_ws/install/custom_interfaces/include/custom_interfaces/srv/detail/add_three_ints__rosidl_typesupport_fastrtps_c.h
[3.658s] -- Up-to-date symlink: /workspaces/foxy_ws/src/gcamp_ros2_ws/install/custom_interfaces/include/custom_interfaces/srv/detail/turning_control__rosidl_typesupport_fastrtps_c.h
[3.671s] -- Up-to-date symlink: /workspaces/foxy_ws/src/gcamp_ros2_ws/install/custom_interfaces/lib/libcustom_interfaces__rosidl_typesupport_fastrtps_c.so
[3.683s] -- Up-to-date symlink: /workspaces/foxy_ws/src/gcamp_ros2_ws/install/custom_interfaces/include/custom_interfaces/action/detail/fibonacci__rosidl_typesupport_fastrtps_cpp.hpp
[3.692s] -- Up-to-date symlink: /workspaces/foxy_ws/src/gcamp_ros2_ws/install/custom_interfaces/include/custom_interfaces/action/detail/maze__rosidl_typesupport_fastrtps_cpp.hpp
[3.699s] -- Up-to-date symlink: /workspaces/foxy_ws/src/gcamp_ros2_ws/install/custom_interfaces/include/custom_interfaces/msg/detail/num__rosidl_typesupport_fastrtps_cpp.hpp
[3.703s] -- Up-to-date symlink: /workspaces/foxy_ws/src/gcamp_ros2_ws/install/custom_interfaces/include/custom_interfaces/msg/rosidl_typesupport_fastrtps_cpp__visibility_control.h
[3.713s] -- Up-to-date symlink: /workspaces/foxy_ws/src/gcamp_ros2_ws/install/custom_interfaces/include/custom_interfaces/srv/detail/add_three_ints__rosidl_typesupport_fastrtps_cpp.hpp
[3.722s] -- Up-to-date symlink: /workspaces/foxy_ws/src/gcamp_ros2_ws/install/custom_interfaces/include/custom_interfaces/srv/detail/turning_control__rosidl_typesupport_fastrtps_cpp.hpp
[3.731s] -- Up-to-date symlink: /workspaces/foxy_ws/src/gcamp_ros2_ws/install/custom_interfaces/lib/libcustom_interfaces__rosidl_typesupport_fastrtps_cpp.so
[3.751s] -- Up-to-date symlink: /workspaces/foxy_ws/src/gcamp_ros2_ws/install/custom_interfaces/include/custom_interfaces/action/detail/fibonacci__rosidl_typesupport_introspection_c.h
[3.766s] -- Up-to-date symlink: /workspaces/foxy_ws/src/gcamp_ros2_ws/install/custom_interfaces/include/custom_interfaces/action/detail/maze__rosidl_typesupport_introspection_c.h
[3.772s] -- Up-to-date symlink: /workspaces/foxy_ws/src/gcamp_ros2_ws/install/custom_interfaces/include/custom_interfaces/msg/detail/num__rosidl_typesupport_introspection_c.h
[3.776s] -- Up-to-date symlink: /workspaces/foxy_ws/src/gcamp_ros2_ws/install/custom_interfaces/include/custom_interfaces/msg/rosidl_typesupport_introspection_c__visibility_control.h
[3.783s] -- Up-to-date symlink: /workspaces/foxy_ws/src/gcamp_ros2_ws/install/custom_interfaces/include/custom_interfaces/srv/detail/add_three_ints__rosidl_typesupport_introspection_c.h
[3.789s] -- Up-to-date symlink: /workspaces/foxy_ws/src/gcamp_ros2_ws/install/custom_interfaces/include/custom_interfaces/srv/detail/turning_control__rosidl_typesupport_introspection_c.h
[3.801s] -- Up-to-date symlink: /workspaces/foxy_ws/src/gcamp_ros2_ws/install/custom_interfaces/include/custom_interfaces/action/detail/fibonacci__builder.hpp
[3.806s] -- Up-to-date symlink: /workspaces/foxy_ws/src/gcamp_ros2_ws/install/custom_interfaces/include/custom_interfaces/action/detail/fibonacci__struct.hpp
[3.812s] -- Up-to-date symlink: /workspaces/foxy_ws/src/gcamp_ros2_ws/install/custom_interfaces/include/custom_interfaces/action/detail/fibonacci__traits.hpp
[3.820s] -- Up-to-date symlink: /workspaces/foxy_ws/src/gcamp_ros2_ws/install/custom_interfaces/include/custom_interfaces/action/detail/maze__builder.hpp
[3.824s] -- Up-to-date symlink: /workspaces/foxy_ws/src/gcamp_ros2_ws/install/custom_interfaces/include/custom_interfaces/action/detail/maze__struct.hpp
[3.829s] -- Up-to-date symlink: /workspaces/foxy_ws/src/gcamp_ros2_ws/install/custom_interfaces/include/custom_interfaces/action/detail/maze__traits.hpp
[3.836s] -- Up-to-date symlink: /workspaces/foxy_ws/src/gcamp_ros2_ws/install/custom_interfaces/include/custom_interfaces/action/fibonacci.hpp
[3.842s] -- Up-to-date symlink: /workspaces/foxy_ws/src/gcamp_ros2_ws/install/custom_interfaces/include/custom_interfaces/action/maze.hpp
[3.847s] -- Up-to-date symlink: /workspaces/foxy_ws/src/gcamp_ros2_ws/install/custom_interfaces/include/custom_interfaces/msg/detail/num__builder.hpp
[3.851s] -- Up-to-date symlink: /workspaces/foxy_ws/src/gcamp_ros2_ws/install/custom_interfaces/include/custom_interfaces/msg/detail/num__struct.hpp
[3.861s] -- Up-to-date symlink: /workspaces/foxy_ws/src/gcamp_ros2_ws/install/custom_interfaces/include/custom_interfaces/msg/detail/num__traits.hpp
[3.865s] -- Up-to-date symlink: /workspaces/foxy_ws/src/gcamp_ros2_ws/install/custom_interfaces/include/custom_interfaces/msg/num.hpp
[3.869s] -- Up-to-date symlink: /workspaces/foxy_ws/src/gcamp_ros2_ws/install/custom_interfaces/include/custom_interfaces/srv/add_three_ints.hpp
[3.872s] -- Up-to-date symlink: /workspaces/foxy_ws/src/gcamp_ros2_ws/install/custom_interfaces/include/custom_interfaces/srv/detail/add_three_ints__builder.hpp
[3.885s] -- Up-to-date symlink: /workspaces/foxy_ws/src/gcamp_ros2_ws/install/custom_interfaces/include/custom_interfaces/srv/detail/add_three_ints__struct.hpp
[3.889s] -- Up-to-date symlink: /workspaces/foxy_ws/src/gcamp_ros2_ws/install/custom_interfaces/include/custom_interfaces/srv/detail/add_three_ints__traits.hpp
[3.893s] -- Up-to-date symlink: /workspaces/foxy_ws/src/gcamp_ros2_ws/install/custom_interfaces/include/custom_interfaces/srv/detail/turning_control__builder.hpp
[3.897s] -- Up-to-date symlink: /workspaces/foxy_ws/src/gcamp_ros2_ws/install/custom_interfaces/include/custom_interfaces/srv/detail/turning_control__struct.hpp
[3.902s] -- Up-to-date symlink: /workspaces/foxy_ws/src/gcamp_ros2_ws/install/custom_interfaces/include/custom_interfaces/srv/detail/turning_control__traits.hpp
[3.909s] -- Up-to-date symlink: /workspaces/foxy_ws/src/gcamp_ros2_ws/install/custom_interfaces/include/custom_interfaces/srv/turning_control.hpp
[3.916s] -- Up-to-date symlink: /workspaces/foxy_ws/src/gcamp_ros2_ws/install/custom_interfaces/include/custom_interfaces/action/detail/fibonacci__rosidl_typesupport_introspection_cpp.hpp
[3.919s] -- Up-to-date symlink: /workspaces/foxy_ws/src/gcamp_ros2_ws/install/custom_interfaces/include/custom_interfaces/action/detail/maze__rosidl_typesupport_introspection_cpp.hpp
[3.924s] -- Up-to-date symlink: /workspaces/foxy_ws/src/gcamp_ros2_ws/install/custom_interfaces/include/custom_interfaces/msg/detail/num__rosidl_typesupport_introspection_cpp.hpp
[3.931s] -- Up-to-date symlink: /workspaces/foxy_ws/src/gcamp_ros2_ws/install/custom_interfaces/include/custom_interfaces/srv/detail/add_three_ints__rosidl_typesupport_introspection_cpp.hpp
[3.937s] -- Up-to-date symlink: /workspaces/foxy_ws/src/gcamp_ros2_ws/install/custom_interfaces/include/custom_interfaces/srv/detail/turning_control__rosidl_typesupport_introspection_cpp.hpp
[3.943s] -- Up-to-date symlink: /workspaces/foxy_ws/src/gcamp_ros2_ws/install/custom_interfaces/share/custom_interfaces/environment/pythonpath.sh
[3.947s] -- Up-to-date symlink: /workspaces/foxy_ws/src/gcamp_ros2_ws/install/custom_interfaces/share/custom_interfaces/environment/pythonpath.dsv
[3.952s] -- Up-to-date symlink: /workspaces/foxy_ws/src/gcamp_ros2_ws/install/custom_interfaces/lib/python3.8/site-packages/custom_interfaces/__init__.py
[3.958s] -- Up-to-date symlink: /workspaces/foxy_ws/src/gcamp_ros2_ws/install/custom_interfaces/lib/python3.8/site-packages/custom_interfaces/msg/__init__.py
[3.961s] -- Up-to-date symlink: /workspaces/foxy_ws/src/gcamp_ros2_ws/install/custom_interfaces/lib/python3.8/site-packages/custom_interfaces/msg/_num.py
[3.969s] -- Up-to-date symlink: /workspaces/foxy_ws/src/gcamp_ros2_ws/install/custom_interfaces/lib/python3.8/site-packages/custom_interfaces/srv/__init__.py
[3.973s] -- Up-to-date symlink: /workspaces/foxy_ws/src/gcamp_ros2_ws/install/custom_interfaces/lib/python3.8/site-packages/custom_interfaces/srv/_add_three_ints.py
[3.976s] -- Up-to-date symlink: /workspaces/foxy_ws/src/gcamp_ros2_ws/install/custom_interfaces/lib/python3.8/site-packages/custom_interfaces/srv/_turning_control.py
[3.983s] -- Up-to-date symlink: /workspaces/foxy_ws/src/gcamp_ros2_ws/install/custom_interfaces/lib/python3.8/site-packages/custom_interfaces/action/__init__.py
[3.986s] -- Up-to-date symlink: /workspaces/foxy_ws/src/gcamp_ros2_ws/install/custom_interfaces/lib/python3.8/site-packages/custom_interfaces/action/_fibonacci.py
[3.990s] -- Up-to-date symlink: /workspaces/foxy_ws/src/gcamp_ros2_ws/install/custom_interfaces/lib/python3.8/site-packages/custom_interfaces/action/_maze.py
[3.999s] -- Up-to-date symlink: /workspaces/foxy_ws/src/gcamp_ros2_ws/install/custom_interfaces/lib/python3.8/site-packages/custom_interfaces/custom_interfaces_s__rosidl_typesupport_fastrtps_c.cpython-38-x86_64-linux-gnu.so
[4.005s] -- Up-to-date symlink: /workspaces/foxy_ws/src/gcamp_ros2_ws/install/custom_interfaces/lib/python3.8/site-packages/custom_interfaces/custom_interfaces_s__rosidl_typesupport_introspection_c.cpython-38-x86_64-linux-gnu.so
[4.017s] -- Up-to-date symlink: /workspaces/foxy_ws/src/gcamp_ros2_ws/install/custom_interfaces/lib/python3.8/site-packages/custom_interfaces/custom_interfaces_s__rosidl_typesupport_c.cpython-38-x86_64-linux-gnu.so
[4.024s] -- Up-to-date symlink: /workspaces/foxy_ws/src/gcamp_ros2_ws/install/custom_interfaces/lib/libcustom_interfaces__python.so
[4.038s] -- Up-to-date symlink: /workspaces/foxy_ws/src/gcamp_ros2_ws/install/custom_interfaces/share/custom_interfaces/msg/Num.idl
[4.042s] -- Up-to-date symlink: /workspaces/foxy_ws/src/gcamp_ros2_ws/install/custom_interfaces/share/custom_interfaces/srv/AddThreeInts.idl
[4.048s] -- Up-to-date symlink: /workspaces/foxy_ws/src/gcamp_ros2_ws/install/custom_interfaces/share/custom_interfaces/srv/TurningControl.idl
[4.056s] -- Up-to-date symlink: /workspaces/foxy_ws/src/gcamp_ros2_ws/install/custom_interfaces/share/custom_interfaces/action/Fibonacci.idl
[4.062s] -- Up-to-date symlink: /workspaces/foxy_ws/src/gcamp_ros2_ws/install/custom_interfaces/share/custom_interfaces/action/Maze.idl
[4.071s] -- Up-to-date symlink: /workspaces/foxy_ws/src/gcamp_ros2_ws/install/custom_interfaces/share/custom_interfaces/msg/Num.msg
[4.075s] -- Up-to-date symlink: /workspaces/foxy_ws/src/gcamp_ros2_ws/install/custom_interfaces/share/custom_interfaces/srv/AddThreeInts.srv
[4.084s] -- Up-to-date symlink: /workspaces/foxy_ws/src/gcamp_ros2_ws/install/custom_interfaces/share/custom_interfaces/srv/AddThreeInts_Request.msg
[4.090s] -- Up-to-date symlink: /workspaces/foxy_ws/src/gcamp_ros2_ws/install/custom_interfaces/share/custom_interfaces/srv/AddThreeInts_Response.msg
[4.095s] -- Up-to-date symlink: /workspaces/foxy_ws/src/gcamp_ros2_ws/install/custom_interfaces/share/custom_interfaces/srv/TurningControl.srv
[4.103s] -- Up-to-date symlink: /workspaces/foxy_ws/src/gcamp_ros2_ws/install/custom_interfaces/share/custom_interfaces/srv/TurningControl_Request.msg
[4.111s] -- Up-to-date symlink: /workspaces/foxy_ws/src/gcamp_ros2_ws/install/custom_interfaces/share/custom_interfaces/srv/TurningControl_Response.msg
[4.115s] -- Up-to-date symlink: /workspaces/foxy_ws/src/gcamp_ros2_ws/install/custom_interfaces/share/custom_interfaces/action/Fibonacci.action
[4.120s] -- Up-to-date symlink: /workspaces/foxy_ws/src/gcamp_ros2_ws/install/custom_interfaces/share/custom_interfaces/action/Maze.action
[4.131s] -- Up-to-date symlink: /workspaces/foxy_ws/src/gcamp_ros2_ws/install/custom_interfaces/share/ament_index/resource_index/package_run_dependencies/custom_interfaces
[4.136s] -- Up-to-date symlink: /workspaces/foxy_ws/src/gcamp_ros2_ws/install/custom_interfaces/share/ament_index/resource_index/parent_prefix_path/custom_interfaces
[4.145s] -- Up-to-date symlink: /workspaces/foxy_ws/src/gcamp_ros2_ws/install/custom_interfaces/share/custom_interfaces/environment/ament_prefix_path.sh
[4.151s] -- Up-to-date symlink: /workspaces/foxy_ws/src/gcamp_ros2_ws/install/custom_interfaces/share/custom_interfaces/environment/ament_prefix_path.dsv
[4.155s] -- Up-to-date symlink: /workspaces/foxy_ws/src/gcamp_ros2_ws/install/custom_interfaces/share/custom_interfaces/environment/path.sh
[4.158s] -- Up-to-date symlink: /workspaces/foxy_ws/src/gcamp_ros2_ws/install/custom_interfaces/share/custom_interfaces/environment/path.dsv
[4.165s] -- Up-to-date symlink: /workspaces/foxy_ws/src/gcamp_ros2_ws/install/custom_interfaces/share/custom_interfaces/local_setup.bash
[4.168s] -- Up-to-date symlink: /workspaces/foxy_ws/src/gcamp_ros2_ws/install/custom_interfaces/share/custom_interfaces/local_setup.sh
[4.172s] -- Up-to-date symlink: /workspaces/foxy_ws/src/gcamp_ros2_ws/install/custom_interfaces/share/custom_interfaces/local_setup.zsh
[4.179s] -- Up-to-date symlink: /workspaces/foxy_ws/src/gcamp_ros2_ws/install/custom_interfaces/share/custom_interfaces/local_setup.dsv
[4.182s] -- Symlinking: /workspaces/foxy_ws/src/gcamp_ros2_ws/install/custom_interfaces/share/custom_interfaces/package.dsv
[4.208s] -- Up-to-date symlink: /workspaces/foxy_ws/src/gcamp_ros2_ws/install/custom_interfaces/share/ament_index/resource_index/packages/custom_interfaces
[4.213s] -- Up-to-date symlink: /workspaces/foxy_ws/src/gcamp_ros2_ws/install/custom_interfaces/share/custom_interfaces/cmake/rosidl_cmake-extras.cmake
[4.223s] -- Up-to-date symlink: /workspaces/foxy_ws/src/gcamp_ros2_ws/install/custom_interfaces/share/custom_interfaces/cmake/ament_cmake_export_dependencies-extras.cmake
[4.229s] -- Up-to-date symlink: /workspaces/foxy_ws/src/gcamp_ros2_ws/install/custom_interfaces/share/custom_interfaces/cmake/ament_cmake_export_libraries-extras.cmake
[4.234s] -- Up-to-date symlink: /workspaces/foxy_ws/src/gcamp_ros2_ws/install/custom_interfaces/share/custom_interfaces/cmake/ament_cmake_export_targets-extras.cmake
[4.243s] -- Up-to-date symlink: /workspaces/foxy_ws/src/gcamp_ros2_ws/install/custom_interfaces/share/custom_interfaces/cmake/ament_cmake_export_include_directories-extras.cmake
[4.245s] -- Up-to-date symlink: /workspaces/foxy_ws/src/gcamp_ros2_ws/install/custom_interfaces/share/custom_interfaces/cmake/rosidl_cmake_export_typesupport_libraries-extras.cmake
[4.253s] -- Up-to-date symlink: /workspaces/foxy_ws/src/gcamp_ros2_ws/install/custom_interfaces/share/custom_interfaces/cmake/rosidl_cmake_export_typesupport_targets-extras.cmake
[4.256s] -- Up-to-date symlink: /workspaces/foxy_ws/src/gcamp_ros2_ws/install/custom_interfaces/share/custom_interfaces/cmake/custom_interfacesConfig.cmake
[4.260s] -- Up-to-date symlink: /workspaces/foxy_ws/src/gcamp_ros2_ws/install/custom_interfaces/share/custom_interfaces/cmake/custom_interfacesConfig-version.cmake
[4.266s] -- Up-to-date symlink: /workspaces/foxy_ws/src/gcamp_ros2_ws/install/custom_interfaces/share/custom_interfaces/package.xml
[4.271s] -- Up-to-date: /workspaces/foxy_ws/src/gcamp_ros2_ws/install/custom_interfaces/lib/libcustom_interfaces__rosidl_generator_c.so
[4.279s] -- Up-to-date: /workspaces/foxy_ws/src/gcamp_ros2_ws/install/custom_interfaces/lib/libcustom_interfaces__rosidl_typesupport_introspection_c.so
[4.288s] -- Up-to-date: /workspaces/foxy_ws/src/gcamp_ros2_ws/install/custom_interfaces/lib/libcustom_interfaces__rosidl_typesupport_c.so
[4.295s] -- Up-to-date: /workspaces/foxy_ws/src/gcamp_ros2_ws/install/custom_interfaces/lib/libcustom_interfaces__rosidl_typesupport_introspection_cpp.so
[4.303s] -- Up-to-date: /workspaces/foxy_ws/src/gcamp_ros2_ws/install/custom_interfaces/lib/libcustom_interfaces__rosidl_typesupport_cpp.so
[4.358s] -- Up-to-date: /workspaces/foxy_ws/src/gcamp_ros2_ws/install/custom_interfaces/share/custom_interfaces/cmake/custom_interfaces__rosidl_generator_cExport.cmake
[4.361s] -- Up-to-date: /workspaces/foxy_ws/src/gcamp_ros2_ws/install/custom_interfaces/share/custom_interfaces/cmake/custom_interfaces__rosidl_generator_cExport-noconfig.cmake
[4.367s] -- Up-to-date: /workspaces/foxy_ws/src/gcamp_ros2_ws/install/custom_interfaces/share/custom_interfaces/cmake/custom_interfaces__rosidl_typesupport_introspection_cExport.cmake
[4.371s] -- Up-to-date: /workspaces/foxy_ws/src/gcamp_ros2_ws/install/custom_interfaces/share/custom_interfaces/cmake/custom_interfaces__rosidl_typesupport_introspection_cExport-noconfig.cmake
[4.379s] -- Up-to-date: /workspaces/foxy_ws/src/gcamp_ros2_ws/install/custom_interfaces/share/custom_interfaces/cmake/custom_interfaces__rosidl_typesupport_cExport.cmake
[4.382s] -- Up-to-date: /workspaces/foxy_ws/src/gcamp_ros2_ws/install/custom_interfaces/share/custom_interfaces/cmake/custom_interfaces__rosidl_typesupport_cExport-noconfig.cmake
[4.386s] -- Up-to-date: /workspaces/foxy_ws/src/gcamp_ros2_ws/install/custom_interfaces/share/custom_interfaces/cmake/custom_interfaces__rosidl_generator_cppExport.cmake
[4.396s] -- Up-to-date: /workspaces/foxy_ws/src/gcamp_ros2_ws/install/custom_interfaces/share/custom_interfaces/cmake/custom_interfaces__rosidl_typesupport_introspection_cppExport.cmake
[4.398s] -- Up-to-date: /workspaces/foxy_ws/src/gcamp_ros2_ws/install/custom_interfaces/share/custom_interfaces/cmake/custom_interfaces__rosidl_typesupport_introspection_cppExport-noconfig.cmake
[4.407s] -- Up-to-date: /workspaces/foxy_ws/src/gcamp_ros2_ws/install/custom_interfaces/share/custom_interfaces/cmake/custom_interfaces__rosidl_typesupport_cppExport.cmake
[4.412s] -- Up-to-date: /workspaces/foxy_ws/src/gcamp_ros2_ws/install/custom_interfaces/share/custom_interfaces/cmake/custom_interfaces__rosidl_typesupport_cppExport-noconfig.cmake
[4.425s] Invoked command in '/workspaces/foxy_ws/src/gcamp_ros2_ws/build/custom_interfaces' returned '0': CMAKE_PREFIX_PATH=/opt/ros/foxy /usr/bin/cmake --install /workspaces/foxy_ws/src/gcamp_ros2_ws/build/custom_interfaces
