[0.241s] Invoking command in '/workspaces/foxy_ws/src/omorobot_r1_mini/build/omo_r1mini_cartographer': CMAKE_PREFIX_PATH=/opt/ros/foxy /usr/bin/cmake --build /workspaces/foxy_ws/src/omorobot_r1_mini/build/omo_r1mini_cartographer -- -j8 -l8
[0.665s] Invoked command in '/workspaces/foxy_ws/src/omorobot_r1_mini/build/omo_r1mini_cartographer' returned '0': CMAKE_PREFIX_PATH=/opt/ros/foxy /usr/bin/cmake --build /workspaces/foxy_ws/src/omorobot_r1_mini/build/omo_r1mini_cartographer -- -j8 -l8
[0.781s] Invoking command in '/workspaces/foxy_ws/src/omorobot_r1_mini/build/omo_r1mini_cartographer': CMAKE_PREFIX_PATH=/opt/ros/foxy /usr/bin/cmake --install /workspaces/foxy_ws/src/omorobot_r1_mini/build/omo_r1mini_cartographer
[0.824s] -- Install configuration: ""
[0.851s] -- Execute custom install script
[0.876s] -- Up-to-date symlink: /workspaces/foxy_ws/src/omorobot_r1_mini/install/omo_r1mini_cartographer/share/omo_r1mini_cartographer/config/omo_r1mini_lidar.lua
[0.904s] -- Up-to-date symlink: /workspaces/foxy_ws/src/omorobot_r1_mini/install/omo_r1mini_cartographer/share/omo_r1mini_cartographer/launch/cartographer.launch.py
[0.944s] -- Up-to-date symlink: /workspaces/foxy_ws/src/omorobot_r1_mini/install/omo_r1mini_cartographer/share/omo_r1mini_cartographer/launch/cartographer_rviz.launch.py
[0.968s] -- Up-to-date symlink: /workspaces/foxy_ws/src/omorobot_r1_mini/install/omo_r1mini_cartographer/share/omo_r1mini_cartographer/launch/occupancy_grid.launch.py
[0.986s] -- Up-to-date symlink: /workspaces/foxy_ws/src/omorobot_r1_mini/install/omo_r1mini_cartographer/share/omo_r1mini_cartographer/rviz/omo_r1mini_cartographer.rviz
[1.016s] -- Up-to-date symlink: /workspaces/foxy_ws/src/omorobot_r1_mini/install/omo_r1mini_cartographer/share/ament_index/resource_index/package_run_dependencies/omo_r1mini_cartographer
[1.039s] -- Up-to-date symlink: /workspaces/foxy_ws/src/omorobot_r1_mini/install/omo_r1mini_cartographer/share/ament_index/resource_index/parent_prefix_path/omo_r1mini_cartographer
[1.059s] -- Up-to-date symlink: /workspaces/foxy_ws/src/omorobot_r1_mini/install/omo_r1mini_cartographer/share/omo_r1mini_cartographer/environment/ament_prefix_path.sh
[1.094s] -- Up-to-date symlink: /workspaces/foxy_ws/src/omorobot_r1_mini/install/omo_r1mini_cartographer/share/omo_r1mini_cartographer/environment/ament_prefix_path.dsv
[1.125s] -- Up-to-date symlink: /workspaces/foxy_ws/src/omorobot_r1_mini/install/omo_r1mini_cartographer/share/omo_r1mini_cartographer/environment/path.sh
[1.162s] -- Up-to-date symlink: /workspaces/foxy_ws/src/omorobot_r1_mini/install/omo_r1mini_cartographer/share/omo_r1mini_cartographer/environment/path.dsv
[1.204s] -- Up-to-date symlink: /workspaces/foxy_ws/src/omorobot_r1_mini/install/omo_r1mini_cartographer/share/omo_r1mini_cartographer/local_setup.bash
[1.262s] -- Up-to-date symlink: /workspaces/foxy_ws/src/omorobot_r1_mini/install/omo_r1mini_cartographer/share/omo_r1mini_cartographer/local_setup.sh
[1.277s] -- Up-to-date symlink: /workspaces/foxy_ws/src/omorobot_r1_mini/install/omo_r1mini_cartographer/share/omo_r1mini_cartographer/local_setup.zsh
[1.307s] -- Up-to-date symlink: /workspaces/foxy_ws/src/omorobot_r1_mini/install/omo_r1mini_cartographer/share/omo_r1mini_cartographer/local_setup.dsv
[1.314s] -- Symlinking: /workspaces/foxy_ws/src/omorobot_r1_mini/install/omo_r1mini_cartographer/share/omo_r1mini_cartographer/package.dsv
[1.481s] -- Up-to-date symlink: /workspaces/foxy_ws/src/omorobot_r1_mini/install/omo_r1mini_cartographer/share/ament_index/resource_index/packages/omo_r1mini_cartographer
[1.503s] -- Up-to-date symlink: /workspaces/foxy_ws/src/omorobot_r1_mini/install/omo_r1mini_cartographer/share/omo_r1mini_cartographer/cmake/omo_r1mini_cartographerConfig.cmake
[1.511s] -- Up-to-date symlink: /workspaces/foxy_ws/src/omorobot_r1_mini/install/omo_r1mini_cartographer/share/omo_r1mini_cartographer/cmake/omo_r1mini_cartographerConfig-version.cmake
[1.529s] -- Up-to-date symlink: /workspaces/foxy_ws/src/omorobot_r1_mini/install/omo_r1mini_cartographer/share/omo_r1mini_cartographer/package.xml
[1.550s] Invoked command in '/workspaces/foxy_ws/src/omorobot_r1_mini/build/omo_r1mini_cartographer' returned '0': CMAKE_PREFIX_PATH=/opt/ros/foxy /usr/bin/cmake --install /workspaces/foxy_ws/src/omorobot_r1_mini/build/omo_r1mini_cartographer
