[0.232s] Invoking command in '/workspaces/foxy_ws/src/omorobot_r1_mini/src/build/omo_r1mini_navigation2': CMAKE_PREFIX_PATH=/opt/ros/foxy /usr/bin/cmake --build /workspaces/foxy_ws/src/omorobot_r1_mini/src/build/omo_r1mini_navigation2 -- -j8 -l8
[0.650s] Invoked command in '/workspaces/foxy_ws/src/omorobot_r1_mini/src/build/omo_r1mini_navigation2' returned '0': CMAKE_PREFIX_PATH=/opt/ros/foxy /usr/bin/cmake --build /workspaces/foxy_ws/src/omorobot_r1_mini/src/build/omo_r1mini_navigation2 -- -j8 -l8
[0.797s] Invoking command in '/workspaces/foxy_ws/src/omorobot_r1_mini/src/build/omo_r1mini_navigation2': CMAKE_PREFIX_PATH=/opt/ros/foxy /usr/bin/cmake --install /workspaces/foxy_ws/src/omorobot_r1_mini/src/build/omo_r1mini_navigation2
[0.831s] -- Install configuration: ""
[0.856s] -- Execute custom install script
[0.897s] -- Up-to-date symlink: /workspaces/foxy_ws/src/omorobot_r1_mini/src/install/omo_r1mini_navigation2/share/omo_r1mini_navigation2/launch/navigation2.launch.py
[0.926s] -- Up-to-date symlink: /workspaces/foxy_ws/src/omorobot_r1_mini/src/install/omo_r1mini_navigation2/share/omo_r1mini_navigation2/launch/navigation2_rviz.launch.py
[0.961s] -- Up-to-date symlink: /workspaces/foxy_ws/src/omorobot_r1_mini/src/install/omo_r1mini_navigation2/share/omo_r1mini_navigation2/map/turtlebot3_world.pgm
[0.985s] -- Up-to-date symlink: /workspaces/foxy_ws/src/omorobot_r1_mini/src/install/omo_r1mini_navigation2/share/omo_r1mini_navigation2/map/turtlebot3_world.yaml
[1.047s] -- Up-to-date symlink: /workspaces/foxy_ws/src/omorobot_r1_mini/src/install/omo_r1mini_navigation2/share/omo_r1mini_navigation2/param/omo_r1mini.yaml
[1.074s] -- Up-to-date symlink: /workspaces/foxy_ws/src/omorobot_r1_mini/src/install/omo_r1mini_navigation2/share/omo_r1mini_navigation2/rviz/tb3_navigation2.rviz
[1.129s] -- Up-to-date symlink: /workspaces/foxy_ws/src/omorobot_r1_mini/src/install/omo_r1mini_navigation2/share/ament_index/resource_index/package_run_dependencies/omo_r1mini_navigation2
[1.150s] -- Up-to-date symlink: /workspaces/foxy_ws/src/omorobot_r1_mini/src/install/omo_r1mini_navigation2/share/ament_index/resource_index/parent_prefix_path/omo_r1mini_navigation2
[1.174s] -- Up-to-date symlink: /workspaces/foxy_ws/src/omorobot_r1_mini/src/install/omo_r1mini_navigation2/share/omo_r1mini_navigation2/environment/ament_prefix_path.sh
[1.252s] -- Up-to-date symlink: /workspaces/foxy_ws/src/omorobot_r1_mini/src/install/omo_r1mini_navigation2/share/omo_r1mini_navigation2/environment/ament_prefix_path.dsv
[1.337s] -- Up-to-date symlink: /workspaces/foxy_ws/src/omorobot_r1_mini/src/install/omo_r1mini_navigation2/share/omo_r1mini_navigation2/environment/path.sh
[1.373s] -- Up-to-date symlink: /workspaces/foxy_ws/src/omorobot_r1_mini/src/install/omo_r1mini_navigation2/share/omo_r1mini_navigation2/environment/path.dsv
[1.414s] -- Up-to-date symlink: /workspaces/foxy_ws/src/omorobot_r1_mini/src/install/omo_r1mini_navigation2/share/omo_r1mini_navigation2/local_setup.bash
[1.424s] -- Up-to-date symlink: /workspaces/foxy_ws/src/omorobot_r1_mini/src/install/omo_r1mini_navigation2/share/omo_r1mini_navigation2/local_setup.sh
[1.468s] -- Up-to-date symlink: /workspaces/foxy_ws/src/omorobot_r1_mini/src/install/omo_r1mini_navigation2/share/omo_r1mini_navigation2/local_setup.zsh
[1.482s] -- Up-to-date symlink: /workspaces/foxy_ws/src/omorobot_r1_mini/src/install/omo_r1mini_navigation2/share/omo_r1mini_navigation2/local_setup.dsv
[1.485s] -- Symlinking: /workspaces/foxy_ws/src/omorobot_r1_mini/src/install/omo_r1mini_navigation2/share/omo_r1mini_navigation2/package.dsv
[1.552s] -- Up-to-date symlink: /workspaces/foxy_ws/src/omorobot_r1_mini/src/install/omo_r1mini_navigation2/share/ament_index/resource_index/packages/omo_r1mini_navigation2
[1.579s] -- Up-to-date symlink: /workspaces/foxy_ws/src/omorobot_r1_mini/src/install/omo_r1mini_navigation2/share/omo_r1mini_navigation2/cmake/omo_r1mini_navigation2Config.cmake
[1.617s] -- Up-to-date symlink: /workspaces/foxy_ws/src/omorobot_r1_mini/src/install/omo_r1mini_navigation2/share/omo_r1mini_navigation2/cmake/omo_r1mini_navigation2Config-version.cmake
[1.630s] -- Up-to-date symlink: /workspaces/foxy_ws/src/omorobot_r1_mini/src/install/omo_r1mini_navigation2/share/omo_r1mini_navigation2/package.xml
[1.929s] Invoked command in '/workspaces/foxy_ws/src/omorobot_r1_mini/src/build/omo_r1mini_navigation2' returned '0': CMAKE_PREFIX_PATH=/opt/ros/foxy /usr/bin/cmake --install /workspaces/foxy_ws/src/omorobot_r1_mini/src/build/omo_r1mini_navigation2
