[0.402s] DEBUG:colcon:Command line arguments: ['/usr/bin/colcon', 'build', '--symlink-install']
[0.403s] DEBUG:colcon:Parsed command line arguments: Namespace(ament_cmake_args=None, base_paths=['.'], build_base='build', catkin_cmake_args=None, catkin_skip_building_tests=False, cmake_args=None, cmake_clean_cache=False, cmake_clean_first=False, cmake_force_configure=False, cmake_target=None, cmake_target_skip_unavailable=False, continue_on_error=False, event_handlers=None, executor='parallel', ignore_user_meta=False, install_base='install', log_base=None, log_level=None, main=<bound method BuildVerb.main of <colcon_core.verb.build.BuildVerb object at 0x7fa385b311f0>>, merge_install=False, metas=['./colcon.meta'], packages_above=None, packages_above_and_dependencies=None, packages_above_depth=None, packages_end=None, packages_ignore=None, packages_ignore_regex=None, packages_select=None, packages_select_build_failed=False, packages_select_by_dep=None, packages_select_regex=None, packages_select_test_failures=False, packages_skip=None, packages_skip_build_finished=False, packages_skip_by_dep=None, packages_skip_regex=None, packages_skip_test_passed=False, packages_skip_up_to=None, packages_start=None, packages_up_to=None, packages_up_to_regex=None, parallel_workers=8, paths=None, symlink_install=True, test_result_base=None, verb_extension=<colcon_core.verb.build.BuildVerb object at 0x7fa385b311f0>, verb_name='build', verb_parser=<colcon_defaults.argument_parser.defaults.DefaultArgumentsDecorator object at 0x7fa385b314c0>)
[0.415s] Level 1:colcon.colcon_core.package_discovery:discover_packages(colcon_meta) check parameters
[0.417s] Level 1:colcon.colcon_core.package_discovery:discover_packages(recursive) check parameters
[0.418s] Level 1:colcon.colcon_core.package_discovery:discover_packages(ignore) check parameters
[0.419s] Level 1:colcon.colcon_core.package_discovery:discover_packages(path) check parameters
[0.419s] Level 1:colcon.colcon_core.package_discovery:discover_packages(colcon_meta) discover
[0.420s] Level 1:colcon.colcon_core.package_discovery:discover_packages(recursive) discover
[0.421s] INFO:colcon.colcon_core.package_discovery:Crawling recursively for packages in '/workspaces/foxy_ws/src/nav2_slam_example'
[0.422s] Level 1:colcon.colcon_core.package_identification:_identify(.) by extensions ['ignore', 'ignore_ament_install']
[0.422s] Level 1:colcon.colcon_core.package_identification:_identify(.) by extension 'ignore'
[0.423s] Level 1:colcon.colcon_core.package_identification:_identify(.) by extension 'ignore_ament_install'
[0.425s] Level 1:colcon.colcon_core.package_identification:_identify(.) by extensions ['colcon_pkg']
[0.426s] Level 1:colcon.colcon_core.package_identification:_identify(.) by extension 'colcon_pkg'
[0.427s] Level 1:colcon.colcon_core.package_identification:_identify(.) by extensions ['colcon_meta']
[0.428s] Level 1:colcon.colcon_core.package_identification:_identify(.) by extension 'colcon_meta'
[0.428s] Level 1:colcon.colcon_core.package_identification:_identify(.) by extensions ['ros']
[0.429s] Level 1:colcon.colcon_core.package_identification:_identify(.) by extension 'ros'
[0.444s] Level 1:colcon.colcon_core.package_identification:_identify(.) by extensions ['cmake', 'python']
[0.445s] Level 1:colcon.colcon_core.package_identification:_identify(.) by extension 'cmake'
[0.446s] Level 1:colcon.colcon_core.package_identification:_identify(.) by extension 'python'
[0.447s] Level 1:colcon.colcon_core.package_identification:_identify(.) by extensions ['python_setup_py']
[0.448s] Level 1:colcon.colcon_core.package_identification:_identify(.) by extension 'python_setup_py'
[0.452s] Level 1:colcon.colcon_core.package_identification:_identify(build) by extensions ['ignore', 'ignore_ament_install']
[0.454s] Level 1:colcon.colcon_core.package_identification:_identify(build) by extension 'ignore'
[0.455s] Level 1:colcon.colcon_core.package_identification:_identify(build) ignored
[0.456s] Level 1:colcon.colcon_core.package_identification:_identify(install) by extensions ['ignore', 'ignore_ament_install']
[0.458s] Level 1:colcon.colcon_core.package_identification:_identify(install) by extension 'ignore'
[0.459s] Level 1:colcon.colcon_core.package_identification:_identify(install) ignored
[0.462s] Level 1:colcon.colcon_core.package_identification:_identify(log) by extensions ['ignore', 'ignore_ament_install']
[0.462s] Level 1:colcon.colcon_core.package_identification:_identify(log) by extension 'ignore'
[0.463s] Level 1:colcon.colcon_core.package_identification:_identify(log) ignored
[0.463s] Level 1:colcon.colcon_core.package_identification:_identify(src) by extensions ['ignore', 'ignore_ament_install']
[0.464s] Level 1:colcon.colcon_core.package_identification:_identify(src) by extension 'ignore'
[0.465s] Level 1:colcon.colcon_core.package_identification:_identify(src) by extension 'ignore_ament_install'
[0.467s] Level 1:colcon.colcon_core.package_identification:_identify(src) by extensions ['colcon_pkg']
[0.468s] Level 1:colcon.colcon_core.package_identification:_identify(src) by extension 'colcon_pkg'
[0.469s] Level 1:colcon.colcon_core.package_identification:_identify(src) by extensions ['colcon_meta']
[0.470s] Level 1:colcon.colcon_core.package_identification:_identify(src) by extension 'colcon_meta'
[0.471s] Level 1:colcon.colcon_core.package_identification:_identify(src) by extensions ['ros']
[0.471s] Level 1:colcon.colcon_core.package_identification:_identify(src) by extension 'ros'
[0.475s] Level 1:colcon.colcon_core.package_identification:_identify(src) by extensions ['cmake', 'python']
[0.475s] Level 1:colcon.colcon_core.package_identification:_identify(src) by extension 'cmake'
[0.476s] Level 1:colcon.colcon_core.package_identification:_identify(src) by extension 'python'
[0.478s] Level 1:colcon.colcon_core.package_identification:_identify(src) by extensions ['python_setup_py']
[0.478s] Level 1:colcon.colcon_core.package_identification:_identify(src) by extension 'python_setup_py'
[0.480s] Level 1:colcon.colcon_core.package_identification:_identify(src/ROS-TCP-Endpoint) by extensions ['ignore', 'ignore_ament_install']
[0.481s] Level 1:colcon.colcon_core.package_identification:_identify(src/ROS-TCP-Endpoint) by extension 'ignore'
[0.482s] Level 1:colcon.colcon_core.package_identification:_identify(src/ROS-TCP-Endpoint) by extension 'ignore_ament_install'
[0.485s] Level 1:colcon.colcon_core.package_identification:_identify(src/ROS-TCP-Endpoint) by extensions ['colcon_pkg']
[0.485s] Level 1:colcon.colcon_core.package_identification:_identify(src/ROS-TCP-Endpoint) by extension 'colcon_pkg'
[0.487s] Level 1:colcon.colcon_core.package_identification:_identify(src/ROS-TCP-Endpoint) by extensions ['colcon_meta']
[0.488s] Level 1:colcon.colcon_core.package_identification:_identify(src/ROS-TCP-Endpoint) by extension 'colcon_meta'
[0.488s] Level 1:colcon.colcon_core.package_identification:_identify(src/ROS-TCP-Endpoint) by extensions ['ros']
[0.489s] Level 1:colcon.colcon_core.package_identification:_identify(src/ROS-TCP-Endpoint) by extension 'ros'
[0.498s] DEBUG:colcon.colcon_core.package_identification:Package 'src/ROS-TCP-Endpoint' with type 'ros.ament_python' and name 'ros_tcp_endpoint'
[0.499s] Level 1:colcon.colcon_core.package_identification:_identify(src/build) by extensions ['ignore', 'ignore_ament_install']
[0.500s] Level 1:colcon.colcon_core.package_identification:_identify(src/build) by extension 'ignore'
[0.501s] Level 1:colcon.colcon_core.package_identification:_identify(src/build) ignored
[0.502s] Level 1:colcon.colcon_core.package_identification:_identify(src/install) by extensions ['ignore', 'ignore_ament_install']
[0.502s] Level 1:colcon.colcon_core.package_identification:_identify(src/install) by extension 'ignore'
[0.503s] Level 1:colcon.colcon_core.package_identification:_identify(src/install) ignored
[0.506s] Level 1:colcon.colcon_core.package_identification:_identify(src/log) by extensions ['ignore', 'ignore_ament_install']
[0.507s] Level 1:colcon.colcon_core.package_identification:_identify(src/log) by extension 'ignore'
[0.508s] Level 1:colcon.colcon_core.package_identification:_identify(src/log) ignored
[0.510s] Level 1:colcon.colcon_core.package_identification:_identify(src/unity_slam_example) by extensions ['ignore', 'ignore_ament_install']
[0.515s] Level 1:colcon.colcon_core.package_identification:_identify(src/unity_slam_example) by extension 'ignore'
[0.517s] Level 1:colcon.colcon_core.package_identification:_identify(src/unity_slam_example) by extension 'ignore_ament_install'
[0.520s] Level 1:colcon.colcon_core.package_identification:_identify(src/unity_slam_example) by extensions ['colcon_pkg']
[0.521s] Level 1:colcon.colcon_core.package_identification:_identify(src/unity_slam_example) by extension 'colcon_pkg'
[0.523s] Level 1:colcon.colcon_core.package_identification:_identify(src/unity_slam_example) by extensions ['colcon_meta']
[0.523s] Level 1:colcon.colcon_core.package_identification:_identify(src/unity_slam_example) by extension 'colcon_meta'
[0.524s] Level 1:colcon.colcon_core.package_identification:_identify(src/unity_slam_example) by extensions ['ros']
[0.525s] Level 1:colcon.colcon_core.package_identification:_identify(src/unity_slam_example) by extension 'ros'
[0.532s] DEBUG:colcon.colcon_core.package_identification:Package 'src/unity_slam_example' with type 'ros.ament_python' and name 'unity_slam_example'
[0.533s] Level 1:colcon.colcon_core.package_discovery:discover_packages(recursive) using defaults
[0.534s] Level 1:colcon.colcon_core.package_discovery:discover_packages(ignore) discover
[0.535s] Level 1:colcon.colcon_core.package_discovery:discover_packages(ignore) using defaults
[0.535s] Level 1:colcon.colcon_core.package_discovery:discover_packages(path) discover
[0.536s] Level 1:colcon.colcon_core.package_discovery:discover_packages(path) using defaults
[0.559s] Level 5:colcon.colcon_core.verb:set package 'ros_tcp_endpoint' build argument 'cmake_args' from command line to 'None'
[0.560s] Level 5:colcon.colcon_core.verb:set package 'ros_tcp_endpoint' build argument 'cmake_target' from command line to 'None'
[0.561s] Level 5:colcon.colcon_core.verb:set package 'ros_tcp_endpoint' build argument 'cmake_target_skip_unavailable' from command line to 'False'
[0.561s] Level 5:colcon.colcon_core.verb:set package 'ros_tcp_endpoint' build argument 'cmake_clean_cache' from command line to 'False'
[0.562s] Level 5:colcon.colcon_core.verb:set package 'ros_tcp_endpoint' build argument 'cmake_clean_first' from command line to 'False'
[0.562s] Level 5:colcon.colcon_core.verb:set package 'ros_tcp_endpoint' build argument 'cmake_force_configure' from command line to 'False'
[0.563s] Level 5:colcon.colcon_core.verb:set package 'ros_tcp_endpoint' build argument 'ament_cmake_args' from command line to 'None'
[0.564s] Level 5:colcon.colcon_core.verb:set package 'ros_tcp_endpoint' build argument 'catkin_cmake_args' from command line to 'None'
[0.564s] Level 5:colcon.colcon_core.verb:set package 'ros_tcp_endpoint' build argument 'catkin_skip_building_tests' from command line to 'False'
[0.565s] DEBUG:colcon.colcon_core.verb:Building package 'ros_tcp_endpoint' with the following arguments: {'ament_cmake_args': None, 'build_base': '/workspaces/foxy_ws/src/nav2_slam_example/build/ros_tcp_endpoint', 'catkin_cmake_args': None, 'catkin_skip_building_tests': False, 'cmake_args': None, 'cmake_clean_cache': False, 'cmake_clean_first': False, 'cmake_force_configure': False, 'cmake_target': None, 'cmake_target_skip_unavailable': False, 'install_base': '/workspaces/foxy_ws/src/nav2_slam_example/install/ros_tcp_endpoint', 'merge_install': False, 'path': '/workspaces/foxy_ws/src/nav2_slam_example/src/ROS-TCP-Endpoint', 'symlink_install': True, 'test_result_base': None}
[0.568s] Level 5:colcon.colcon_core.verb:set package 'unity_slam_example' build argument 'cmake_args' from command line to 'None'
[0.569s] Level 5:colcon.colcon_core.verb:set package 'unity_slam_example' build argument 'cmake_target' from command line to 'None'
[0.569s] Level 5:colcon.colcon_core.verb:set package 'unity_slam_example' build argument 'cmake_target_skip_unavailable' from command line to 'False'
[0.570s] Level 5:colcon.colcon_core.verb:set package 'unity_slam_example' build argument 'cmake_clean_cache' from command line to 'False'
[0.571s] Level 5:colcon.colcon_core.verb:set package 'unity_slam_example' build argument 'cmake_clean_first' from command line to 'False'
[0.572s] Level 5:colcon.colcon_core.verb:set package 'unity_slam_example' build argument 'cmake_force_configure' from command line to 'False'
[0.572s] Level 5:colcon.colcon_core.verb:set package 'unity_slam_example' build argument 'ament_cmake_args' from command line to 'None'
[0.573s] Level 5:colcon.colcon_core.verb:set package 'unity_slam_example' build argument 'catkin_cmake_args' from command line to 'None'
[0.574s] Level 5:colcon.colcon_core.verb:set package 'unity_slam_example' build argument 'catkin_skip_building_tests' from command line to 'False'
[0.574s] DEBUG:colcon.colcon_core.verb:Building package 'unity_slam_example' with the following arguments: {'ament_cmake_args': None, 'build_base': '/workspaces/foxy_ws/src/nav2_slam_example/build/unity_slam_example', 'catkin_cmake_args': None, 'catkin_skip_building_tests': False, 'cmake_args': None, 'cmake_clean_cache': False, 'cmake_clean_first': False, 'cmake_force_configure': False, 'cmake_target': None, 'cmake_target_skip_unavailable': False, 'install_base': '/workspaces/foxy_ws/src/nav2_slam_example/install/unity_slam_example', 'merge_install': False, 'path': '/workspaces/foxy_ws/src/nav2_slam_example/src/unity_slam_example', 'symlink_install': True, 'test_result_base': None}
[0.576s] INFO:colcon.colcon_core.executor:Executing jobs using 'parallel' executor
[0.579s] DEBUG:colcon.colcon_parallel_executor.executor.parallel:run_until_complete
[0.580s] INFO:colcon.colcon_ros.task.ament_python.build:Building ROS package in '/workspaces/foxy_ws/src/nav2_slam_example/src/ROS-TCP-Endpoint' with build type 'ament_python'
[0.580s] Level 1:colcon.colcon_core.shell:create_environment_hook('ros_tcp_endpoint', 'ament_prefix_path')
[0.589s] INFO:colcon.colcon_core.plugin_system:Skipping extension 'colcon_core.shell.bat': Not used on non-Windows systems
[0.591s] INFO:colcon.colcon_core.shell:Creating environment hook '/workspaces/foxy_ws/src/nav2_slam_example/install/ros_tcp_endpoint/share/ros_tcp_endpoint/hook/ament_prefix_path.ps1'
[0.604s] INFO:colcon.colcon_core.shell:Creating environment descriptor '/workspaces/foxy_ws/src/nav2_slam_example/install/ros_tcp_endpoint/share/ros_tcp_endpoint/hook/ament_prefix_path.dsv'
[0.608s] INFO:colcon.colcon_core.shell:Creating environment hook '/workspaces/foxy_ws/src/nav2_slam_example/install/ros_tcp_endpoint/share/ros_tcp_endpoint/hook/ament_prefix_path.sh'
[0.616s] INFO:colcon.colcon_core.shell:Skip shell extension 'powershell' for command environment: Not usable outside of PowerShell
[0.617s] DEBUG:colcon.colcon_core.shell:Skip shell extension 'dsv' for command environment
[0.746s] DEBUG:colcon.colcon_core.shell:Ignoring prefix path '/opt/ros/foxy'
[0.758s] INFO:colcon.colcon_ros.task.ament_python.build:Building ROS package in '/workspaces/foxy_ws/src/nav2_slam_example/src/unity_slam_example' with build type 'ament_python'
[0.762s] Level 1:colcon.colcon_core.shell:create_environment_hook('unity_slam_example', 'ament_prefix_path')
[0.764s] INFO:colcon.colcon_core.shell:Creating environment hook '/workspaces/foxy_ws/src/nav2_slam_example/install/unity_slam_example/share/unity_slam_example/hook/ament_prefix_path.ps1'
[0.774s] INFO:colcon.colcon_core.shell:Creating environment descriptor '/workspaces/foxy_ws/src/nav2_slam_example/install/unity_slam_example/share/unity_slam_example/hook/ament_prefix_path.dsv'
[0.781s] INFO:colcon.colcon_core.shell:Creating environment hook '/workspaces/foxy_ws/src/nav2_slam_example/install/unity_slam_example/share/unity_slam_example/hook/ament_prefix_path.sh'
[0.792s] INFO:colcon.colcon_core.shell:Skip shell extension 'powershell' for command environment: Not usable outside of PowerShell
[0.793s] DEBUG:colcon.colcon_core.shell:Skip shell extension 'dsv' for command environment
[0.845s] DEBUG:colcon.colcon_core.shell:Ignoring prefix path '/opt/ros/foxy'
[1.244s] INFO:colcon.colcon_core.task.python.build:Building Python package in '/workspaces/foxy_ws/src/nav2_slam_example/src/ROS-TCP-Endpoint'
[1.247s] INFO:colcon.colcon_core.shell:Skip shell extension 'powershell' for command environment: Not usable outside of PowerShell
[1.247s] DEBUG:colcon.colcon_core.shell:Skip shell extension 'dsv' for command environment
[1.283s] DEBUG:colcon.colcon_core.shell:Ignoring prefix path '/opt/ros/foxy'
[1.657s] INFO:colcon.colcon_core.task.python.build:Building Python package in '/workspaces/foxy_ws/src/nav2_slam_example/src/unity_slam_example'
[1.659s] INFO:colcon.colcon_core.shell:Skip shell extension 'powershell' for command environment: Not usable outside of PowerShell
[1.660s] DEBUG:colcon.colcon_core.shell:Skip shell extension 'dsv' for command environment
[1.700s] DEBUG:colcon.colcon_core.shell:Ignoring prefix path '/opt/ros/foxy'
[1.790s] DEBUG:colcon.colcon_core.task.python.build:While undoing a previous installation files outside the Python library path are being ignored: /workspaces/foxy_ws/src/nav2_slam_example/install/ros_tcp_endpoint/share/ament_index/resource_index/packages/ros_tcp_endpoint
[1.792s] DEBUG:colcon.colcon_core.task.python.build:While undoing a previous installation files outside the Python library path are being ignored: /workspaces/foxy_ws/src/nav2_slam_example/install/ros_tcp_endpoint/share/ros_tcp_endpoint/package.xml
[1.794s] DEBUG:colcon.colcon_core.task.python.build:While undoing a previous installation files outside the Python library path are being ignored: /workspaces/foxy_ws/src/nav2_slam_example/install/ros_tcp_endpoint/share/ros_tcp_endpoint/launch/endpoint.py
[1.819s] DEBUG:colcon.colcon_core.task.python.build:While undoing a previous installation files outside the Python library path are being ignored: /workspaces/foxy_ws/src/nav2_slam_example/install/ros_tcp_endpoint/lib/ros_tcp_endpoint/default_server_endpoint
[1.884s] DEBUG:colcon.colcon_core.task.python.build:While undoing a previous installation files outside the Python library path are being ignored: /workspaces/foxy_ws/src/nav2_slam_example/install/unity_slam_example/share/ament_index/resource_index/packages/unity_slam_example
[1.886s] DEBUG:colcon.colcon_core.task.python.build:While undoing a previous installation files outside the Python library path are being ignored: /workspaces/foxy_ws/src/nav2_slam_example/install/unity_slam_example/share/unity_slam_example/package.xml
[1.887s] DEBUG:colcon.colcon_core.event_handler.log_command:Invoking command in '/workspaces/foxy_ws/src/nav2_slam_example/build/ros_tcp_endpoint': PYTHONPATH=/workspaces/foxy_ws/src/nav2_slam_example/install/ros_tcp_endpoint/lib/python3.8/site-packages:${PYTHONPATH} /usr/bin/python3 setup.py develop --prefix /workspaces/foxy_ws/src/nav2_slam_example/install/ros_tcp_endpoint --editable --build-directory /workspaces/foxy_ws/src/nav2_slam_example/build/ros_tcp_endpoint/build --no-deps install_data --install-dir /workspaces/foxy_ws/src/nav2_slam_example/install/ros_tcp_endpoint
[1.888s] DEBUG:colcon.colcon_core.task.python.build:While undoing a previous installation files outside the Python library path are being ignored: /workspaces/foxy_ws/src/nav2_slam_example/install/unity_slam_example/share/unity_slam_example/nav2_unity.rviz
[1.891s] DEBUG:colcon.colcon_core.task.python.build:While undoing a previous installation files outside the Python library path are being ignored: /workspaces/foxy_ws/src/nav2_slam_example/install/unity_slam_example/share/unity_slam_example/unity_slam_example.py
[1.994s] DEBUG:colcon.colcon_core.event_handler.log_command:Invoking command in '/workspaces/foxy_ws/src/nav2_slam_example/build/unity_slam_example': PYTHONPATH=/workspaces/foxy_ws/src/nav2_slam_example/install/unity_slam_example/lib/python3.8/site-packages:${PYTHONPATH} /usr/bin/python3 setup.py develop --prefix /workspaces/foxy_ws/src/nav2_slam_example/install/unity_slam_example --editable --build-directory /workspaces/foxy_ws/src/nav2_slam_example/build/unity_slam_example/build --no-deps install_data --install-dir /workspaces/foxy_ws/src/nav2_slam_example/install/unity_slam_example
[2.989s] Level 1:colcon.colcon_core.shell:create_environment_hook('ros_tcp_endpoint', 'pythonpath_develop')
[2.992s] INFO:colcon.colcon_core.shell:Creating environment hook '/workspaces/foxy_ws/src/nav2_slam_example/build/ros_tcp_endpoint/share/ros_tcp_endpoint/hook/pythonpath_develop.ps1'
[2.994s] DEBUG:colcon.colcon_core.event_handler.log_command:Invoked command in '/workspaces/foxy_ws/src/nav2_slam_example/build/ros_tcp_endpoint' returned '0': PYTHONPATH=/workspaces/foxy_ws/src/nav2_slam_example/install/ros_tcp_endpoint/lib/python3.8/site-packages:${PYTHONPATH} /usr/bin/python3 setup.py develop --prefix /workspaces/foxy_ws/src/nav2_slam_example/install/ros_tcp_endpoint --editable --build-directory /workspaces/foxy_ws/src/nav2_slam_example/build/ros_tcp_endpoint/build --no-deps install_data --install-dir /workspaces/foxy_ws/src/nav2_slam_example/install/ros_tcp_endpoint
[3.006s] INFO:colcon.colcon_core.shell:Creating environment descriptor '/workspaces/foxy_ws/src/nav2_slam_example/build/ros_tcp_endpoint/share/ros_tcp_endpoint/hook/pythonpath_develop.dsv'
[3.012s] INFO:colcon.colcon_core.shell:Creating environment hook '/workspaces/foxy_ws/src/nav2_slam_example/build/ros_tcp_endpoint/share/ros_tcp_endpoint/hook/pythonpath_develop.sh'
[3.023s] Level 1:colcon.colcon_core.environment:checking '/workspaces/foxy_ws/src/nav2_slam_example/install/ros_tcp_endpoint' for CMake module files
[3.043s] Level 1:colcon.colcon_core.environment:checking '/workspaces/foxy_ws/src/nav2_slam_example/install/ros_tcp_endpoint' for CMake config files
[3.049s] Level 1:colcon.colcon_core.environment:checking '/workspaces/foxy_ws/src/nav2_slam_example/install/ros_tcp_endpoint/lib'
[3.051s] Level 1:colcon.colcon_core.environment:checking '/workspaces/foxy_ws/src/nav2_slam_example/install/ros_tcp_endpoint/bin'
[3.052s] Level 1:colcon.colcon_core.environment:checking '/workspaces/foxy_ws/src/nav2_slam_example/install/ros_tcp_endpoint/lib/pkgconfig/ros_tcp_endpoint.pc'
[3.054s] Level 1:colcon.colcon_core.environment:checking '/workspaces/foxy_ws/src/nav2_slam_example/install/ros_tcp_endpoint/lib/python3.8/site-packages'
[3.054s] Level 1:colcon.colcon_core.shell:create_environment_hook('ros_tcp_endpoint', 'pythonpath')
[3.056s] INFO:colcon.colcon_core.shell:Creating environment hook '/workspaces/foxy_ws/src/nav2_slam_example/install/ros_tcp_endpoint/share/ros_tcp_endpoint/hook/pythonpath.ps1'
[3.059s] INFO:colcon.colcon_core.shell:Creating environment descriptor '/workspaces/foxy_ws/src/nav2_slam_example/install/ros_tcp_endpoint/share/ros_tcp_endpoint/hook/pythonpath.dsv'
[3.069s] INFO:colcon.colcon_core.shell:Creating environment hook '/workspaces/foxy_ws/src/nav2_slam_example/install/ros_tcp_endpoint/share/ros_tcp_endpoint/hook/pythonpath.sh'
[3.075s] Level 1:colcon.colcon_core.environment:create_environment_scripts_only(ros_tcp_endpoint)
[3.076s] INFO:colcon.colcon_core.shell:Creating package script '/workspaces/foxy_ws/src/nav2_slam_example/install/ros_tcp_endpoint/share/ros_tcp_endpoint/package.ps1'
[3.080s] INFO:colcon.colcon_core.shell:Creating package descriptor '/workspaces/foxy_ws/src/nav2_slam_example/install/ros_tcp_endpoint/share/ros_tcp_endpoint/package.dsv'
[3.084s] INFO:colcon.colcon_core.shell:Creating package script '/workspaces/foxy_ws/src/nav2_slam_example/install/ros_tcp_endpoint/share/ros_tcp_endpoint/package.sh'
[3.088s] INFO:colcon.colcon_core.shell:Creating package script '/workspaces/foxy_ws/src/nav2_slam_example/install/ros_tcp_endpoint/share/ros_tcp_endpoint/package.bash'
[3.092s] INFO:colcon.colcon_core.shell:Creating package script '/workspaces/foxy_ws/src/nav2_slam_example/install/ros_tcp_endpoint/share/ros_tcp_endpoint/package.zsh'
[3.095s] Level 1:colcon.colcon_core.environment:create_file_with_runtime_dependencies(/workspaces/foxy_ws/src/nav2_slam_example/install/ros_tcp_endpoint/share/colcon-core/packages/ros_tcp_endpoint)
[3.101s] Level 1:colcon.colcon_core.shell:create_environment_hook('unity_slam_example', 'pythonpath_develop')
[3.103s] INFO:colcon.colcon_core.shell:Creating environment hook '/workspaces/foxy_ws/src/nav2_slam_example/build/unity_slam_example/share/unity_slam_example/hook/pythonpath_develop.ps1'
[3.111s] DEBUG:colcon.colcon_core.event_handler.log_command:Invoked command in '/workspaces/foxy_ws/src/nav2_slam_example/build/unity_slam_example' returned '0': PYTHONPATH=/workspaces/foxy_ws/src/nav2_slam_example/install/unity_slam_example/lib/python3.8/site-packages:${PYTHONPATH} /usr/bin/python3 setup.py develop --prefix /workspaces/foxy_ws/src/nav2_slam_example/install/unity_slam_example --editable --build-directory /workspaces/foxy_ws/src/nav2_slam_example/build/unity_slam_example/build --no-deps install_data --install-dir /workspaces/foxy_ws/src/nav2_slam_example/install/unity_slam_example
[3.114s] INFO:colcon.colcon_core.shell:Creating environment descriptor '/workspaces/foxy_ws/src/nav2_slam_example/build/unity_slam_example/share/unity_slam_example/hook/pythonpath_develop.dsv'
[3.120s] INFO:colcon.colcon_core.shell:Creating environment hook '/workspaces/foxy_ws/src/nav2_slam_example/build/unity_slam_example/share/unity_slam_example/hook/pythonpath_develop.sh'
[3.127s] Level 1:colcon.colcon_core.environment:checking '/workspaces/foxy_ws/src/nav2_slam_example/install/unity_slam_example' for CMake module files
[3.154s] Level 1:colcon.colcon_core.environment:checking '/workspaces/foxy_ws/src/nav2_slam_example/install/unity_slam_example' for CMake config files
[3.160s] Level 1:colcon.colcon_core.environment:checking '/workspaces/foxy_ws/src/nav2_slam_example/install/unity_slam_example/lib'
[3.162s] Level 1:colcon.colcon_core.environment:checking '/workspaces/foxy_ws/src/nav2_slam_example/install/unity_slam_example/bin'
[3.167s] Level 1:colcon.colcon_core.environment:checking '/workspaces/foxy_ws/src/nav2_slam_example/install/unity_slam_example/lib/pkgconfig/unity_slam_example.pc'
[3.169s] Level 1:colcon.colcon_core.environment:checking '/workspaces/foxy_ws/src/nav2_slam_example/install/unity_slam_example/lib/python3.8/site-packages'
[3.170s] Level 1:colcon.colcon_core.shell:create_environment_hook('unity_slam_example', 'pythonpath')
[3.172s] INFO:colcon.colcon_core.shell:Creating environment hook '/workspaces/foxy_ws/src/nav2_slam_example/install/unity_slam_example/share/unity_slam_example/hook/pythonpath.ps1'
[3.176s] INFO:colcon.colcon_core.shell:Creating environment descriptor '/workspaces/foxy_ws/src/nav2_slam_example/install/unity_slam_example/share/unity_slam_example/hook/pythonpath.dsv'
[3.180s] INFO:colcon.colcon_core.shell:Creating environment hook '/workspaces/foxy_ws/src/nav2_slam_example/install/unity_slam_example/share/unity_slam_example/hook/pythonpath.sh'
[3.184s] Level 1:colcon.colcon_core.environment:create_environment_scripts_only(unity_slam_example)
[3.185s] INFO:colcon.colcon_core.shell:Creating package script '/workspaces/foxy_ws/src/nav2_slam_example/install/unity_slam_example/share/unity_slam_example/package.ps1'
[3.190s] INFO:colcon.colcon_core.shell:Creating package descriptor '/workspaces/foxy_ws/src/nav2_slam_example/install/unity_slam_example/share/unity_slam_example/package.dsv'
[3.195s] INFO:colcon.colcon_core.shell:Creating package script '/workspaces/foxy_ws/src/nav2_slam_example/install/unity_slam_example/share/unity_slam_example/package.sh'
[3.199s] INFO:colcon.colcon_core.shell:Creating package script '/workspaces/foxy_ws/src/nav2_slam_example/install/unity_slam_example/share/unity_slam_example/package.bash'
[3.205s] INFO:colcon.colcon_core.shell:Creating package script '/workspaces/foxy_ws/src/nav2_slam_example/install/unity_slam_example/share/unity_slam_example/package.zsh'
[3.209s] Level 1:colcon.colcon_core.environment:create_file_with_runtime_dependencies(/workspaces/foxy_ws/src/nav2_slam_example/install/unity_slam_example/share/colcon-core/packages/unity_slam_example)
[3.213s] DEBUG:colcon.colcon_parallel_executor.executor.parallel:closing loop
[3.214s] DEBUG:colcon.colcon_parallel_executor.executor.parallel:loop closed
[3.215s] DEBUG:colcon.colcon_parallel_executor.executor.parallel:run_until_complete finished with '0'
[3.219s] DEBUG:colcon.colcon_core.event_reactor:joining thread
[3.247s] INFO:colcon.colcon_core.plugin_system:Skipping extension 'colcon_notification.desktop_notification.notify_send': Could not find 'notify-send'
[3.248s] INFO:colcon.colcon_core.plugin_system:Skipping extension 'colcon_notification.desktop_notification.terminal_notifier': Not used on non-Darwin systems
[3.249s] INFO:colcon.colcon_core.plugin_system:Skipping extension 'colcon_notification.desktop_notification.win32': Not used on non-Windows systems
[3.250s] INFO:colcon.colcon_notification.desktop_notification:Sending desktop notification using 'notify2'
[3.291s] DEBUG:colcon.colcon_notification.desktop_notification.notify2:Failed to initialize notify2: org.freedesktop.DBus.Error.ServiceUnknown: The name org.freedesktop.Notifications was not provided by any .service files
[3.292s] DEBUG:colcon.colcon_core.event_reactor:joined thread
[3.295s] INFO:colcon.colcon_core.shell:Creating prefix script '/workspaces/foxy_ws/src/nav2_slam_example/install/local_setup.ps1'
[3.301s] INFO:colcon.colcon_core.shell:Creating prefix util module '/workspaces/foxy_ws/src/nav2_slam_example/install/_local_setup_util_ps1.py'
[3.316s] INFO:colcon.colcon_core.shell:Creating prefix chain script '/workspaces/foxy_ws/src/nav2_slam_example/install/setup.ps1'
[3.363s] INFO:colcon.colcon_core.shell:Creating prefix script '/workspaces/foxy_ws/src/nav2_slam_example/install/local_setup.sh'
[3.367s] INFO:colcon.colcon_core.shell:Creating prefix util module '/workspaces/foxy_ws/src/nav2_slam_example/install/_local_setup_util_sh.py'
[3.374s] INFO:colcon.colcon_core.shell:Creating prefix chain script '/workspaces/foxy_ws/src/nav2_slam_example/install/setup.sh'
[3.426s] INFO:colcon.colcon_core.shell:Creating prefix script '/workspaces/foxy_ws/src/nav2_slam_example/install/local_setup.bash'
[3.430s] INFO:colcon.colcon_core.shell:Creating prefix chain script '/workspaces/foxy_ws/src/nav2_slam_example/install/setup.bash'
[3.479s] INFO:colcon.colcon_core.shell:Creating prefix script '/workspaces/foxy_ws/src/nav2_slam_example/install/local_setup.zsh'
[3.483s] INFO:colcon.colcon_core.shell:Creating prefix chain script '/workspaces/foxy_ws/src/nav2_slam_example/install/setup.zsh'
