[0.720s] Invoking command in '/workspaces/foxy_ws/src/omorobot_r1_mini/build/ydlidar_sdk': /usr/bin/cmake --build /workspaces/foxy_ws/src/omorobot_r1_mini/build/ydlidar_sdk -- -j8 -l8
[1.024s] [ 58%] Built target ydlidar_sdk
[1.227s] [ 75%] Built target lidar_c_api_test
[1.248s] [ 83%] Built target etlidar_test
[1.264s] [ 91%] Built target ydlidar_test
[1.271s] [100%] Built target tof_test
[1.278s] [100%] Built target lidar_test
[1.410s] Invoked command in '/workspaces/foxy_ws/src/omorobot_r1_mini/build/ydlidar_sdk' returned '0': /usr/bin/cmake --build /workspaces/foxy_ws/src/omorobot_r1_mini/build/ydlidar_sdk -- -j8 -l8
[1.610s] Invoking command in '/workspaces/foxy_ws/src/omorobot_r1_mini/build/ydlidar_sdk': /usr/bin/cmake --install /workspaces/foxy_ws/src/omorobot_r1_mini/build/ydlidar_sdk
[1.755s] -- Install configuration: ""
[1.766s] -- Up-to-date: /workspaces/foxy_ws/src/omorobot_r1_mini/install/ydlidar_sdk/include/core/base/datatype.h
[1.771s] -- Up-to-date: /workspaces/foxy_ws/src/omorobot_r1_mini/install/ydlidar_sdk/include/core/base/locker.h
[1.775s] -- Up-to-date: /workspaces/foxy_ws/src/omorobot_r1_mini/install/ydlidar_sdk/include/core/base/thread.h
[1.780s] -- Up-to-date: /workspaces/foxy_ws/src/omorobot_r1_mini/install/ydlidar_sdk/include/core/base/timer.h
[1.795s] -- Up-to-date: /workspaces/foxy_ws/src/omorobot_r1_mini/install/ydlidar_sdk/include/core/base/typedef.h
[1.809s] -- Up-to-date: /workspaces/foxy_ws/src/omorobot_r1_mini/install/ydlidar_sdk/include/core/base/utils.h
[1.820s] -- Up-to-date: /workspaces/foxy_ws/src/omorobot_r1_mini/install/ydlidar_sdk/include/core/base/v8stdint.h
[1.832s] -- Up-to-date: /workspaces/foxy_ws/src/omorobot_r1_mini/install/ydlidar_sdk/include/core/base/ydlidar.h
[1.851s] -- Up-to-date: /workspaces/foxy_ws/src/omorobot_r1_mini/install/ydlidar_sdk/include/core/common/ChannelDevice.h
[1.857s] -- Up-to-date: /workspaces/foxy_ws/src/omorobot_r1_mini/install/ydlidar_sdk/include/core/common/DriverInterface.h
[1.870s] -- Up-to-date: /workspaces/foxy_ws/src/omorobot_r1_mini/install/ydlidar_sdk/include/core/common/ydlidar_datatype.h
[1.875s] -- Up-to-date: /workspaces/foxy_ws/src/omorobot_r1_mini/install/ydlidar_sdk/include/core/common/ydlidar_def.h
[1.884s] -- Up-to-date: /workspaces/foxy_ws/src/omorobot_r1_mini/install/ydlidar_sdk/include/core/common/ydlidar_help.h
[1.893s] -- Up-to-date: /workspaces/foxy_ws/src/omorobot_r1_mini/install/ydlidar_sdk/include/core/common/ydlidar_protocol.h
[1.898s] -- Up-to-date: /workspaces/foxy_ws/src/omorobot_r1_mini/install/ydlidar_sdk/include/core/math/angles.h
[1.908s] -- Up-to-date: /workspaces/foxy_ws/src/omorobot_r1_mini/install/ydlidar_sdk/include/core/network/ActiveSocket.h
[1.915s] -- Up-to-date: /workspaces/foxy_ws/src/omorobot_r1_mini/install/ydlidar_sdk/include/core/network/PassiveSocket.h
[1.923s] -- Up-to-date: /workspaces/foxy_ws/src/omorobot_r1_mini/install/ydlidar_sdk/include/core/network/SimpleSocket.h
[1.932s] -- Up-to-date: /workspaces/foxy_ws/src/omorobot_r1_mini/install/ydlidar_sdk/include/core/network/StatTimer.h
[1.937s] -- Up-to-date: /workspaces/foxy_ws/src/omorobot_r1_mini/install/ydlidar_sdk/include/core/serial/common.h
[1.941s] -- Up-to-date: /workspaces/foxy_ws/src/omorobot_r1_mini/install/ydlidar_sdk/include/core/serial/serial.h
[1.955s] -- Up-to-date: /workspaces/foxy_ws/src/omorobot_r1_mini/install/ydlidar_sdk/include/core/serial/impl/unix/lock.h
[1.965s] -- Up-to-date: /workspaces/foxy_ws/src/omorobot_r1_mini/install/ydlidar_sdk/include/core/serial/impl/unix/unix.h
[1.969s] -- Up-to-date: /workspaces/foxy_ws/src/omorobot_r1_mini/install/ydlidar_sdk/include/core/serial/impl/unix/unix_serial.h
[1.972s] -- Up-to-date: /workspaces/foxy_ws/src/omorobot_r1_mini/install/ydlidar_sdk/include/src/CYdLidar.h
[1.978s] -- Up-to-date: /workspaces/foxy_ws/src/omorobot_r1_mini/install/ydlidar_sdk/include/src/ETLidarDriver.h
[1.986s] -- Up-to-date: /workspaces/foxy_ws/src/omorobot_r1_mini/install/ydlidar_sdk/include/src/ydlidar_driver.h
[2.015s] -- Up-to-date: /workspaces/foxy_ws/src/omorobot_r1_mini/install/ydlidar_sdk/include/src/ydlidar_sdk.h
[2.021s] -- Up-to-date: /workspaces/foxy_ws/src/omorobot_r1_mini/install/ydlidar_sdk/include/ydlidar_config.h
[2.024s] -- Up-to-date: /workspaces/foxy_ws/src/omorobot_r1_mini/install/ydlidar_sdk/lib/libydlidar_sdk.a
[2.030s] -- Up-to-date: /workspaces/foxy_ws/src/omorobot_r1_mini/install/ydlidar_sdk/lib/pkgconfig/YDLIDAR_SDK.pc
[2.033s] -- Up-to-date: /workspaces/foxy_ws/src/omorobot_r1_mini/install/ydlidar_sdk/lib/cmake/ydlidar_sdk/ydlidar_sdkConfig.cmake
[2.047s] -- Up-to-date: /workspaces/foxy_ws/src/omorobot_r1_mini/install/ydlidar_sdk/lib/cmake/ydlidar_sdk/ydlidar_sdkTargets.cmake
[2.052s] -- Up-to-date: /workspaces/foxy_ws/src/omorobot_r1_mini/install/ydlidar_sdk/lib/cmake/ydlidar_sdk/ydlidar_sdkConfigVersion.cmake
[2.064s] -- Up-to-date: /workspaces/foxy_ws/src/omorobot_r1_mini/install/ydlidar_sdk/share/YDLIDAR_SDK/FindYDLIDAR_SDK.cmake
[2.072s] -- Up-to-date: /workspaces/foxy_ws/src/omorobot_r1_mini/install/ydlidar_sdk/share/YDLIDAR_SDK
[2.081s] -- Up-to-date: /workspaces/foxy_ws/src/omorobot_r1_mini/install/ydlidar_sdk/share/YDLIDAR_SDK/FindPackage.cmake.in
[2.092s] -- Up-to-date: /workspaces/foxy_ws/src/omorobot_r1_mini/install/ydlidar_sdk/share/YDLIDAR_SDK/PackageConfig.cmake.in
[2.097s] -- Up-to-date: /workspaces/foxy_ws/src/omorobot_r1_mini/install/ydlidar_sdk/share/YDLIDAR_SDK/PackageConfigVersion.cmake.in
[2.114s] -- Up-to-date: /workspaces/foxy_ws/src/omorobot_r1_mini/install/ydlidar_sdk/share/YDLIDAR_SDK/PkgConfig.pc.in
[2.119s] -- Up-to-date: /workspaces/foxy_ws/src/omorobot_r1_mini/install/ydlidar_sdk/share/YDLIDAR_SDK/cmake_uninstall.cmake.in
[2.129s] -- Up-to-date: /workspaces/foxy_ws/src/omorobot_r1_mini/install/ydlidar_sdk/share/YDLIDAR_SDK/common
[2.147s] -- Up-to-date: /workspaces/foxy_ws/src/omorobot_r1_mini/install/ydlidar_sdk/share/YDLIDAR_SDK/common/ydlidar_base.cmake
[2.159s] -- Up-to-date: /workspaces/foxy_ws/src/omorobot_r1_mini/install/ydlidar_sdk/share/YDLIDAR_SDK/common/ydlidar_parse.cmake
[2.166s] -- Up-to-date: /workspaces/foxy_ws/src/omorobot_r1_mini/install/ydlidar_sdk/share/YDLIDAR_SDK/install_package.cmake
[2.180s] -- Up-to-date: /workspaces/foxy_ws/src/omorobot_r1_mini/install/ydlidar_sdk/share/YDLIDAR_SDK/script_show_final_summary.cmake
[2.190s] -- Up-to-date: /workspaces/foxy_ws/src/omorobot_r1_mini/install/ydlidar_sdk/share/YDLIDAR_SDK/LICENSE.txt
[2.195s] -- Up-to-date: /workspaces/foxy_ws/src/omorobot_r1_mini/install/ydlidar_sdk/share/YDLIDAR_SDK/README.md
[2.202s] -- Up-to-date: /workspaces/foxy_ws/src/omorobot_r1_mini/install/ydlidar_sdk/share/YDLIDAR_SDK/doc
[2.218s] -- Up-to-date: /workspaces/foxy_ws/src/omorobot_r1_mini/install/ydlidar_sdk/share/YDLIDAR_SDK/doc/Dataset.md
[2.222s] -- Up-to-date: /workspaces/foxy_ws/src/omorobot_r1_mini/install/ydlidar_sdk/share/YDLIDAR_SDK/doc/Diagram.md
[2.231s] -- Up-to-date: /workspaces/foxy_ws/src/omorobot_r1_mini/install/ydlidar_sdk/share/YDLIDAR_SDK/doc/FAQs
[2.235s] -- Up-to-date: /workspaces/foxy_ws/src/omorobot_r1_mini/install/ydlidar_sdk/share/YDLIDAR_SDK/doc/FAQs/General_FAQs.md
[2.242s] -- Up-to-date: /workspaces/foxy_ws/src/omorobot_r1_mini/install/ydlidar_sdk/share/YDLIDAR_SDK/doc/FAQs/General_FAQs_cn.md
[2.253s] -- Up-to-date: /workspaces/foxy_ws/src/omorobot_r1_mini/install/ydlidar_sdk/share/YDLIDAR_SDK/doc/FAQs/Hardware_FAQs.md
[2.258s] -- Up-to-date: /workspaces/foxy_ws/src/omorobot_r1_mini/install/ydlidar_sdk/share/YDLIDAR_SDK/doc/FAQs/Hardware_FAQs_cn.md
[2.265s] -- Up-to-date: /workspaces/foxy_ws/src/omorobot_r1_mini/install/ydlidar_sdk/share/YDLIDAR_SDK/doc/FAQs/README.md
[2.270s] -- Up-to-date: /workspaces/foxy_ws/src/omorobot_r1_mini/install/ydlidar_sdk/share/YDLIDAR_SDK/doc/FAQs/Software_FAQs.md
[2.276s] -- Up-to-date: /workspaces/foxy_ws/src/omorobot_r1_mini/install/ydlidar_sdk/share/YDLIDAR_SDK/doc/FAQs/Software_FAQs_cn.md
[2.278s] -- Up-to-date: /workspaces/foxy_ws/src/omorobot_r1_mini/install/ydlidar_sdk/share/YDLIDAR_SDK/doc/README.md
[2.284s] -- Up-to-date: /workspaces/foxy_ws/src/omorobot_r1_mini/install/ydlidar_sdk/share/YDLIDAR_SDK/doc/SDK.pdf
[2.289s] -- Up-to-date: /workspaces/foxy_ws/src/omorobot_r1_mini/install/ydlidar_sdk/share/YDLIDAR_SDK/doc/Tutorials.md
[2.294s] -- Up-to-date: /workspaces/foxy_ws/src/omorobot_r1_mini/install/ydlidar_sdk/share/YDLIDAR_SDK/doc/YDLIDAR_SDK_API_for_Developers.md
[2.302s] -- Up-to-date: /workspaces/foxy_ws/src/omorobot_r1_mini/install/ydlidar_sdk/share/YDLIDAR_SDK/doc/YDLidar-SDK-Communication-Protocol.html
[2.307s] -- Up-to-date: /workspaces/foxy_ws/src/omorobot_r1_mini/install/ydlidar_sdk/share/YDLIDAR_SDK/doc/YDLidar-SDK-Communication-Protocol.md
[2.313s] -- Up-to-date: /workspaces/foxy_ws/src/omorobot_r1_mini/install/ydlidar_sdk/share/YDLIDAR_SDK/doc/YDLidar-SDK-Communication-Protocol.pdf
[2.322s] -- Up-to-date: /workspaces/foxy_ws/src/omorobot_r1_mini/install/ydlidar_sdk/share/YDLIDAR_SDK/doc/YDLidar_SDK_Communication_Protocol.pdf
[2.329s] -- Up-to-date: /workspaces/foxy_ws/src/omorobot_r1_mini/install/ydlidar_sdk/share/YDLIDAR_SDK/doc/howto
[2.341s] -- Up-to-date: /workspaces/foxy_ws/src/omorobot_r1_mini/install/ydlidar_sdk/share/YDLIDAR_SDK/doc/howto/README.md
[2.350s] -- Up-to-date: /workspaces/foxy_ws/src/omorobot_r1_mini/install/ydlidar_sdk/share/YDLIDAR_SDK/doc/howto/how_to_build_and_debug_using_vscode.md
[2.356s] -- Up-to-date: /workspaces/foxy_ws/src/omorobot_r1_mini/install/ydlidar_sdk/share/YDLIDAR_SDK/doc/howto/how_to_build_and_install.md
[2.364s] -- Up-to-date: /workspaces/foxy_ws/src/omorobot_r1_mini/install/ydlidar_sdk/share/YDLIDAR_SDK/doc/howto/how_to_create_a_csharp_project.md
[2.368s] -- Up-to-date: /workspaces/foxy_ws/src/omorobot_r1_mini/install/ydlidar_sdk/share/YDLIDAR_SDK/doc/howto/how_to_create_a_pull.md
[2.372s] -- Up-to-date: /workspaces/foxy_ws/src/omorobot_r1_mini/install/ydlidar_sdk/share/YDLIDAR_SDK/doc/howto/how_to_create_a_udev_rules.md
[2.376s] -- Up-to-date: /workspaces/foxy_ws/src/omorobot_r1_mini/install/ydlidar_sdk/share/YDLIDAR_SDK/doc/howto/how_to_gerenrate_vs_project_by_cmake.md
[2.382s] -- Up-to-date: /workspaces/foxy_ws/src/omorobot_r1_mini/install/ydlidar_sdk/share/YDLIDAR_SDK/doc/howto/how_to_solve_slow_pull_from_cn.md
[2.385s] -- Up-to-date: /workspaces/foxy_ws/src/omorobot_r1_mini/install/ydlidar_sdk/share/YDLIDAR_SDK/doc/howto/images
[2.393s] -- Up-to-date: /workspaces/foxy_ws/src/omorobot_r1_mini/install/ydlidar_sdk/share/YDLIDAR_SDK/doc/howto/images/cpack.png
[2.396s] -- Up-to-date: /workspaces/foxy_ws/src/omorobot_r1_mini/install/ydlidar_sdk/share/YDLIDAR_SDK/doc/howto/images/csharp_build.png
[2.401s] -- Up-to-date: /workspaces/foxy_ws/src/omorobot_r1_mini/install/ydlidar_sdk/share/YDLIDAR_SDK/doc/howto/images/csharp_exception.png
[2.405s] -- Up-to-date: /workspaces/foxy_ws/src/omorobot_r1_mini/install/ydlidar_sdk/share/YDLIDAR_SDK/doc/howto/images/csharp_library.png
[2.419s] -- Up-to-date: /workspaces/foxy_ws/src/omorobot_r1_mini/install/ydlidar_sdk/share/YDLIDAR_SDK/doc/howto/images/csharp_project.png
[2.423s] -- Up-to-date: /workspaces/foxy_ws/src/omorobot_r1_mini/install/ydlidar_sdk/share/YDLIDAR_SDK/doc/howto/images/csharp_running.png
[2.431s] -- Up-to-date: /workspaces/foxy_ws/src/omorobot_r1_mini/install/ydlidar_sdk/share/YDLIDAR_SDK/doc/howto/images/sdk_init.png
[2.437s] -- Up-to-date: /workspaces/foxy_ws/src/omorobot_r1_mini/install/ydlidar_sdk/share/YDLIDAR_SDK/doc/howto/images/sdk_scanning.png
[2.444s] -- Up-to-date: /workspaces/foxy_ws/src/omorobot_r1_mini/install/ydlidar_sdk/share/YDLIDAR_SDK/doc/howto/images/sequence.png
[2.448s] -- Up-to-date: /workspaces/foxy_ws/src/omorobot_r1_mini/install/ydlidar_sdk/share/YDLIDAR_SDK/doc/howto/images/ttyUSB0.png
[2.454s] -- Up-to-date: /workspaces/foxy_ws/src/omorobot_r1_mini/install/ydlidar_sdk/share/YDLIDAR_SDK/doc/howto/images/ttyUSB1.png
[2.463s] -- Up-to-date: /workspaces/foxy_ws/src/omorobot_r1_mini/install/ydlidar_sdk/share/YDLIDAR_SDK/doc/howto/images/vscode
[2.473s] -- Up-to-date: /workspaces/foxy_ws/src/omorobot_r1_mini/install/ydlidar_sdk/share/YDLIDAR_SDK/doc/howto/images/vscode/run_tasks.jpg
[2.481s] -- Up-to-date: /workspaces/foxy_ws/src/omorobot_r1_mini/install/ydlidar_sdk/share/YDLIDAR_SDK/doc/howto/images/vscode/tasks.png
[2.495s] -- Up-to-date: /workspaces/foxy_ws/src/omorobot_r1_mini/install/ydlidar_sdk/share/YDLIDAR_SDK/doc/howto/images/ydlidar_lidar_monitor.png
[2.505s] -- Up-to-date: /workspaces/foxy_ws/src/omorobot_r1_mini/install/ydlidar_sdk/share/YDLIDAR_SDK/doc/images
[2.525s] -- Up-to-date: /workspaces/foxy_ws/src/omorobot_r1_mini/install/ydlidar_sdk/share/YDLIDAR_SDK/doc/images/EAI.png
[2.528s] -- Up-to-date: /workspaces/foxy_ws/src/omorobot_r1_mini/install/ydlidar_sdk/share/YDLIDAR_SDK/doc/images/FlowChart.png
[2.531s] -- Up-to-date: /workspaces/foxy_ws/src/omorobot_r1_mini/install/ydlidar_sdk/share/YDLIDAR_SDK/doc/images/YDLidar.jpg
[2.546s] -- Up-to-date: /workspaces/foxy_ws/src/omorobot_r1_mini/install/ydlidar_sdk/share/YDLIDAR_SDK/doc/images/YDLidar.png
[2.548s] -- Up-to-date: /workspaces/foxy_ws/src/omorobot_r1_mini/install/ydlidar_sdk/share/YDLIDAR_SDK/doc/images/angle_q2.png
[2.550s] -- Up-to-date: /workspaces/foxy_ws/src/omorobot_r1_mini/install/ydlidar_sdk/share/YDLIDAR_SDK/doc/images/communication_mechanism.png
[2.552s] -- Up-to-date: /workspaces/foxy_ws/src/omorobot_r1_mini/install/ydlidar_sdk/share/YDLIDAR_SDK/doc/images/frame.png
[2.555s] -- Up-to-date: /workspaces/foxy_ws/src/omorobot_r1_mini/install/ydlidar_sdk/share/YDLIDAR_SDK/doc/images/frame_intensity.png
[2.557s] -- Up-to-date: /workspaces/foxy_ws/src/omorobot_r1_mini/install/ydlidar_sdk/share/YDLIDAR_SDK/doc/images/sdk_architecture.png
[2.569s] -- Up-to-date: /workspaces/foxy_ws/src/omorobot_r1_mini/install/ydlidar_sdk/share/YDLIDAR_SDK/doc/images/sdk_init.png
[2.572s] -- Up-to-date: /workspaces/foxy_ws/src/omorobot_r1_mini/install/ydlidar_sdk/share/YDLIDAR_SDK/doc/images/sdk_scanning.png
[2.583s] -- Up-to-date: /workspaces/foxy_ws/src/omorobot_r1_mini/install/ydlidar_sdk/share/YDLIDAR_SDK/doc/images/sequence.png
[2.587s] -- Up-to-date: /workspaces/foxy_ws/src/omorobot_r1_mini/install/ydlidar_sdk/share/YDLIDAR_SDK/doc/images/system_workflow.png
[2.590s] -- Up-to-date: /workspaces/foxy_ws/src/omorobot_r1_mini/install/ydlidar_sdk/share/YDLIDAR_SDK/doc/quickstart
[2.597s] -- Up-to-date: /workspaces/foxy_ws/src/omorobot_r1_mini/install/ydlidar_sdk/share/YDLIDAR_SDK/doc/quickstart/README.md
[2.602s] -- Up-to-date: /workspaces/foxy_ws/src/omorobot_r1_mini/install/ydlidar_sdk/share/YDLIDAR_SDK/doc/quickstart/ydlidar_sdk_software_installation_guide.md
[2.604s] -- Up-to-date: /workspaces/foxy_ws/src/omorobot_r1_mini/install/ydlidar_sdk/share/YDLIDAR_SDK/doc/tutorials
[2.616s] -- Up-to-date: /workspaces/foxy_ws/src/omorobot_r1_mini/install/ydlidar_sdk/share/YDLIDAR_SDK/doc/tutorials/examine_the_simple_lidar_tutorial.md
[2.622s] -- Up-to-date: /workspaces/foxy_ws/src/omorobot_r1_mini/install/ydlidar_sdk/share/YDLIDAR_SDK/doc/tutorials/writing_lidar_network_adapter_tutorial_c++.md
[2.625s] -- Up-to-date: /workspaces/foxy_ws/src/omorobot_r1_mini/install/ydlidar_sdk/share/YDLIDAR_SDK/doc/tutorials/writing_lidar_tutorial_c++.md
[2.630s] -- Up-to-date: /workspaces/foxy_ws/src/omorobot_r1_mini/install/ydlidar_sdk/share/YDLIDAR_SDK/doc/tutorials/writing_lidar_tutorial_c.md
[2.634s] -- Up-to-date: /workspaces/foxy_ws/src/omorobot_r1_mini/install/ydlidar_sdk/share/YDLIDAR_SDK/doc/tutorials/writing_lidar_tutorial_python.md
[2.637s] -- Up-to-date: /workspaces/foxy_ws/src/omorobot_r1_mini/install/ydlidar_sdk/startup/initenv.sh
[2.672s] -- Up-to-date: /workspaces/foxy_ws/src/omorobot_r1_mini/install/ydlidar_sdk/bin/etlidar_test
[2.682s] -- Up-to-date: /workspaces/foxy_ws/src/omorobot_r1_mini/install/ydlidar_sdk/bin/tof_test
[2.695s] -- Up-to-date: /workspaces/foxy_ws/src/omorobot_r1_mini/install/ydlidar_sdk/bin/ydlidar_test
[2.715s] -- Up-to-date: /workspaces/foxy_ws/src/omorobot_r1_mini/install/ydlidar_sdk/bin/lidar_c_api_test
[2.775s] Invoked command in '/workspaces/foxy_ws/src/omorobot_r1_mini/build/ydlidar_sdk' returned '0': /usr/bin/cmake --install /workspaces/foxy_ws/src/omorobot_r1_mini/build/ydlidar_sdk
