[1.107s] Invoking command in '/workspaces/foxy_ws/src/omorobot_r1_mini/build/omo_r1mini_teleop': PYTHONPATH=/workspaces/foxy_ws/src/omorobot_r1_mini/install/omo_r1mini_teleop/lib/python3.8/site-packages:${PYTHONPATH} /usr/bin/python3 setup.py develop --prefix /workspaces/foxy_ws/src/omorobot_r1_mini/install/omo_r1mini_teleop --editable --build-directory /workspaces/foxy_ws/src/omorobot_r1_mini/build/omo_r1mini_teleop/build --no-deps install_data --install-dir /workspaces/foxy_ws/src/omorobot_r1_mini/install/omo_r1mini_teleop
[7.550s] running develop
[7.565s] running egg_info
[7.569s] creating omo_r1mini_teleop.egg-info
[7.576s] writing omo_r1mini_teleop.egg-info/PKG-INFO
[7.580s] writing dependency_links to omo_r1mini_teleop.egg-info/dependency_links.txt
[7.586s] writing entry points to omo_r1mini_teleop.egg-info/entry_points.txt
[7.589s] writing requirements to omo_r1mini_teleop.egg-info/requires.txt
[7.599s] writing top-level names to omo_r1mini_teleop.egg-info/top_level.txt
[7.604s] writing manifest file 'omo_r1mini_teleop.egg-info/SOURCES.txt'
[7.612s] reading manifest file 'omo_r1mini_teleop.egg-info/SOURCES.txt'
[7.616s] writing manifest file 'omo_r1mini_teleop.egg-info/SOURCES.txt'
[7.625s] running build_ext
[7.629s] Creating /workspaces/foxy_ws/src/omorobot_r1_mini/install/omo_r1mini_teleop/lib/python3.8/site-packages/site.py
[7.636s] Creating /workspaces/foxy_ws/src/omorobot_r1_mini/install/omo_r1mini_teleop/lib/python3.8/site-packages/omo-r1mini-teleop.egg-link (link to .)
[7.639s] Installing teleop_keyboard script to /workspaces/foxy_ws/src/omorobot_r1_mini/install/omo_r1mini_teleop/lib/omo_r1mini_teleop
[7.647s] 
[7.657s] Installed /workspaces/foxy_ws/src/omorobot_r1_mini/build/omo_r1mini_teleop
[7.668s] running install_data
[7.676s] creating /workspaces/foxy_ws/src/omorobot_r1_mini/install/omo_r1mini_teleop/share/ament_index
[7.687s] creating /workspaces/foxy_ws/src/omorobot_r1_mini/install/omo_r1mini_teleop/share/ament_index/resource_index
[7.695s] creating /workspaces/foxy_ws/src/omorobot_r1_mini/install/omo_r1mini_teleop/share/ament_index/resource_index/packages
[7.702s] copying resource/omo_r1mini_teleop -> /workspaces/foxy_ws/src/omorobot_r1_mini/install/omo_r1mini_teleop/share/ament_index/resource_index/packages
[7.710s] copying package.xml -> /workspaces/foxy_ws/src/omorobot_r1_mini/install/omo_r1mini_teleop/share/omo_r1mini_teleop
[7.729s] Invoked command in '/workspaces/foxy_ws/src/omorobot_r1_mini/build/omo_r1mini_teleop' returned '0': PYTHONPATH=/workspaces/foxy_ws/src/omorobot_r1_mini/install/omo_r1mini_teleop/lib/python3.8/site-packages:${PYTHONPATH} /usr/bin/python3 setup.py develop --prefix /workspaces/foxy_ws/src/omorobot_r1_mini/install/omo_r1mini_teleop --editable --build-directory /workspaces/foxy_ws/src/omorobot_r1_mini/build/omo_r1mini_teleop/build --no-deps install_data --install-dir /workspaces/foxy_ws/src/omorobot_r1_mini/install/omo_r1mini_teleop
