[0.898s] Invoking command in '/workspaces/foxy_ws/src/omorobot_r1_mini/build/ydlidar_sdk': /usr/bin/cmake /workspaces/foxy_ws/src/omorobot_r1_mini/src/YDLidar-SDK -DCMAKE_INSTALL_PREFIX=/workspaces/foxy_ws/src/omorobot_r1_mini/install/ydlidar_sdk
[1.447s] -- The C compiler identification is GNU 9.3.0
[2.042s] -- The CXX compiler identification is GNU 9.3.0
[2.129s] -- Check for working C compiler: /usr/bin/cc
[3.056s] -- Check for working C compiler: /usr/bin/cc -- works
[3.064s] -- Detecting C compiler ABI info
[3.983s] -- Detecting C compiler ABI info - done
[4.044s] -- Detecting C compile features
[4.054s] -- Detecting C compile features - done
[4.107s] -- Check for working CXX compiler: /usr/bin/c++
[5.039s] -- Check for working CXX compiler: /usr/bin/c++ -- works
[5.048s] -- Detecting CXX compiler ABI info
[6.026s] -- Detecting CXX compiler ABI info - done
[6.080s] -- Detecting CXX compile features
[6.088s] -- Detecting CXX compile features - done
[6.137s] CMake Deprecation Warning at CMakeLists.txt:44 (cmake_policy):
[6.142s]   The OLD behavior for policy CMP0053 will be removed from a future version
[6.148s]   of CMake.
[6.156s] 
[6.162s]   The cmake-policies(7) manual explains that the OLD behaviors of all
[6.174s]   policies are deprecated and that a policy should be set to OLD only under
[6.179s]   specific short-term circumstances.  Projects should be ported to the NEW
[6.184s]   behavior and not rely on setting a policy to OLD.
[6.191s] 
[6.200s] 
[6.204s] CMake Deprecation Warning at CMakeLists.txt:47 (cmake_policy):
[6.220s]   The OLD behavior for policy CMP0037 will be removed from a future version
[6.225s]   of CMake.
[6.232s] 
[6.239s]   The cmake-policies(7) manual explains that the OLD behaviors of all
[6.242s]   policies are deprecated and that a policy should be set to OLD only under
[6.251s]   specific short-term circumstances.  Projects should be ported to the NEW
[6.262s]   behavior and not rely on setting a policy to OLD.
[6.267s] 
[6.276s] 
[6.280s] CMake Deprecation Warning at CMakeLists.txt:50 (cmake_policy):
[6.286s]   The OLD behavior for policy CMP0043 will be removed from a future version
[6.295s]   of CMake.
[6.305s] 
[6.311s]   The cmake-policies(7) manual explains that the OLD behaviors of all
[6.317s]   policies are deprecated and that a policy should be set to OLD only under
[6.325s]   specific short-term circumstances.  Projects should be ported to the NEW
[6.335s]   behavior and not rely on setting a policy to OLD.
[6.347s] 
[6.352s] 
[6.360s] -- Could NOT find SWIG (missing: SWIG_EXECUTABLE SWIG_DIR) 
[6.366s] -- Found PythonInterp: /usr/local/bin/python (found version "3.8.10") 
[6.376s] -- Found PythonLibs: /usr/lib/x86_64-linux-gnu/libpython3.8.so (found version "3.8.10") 
[6.381s] -- Found GTest: /usr/lib/x86_64-linux-gnu/libgtest.a  
[10.212s] -- build test is ON.....
[10.237s] CMake Deprecation Warning at cmake/install_package.cmake:101 (cmake_policy):
[10.243s]   The OLD behavior for policy CMP0026 will be removed from a future version
[10.249s]   of CMake.
[10.253s] 
[10.258s]   The cmake-policies(7) manual explains that the OLD behaviors of all
[10.269s]   policies are deprecated and that a policy should be set to OLD only under
[10.274s]   specific short-term circumstances.  Projects should be ported to the NEW
[10.282s]   behavior and not rely on setting a policy to OLD.
[10.285s] Call Stack (most recent call first):
[10.290s]   CMakeLists.txt:161 (install_package)
[10.294s] 
[10.300s] 
[10.379s] CMake Warning (dev) at cmake/install_package.cmake:191 (install):
[10.387s]   Policy CMP0062 is not set: Disallow install() of export() result.  Run
[10.392s]   "cmake --help-policy CMP0062" for policy details.  Use the cmake_policy
[10.405s]   command to set the policy and suppress this warning.
[10.414s] 
[10.420s]   The file
[10.426s] 
[10.430s]     /workspaces/foxy_ws/src/omorobot_r1_mini/build/ydlidar_sdk/ydlidar_sdkTargets.cmake
[10.438s] 
[10.444s]   was generated by the export() command.  It should not be installed with the
[10.449s]   install() command.  Use the install(EXPORT) mechanism instead.  See the
[10.454s]   cmake-packages(7) manual for more.
[10.459s] 
[10.464s] Call Stack (most recent call first):
[10.468s]   CMakeLists.txt:161 (install_package)
[10.477s] This warning is for project developers.  Use -Wno-dev to suppress it.
[10.482s] 
[10.643s] -- 
[10.656s] -- +===========================================================================+
[10.661s] -- |         Resulting configuration for                             |
[10.675s] -- +===========================================================================+
[10.682s] --  _________________________ PLATFORM _____________________________
[10.688s] --  Host                        : Linux5.10.25-linuxkitx86_64
[10.693s] --  Is the system big endian?   :  No 
[10.705s] --  Word size (32/64 bit)       : 64
[10.712s] --  CMake version               : 3.16.3
[10.724s] --  CMake generator             : Unix Makefiles
[10.729s] --  CMake build tool            : /usr/bin/make
[10.733s] --  Compiler                    : GNU
[10.740s] --  Configuration               : 
[10.744s] -- 
[10.748s] --  __________________________ OPTIONS _____________________________
[10.751s] --  Build YDLidar-SDK as a shared library?　　 :  No 
[10.758s] --  Build Examples?　　　　　　　　　　　　　　 : Yes 
[10.763s] --  Build C Sharp API?　　　　　　　　　　　　 :  No 
[10.770s] --  Build TEST?  			　　　 : Yes 
[10.775s] -- 
[10.780s] --  _________________________ INSTALL _____________________
[10.784s] --  Install prefix                    : /workspaces/foxy_ws/src/omorobot_r1_mini/install/ydlidar_sdk
[10.791s] -- 
[10.801s] --  _______________________ WRAPPERS/BINDINGS ______________________
[10.810s] --  Python bindings (pyydlidar)   :  No 
[10.816s] --   - dep: Swig found?       :  No [Version: ]
[10.827s] --   - dep: PythonLibs found?  : Yes [Version: 3.8.10]
[10.834s] -- 
[10.841s] -- Configuring done
[13.249s] -- Generating done
[13.636s] -- Build files have been written to: /workspaces/foxy_ws/src/omorobot_r1_mini/build/ydlidar_sdk
[13.664s] Invoked command in '/workspaces/foxy_ws/src/omorobot_r1_mini/build/ydlidar_sdk' returned '0': /usr/bin/cmake /workspaces/foxy_ws/src/omorobot_r1_mini/src/YDLidar-SDK -DCMAKE_INSTALL_PREFIX=/workspaces/foxy_ws/src/omorobot_r1_mini/install/ydlidar_sdk
[13.676s] Invoking command in '/workspaces/foxy_ws/src/omorobot_r1_mini/build/ydlidar_sdk': /usr/bin/cmake --build /workspaces/foxy_ws/src/omorobot_r1_mini/build/ydlidar_sdk -- -j8 -l8
[13.832s] [35m[1mScanning dependencies of target ydlidar_sdk[0m
[19.398s] [  8%] [32mBuilding CXX object CMakeFiles/ydlidar_sdk.dir/core/base/timer.cpp.o[0m
[19.403s] [  8%] [32mBuilding CXX object CMakeFiles/ydlidar_sdk.dir/core/common/ydlidar_def.cpp.o[0m
[19.441s] [ 20%] [32mBuilding CXX object CMakeFiles/ydlidar_sdk.dir/core/network/PassiveSocket.cpp.o[0m
[19.451s] [ 20%] [32mBuilding CXX object CMakeFiles/ydlidar_sdk.dir/core/network/ActiveSocket.cpp.o[0m
[19.460s] [ 20%] [32mBuilding CXX object CMakeFiles/ydlidar_sdk.dir/core/network/SimpleSocket.cpp.o[0m
[19.482s] [ 33%] [32mBuilding C object CMakeFiles/ydlidar_sdk.dir/core/serial/impl/unix/lock.c.o[0m
[19.487s] [ 33%] [32mBuilding CXX object CMakeFiles/ydlidar_sdk.dir/core/serial/serial.cpp.o[0m
[19.499s] [ 33%] [32mBuilding CXX object CMakeFiles/ydlidar_sdk.dir/core/serial/impl/unix/list_ports_linux.cpp.o[0m
[20.317s] [ 37%] [32mBuilding CXX object CMakeFiles/ydlidar_sdk.dir/core/serial/impl/unix/unix_serial.cpp.o[0m
[21.427s] [ 41%] [32mBuilding CXX object CMakeFiles/ydlidar_sdk.dir/src/CYdLidar.cpp.o[0m
[22.306s] [ 45%] [32mBuilding CXX object CMakeFiles/ydlidar_sdk.dir/src/ETLidarDriver.cpp.o[0m
[23.690s] [ 50%] [32mBuilding CXX object CMakeFiles/ydlidar_sdk.dir/src/ydlidar_driver.cpp.o[0m
[23.713s] [ 54%] [32mBuilding CXX object CMakeFiles/ydlidar_sdk.dir/src/ydlidar_sdk.cpp.o[0m
[27.494s] [ 58%] [32m[1mLinking CXX static library libydlidar_sdk.a[0m
[28.444s] [ 58%] Built target ydlidar_sdk
[28.505s] [35m[1mScanning dependencies of target ydlidar_test[0m
[28.514s] [35m[1mScanning dependencies of target etlidar_test[0m
[28.523s] [35m[1mScanning dependencies of target lidar_c_api_test[0m
[28.536s] [35m[1mScanning dependencies of target tof_test[0m
[28.542s] [35m[1mScanning dependencies of target lidar_test[0m
[28.812s] [ 62%] [32mBuilding C object samples/CMakeFiles/lidar_c_api_test.dir/lidar_c_api_test.c.o[0m
[28.843s] [01m[Kcc1:[m[K [01;35m[Kwarning: [m[Kcommand line option ‘[01m[K-std=c++11[m[K’ is valid for C++/ObjC++ but not for C
[29.268s] [ 66%] [32mBuilding CXX object samples/CMakeFiles/ydlidar_test.dir/ydlidar_test.cpp.o[0m
[29.279s] [ 75%] [32mBuilding CXX object samples/CMakeFiles/tof_test.dir/tof_test.cpp.o[0m
[29.290s] [ 75%] [32mBuilding CXX object samples/CMakeFiles/etlidar_test.dir/etlidar_test.cpp.o[0m
[29.363s] [ 79%] [32mBuilding CXX object test/CMakeFiles/lidar_test.dir/lidar_test.cpp.o[0m
[29.473s] [01m[K/workspaces/foxy_ws/src/omorobot_r1_mini/src/YDLidar-SDK/samples/lidar_c_api_test.c:[m[K In function ‘[01m[Kmain[m[K’:
[29.488s] [01m[K/workspaces/foxy_ws/src/omorobot_r1_mini/src/YDLidar-SDK/samples/lidar_c_api_test.c:102:47:[m[K [01;35m[Kwarning: [m[Kformat ‘[01m[K%llu[m[K’ expects argument of type ‘[01m[Klong long unsigned int[m[K’, but argument 3 has type ‘[01m[Kuint64_t[m[K’ {aka ‘[01m[Klong unsigned int[m[K’} [[01;35m[K-Wformat=[m[K]
[29.508s]   102 |             fprintf(stdout, "Scan received[[01;35m[K%llu[m[K]: %u ranges is [%f]Hz\n",
[29.514s]       |                                            [01;35m[K~~~^[m[K
[29.521s]       |                                               [01;35m[K|[m[K
[29.528s]       |                                               [01;35m[Klong long unsigned int[m[K
[29.533s]       |                                            [32m[K%lu[m[K
[29.538s]   103 |                     [32m[Kscan.stamp[m[K,
[29.552s]       |                     [32m[K~~~~~~~~~~[m[K                 
[29.558s]       |                         [32m[K|[m[K
[29.572s]       |                         [32m[Kuint64_t {aka long unsigned int}[m[K
[29.599s] [ 83%] [32m[1mLinking CXX executable ../lidar_c_api_test[0m
[32.101s] [01m[K/workspaces/foxy_ws/src/omorobot_r1_mini/src/YDLidar-SDK/samples/etlidar_test.cpp:[m[K In function ‘[01m[Kint main(int, char**)[m[K’:
[32.108s] [01m[K/workspaces/foxy_ws/src/omorobot_r1_mini/src/YDLidar-SDK/samples/etlidar_test.cpp:178:41:[m[K [01;35m[Kwarning: [m[Kformat ‘[01m[K%llu[m[K’ expects argument of type ‘[01m[Klong long unsigned int[m[K’, but argument 3 has type ‘[01m[Kuint64_t[m[K’ {aka ‘[01m[Klong unsigned int[m[K’} [[01;35m[K-Wformat=[m[K]
[32.120s]   178 |       fprintf(stdout, "Scan received[[01;35m[K%llu[m[K]: %u ranges is [%f]Hz\n",
[32.125s]       |                                      [01;35m[K~~~^[m[K
[32.135s]       |                                         [01;35m[K|[m[K
[32.144s]       |                                         [01;35m[Klong long unsigned int[m[K
[32.151s]       |                                      [32m[K%lu[m[K
[32.157s]   179 |               [32m[Kscan.stamp[m[K,
[32.165s]       |               [32m[K~~~~~~~~~~[m[K                 
[32.171s]       |                    [32m[K|[m[K
[32.180s]       |                    [32m[Kuint64_t {aka long unsigned int}[m[K
[32.195s] [01m[K/workspaces/foxy_ws/src/omorobot_r1_mini/src/YDLidar-SDK/samples/ydlidar_test.cpp:[m[K In function ‘[01m[Kint main(int, char**)[m[K’:
[32.201s] [01m[K/workspaces/foxy_ws/src/omorobot_r1_mini/src/YDLidar-SDK/samples/ydlidar_test.cpp:262:41:[m[K [01;35m[Kwarning: [m[Kformat ‘[01m[K%llu[m[K’ expects argument of type ‘[01m[Klong long unsigned int[m[K’, but argument 3 has type ‘[01m[Kuint64_t[m[K’ {aka ‘[01m[Klong unsigned int[m[K’} [[01;35m[K-Wformat=[m[K]
[32.209s]   262 |       fprintf(stdout, "Scan received[[01;35m[K%llu[m[K]: %u ranges is [%f]Hz\n",
[32.217s]       |                                      [01;35m[K~~~^[m[K
[32.226s]       |                                         [01;35m[K|[m[K
[32.232s]       |                                         [01;35m[Klong long unsigned int[m[K
[32.247s]       |                                      [32m[K%lu[m[K
[32.258s]   263 |               [32m[Kscan.stamp[m[K,
[32.266s]       |               [32m[K~~~~~~~~~~[m[K                 
[32.275s]       |                    [32m[K|[m[K
[32.287s]       |                    [32m[Kuint64_t {aka long unsigned int}[m[K
[32.300s] [01m[K/workspaces/foxy_ws/src/omorobot_r1_mini/src/YDLidar-SDK/samples/tof_test.cpp:[m[K In function ‘[01m[Kint main(int, char**)[m[K’:
[32.311s] [01m[K/workspaces/foxy_ws/src/omorobot_r1_mini/src/YDLidar-SDK/samples/tof_test.cpp:259:41:[m[K [01;35m[Kwarning: [m[Kformat ‘[01m[K%llu[m[K’ expects argument of type ‘[01m[Klong long unsigned int[m[K’, but argument 3 has type ‘[01m[Kuint64_t[m[K’ {aka ‘[01m[Klong unsigned int[m[K’} [[01;35m[K-Wformat=[m[K]
[32.317s]   259 |       fprintf(stdout, "Scan received[[01;35m[K%llu[m[K]: %u ranges is [%f]Hz\n",
[32.323s]       |                                      [01;35m[K~~~^[m[K
[32.335s]       |                                         [01;35m[K|[m[K
[32.347s]       |                                         [01;35m[Klong long unsigned int[m[K
[32.355s]       |                                      [32m[K%lu[m[K
[32.362s]   260 |               [32m[Kscan.stamp[m[K,
[32.373s]       |               [32m[K~~~~~~~~~~[m[K                 
[32.380s]       |                    [32m[K|[m[K
[32.389s]       |                    [32m[Kuint64_t {aka long unsigned int}[m[K
[32.419s] [ 87%] [32m[1mLinking CXX executable ../etlidar_test[0m
[32.901s] [ 91%] [32m[1mLinking CXX executable ../ydlidar_test[0m
[33.019s] [ 95%] [32m[1mLinking CXX executable ../tof_test[0m
[33.285s] [ 95%] Built target lidar_c_api_test
[33.868s] [100%] [32m[1mLinking CXX executable lidar_test[0m
[35.765s] [100%] Built target etlidar_test
[36.186s] [100%] Built target ydlidar_test
[36.287s] [100%] Built target tof_test
[39.690s] [100%] Built target lidar_test
[39.788s] Invoked command in '/workspaces/foxy_ws/src/omorobot_r1_mini/build/ydlidar_sdk' returned '0': /usr/bin/cmake --build /workspaces/foxy_ws/src/omorobot_r1_mini/build/ydlidar_sdk -- -j8 -l8
[39.908s] Invoking command in '/workspaces/foxy_ws/src/omorobot_r1_mini/build/ydlidar_sdk': /usr/bin/cmake --install /workspaces/foxy_ws/src/omorobot_r1_mini/build/ydlidar_sdk
[39.930s] -- Install configuration: ""
[39.952s] -- Installing: /workspaces/foxy_ws/src/omorobot_r1_mini/install/ydlidar_sdk/include/core/base/datatype.h
[40.002s] -- Installing: /workspaces/foxy_ws/src/omorobot_r1_mini/install/ydlidar_sdk/include/core/base/locker.h
[40.026s] -- Installing: /workspaces/foxy_ws/src/omorobot_r1_mini/install/ydlidar_sdk/include/core/base/thread.h
[40.053s] -- Installing: /workspaces/foxy_ws/src/omorobot_r1_mini/install/ydlidar_sdk/include/core/base/timer.h
[40.084s] -- Installing: /workspaces/foxy_ws/src/omorobot_r1_mini/install/ydlidar_sdk/include/core/base/typedef.h
[40.116s] -- Installing: /workspaces/foxy_ws/src/omorobot_r1_mini/install/ydlidar_sdk/include/core/base/utils.h
[40.154s] -- Installing: /workspaces/foxy_ws/src/omorobot_r1_mini/install/ydlidar_sdk/include/core/base/v8stdint.h
[40.187s] -- Installing: /workspaces/foxy_ws/src/omorobot_r1_mini/install/ydlidar_sdk/include/core/base/ydlidar.h
[40.231s] -- Installing: /workspaces/foxy_ws/src/omorobot_r1_mini/install/ydlidar_sdk/include/core/common/ChannelDevice.h
[40.256s] -- Installing: /workspaces/foxy_ws/src/omorobot_r1_mini/install/ydlidar_sdk/include/core/common/DriverInterface.h
[40.289s] -- Installing: /workspaces/foxy_ws/src/omorobot_r1_mini/install/ydlidar_sdk/include/core/common/ydlidar_datatype.h
[40.316s] -- Installing: /workspaces/foxy_ws/src/omorobot_r1_mini/install/ydlidar_sdk/include/core/common/ydlidar_def.h
[40.337s] -- Installing: /workspaces/foxy_ws/src/omorobot_r1_mini/install/ydlidar_sdk/include/core/common/ydlidar_help.h
[40.372s] -- Installing: /workspaces/foxy_ws/src/omorobot_r1_mini/install/ydlidar_sdk/include/core/common/ydlidar_protocol.h
[40.420s] -- Installing: /workspaces/foxy_ws/src/omorobot_r1_mini/install/ydlidar_sdk/include/core/math/angles.h
[40.457s] -- Installing: /workspaces/foxy_ws/src/omorobot_r1_mini/install/ydlidar_sdk/include/core/network/ActiveSocket.h
[40.482s] -- Installing: /workspaces/foxy_ws/src/omorobot_r1_mini/install/ydlidar_sdk/include/core/network/PassiveSocket.h
[40.514s] -- Installing: /workspaces/foxy_ws/src/omorobot_r1_mini/install/ydlidar_sdk/include/core/network/SimpleSocket.h
[40.552s] -- Installing: /workspaces/foxy_ws/src/omorobot_r1_mini/install/ydlidar_sdk/include/core/network/StatTimer.h
[40.583s] -- Installing: /workspaces/foxy_ws/src/omorobot_r1_mini/install/ydlidar_sdk/include/core/serial/common.h
[40.613s] -- Installing: /workspaces/foxy_ws/src/omorobot_r1_mini/install/ydlidar_sdk/include/core/serial/serial.h
[40.661s] -- Installing: /workspaces/foxy_ws/src/omorobot_r1_mini/install/ydlidar_sdk/include/core/serial/impl/unix/lock.h
[40.693s] -- Installing: /workspaces/foxy_ws/src/omorobot_r1_mini/install/ydlidar_sdk/include/core/serial/impl/unix/unix.h
[40.719s] -- Installing: /workspaces/foxy_ws/src/omorobot_r1_mini/install/ydlidar_sdk/include/core/serial/impl/unix/unix_serial.h
[40.746s] -- Installing: /workspaces/foxy_ws/src/omorobot_r1_mini/install/ydlidar_sdk/include/src/CYdLidar.h
[40.775s] -- Installing: /workspaces/foxy_ws/src/omorobot_r1_mini/install/ydlidar_sdk/include/src/ETLidarDriver.h
[40.823s] -- Installing: /workspaces/foxy_ws/src/omorobot_r1_mini/install/ydlidar_sdk/include/src/ydlidar_driver.h
[40.859s] -- Installing: /workspaces/foxy_ws/src/omorobot_r1_mini/install/ydlidar_sdk/include/src/ydlidar_sdk.h
[40.892s] -- Installing: /workspaces/foxy_ws/src/omorobot_r1_mini/install/ydlidar_sdk/include/ydlidar_config.h
[40.925s] -- Installing: /workspaces/foxy_ws/src/omorobot_r1_mini/install/ydlidar_sdk/lib/libydlidar_sdk.a
[41.205s] -- Installing: /workspaces/foxy_ws/src/omorobot_r1_mini/install/ydlidar_sdk/lib/pkgconfig/YDLIDAR_SDK.pc
[41.251s] -- Installing: /workspaces/foxy_ws/src/omorobot_r1_mini/install/ydlidar_sdk/lib/cmake/ydlidar_sdk/ydlidar_sdkConfig.cmake
[41.293s] -- Installing: /workspaces/foxy_ws/src/omorobot_r1_mini/install/ydlidar_sdk/lib/cmake/ydlidar_sdk/ydlidar_sdkTargets.cmake
[41.328s] -- Installing: /workspaces/foxy_ws/src/omorobot_r1_mini/install/ydlidar_sdk/lib/cmake/ydlidar_sdk/ydlidar_sdkConfigVersion.cmake
[41.362s] -- Installing: /workspaces/foxy_ws/src/omorobot_r1_mini/install/ydlidar_sdk/share/YDLIDAR_SDK/FindYDLIDAR_SDK.cmake
[41.386s] -- Up-to-date: /workspaces/foxy_ws/src/omorobot_r1_mini/install/ydlidar_sdk/share/YDLIDAR_SDK
[41.392s] -- Installing: /workspaces/foxy_ws/src/omorobot_r1_mini/install/ydlidar_sdk/share/YDLIDAR_SDK/FindPackage.cmake.in
[41.416s] -- Installing: /workspaces/foxy_ws/src/omorobot_r1_mini/install/ydlidar_sdk/share/YDLIDAR_SDK/PackageConfig.cmake.in
[41.442s] -- Installing: /workspaces/foxy_ws/src/omorobot_r1_mini/install/ydlidar_sdk/share/YDLIDAR_SDK/PackageConfigVersion.cmake.in
[41.494s] -- Installing: /workspaces/foxy_ws/src/omorobot_r1_mini/install/ydlidar_sdk/share/YDLIDAR_SDK/PkgConfig.pc.in
[41.527s] -- Installing: /workspaces/foxy_ws/src/omorobot_r1_mini/install/ydlidar_sdk/share/YDLIDAR_SDK/cmake_uninstall.cmake.in
[41.557s] -- Installing: /workspaces/foxy_ws/src/omorobot_r1_mini/install/ydlidar_sdk/share/YDLIDAR_SDK/common
[41.570s] -- Installing: /workspaces/foxy_ws/src/omorobot_r1_mini/install/ydlidar_sdk/share/YDLIDAR_SDK/common/ydlidar_base.cmake
[41.594s] -- Installing: /workspaces/foxy_ws/src/omorobot_r1_mini/install/ydlidar_sdk/share/YDLIDAR_SDK/common/ydlidar_parse.cmake
[41.625s] -- Installing: /workspaces/foxy_ws/src/omorobot_r1_mini/install/ydlidar_sdk/share/YDLIDAR_SDK/install_package.cmake
[41.663s] -- Installing: /workspaces/foxy_ws/src/omorobot_r1_mini/install/ydlidar_sdk/share/YDLIDAR_SDK/script_show_final_summary.cmake
[41.692s] -- Installing: /workspaces/foxy_ws/src/omorobot_r1_mini/install/ydlidar_sdk/share/YDLIDAR_SDK/LICENSE.txt
[41.729s] -- Installing: /workspaces/foxy_ws/src/omorobot_r1_mini/install/ydlidar_sdk/share/YDLIDAR_SDK/README.md
[41.771s] -- Installing: /workspaces/foxy_ws/src/omorobot_r1_mini/install/ydlidar_sdk/share/YDLIDAR_SDK/doc
[41.784s] -- Installing: /workspaces/foxy_ws/src/omorobot_r1_mini/install/ydlidar_sdk/share/YDLIDAR_SDK/doc/Dataset.md
[41.824s] -- Installing: /workspaces/foxy_ws/src/omorobot_r1_mini/install/ydlidar_sdk/share/YDLIDAR_SDK/doc/Diagram.md
[41.861s] -- Installing: /workspaces/foxy_ws/src/omorobot_r1_mini/install/ydlidar_sdk/share/YDLIDAR_SDK/doc/FAQs
[41.875s] -- Installing: /workspaces/foxy_ws/src/omorobot_r1_mini/install/ydlidar_sdk/share/YDLIDAR_SDK/doc/FAQs/General_FAQs.md
[41.908s] -- Installing: /workspaces/foxy_ws/src/omorobot_r1_mini/install/ydlidar_sdk/share/YDLIDAR_SDK/doc/FAQs/General_FAQs_cn.md
[41.954s] -- Installing: /workspaces/foxy_ws/src/omorobot_r1_mini/install/ydlidar_sdk/share/YDLIDAR_SDK/doc/FAQs/Hardware_FAQs.md
[41.979s] -- Installing: /workspaces/foxy_ws/src/omorobot_r1_mini/install/ydlidar_sdk/share/YDLIDAR_SDK/doc/FAQs/Hardware_FAQs_cn.md
[42.008s] -- Installing: /workspaces/foxy_ws/src/omorobot_r1_mini/install/ydlidar_sdk/share/YDLIDAR_SDK/doc/FAQs/README.md
[42.046s] -- Installing: /workspaces/foxy_ws/src/omorobot_r1_mini/install/ydlidar_sdk/share/YDLIDAR_SDK/doc/FAQs/Software_FAQs.md
[42.077s] -- Installing: /workspaces/foxy_ws/src/omorobot_r1_mini/install/ydlidar_sdk/share/YDLIDAR_SDK/doc/FAQs/Software_FAQs_cn.md
[42.110s] -- Installing: /workspaces/foxy_ws/src/omorobot_r1_mini/install/ydlidar_sdk/share/YDLIDAR_SDK/doc/README.md
[42.136s] -- Installing: /workspaces/foxy_ws/src/omorobot_r1_mini/install/ydlidar_sdk/share/YDLIDAR_SDK/doc/SDK.pdf
[42.556s] -- Installing: /workspaces/foxy_ws/src/omorobot_r1_mini/install/ydlidar_sdk/share/YDLIDAR_SDK/doc/Tutorials.md
[42.585s] -- Installing: /workspaces/foxy_ws/src/omorobot_r1_mini/install/ydlidar_sdk/share/YDLIDAR_SDK/doc/YDLIDAR_SDK_API_for_Developers.md
[42.621s] -- Installing: /workspaces/foxy_ws/src/omorobot_r1_mini/install/ydlidar_sdk/share/YDLIDAR_SDK/doc/YDLidar-SDK-Communication-Protocol.html
[42.680s] -- Installing: /workspaces/foxy_ws/src/omorobot_r1_mini/install/ydlidar_sdk/share/YDLIDAR_SDK/doc/YDLidar-SDK-Communication-Protocol.md
[42.720s] -- Installing: /workspaces/foxy_ws/src/omorobot_r1_mini/install/ydlidar_sdk/share/YDLIDAR_SDK/doc/YDLidar-SDK-Communication-Protocol.pdf
[42.823s] -- Installing: /workspaces/foxy_ws/src/omorobot_r1_mini/install/ydlidar_sdk/share/YDLIDAR_SDK/doc/YDLidar_SDK_Communication_Protocol.pdf
[42.993s] -- Installing: /workspaces/foxy_ws/src/omorobot_r1_mini/install/ydlidar_sdk/share/YDLIDAR_SDK/doc/howto
[43.006s] -- Installing: /workspaces/foxy_ws/src/omorobot_r1_mini/install/ydlidar_sdk/share/YDLIDAR_SDK/doc/howto/README.md
[43.027s] -- Installing: /workspaces/foxy_ws/src/omorobot_r1_mini/install/ydlidar_sdk/share/YDLIDAR_SDK/doc/howto/how_to_build_and_debug_using_vscode.md
[43.054s] -- Installing: /workspaces/foxy_ws/src/omorobot_r1_mini/install/ydlidar_sdk/share/YDLIDAR_SDK/doc/howto/how_to_build_and_install.md
[43.086s] -- Installing: /workspaces/foxy_ws/src/omorobot_r1_mini/install/ydlidar_sdk/share/YDLIDAR_SDK/doc/howto/how_to_create_a_csharp_project.md
[43.110s] -- Installing: /workspaces/foxy_ws/src/omorobot_r1_mini/install/ydlidar_sdk/share/YDLIDAR_SDK/doc/howto/how_to_create_a_pull.md
[43.152s] -- Installing: /workspaces/foxy_ws/src/omorobot_r1_mini/install/ydlidar_sdk/share/YDLIDAR_SDK/doc/howto/how_to_create_a_udev_rules.md
[43.178s] -- Installing: /workspaces/foxy_ws/src/omorobot_r1_mini/install/ydlidar_sdk/share/YDLIDAR_SDK/doc/howto/how_to_gerenrate_vs_project_by_cmake.md
[43.202s] -- Installing: /workspaces/foxy_ws/src/omorobot_r1_mini/install/ydlidar_sdk/share/YDLIDAR_SDK/doc/howto/how_to_solve_slow_pull_from_cn.md
[43.224s] -- Installing: /workspaces/foxy_ws/src/omorobot_r1_mini/install/ydlidar_sdk/share/YDLIDAR_SDK/doc/howto/images
[43.233s] -- Installing: /workspaces/foxy_ws/src/omorobot_r1_mini/install/ydlidar_sdk/share/YDLIDAR_SDK/doc/howto/images/cpack.png
[43.269s] -- Installing: /workspaces/foxy_ws/src/omorobot_r1_mini/install/ydlidar_sdk/share/YDLIDAR_SDK/doc/howto/images/csharp_build.png
[43.317s] -- Installing: /workspaces/foxy_ws/src/omorobot_r1_mini/install/ydlidar_sdk/share/YDLIDAR_SDK/doc/howto/images/csharp_exception.png
[43.375s] -- Installing: /workspaces/foxy_ws/src/omorobot_r1_mini/install/ydlidar_sdk/share/YDLIDAR_SDK/doc/howto/images/csharp_library.png
[43.406s] -- Installing: /workspaces/foxy_ws/src/omorobot_r1_mini/install/ydlidar_sdk/share/YDLIDAR_SDK/doc/howto/images/csharp_project.png
[43.442s] -- Installing: /workspaces/foxy_ws/src/omorobot_r1_mini/install/ydlidar_sdk/share/YDLIDAR_SDK/doc/howto/images/csharp_running.png
[43.480s] -- Installing: /workspaces/foxy_ws/src/omorobot_r1_mini/install/ydlidar_sdk/share/YDLIDAR_SDK/doc/howto/images/sdk_init.png
[43.514s] -- Installing: /workspaces/foxy_ws/src/omorobot_r1_mini/install/ydlidar_sdk/share/YDLIDAR_SDK/doc/howto/images/sdk_scanning.png
[43.563s] -- Installing: /workspaces/foxy_ws/src/omorobot_r1_mini/install/ydlidar_sdk/share/YDLIDAR_SDK/doc/howto/images/sequence.png
[43.607s] -- Installing: /workspaces/foxy_ws/src/omorobot_r1_mini/install/ydlidar_sdk/share/YDLIDAR_SDK/doc/howto/images/ttyUSB0.png
[43.644s] -- Installing: /workspaces/foxy_ws/src/omorobot_r1_mini/install/ydlidar_sdk/share/YDLIDAR_SDK/doc/howto/images/ttyUSB1.png
[43.686s] -- Installing: /workspaces/foxy_ws/src/omorobot_r1_mini/install/ydlidar_sdk/share/YDLIDAR_SDK/doc/howto/images/vscode
[43.698s] -- Installing: /workspaces/foxy_ws/src/omorobot_r1_mini/install/ydlidar_sdk/share/YDLIDAR_SDK/doc/howto/images/vscode/run_tasks.jpg
[43.933s] -- Installing: /workspaces/foxy_ws/src/omorobot_r1_mini/install/ydlidar_sdk/share/YDLIDAR_SDK/doc/howto/images/vscode/tasks.png
[44.176s] -- Installing: /workspaces/foxy_ws/src/omorobot_r1_mini/install/ydlidar_sdk/share/YDLIDAR_SDK/doc/howto/images/ydlidar_lidar_monitor.png
[44.267s] -- Installing: /workspaces/foxy_ws/src/omorobot_r1_mini/install/ydlidar_sdk/share/YDLIDAR_SDK/doc/images
[44.281s] -- Installing: /workspaces/foxy_ws/src/omorobot_r1_mini/install/ydlidar_sdk/share/YDLIDAR_SDK/doc/images/EAI.png
[44.463s] -- Installing: /workspaces/foxy_ws/src/omorobot_r1_mini/install/ydlidar_sdk/share/YDLIDAR_SDK/doc/images/FlowChart.png
[44.525s] -- Installing: /workspaces/foxy_ws/src/omorobot_r1_mini/install/ydlidar_sdk/share/YDLIDAR_SDK/doc/images/YDLidar.jpg
[44.562s] -- Installing: /workspaces/foxy_ws/src/omorobot_r1_mini/install/ydlidar_sdk/share/YDLIDAR_SDK/doc/images/YDLidar.png
[44.588s] -- Installing: /workspaces/foxy_ws/src/omorobot_r1_mini/install/ydlidar_sdk/share/YDLIDAR_SDK/doc/images/angle_q2.png
[44.627s] -- Installing: /workspaces/foxy_ws/src/omorobot_r1_mini/install/ydlidar_sdk/share/YDLIDAR_SDK/doc/images/communication_mechanism.png
[44.687s] -- Installing: /workspaces/foxy_ws/src/omorobot_r1_mini/install/ydlidar_sdk/share/YDLIDAR_SDK/doc/images/frame.png
[44.731s] -- Installing: /workspaces/foxy_ws/src/omorobot_r1_mini/install/ydlidar_sdk/share/YDLIDAR_SDK/doc/images/frame_intensity.png
[44.772s] -- Installing: /workspaces/foxy_ws/src/omorobot_r1_mini/install/ydlidar_sdk/share/YDLIDAR_SDK/doc/images/sdk_architecture.png
[44.798s] -- Installing: /workspaces/foxy_ws/src/omorobot_r1_mini/install/ydlidar_sdk/share/YDLIDAR_SDK/doc/images/sdk_init.png
[44.828s] -- Installing: /workspaces/foxy_ws/src/omorobot_r1_mini/install/ydlidar_sdk/share/YDLIDAR_SDK/doc/images/sdk_scanning.png
[44.885s] -- Installing: /workspaces/foxy_ws/src/omorobot_r1_mini/install/ydlidar_sdk/share/YDLIDAR_SDK/doc/images/sequence.png
[44.929s] -- Installing: /workspaces/foxy_ws/src/omorobot_r1_mini/install/ydlidar_sdk/share/YDLIDAR_SDK/doc/images/system_workflow.png
[44.990s] -- Installing: /workspaces/foxy_ws/src/omorobot_r1_mini/install/ydlidar_sdk/share/YDLIDAR_SDK/doc/quickstart
[45.001s] -- Installing: /workspaces/foxy_ws/src/omorobot_r1_mini/install/ydlidar_sdk/share/YDLIDAR_SDK/doc/quickstart/README.md
[45.039s] -- Installing: /workspaces/foxy_ws/src/omorobot_r1_mini/install/ydlidar_sdk/share/YDLIDAR_SDK/doc/quickstart/ydlidar_sdk_software_installation_guide.md
[45.075s] -- Installing: /workspaces/foxy_ws/src/omorobot_r1_mini/install/ydlidar_sdk/share/YDLIDAR_SDK/doc/tutorials
[45.097s] -- Installing: /workspaces/foxy_ws/src/omorobot_r1_mini/install/ydlidar_sdk/share/YDLIDAR_SDK/doc/tutorials/examine_the_simple_lidar_tutorial.md
[45.137s] -- Installing: /workspaces/foxy_ws/src/omorobot_r1_mini/install/ydlidar_sdk/share/YDLIDAR_SDK/doc/tutorials/writing_lidar_network_adapter_tutorial_c++.md
[45.171s] -- Installing: /workspaces/foxy_ws/src/omorobot_r1_mini/install/ydlidar_sdk/share/YDLIDAR_SDK/doc/tutorials/writing_lidar_tutorial_c++.md
[45.195s] -- Installing: /workspaces/foxy_ws/src/omorobot_r1_mini/install/ydlidar_sdk/share/YDLIDAR_SDK/doc/tutorials/writing_lidar_tutorial_c.md
[45.223s] -- Installing: /workspaces/foxy_ws/src/omorobot_r1_mini/install/ydlidar_sdk/share/YDLIDAR_SDK/doc/tutorials/writing_lidar_tutorial_python.md
[45.264s] -- Installing: /workspaces/foxy_ws/src/omorobot_r1_mini/install/ydlidar_sdk/startup/initenv.sh
[45.330s] -- Installing: /workspaces/foxy_ws/src/omorobot_r1_mini/install/ydlidar_sdk/bin/etlidar_test
[45.503s] -- Installing: /workspaces/foxy_ws/src/omorobot_r1_mini/install/ydlidar_sdk/bin/tof_test
[45.685s] -- Installing: /workspaces/foxy_ws/src/omorobot_r1_mini/install/ydlidar_sdk/bin/ydlidar_test
[45.878s] -- Installing: /workspaces/foxy_ws/src/omorobot_r1_mini/install/ydlidar_sdk/bin/lidar_c_api_test
[46.071s] Invoked command in '/workspaces/foxy_ws/src/omorobot_r1_mini/build/ydlidar_sdk' returned '0': /usr/bin/cmake --install /workspaces/foxy_ws/src/omorobot_r1_mini/build/ydlidar_sdk
