[1.078s] Invoking command in '/workspaces/foxy_ws/src/omorobot_r1_mini/build/omo_r1mini_bringup': AMENT_PREFIX_PATH=/workspaces/foxy_ws/src/omorobot_r1_mini/install/omo_r1mini_description:${AMENT_PREFIX_PATH} CMAKE_PREFIX_PATH=/workspaces/foxy_ws/src/omorobot_r1_mini/install/omo_r1mini_description PYTHONPATH=/workspaces/foxy_ws/src/omorobot_r1_mini/install/omo_r1mini_bringup/lib/python3.8/site-packages:${PYTHONPATH} /usr/bin/python3 setup.py develop --prefix /workspaces/foxy_ws/src/omorobot_r1_mini/install/omo_r1mini_bringup --editable --build-directory /workspaces/foxy_ws/src/omorobot_r1_mini/build/omo_r1mini_bringup/build --no-deps install_data --install-dir /workspaces/foxy_ws/src/omorobot_r1_mini/install/omo_r1mini_bringup
[1.582s] running develop
[1.909s] running egg_info
[1.918s] creating omo_r1mini_bringup.egg-info
[1.923s] writing omo_r1mini_bringup.egg-info/PKG-INFO
[1.934s] writing dependency_links to omo_r1mini_bringup.egg-info/dependency_links.txt
[1.946s] writing entry points to omo_r1mini_bringup.egg-info/entry_points.txt
[1.963s] writing requirements to omo_r1mini_bringup.egg-info/requires.txt
[1.969s] writing top-level names to omo_r1mini_bringup.egg-info/top_level.txt
[1.979s] writing manifest file 'omo_r1mini_bringup.egg-info/SOURCES.txt'
[2.147s] reading manifest file 'omo_r1mini_bringup.egg-info/SOURCES.txt'
[2.184s] writing manifest file 'omo_r1mini_bringup.egg-info/SOURCES.txt'
[2.400s] running build_ext
[2.407s] Creating /workspaces/foxy_ws/src/omorobot_r1_mini/install/omo_r1mini_bringup/lib/python3.8/site-packages/site.py
[2.452s] Creating /workspaces/foxy_ws/src/omorobot_r1_mini/install/omo_r1mini_bringup/lib/python3.8/site-packages/omo-r1mini-bringup.egg-link (link to .)
[2.491s] Installing omo_r1mini_mcu_node script to /workspaces/foxy_ws/src/omorobot_r1_mini/install/omo_r1mini_bringup/lib/omo_r1mini_bringup
[2.511s] Installing omo_r1mini_motor_setting_node script to /workspaces/foxy_ws/src/omorobot_r1_mini/install/omo_r1mini_bringup/lib/omo_r1mini_bringup
[2.539s] 
[2.544s] Installed /workspaces/foxy_ws/src/omorobot_r1_mini/build/omo_r1mini_bringup
[2.554s] running install_data
[2.561s] creating /workspaces/foxy_ws/src/omorobot_r1_mini/install/omo_r1mini_bringup/share/ament_index
[2.567s] creating /workspaces/foxy_ws/src/omorobot_r1_mini/install/omo_r1mini_bringup/share/ament_index/resource_index
[2.573s] creating /workspaces/foxy_ws/src/omorobot_r1_mini/install/omo_r1mini_bringup/share/ament_index/resource_index/packages
[2.582s] copying resource/omo_r1mini_bringup -> /workspaces/foxy_ws/src/omorobot_r1_mini/install/omo_r1mini_bringup/share/ament_index/resource_index/packages
[2.620s] copying package.xml -> /workspaces/foxy_ws/src/omorobot_r1_mini/install/omo_r1mini_bringup/share/omo_r1mini_bringup
[2.638s] creating /workspaces/foxy_ws/src/omorobot_r1_mini/install/omo_r1mini_bringup/share/omo_r1mini_bringup/launch
[2.660s] copying launch/omo_r1mini_bringup.launch.py -> /workspaces/foxy_ws/src/omorobot_r1_mini/install/omo_r1mini_bringup/share/omo_r1mini_bringup/launch
[2.687s] copying launch/omo_r1mini_lidar.launch.py -> /workspaces/foxy_ws/src/omorobot_r1_mini/install/omo_r1mini_bringup/share/omo_r1mini_bringup/launch
[2.736s] copying launch/omo_r1mini_mcu.launch.py -> /workspaces/foxy_ws/src/omorobot_r1_mini/install/omo_r1mini_bringup/share/omo_r1mini_bringup/launch
[2.763s] copying launch/omo_r1mini_motor_setting.launch.py -> /workspaces/foxy_ws/src/omorobot_r1_mini/install/omo_r1mini_bringup/share/omo_r1mini_bringup/launch
[2.798s] creating /workspaces/foxy_ws/src/omorobot_r1_mini/install/omo_r1mini_bringup/share/omo_r1mini_bringup/param
[2.819s] copying param/omo_r1mini_lidar.yaml -> /workspaces/foxy_ws/src/omorobot_r1_mini/install/omo_r1mini_bringup/share/omo_r1mini_bringup/param
[2.843s] copying param/omo_r1mini_mcu.yaml -> /workspaces/foxy_ws/src/omorobot_r1_mini/install/omo_r1mini_bringup/share/omo_r1mini_bringup/param
[2.942s] Invoked command in '/workspaces/foxy_ws/src/omorobot_r1_mini/build/omo_r1mini_bringup' returned '0': AMENT_PREFIX_PATH=/workspaces/foxy_ws/src/omorobot_r1_mini/install/omo_r1mini_description:${AMENT_PREFIX_PATH} CMAKE_PREFIX_PATH=/workspaces/foxy_ws/src/omorobot_r1_mini/install/omo_r1mini_description PYTHONPATH=/workspaces/foxy_ws/src/omorobot_r1_mini/install/omo_r1mini_bringup/lib/python3.8/site-packages:${PYTHONPATH} /usr/bin/python3 setup.py develop --prefix /workspaces/foxy_ws/src/omorobot_r1_mini/install/omo_r1mini_bringup --editable --build-directory /workspaces/foxy_ws/src/omorobot_r1_mini/build/omo_r1mini_bringup/build --no-deps install_data --install-dir /workspaces/foxy_ws/src/omorobot_r1_mini/install/omo_r1mini_bringup
