[0.525s] Invoking command in '/workspaces/foxy_ws/src/omorobot_r1_mini/src/build/ydlidar_sdk': /usr/bin/cmake --build /workspaces/foxy_ws/src/omorobot_r1_mini/src/build/ydlidar_sdk -- -j8 -l8
[1.449s] [ 58%] Built target ydlidar_sdk
[1.703s] [ 70%] Built target lidar_test
[1.764s] [ 87%] Built target etlidar_test
[1.771s] [ 95%] Built target lidar_c_api_test
[1.775s] [ 95%] Built target tof_test
[1.780s] [100%] Built target ydlidar_test
[2.017s] Invoked command in '/workspaces/foxy_ws/src/omorobot_r1_mini/src/build/ydlidar_sdk' returned '0': /usr/bin/cmake --build /workspaces/foxy_ws/src/omorobot_r1_mini/src/build/ydlidar_sdk -- -j8 -l8
[3.853s] Invoking command in '/workspaces/foxy_ws/src/omorobot_r1_mini/src/build/ydlidar_sdk': /usr/bin/cmake --install /workspaces/foxy_ws/src/omorobot_r1_mini/src/build/ydlidar_sdk
[3.861s] -- Install configuration: ""
[3.865s] -- Up-to-date: /workspaces/foxy_ws/src/omorobot_r1_mini/src/install/ydlidar_sdk/include/core/base/datatype.h
[3.872s] -- Up-to-date: /workspaces/foxy_ws/src/omorobot_r1_mini/src/install/ydlidar_sdk/include/core/base/locker.h
[3.876s] -- Up-to-date: /workspaces/foxy_ws/src/omorobot_r1_mini/src/install/ydlidar_sdk/include/core/base/thread.h
[3.884s] -- Up-to-date: /workspaces/foxy_ws/src/omorobot_r1_mini/src/install/ydlidar_sdk/include/core/base/timer.h
[3.888s] -- Up-to-date: /workspaces/foxy_ws/src/omorobot_r1_mini/src/install/ydlidar_sdk/include/core/base/typedef.h
[3.896s] -- Up-to-date: /workspaces/foxy_ws/src/omorobot_r1_mini/src/install/ydlidar_sdk/include/core/base/utils.h
[3.900s] -- Up-to-date: /workspaces/foxy_ws/src/omorobot_r1_mini/src/install/ydlidar_sdk/include/core/base/v8stdint.h
[3.903s] -- Up-to-date: /workspaces/foxy_ws/src/omorobot_r1_mini/src/install/ydlidar_sdk/include/core/base/ydlidar.h
[3.907s] -- Up-to-date: /workspaces/foxy_ws/src/omorobot_r1_mini/src/install/ydlidar_sdk/include/core/common/ChannelDevice.h
[3.915s] -- Up-to-date: /workspaces/foxy_ws/src/omorobot_r1_mini/src/install/ydlidar_sdk/include/core/common/DriverInterface.h
[3.918s] -- Up-to-date: /workspaces/foxy_ws/src/omorobot_r1_mini/src/install/ydlidar_sdk/include/core/common/ydlidar_datatype.h
[3.924s] -- Up-to-date: /workspaces/foxy_ws/src/omorobot_r1_mini/src/install/ydlidar_sdk/include/core/common/ydlidar_def.h
[3.926s] -- Up-to-date: /workspaces/foxy_ws/src/omorobot_r1_mini/src/install/ydlidar_sdk/include/core/common/ydlidar_help.h
[3.929s] -- Up-to-date: /workspaces/foxy_ws/src/omorobot_r1_mini/src/install/ydlidar_sdk/include/core/common/ydlidar_protocol.h
[3.935s] -- Up-to-date: /workspaces/foxy_ws/src/omorobot_r1_mini/src/install/ydlidar_sdk/include/core/math/angles.h
[3.938s] -- Up-to-date: /workspaces/foxy_ws/src/omorobot_r1_mini/src/install/ydlidar_sdk/include/core/network/ActiveSocket.h
[3.940s] -- Up-to-date: /workspaces/foxy_ws/src/omorobot_r1_mini/src/install/ydlidar_sdk/include/core/network/PassiveSocket.h
[3.943s] -- Up-to-date: /workspaces/foxy_ws/src/omorobot_r1_mini/src/install/ydlidar_sdk/include/core/network/SimpleSocket.h
[3.949s] -- Up-to-date: /workspaces/foxy_ws/src/omorobot_r1_mini/src/install/ydlidar_sdk/include/core/network/StatTimer.h
[3.964s] -- Up-to-date: /workspaces/foxy_ws/src/omorobot_r1_mini/src/install/ydlidar_sdk/include/core/serial/common.h
[3.966s] -- Up-to-date: /workspaces/foxy_ws/src/omorobot_r1_mini/src/install/ydlidar_sdk/include/core/serial/serial.h
[3.969s] -- Up-to-date: /workspaces/foxy_ws/src/omorobot_r1_mini/src/install/ydlidar_sdk/include/core/serial/impl/unix/lock.h
[3.978s] -- Up-to-date: /workspaces/foxy_ws/src/omorobot_r1_mini/src/install/ydlidar_sdk/include/core/serial/impl/unix/unix.h
[3.981s] -- Up-to-date: /workspaces/foxy_ws/src/omorobot_r1_mini/src/install/ydlidar_sdk/include/core/serial/impl/unix/unix_serial.h
[3.989s] -- Up-to-date: /workspaces/foxy_ws/src/omorobot_r1_mini/src/install/ydlidar_sdk/include/src/CYdLidar.h
[3.991s] -- Up-to-date: /workspaces/foxy_ws/src/omorobot_r1_mini/src/install/ydlidar_sdk/include/src/ETLidarDriver.h
[3.995s] -- Up-to-date: /workspaces/foxy_ws/src/omorobot_r1_mini/src/install/ydlidar_sdk/include/src/ydlidar_driver.h
[4.002s] -- Up-to-date: /workspaces/foxy_ws/src/omorobot_r1_mini/src/install/ydlidar_sdk/include/src/ydlidar_sdk.h
[4.006s] -- Up-to-date: /workspaces/foxy_ws/src/omorobot_r1_mini/src/install/ydlidar_sdk/include/ydlidar_config.h
[4.009s] -- Up-to-date: /workspaces/foxy_ws/src/omorobot_r1_mini/src/install/ydlidar_sdk/lib/libydlidar_sdk.a
[4.012s] -- Up-to-date: /workspaces/foxy_ws/src/omorobot_r1_mini/src/install/ydlidar_sdk/lib/pkgconfig/YDLIDAR_SDK.pc
[4.018s] -- Up-to-date: /workspaces/foxy_ws/src/omorobot_r1_mini/src/install/ydlidar_sdk/lib/cmake/ydlidar_sdk/ydlidar_sdkConfig.cmake
[4.022s] -- Up-to-date: /workspaces/foxy_ws/src/omorobot_r1_mini/src/install/ydlidar_sdk/lib/cmake/ydlidar_sdk/ydlidar_sdkTargets.cmake
[4.027s] -- Up-to-date: /workspaces/foxy_ws/src/omorobot_r1_mini/src/install/ydlidar_sdk/lib/cmake/ydlidar_sdk/ydlidar_sdkConfigVersion.cmake
[4.030s] -- Up-to-date: /workspaces/foxy_ws/src/omorobot_r1_mini/src/install/ydlidar_sdk/share/YDLIDAR_SDK/FindYDLIDAR_SDK.cmake
[4.034s] -- Up-to-date: /workspaces/foxy_ws/src/omorobot_r1_mini/src/install/ydlidar_sdk/share/YDLIDAR_SDK
[4.038s] -- Up-to-date: /workspaces/foxy_ws/src/omorobot_r1_mini/src/install/ydlidar_sdk/share/YDLIDAR_SDK/FindPackage.cmake.in
[4.040s] -- Up-to-date: /workspaces/foxy_ws/src/omorobot_r1_mini/src/install/ydlidar_sdk/share/YDLIDAR_SDK/PackageConfig.cmake.in
[4.042s] -- Up-to-date: /workspaces/foxy_ws/src/omorobot_r1_mini/src/install/ydlidar_sdk/share/YDLIDAR_SDK/PackageConfigVersion.cmake.in
[4.045s] -- Up-to-date: /workspaces/foxy_ws/src/omorobot_r1_mini/src/install/ydlidar_sdk/share/YDLIDAR_SDK/PkgConfig.pc.in
[4.050s] -- Up-to-date: /workspaces/foxy_ws/src/omorobot_r1_mini/src/install/ydlidar_sdk/share/YDLIDAR_SDK/cmake_uninstall.cmake.in
[4.053s] -- Up-to-date: /workspaces/foxy_ws/src/omorobot_r1_mini/src/install/ydlidar_sdk/share/YDLIDAR_SDK/common
[4.062s] -- Up-to-date: /workspaces/foxy_ws/src/omorobot_r1_mini/src/install/ydlidar_sdk/share/YDLIDAR_SDK/common/ydlidar_base.cmake
[4.064s] -- Up-to-date: /workspaces/foxy_ws/src/omorobot_r1_mini/src/install/ydlidar_sdk/share/YDLIDAR_SDK/common/ydlidar_parse.cmake
[4.067s] -- Up-to-date: /workspaces/foxy_ws/src/omorobot_r1_mini/src/install/ydlidar_sdk/share/YDLIDAR_SDK/install_package.cmake
[4.073s] -- Up-to-date: /workspaces/foxy_ws/src/omorobot_r1_mini/src/install/ydlidar_sdk/share/YDLIDAR_SDK/script_show_final_summary.cmake
[4.077s] -- Up-to-date: /workspaces/foxy_ws/src/omorobot_r1_mini/src/install/ydlidar_sdk/share/YDLIDAR_SDK/LICENSE.txt
[4.082s] -- Up-to-date: /workspaces/foxy_ws/src/omorobot_r1_mini/src/install/ydlidar_sdk/share/YDLIDAR_SDK/README.md
[4.089s] -- Up-to-date: /workspaces/foxy_ws/src/omorobot_r1_mini/src/install/ydlidar_sdk/share/YDLIDAR_SDK/doc
[4.093s] -- Up-to-date: /workspaces/foxy_ws/src/omorobot_r1_mini/src/install/ydlidar_sdk/share/YDLIDAR_SDK/doc/Dataset.md
[4.095s] -- Up-to-date: /workspaces/foxy_ws/src/omorobot_r1_mini/src/install/ydlidar_sdk/share/YDLIDAR_SDK/doc/Diagram.md
[4.105s] -- Up-to-date: /workspaces/foxy_ws/src/omorobot_r1_mini/src/install/ydlidar_sdk/share/YDLIDAR_SDK/doc/FAQs
[4.108s] -- Up-to-date: /workspaces/foxy_ws/src/omorobot_r1_mini/src/install/ydlidar_sdk/share/YDLIDAR_SDK/doc/FAQs/General_FAQs.md
[4.114s] -- Up-to-date: /workspaces/foxy_ws/src/omorobot_r1_mini/src/install/ydlidar_sdk/share/YDLIDAR_SDK/doc/FAQs/General_FAQs_cn.md
[4.119s] -- Up-to-date: /workspaces/foxy_ws/src/omorobot_r1_mini/src/install/ydlidar_sdk/share/YDLIDAR_SDK/doc/FAQs/Hardware_FAQs.md
[4.121s] -- Up-to-date: /workspaces/foxy_ws/src/omorobot_r1_mini/src/install/ydlidar_sdk/share/YDLIDAR_SDK/doc/FAQs/Hardware_FAQs_cn.md
[4.123s] -- Up-to-date: /workspaces/foxy_ws/src/omorobot_r1_mini/src/install/ydlidar_sdk/share/YDLIDAR_SDK/doc/FAQs/README.md
[4.127s] -- Up-to-date: /workspaces/foxy_ws/src/omorobot_r1_mini/src/install/ydlidar_sdk/share/YDLIDAR_SDK/doc/FAQs/Software_FAQs.md
[4.131s] -- Up-to-date: /workspaces/foxy_ws/src/omorobot_r1_mini/src/install/ydlidar_sdk/share/YDLIDAR_SDK/doc/FAQs/Software_FAQs_cn.md
[4.133s] -- Up-to-date: /workspaces/foxy_ws/src/omorobot_r1_mini/src/install/ydlidar_sdk/share/YDLIDAR_SDK/doc/README.md
[4.136s] -- Up-to-date: /workspaces/foxy_ws/src/omorobot_r1_mini/src/install/ydlidar_sdk/share/YDLIDAR_SDK/doc/SDK.pdf
[4.140s] -- Up-to-date: /workspaces/foxy_ws/src/omorobot_r1_mini/src/install/ydlidar_sdk/share/YDLIDAR_SDK/doc/Tutorials.md
[4.143s] -- Up-to-date: /workspaces/foxy_ws/src/omorobot_r1_mini/src/install/ydlidar_sdk/share/YDLIDAR_SDK/doc/YDLIDAR_SDK_API_for_Developers.md
[4.145s] -- Up-to-date: /workspaces/foxy_ws/src/omorobot_r1_mini/src/install/ydlidar_sdk/share/YDLIDAR_SDK/doc/YDLidar-SDK-Communication-Protocol.html
[4.147s] -- Up-to-date: /workspaces/foxy_ws/src/omorobot_r1_mini/src/install/ydlidar_sdk/share/YDLIDAR_SDK/doc/YDLidar-SDK-Communication-Protocol.md
[4.154s] -- Up-to-date: /workspaces/foxy_ws/src/omorobot_r1_mini/src/install/ydlidar_sdk/share/YDLIDAR_SDK/doc/YDLidar-SDK-Communication-Protocol.pdf
[4.158s] -- Up-to-date: /workspaces/foxy_ws/src/omorobot_r1_mini/src/install/ydlidar_sdk/share/YDLIDAR_SDK/doc/YDLidar_SDK_Communication_Protocol.pdf
[4.161s] -- Up-to-date: /workspaces/foxy_ws/src/omorobot_r1_mini/src/install/ydlidar_sdk/share/YDLIDAR_SDK/doc/howto
[4.167s] -- Up-to-date: /workspaces/foxy_ws/src/omorobot_r1_mini/src/install/ydlidar_sdk/share/YDLIDAR_SDK/doc/howto/README.md
[4.170s] -- Up-to-date: /workspaces/foxy_ws/src/omorobot_r1_mini/src/install/ydlidar_sdk/share/YDLIDAR_SDK/doc/howto/how_to_build_and_debug_using_vscode.md
[4.174s] -- Up-to-date: /workspaces/foxy_ws/src/omorobot_r1_mini/src/install/ydlidar_sdk/share/YDLIDAR_SDK/doc/howto/how_to_build_and_install.md
[4.177s] -- Up-to-date: /workspaces/foxy_ws/src/omorobot_r1_mini/src/install/ydlidar_sdk/share/YDLIDAR_SDK/doc/howto/how_to_create_a_csharp_project.md
[4.181s] -- Up-to-date: /workspaces/foxy_ws/src/omorobot_r1_mini/src/install/ydlidar_sdk/share/YDLIDAR_SDK/doc/howto/how_to_create_a_pull.md
[4.185s] -- Up-to-date: /workspaces/foxy_ws/src/omorobot_r1_mini/src/install/ydlidar_sdk/share/YDLIDAR_SDK/doc/howto/how_to_create_a_udev_rules.md
[4.189s] -- Up-to-date: /workspaces/foxy_ws/src/omorobot_r1_mini/src/install/ydlidar_sdk/share/YDLIDAR_SDK/doc/howto/how_to_gerenrate_vs_project_by_cmake.md
[4.192s] -- Up-to-date: /workspaces/foxy_ws/src/omorobot_r1_mini/src/install/ydlidar_sdk/share/YDLIDAR_SDK/doc/howto/how_to_solve_slow_pull_from_cn.md
[4.197s] -- Up-to-date: /workspaces/foxy_ws/src/omorobot_r1_mini/src/install/ydlidar_sdk/share/YDLIDAR_SDK/doc/howto/images
[4.200s] -- Up-to-date: /workspaces/foxy_ws/src/omorobot_r1_mini/src/install/ydlidar_sdk/share/YDLIDAR_SDK/doc/howto/images/cpack.png
[4.203s] -- Up-to-date: /workspaces/foxy_ws/src/omorobot_r1_mini/src/install/ydlidar_sdk/share/YDLIDAR_SDK/doc/howto/images/csharp_build.png
[4.206s] -- Up-to-date: /workspaces/foxy_ws/src/omorobot_r1_mini/src/install/ydlidar_sdk/share/YDLIDAR_SDK/doc/howto/images/csharp_exception.png
[4.209s] -- Up-to-date: /workspaces/foxy_ws/src/omorobot_r1_mini/src/install/ydlidar_sdk/share/YDLIDAR_SDK/doc/howto/images/csharp_library.png
[4.212s] -- Up-to-date: /workspaces/foxy_ws/src/omorobot_r1_mini/src/install/ydlidar_sdk/share/YDLIDAR_SDK/doc/howto/images/csharp_project.png
[4.215s] -- Up-to-date: /workspaces/foxy_ws/src/omorobot_r1_mini/src/install/ydlidar_sdk/share/YDLIDAR_SDK/doc/howto/images/csharp_running.png
[4.219s] -- Up-to-date: /workspaces/foxy_ws/src/omorobot_r1_mini/src/install/ydlidar_sdk/share/YDLIDAR_SDK/doc/howto/images/sdk_init.png
[4.224s] -- Up-to-date: /workspaces/foxy_ws/src/omorobot_r1_mini/src/install/ydlidar_sdk/share/YDLIDAR_SDK/doc/howto/images/sdk_scanning.png
[4.230s] -- Up-to-date: /workspaces/foxy_ws/src/omorobot_r1_mini/src/install/ydlidar_sdk/share/YDLIDAR_SDK/doc/howto/images/sequence.png
[4.233s] -- Up-to-date: /workspaces/foxy_ws/src/omorobot_r1_mini/src/install/ydlidar_sdk/share/YDLIDAR_SDK/doc/howto/images/ttyUSB0.png
[4.242s] -- Up-to-date: /workspaces/foxy_ws/src/omorobot_r1_mini/src/install/ydlidar_sdk/share/YDLIDAR_SDK/doc/howto/images/ttyUSB1.png
[4.249s] -- Up-to-date: /workspaces/foxy_ws/src/omorobot_r1_mini/src/install/ydlidar_sdk/share/YDLIDAR_SDK/doc/howto/images/vscode
[4.257s] -- Up-to-date: /workspaces/foxy_ws/src/omorobot_r1_mini/src/install/ydlidar_sdk/share/YDLIDAR_SDK/doc/howto/images/vscode/run_tasks.jpg
[4.261s] -- Up-to-date: /workspaces/foxy_ws/src/omorobot_r1_mini/src/install/ydlidar_sdk/share/YDLIDAR_SDK/doc/howto/images/vscode/tasks.png
[4.263s] -- Up-to-date: /workspaces/foxy_ws/src/omorobot_r1_mini/src/install/ydlidar_sdk/share/YDLIDAR_SDK/doc/howto/images/ydlidar_lidar_monitor.png
[4.269s] -- Up-to-date: /workspaces/foxy_ws/src/omorobot_r1_mini/src/install/ydlidar_sdk/share/YDLIDAR_SDK/doc/images
[4.271s] -- Up-to-date: /workspaces/foxy_ws/src/omorobot_r1_mini/src/install/ydlidar_sdk/share/YDLIDAR_SDK/doc/images/EAI.png
[4.277s] -- Up-to-date: /workspaces/foxy_ws/src/omorobot_r1_mini/src/install/ydlidar_sdk/share/YDLIDAR_SDK/doc/images/FlowChart.png
[4.283s] -- Up-to-date: /workspaces/foxy_ws/src/omorobot_r1_mini/src/install/ydlidar_sdk/share/YDLIDAR_SDK/doc/images/YDLidar.jpg
[4.287s] -- Up-to-date: /workspaces/foxy_ws/src/omorobot_r1_mini/src/install/ydlidar_sdk/share/YDLIDAR_SDK/doc/images/YDLidar.png
[4.295s] -- Up-to-date: /workspaces/foxy_ws/src/omorobot_r1_mini/src/install/ydlidar_sdk/share/YDLIDAR_SDK/doc/images/angle_q2.png
[4.300s] -- Up-to-date: /workspaces/foxy_ws/src/omorobot_r1_mini/src/install/ydlidar_sdk/share/YDLIDAR_SDK/doc/images/communication_mechanism.png
[4.309s] -- Up-to-date: /workspaces/foxy_ws/src/omorobot_r1_mini/src/install/ydlidar_sdk/share/YDLIDAR_SDK/doc/images/frame.png
[4.316s] -- Up-to-date: /workspaces/foxy_ws/src/omorobot_r1_mini/src/install/ydlidar_sdk/share/YDLIDAR_SDK/doc/images/frame_intensity.png
[4.322s] -- Up-to-date: /workspaces/foxy_ws/src/omorobot_r1_mini/src/install/ydlidar_sdk/share/YDLIDAR_SDK/doc/images/sdk_architecture.png
[4.325s] -- Up-to-date: /workspaces/foxy_ws/src/omorobot_r1_mini/src/install/ydlidar_sdk/share/YDLIDAR_SDK/doc/images/sdk_init.png
[4.331s] -- Up-to-date: /workspaces/foxy_ws/src/omorobot_r1_mini/src/install/ydlidar_sdk/share/YDLIDAR_SDK/doc/images/sdk_scanning.png
[4.338s] -- Up-to-date: /workspaces/foxy_ws/src/omorobot_r1_mini/src/install/ydlidar_sdk/share/YDLIDAR_SDK/doc/images/sequence.png
[4.342s] -- Up-to-date: /workspaces/foxy_ws/src/omorobot_r1_mini/src/install/ydlidar_sdk/share/YDLIDAR_SDK/doc/images/system_workflow.png
[4.346s] -- Up-to-date: /workspaces/foxy_ws/src/omorobot_r1_mini/src/install/ydlidar_sdk/share/YDLIDAR_SDK/doc/quickstart
[4.352s] -- Up-to-date: /workspaces/foxy_ws/src/omorobot_r1_mini/src/install/ydlidar_sdk/share/YDLIDAR_SDK/doc/quickstart/README.md
[4.358s] -- Up-to-date: /workspaces/foxy_ws/src/omorobot_r1_mini/src/install/ydlidar_sdk/share/YDLIDAR_SDK/doc/quickstart/ydlidar_sdk_software_installation_guide.md
[4.366s] -- Up-to-date: /workspaces/foxy_ws/src/omorobot_r1_mini/src/install/ydlidar_sdk/share/YDLIDAR_SDK/doc/tutorials
[4.372s] -- Up-to-date: /workspaces/foxy_ws/src/omorobot_r1_mini/src/install/ydlidar_sdk/share/YDLIDAR_SDK/doc/tutorials/examine_the_simple_lidar_tutorial.md
[4.380s] -- Up-to-date: /workspaces/foxy_ws/src/omorobot_r1_mini/src/install/ydlidar_sdk/share/YDLIDAR_SDK/doc/tutorials/writing_lidar_network_adapter_tutorial_c++.md
[4.384s] -- Up-to-date: /workspaces/foxy_ws/src/omorobot_r1_mini/src/install/ydlidar_sdk/share/YDLIDAR_SDK/doc/tutorials/writing_lidar_tutorial_c++.md
[4.390s] -- Up-to-date: /workspaces/foxy_ws/src/omorobot_r1_mini/src/install/ydlidar_sdk/share/YDLIDAR_SDK/doc/tutorials/writing_lidar_tutorial_c.md
[4.394s] -- Up-to-date: /workspaces/foxy_ws/src/omorobot_r1_mini/src/install/ydlidar_sdk/share/YDLIDAR_SDK/doc/tutorials/writing_lidar_tutorial_python.md
[4.400s] -- Up-to-date: /workspaces/foxy_ws/src/omorobot_r1_mini/src/install/ydlidar_sdk/startup/initenv.sh
[4.406s] -- Up-to-date: /workspaces/foxy_ws/src/omorobot_r1_mini/src/install/ydlidar_sdk/bin/etlidar_test
[4.409s] -- Up-to-date: /workspaces/foxy_ws/src/omorobot_r1_mini/src/install/ydlidar_sdk/bin/tof_test
[4.415s] -- Up-to-date: /workspaces/foxy_ws/src/omorobot_r1_mini/src/install/ydlidar_sdk/bin/ydlidar_test
[4.418s] -- Up-to-date: /workspaces/foxy_ws/src/omorobot_r1_mini/src/install/ydlidar_sdk/bin/lidar_c_api_test
[4.420s] Invoked command in '/workspaces/foxy_ws/src/omorobot_r1_mini/src/build/ydlidar_sdk' returned '0': /usr/bin/cmake --install /workspaces/foxy_ws/src/omorobot_r1_mini/src/build/ydlidar_sdk
