[0.545s] Invoking command in '/workspaces/foxy_ws/src/gcamp_ros2_ws/build/cpp_topic_pkg': CMAKE_PREFIX_PATH=${CMAKE_PREFIX_PATH}:/workspaces/foxy_ws/src/install/unity_slam_example:/workspaces/foxy_ws/src/install/ros_tcp_endpoint:/workspaces/foxy_ws/src/install/py_topic_pkg:/workspaces/foxy_ws/src/install/py_service_pkg:/workspaces/foxy_ws/src/install/py_first_pkg:/workspaces/foxy_ws/src/install/py_action_pkg:/workspaces/foxy_ws/src/install/omo_r1mini_teleop:/workspaces/foxy_ws/src/install/omo_r1mini_bringup:/opt/ros/foxy /usr/bin/cmake /workspaces/foxy_ws/src/gcamp_ros2_ws/src/gcamp_ros2_basic/cpp_topic_pkg -DCMAKE_INSTALL_PREFIX=/workspaces/foxy_ws/src/gcamp_ros2_ws/install/cpp_topic_pkg
[1.299s] -- Found ament_cmake: 0.9.8 (/opt/ros/foxy/share/ament_cmake/cmake)
[1.307s] -- Using PYTHON_EXECUTABLE: /usr/bin/python3
[1.330s] -- Override CMake install command with custom implementation using symlinks instead of copying resources
[1.424s] -- Found rclcpp: 2.3.1 (/opt/ros/foxy/share/rclcpp/cmake)
[1.665s] -- Using all available rosidl_typesupport_c: rosidl_typesupport_fastrtps_c;rosidl_typesupport_introspection_c
[1.671s] -- Found rosidl_adapter: 1.2.1 (/opt/ros/foxy/share/rosidl_adapter/cmake)
[3.823s] -- Using all available rosidl_typesupport_cpp: rosidl_typesupport_fastrtps_cpp;rosidl_typesupport_introspection_cpp
[3.953s] -- Found rmw_implementation_cmake: 1.0.3 (/opt/ros/foxy/share/rmw_implementation_cmake/cmake)
[4.278s] -- Using RMW implementation 'rmw_fastrtps_cpp' as default
[4.341s] -- Found sensor_msgs: 2.0.4 (/opt/ros/foxy/share/sensor_msgs/cmake)
[4.436s] -- Found ament_lint_auto: 0.9.6 (/opt/ros/foxy/share/ament_lint_auto/cmake)
[5.067s] -- Added test 'copyright' to check source files copyright and LICENSE
[5.088s] -- Added test 'cppcheck' to perform static code analysis on C / C++ code
[5.095s] -- Configured cppcheck include dirs: 
[5.098s] -- Configured cppcheck exclude dirs and/or files: 
[5.108s] -- Added test 'cpplint' to check C / C++ code against the Google style
[5.119s] -- Configured cpplint exclude dirs and/or files: 
[5.124s] -- Added test 'lint_cmake' to check CMake code style
[5.129s] -- Added test 'uncrustify' to check C / C++ code style
[5.133s] -- Configured uncrustify additional arguments: 
[5.136s] -- Added test 'xmllint' to check XML markup files
[5.186s] -- Configuring done
[6.419s] -- Generating done
[6.610s] -- Build files have been written to: /workspaces/foxy_ws/src/gcamp_ros2_ws/build/cpp_topic_pkg
[6.614s] Invoked command in '/workspaces/foxy_ws/src/gcamp_ros2_ws/build/cpp_topic_pkg' returned '0': CMAKE_PREFIX_PATH=${CMAKE_PREFIX_PATH}:/workspaces/foxy_ws/src/install/unity_slam_example:/workspaces/foxy_ws/src/install/ros_tcp_endpoint:/workspaces/foxy_ws/src/install/py_topic_pkg:/workspaces/foxy_ws/src/install/py_service_pkg:/workspaces/foxy_ws/src/install/py_first_pkg:/workspaces/foxy_ws/src/install/py_action_pkg:/workspaces/foxy_ws/src/install/omo_r1mini_teleop:/workspaces/foxy_ws/src/install/omo_r1mini_bringup:/opt/ros/foxy /usr/bin/cmake /workspaces/foxy_ws/src/gcamp_ros2_ws/src/gcamp_ros2_basic/cpp_topic_pkg -DCMAKE_INSTALL_PREFIX=/workspaces/foxy_ws/src/gcamp_ros2_ws/install/cpp_topic_pkg
[6.630s] Invoking command in '/workspaces/foxy_ws/src/gcamp_ros2_ws/build/cpp_topic_pkg': CMAKE_PREFIX_PATH=${CMAKE_PREFIX_PATH}:/workspaces/foxy_ws/src/install/unity_slam_example:/workspaces/foxy_ws/src/install/ros_tcp_endpoint:/workspaces/foxy_ws/src/install/py_topic_pkg:/workspaces/foxy_ws/src/install/py_service_pkg:/workspaces/foxy_ws/src/install/py_first_pkg:/workspaces/foxy_ws/src/install/py_action_pkg:/workspaces/foxy_ws/src/install/omo_r1mini_teleop:/workspaces/foxy_ws/src/install/omo_r1mini_bringup:/opt/ros/foxy /usr/bin/cmake --build /workspaces/foxy_ws/src/gcamp_ros2_ws/build/cpp_topic_pkg -- -j8 -l8
[7.989s] [ 14%] Built target topic_pub_oop_node
[8.109s] [ 28%] Built target parking_node
[8.147s] [ 42%] Built target cmd_vel_pub_node
[8.195s] [ 57%] Built target topic_sub_oop_node
[8.213s] [ 85%] Built target laser_sub_node
[8.222s] [ 85%] Built target topic_sub_node
[8.233s] [100%] Built target topic_pub_node
[8.411s] Invoked command in '/workspaces/foxy_ws/src/gcamp_ros2_ws/build/cpp_topic_pkg' returned '0': CMAKE_PREFIX_PATH=${CMAKE_PREFIX_PATH}:/workspaces/foxy_ws/src/install/unity_slam_example:/workspaces/foxy_ws/src/install/ros_tcp_endpoint:/workspaces/foxy_ws/src/install/py_topic_pkg:/workspaces/foxy_ws/src/install/py_service_pkg:/workspaces/foxy_ws/src/install/py_first_pkg:/workspaces/foxy_ws/src/install/py_action_pkg:/workspaces/foxy_ws/src/install/omo_r1mini_teleop:/workspaces/foxy_ws/src/install/omo_r1mini_bringup:/opt/ros/foxy /usr/bin/cmake --build /workspaces/foxy_ws/src/gcamp_ros2_ws/build/cpp_topic_pkg -- -j8 -l8
[9.911s] Invoking command in '/workspaces/foxy_ws/src/gcamp_ros2_ws/build/cpp_topic_pkg': CMAKE_PREFIX_PATH=${CMAKE_PREFIX_PATH}:/workspaces/foxy_ws/src/install/unity_slam_example:/workspaces/foxy_ws/src/install/ros_tcp_endpoint:/workspaces/foxy_ws/src/install/py_topic_pkg:/workspaces/foxy_ws/src/install/py_service_pkg:/workspaces/foxy_ws/src/install/py_first_pkg:/workspaces/foxy_ws/src/install/py_action_pkg:/workspaces/foxy_ws/src/install/omo_r1mini_teleop:/workspaces/foxy_ws/src/install/omo_r1mini_bringup:/opt/ros/foxy /usr/bin/cmake --install /workspaces/foxy_ws/src/gcamp_ros2_ws/build/cpp_topic_pkg
[10.021s] -- Install configuration: ""
[10.030s] -- Execute custom install script
[10.051s] -- Up-to-date symlink: /workspaces/foxy_ws/src/gcamp_ros2_ws/install/cpp_topic_pkg/lib/cpp_topic_pkg/cmd_vel_pub_node
[10.076s] -- Up-to-date symlink: /workspaces/foxy_ws/src/gcamp_ros2_ws/install/cpp_topic_pkg/lib/cpp_topic_pkg/laser_sub_node
[10.084s] -- Up-to-date symlink: /workspaces/foxy_ws/src/gcamp_ros2_ws/install/cpp_topic_pkg/lib/cpp_topic_pkg/parking_node
[10.099s] -- Up-to-date symlink: /workspaces/foxy_ws/src/gcamp_ros2_ws/install/cpp_topic_pkg/lib/cpp_topic_pkg/topic_pub_node
[10.107s] -- Up-to-date symlink: /workspaces/foxy_ws/src/gcamp_ros2_ws/install/cpp_topic_pkg/lib/cpp_topic_pkg/topic_pub_oop_node
[10.120s] -- Up-to-date symlink: /workspaces/foxy_ws/src/gcamp_ros2_ws/install/cpp_topic_pkg/lib/cpp_topic_pkg/topic_sub_node
[10.136s] -- Up-to-date symlink: /workspaces/foxy_ws/src/gcamp_ros2_ws/install/cpp_topic_pkg/lib/cpp_topic_pkg/topic_sub_oop_node
[10.141s] -- Up-to-date symlink: /workspaces/foxy_ws/src/gcamp_ros2_ws/install/cpp_topic_pkg/share/ament_index/resource_index/package_run_dependencies/cpp_topic_pkg
[10.152s] -- Up-to-date symlink: /workspaces/foxy_ws/src/gcamp_ros2_ws/install/cpp_topic_pkg/share/ament_index/resource_index/parent_prefix_path/cpp_topic_pkg
[10.160s] -- Up-to-date symlink: /workspaces/foxy_ws/src/gcamp_ros2_ws/install/cpp_topic_pkg/share/cpp_topic_pkg/environment/ament_prefix_path.sh
[10.176s] -- Up-to-date symlink: /workspaces/foxy_ws/src/gcamp_ros2_ws/install/cpp_topic_pkg/share/cpp_topic_pkg/environment/ament_prefix_path.dsv
[10.185s] -- Up-to-date symlink: /workspaces/foxy_ws/src/gcamp_ros2_ws/install/cpp_topic_pkg/share/cpp_topic_pkg/environment/path.sh
[10.194s] -- Up-to-date symlink: /workspaces/foxy_ws/src/gcamp_ros2_ws/install/cpp_topic_pkg/share/cpp_topic_pkg/environment/path.dsv
[10.198s] -- Up-to-date symlink: /workspaces/foxy_ws/src/gcamp_ros2_ws/install/cpp_topic_pkg/share/cpp_topic_pkg/local_setup.bash
[10.207s] -- Up-to-date symlink: /workspaces/foxy_ws/src/gcamp_ros2_ws/install/cpp_topic_pkg/share/cpp_topic_pkg/local_setup.sh
[10.214s] -- Up-to-date symlink: /workspaces/foxy_ws/src/gcamp_ros2_ws/install/cpp_topic_pkg/share/cpp_topic_pkg/local_setup.zsh
[10.220s] -- Up-to-date symlink: /workspaces/foxy_ws/src/gcamp_ros2_ws/install/cpp_topic_pkg/share/cpp_topic_pkg/local_setup.dsv
[10.227s] -- Symlinking: /workspaces/foxy_ws/src/gcamp_ros2_ws/install/cpp_topic_pkg/share/cpp_topic_pkg/package.dsv
[10.347s] -- Up-to-date symlink: /workspaces/foxy_ws/src/gcamp_ros2_ws/install/cpp_topic_pkg/share/ament_index/resource_index/packages/cpp_topic_pkg
[10.353s] -- Up-to-date symlink: /workspaces/foxy_ws/src/gcamp_ros2_ws/install/cpp_topic_pkg/share/cpp_topic_pkg/cmake/cpp_topic_pkgConfig.cmake
[10.362s] -- Up-to-date symlink: /workspaces/foxy_ws/src/gcamp_ros2_ws/install/cpp_topic_pkg/share/cpp_topic_pkg/cmake/cpp_topic_pkgConfig-version.cmake
[10.372s] -- Up-to-date symlink: /workspaces/foxy_ws/src/gcamp_ros2_ws/install/cpp_topic_pkg/share/cpp_topic_pkg/package.xml
[10.377s] Invoked command in '/workspaces/foxy_ws/src/gcamp_ros2_ws/build/cpp_topic_pkg' returned '0': CMAKE_PREFIX_PATH=${CMAKE_PREFIX_PATH}:/workspaces/foxy_ws/src/install/unity_slam_example:/workspaces/foxy_ws/src/install/ros_tcp_endpoint:/workspaces/foxy_ws/src/install/py_topic_pkg:/workspaces/foxy_ws/src/install/py_service_pkg:/workspaces/foxy_ws/src/install/py_first_pkg:/workspaces/foxy_ws/src/install/py_action_pkg:/workspaces/foxy_ws/src/install/omo_r1mini_teleop:/workspaces/foxy_ws/src/install/omo_r1mini_bringup:/opt/ros/foxy /usr/bin/cmake --install /workspaces/foxy_ws/src/gcamp_ros2_ws/build/cpp_topic_pkg
