[0.661s] Invoking command in '/workspaces/foxy_ws/src/omorobot_r1_mini/src/build/ydlidar_sdk': /usr/bin/cmake --build /workspaces/foxy_ws/src/omorobot_r1_mini/src/build/ydlidar_sdk -- -j8 -l8
[0.730s] CMake Deprecation Warning at CMakeLists.txt:44 (cmake_policy):
[0.734s]   The OLD behavior for policy CMP0053 will be removed from a future version
[0.737s]   of CMake.
[0.740s] 
[0.742s]   The cmake-policies(7) manual explains that the OLD behaviors of all
[0.746s]   policies are deprecated and that a policy should be set to OLD only under
[0.750s]   specific short-term circumstances.  Projects should be ported to the NEW
[0.753s]   behavior and not rely on setting a policy to OLD.
[0.756s] 
[0.760s] 
[0.763s] CMake Deprecation Warning at CMakeLists.txt:47 (cmake_policy):
[0.766s]   The OLD behavior for policy CMP0037 will be removed from a future version
[0.769s]   of CMake.
[0.778s] 
[0.785s]   The cmake-policies(7) manual explains that the OLD behaviors of all
[0.791s]   policies are deprecated and that a policy should be set to OLD only under
[0.794s]   specific short-term circumstances.  Projects should be ported to the NEW
[0.797s]   behavior and not rely on setting a policy to OLD.
[0.806s] 
[0.813s] 
[0.817s] CMake Deprecation Warning at CMakeLists.txt:50 (cmake_policy):
[0.826s]   The OLD behavior for policy CMP0043 will be removed from a future version
[0.829s]   of CMake.
[0.834s] 
[0.838s]   The cmake-policies(7) manual explains that the OLD behaviors of all
[0.841s]   policies are deprecated and that a policy should be set to OLD only under
[0.845s]   specific short-term circumstances.  Projects should be ported to the NEW
[0.852s]   behavior and not rely on setting a policy to OLD.
[0.858s] 
[0.862s] 
[0.872s] -- Could NOT find SWIG (missing: SWIG_EXECUTABLE SWIG_DIR) 
[0.964s] -- build test is ON.....
[0.974s] CMake Deprecation Warning at cmake/install_package.cmake:101 (cmake_policy):
[0.981s]   The OLD behavior for policy CMP0026 will be removed from a future version
[0.988s]   of CMake.
[0.997s] 
[1.003s]   The cmake-policies(7) manual explains that the OLD behaviors of all
[1.016s]   policies are deprecated and that a policy should be set to OLD only under
[1.021s]   specific short-term circumstances.  Projects should be ported to the NEW
[1.029s]   behavior and not rely on setting a policy to OLD.
[1.033s] Call Stack (most recent call first):
[1.036s]   CMakeLists.txt:161 (install_package)
[1.043s] 
[1.048s] 
[1.071s] CMake Warning (dev) at cmake/install_package.cmake:191 (install):
[1.077s]   Policy CMP0062 is not set: Disallow install() of export() result.  Run
[1.090s]   "cmake --help-policy CMP0062" for policy details.  Use the cmake_policy
[1.095s]   command to set the policy and suppress this warning.
[1.102s] 
[1.106s]   The file
[1.113s] 
[1.129s]     /workspaces/foxy_ws/src/omorobot_r1_mini/src/build/ydlidar_sdk/ydlidar_sdkTargets.cmake
[1.136s] 
[1.140s]   was generated by the export() command.  It should not be installed with the
[1.143s]   install() command.  Use the install(EXPORT) mechanism instead.  See the
[1.148s]   cmake-packages(7) manual for more.
[1.154s] 
[1.159s] Call Stack (most recent call first):
[1.165s]   CMakeLists.txt:161 (install_package)
[1.169s] This warning is for project developers.  Use -Wno-dev to suppress it.
[1.173s] 
[1.255s] -- 
[1.260s] -- +===========================================================================+
[1.265s] -- |         Resulting configuration for                             |
[1.276s] -- +===========================================================================+
[1.283s] --  _________________________ PLATFORM _____________________________
[1.293s] --  Host                        : Linux5.10.25-linuxkitx86_64
[1.301s] --  Is the system big endian?   :  No 
[1.306s] --  Word size (32/64 bit)       : 64
[1.313s] --  CMake version               : 3.16.3
[1.320s] --  CMake generator             : Unix Makefiles
[1.325s] --  CMake build tool            : /usr/bin/make
[1.328s] --  Compiler                    : GNU
[1.332s] --  Configuration               : 
[1.337s] -- 
[1.340s] --  __________________________ OPTIONS _____________________________
[1.347s] --  Build YDLidar-SDK as a shared library?　　 :  No 
[1.352s] --  Build Examples?　　　　　　　　　　　　　　 : Yes 
[1.356s] --  Build C Sharp API?　　　　　　　　　　　　 :  No 
[1.359s] --  Build TEST?  			　　　 : Yes 
[1.367s] -- 
[1.373s] --  _________________________ INSTALL _____________________
[1.376s] --  Install prefix                    : /workspaces/foxy_ws/src/omorobot_r1_mini/src/install/ydlidar_sdk
[1.385s] -- 
[1.390s] --  _______________________ WRAPPERS/BINDINGS ______________________
[1.399s] --  Python bindings (pyydlidar)   :  No 
[1.403s] --   - dep: Swig found?       :  No [Version: ]
[1.407s] --   - dep: PythonLibs found?  : Yes [Version: 3.8.10]
[1.412s] -- 
[1.420s] -- Configuring done
[3.299s] -- Generating done
[3.501s] -- Build files have been written to: /workspaces/foxy_ws/src/omorobot_r1_mini/src/build/ydlidar_sdk
[3.591s] [35m[1mScanning dependencies of target ydlidar_sdk[0m
[7.316s] [  8%] [32mBuilding CXX object CMakeFiles/ydlidar_sdk.dir/core/base/timer.cpp.o[0m
[7.333s] [ 12%] [32mBuilding CXX object CMakeFiles/ydlidar_sdk.dir/core/common/ydlidar_def.cpp.o[0m
[7.349s] [ 20%] [32mBuilding CXX object CMakeFiles/ydlidar_sdk.dir/core/network/ActiveSocket.cpp.o[0m
[7.358s] [ 20%] [32mBuilding CXX object CMakeFiles/ydlidar_sdk.dir/core/network/PassiveSocket.cpp.o[0m
[7.382s] [ 29%] [32mBuilding CXX object CMakeFiles/ydlidar_sdk.dir/core/serial/impl/unix/list_ports_linux.cpp.o[0m
[7.390s] [ 29%] [32mBuilding CXX object CMakeFiles/ydlidar_sdk.dir/core/network/SimpleSocket.cpp.o[0m
[7.396s] [ 33%] [32mBuilding CXX object CMakeFiles/ydlidar_sdk.dir/core/serial/serial.cpp.o[0m
[7.417s] [ 33%] [32mBuilding C object CMakeFiles/ydlidar_sdk.dir/core/serial/impl/unix/lock.c.o[0m
[8.018s] [ 37%] [32mBuilding CXX object CMakeFiles/ydlidar_sdk.dir/core/serial/impl/unix/unix_serial.cpp.o[0m
[8.792s] [ 41%] [32mBuilding CXX object CMakeFiles/ydlidar_sdk.dir/src/CYdLidar.cpp.o[0m
[9.430s] [ 45%] [32mBuilding CXX object CMakeFiles/ydlidar_sdk.dir/src/ETLidarDriver.cpp.o[0m
[10.390s] [ 50%] [32mBuilding CXX object CMakeFiles/ydlidar_sdk.dir/src/ydlidar_driver.cpp.o[0m
[10.433s] [ 54%] [32mBuilding CXX object CMakeFiles/ydlidar_sdk.dir/src/ydlidar_sdk.cpp.o[0m
[13.249s] [ 58%] [32m[1mLinking CXX static library libydlidar_sdk.a[0m
[13.824s] [ 58%] Built target ydlidar_sdk
[13.865s] [35m[1mScanning dependencies of target tof_test[0m
[13.870s] [35m[1mScanning dependencies of target ydlidar_test[0m
[13.874s] [35m[1mScanning dependencies of target lidar_c_api_test[0m
[13.880s] [35m[1mScanning dependencies of target etlidar_test[0m
[13.891s] [35m[1mScanning dependencies of target lidar_test[0m
[14.096s] [ 62%] [32mBuilding C object samples/CMakeFiles/lidar_c_api_test.dir/lidar_c_api_test.c.o[0m
[14.118s] [01m[Kcc1:[m[K [01;35m[Kwarning: [m[Kcommand line option ‘[01m[K-std=c++11[m[K’ is valid for C++/ObjC++ but not for C
[14.428s] [ 66%] [32mBuilding CXX object samples/CMakeFiles/tof_test.dir/tof_test.cpp.o[0m
[14.436s] [ 70%] [32mBuilding CXX object samples/CMakeFiles/ydlidar_test.dir/ydlidar_test.cpp.o[0m
[14.446s] [ 75%] [32mBuilding CXX object samples/CMakeFiles/etlidar_test.dir/etlidar_test.cpp.o[0m
[14.507s] [ 79%] [32mBuilding CXX object test/CMakeFiles/lidar_test.dir/lidar_test.cpp.o[0m
[14.583s] [01m[K/workspaces/foxy_ws/src/omorobot_r1_mini/src/YDLidar-SDK/samples/lidar_c_api_test.c:[m[K In function ‘[01m[Kmain[m[K’:
[14.591s] [01m[K/workspaces/foxy_ws/src/omorobot_r1_mini/src/YDLidar-SDK/samples/lidar_c_api_test.c:102:47:[m[K [01;35m[Kwarning: [m[Kformat ‘[01m[K%llu[m[K’ expects argument of type ‘[01m[Klong long unsigned int[m[K’, but argument 3 has type ‘[01m[Kuint64_t[m[K’ {aka ‘[01m[Klong unsigned int[m[K’} [[01;35m[K-Wformat=[m[K]
[14.595s]   102 |             fprintf(stdout, "Scan received[[01;35m[K%llu[m[K]: %u ranges is [%f]Hz\n",
[14.600s]       |                                            [01;35m[K~~~^[m[K
[14.604s]       |                                               [01;35m[K|[m[K
[14.614s]       |                                               [01;35m[Klong long unsigned int[m[K
[14.622s]       |                                            [32m[K%lu[m[K
[14.627s]   103 |                     [32m[Kscan.stamp[m[K,
[14.637s]       |                     [32m[K~~~~~~~~~~[m[K                 
[14.643s]       |                         [32m[K|[m[K
[14.648s]       |                         [32m[Kuint64_t {aka long unsigned int}[m[K
[14.693s] [ 83%] [32m[1mLinking CXX executable ../lidar_c_api_test[0m
[16.533s] [01m[K/workspaces/foxy_ws/src/omorobot_r1_mini/src/YDLidar-SDK/samples/etlidar_test.cpp:[m[K In function ‘[01m[Kint main(int, char**)[m[K’:
[16.537s] [01m[K/workspaces/foxy_ws/src/omorobot_r1_mini/src/YDLidar-SDK/samples/etlidar_test.cpp:178:41:[m[K [01;35m[Kwarning: [m[Kformat ‘[01m[K%llu[m[K’ expects argument of type ‘[01m[Klong long unsigned int[m[K’, but argument 3 has type ‘[01m[Kuint64_t[m[K’ {aka ‘[01m[Klong unsigned int[m[K’} [[01;35m[K-Wformat=[m[K]
[16.539s]   178 |       fprintf(stdout, "Scan received[[01;35m[K%llu[m[K]: %u ranges is [%f]Hz\n",
[16.544s]       |                                      [01;35m[K~~~^[m[K
[16.548s]       |                                         [01;35m[K|[m[K
[16.557s]       |                                         [01;35m[Klong long unsigned int[m[K
[16.563s]       |                                      [32m[K%lu[m[K
[16.569s]   179 |               [32m[Kscan.stamp[m[K,
[16.575s]       |               [32m[K~~~~~~~~~~[m[K                 
[16.580s]       |                    [32m[K|[m[K
[16.583s]       |                    [32m[Kuint64_t {aka long unsigned int}[m[K
[16.587s] [01m[K/workspaces/foxy_ws/src/omorobot_r1_mini/src/YDLidar-SDK/samples/tof_test.cpp:[m[K In function ‘[01m[Kint main(int, char**)[m[K’:
[16.591s] [01m[K/workspaces/foxy_ws/src/omorobot_r1_mini/src/YDLidar-SDK/samples/tof_test.cpp:259:41:[m[K [01;35m[Kwarning: [m[Kformat ‘[01m[K%llu[m[K’ expects argument of type ‘[01m[Klong long unsigned int[m[K’, but argument 3 has type ‘[01m[Kuint64_t[m[K’ {aka ‘[01m[Klong unsigned int[m[K’} [[01;35m[K-Wformat=[m[K]
[16.595s]   259 |       fprintf(stdout, "Scan received[[01;35m[K%llu[m[K]: %u ranges is [%f]Hz\n",
[16.600s]       |                                      [01;35m[K~~~^[m[K
[16.612s]       |                                         [01;35m[K|[m[K
[16.620s]       |                                         [01;35m[Klong long unsigned int[m[K
[16.625s]       |                                      [32m[K%lu[m[K
[16.631s]   260 |               [32m[Kscan.stamp[m[K,
[16.636s]       |               [32m[K~~~~~~~~~~[m[K                 
[16.644s]       |                    [32m[K|[m[K
[16.648s]       |                    [32m[Kuint64_t {aka long unsigned int}[m[K
[16.717s] [ 87%] [32m[1mLinking CXX executable ../etlidar_test[0m
[16.740s] [01m[K/workspaces/foxy_ws/src/omorobot_r1_mini/src/YDLidar-SDK/samples/ydlidar_test.cpp:[m[K In function ‘[01m[Kint main(int, char**)[m[K’:
[16.744s] [01m[K/workspaces/foxy_ws/src/omorobot_r1_mini/src/YDLidar-SDK/samples/ydlidar_test.cpp:262:41:[m[K [01;35m[Kwarning: [m[Kformat ‘[01m[K%llu[m[K’ expects argument of type ‘[01m[Klong long unsigned int[m[K’, but argument 3 has type ‘[01m[Kuint64_t[m[K’ {aka ‘[01m[Klong unsigned int[m[K’} [[01;35m[K-Wformat=[m[K]
[16.747s]   262 |       fprintf(stdout, "Scan received[[01;35m[K%llu[m[K]: %u ranges is [%f]Hz\n",
[16.753s]       |                                      [01;35m[K~~~^[m[K
[16.757s]       |                                         [01;35m[K|[m[K
[16.764s]       |                                         [01;35m[Klong long unsigned int[m[K
[16.771s]       |                                      [32m[K%lu[m[K
[16.776s]   263 |               [32m[Kscan.stamp[m[K,
[16.781s]       |               [32m[K~~~~~~~~~~[m[K                 
[16.784s]       |                    [32m[K|[m[K
[16.790s]       |                    [32m[Kuint64_t {aka long unsigned int}[m[K
[17.093s] [ 91%] [32m[1mLinking CXX executable ../tof_test[0m
[17.182s] [ 91%] Built target lidar_c_api_test
[17.317s] [ 95%] [32m[1mLinking CXX executable ../ydlidar_test[0m
[17.944s] [100%] [32m[1mLinking CXX executable lidar_test[0m
[18.925s] [100%] Built target etlidar_test
[19.287s] [100%] Built target tof_test
[19.411s] [100%] Built target ydlidar_test
[21.432s] [100%] Built target lidar_test
[21.490s] Invoked command in '/workspaces/foxy_ws/src/omorobot_r1_mini/src/build/ydlidar_sdk' returned '0': /usr/bin/cmake --build /workspaces/foxy_ws/src/omorobot_r1_mini/src/build/ydlidar_sdk -- -j8 -l8
[21.619s] Invoking command in '/workspaces/foxy_ws/src/omorobot_r1_mini/src/build/ydlidar_sdk': /usr/bin/cmake --install /workspaces/foxy_ws/src/omorobot_r1_mini/src/build/ydlidar_sdk
[21.635s] -- Install configuration: ""
[21.638s] -- Up-to-date: /workspaces/foxy_ws/src/omorobot_r1_mini/src/install/ydlidar_sdk/include/core/base/datatype.h
[21.641s] -- Up-to-date: /workspaces/foxy_ws/src/omorobot_r1_mini/src/install/ydlidar_sdk/include/core/base/locker.h
[21.647s] -- Up-to-date: /workspaces/foxy_ws/src/omorobot_r1_mini/src/install/ydlidar_sdk/include/core/base/thread.h
[21.652s] -- Up-to-date: /workspaces/foxy_ws/src/omorobot_r1_mini/src/install/ydlidar_sdk/include/core/base/timer.h
[21.655s] -- Up-to-date: /workspaces/foxy_ws/src/omorobot_r1_mini/src/install/ydlidar_sdk/include/core/base/typedef.h
[21.658s] -- Up-to-date: /workspaces/foxy_ws/src/omorobot_r1_mini/src/install/ydlidar_sdk/include/core/base/utils.h
[21.661s] -- Up-to-date: /workspaces/foxy_ws/src/omorobot_r1_mini/src/install/ydlidar_sdk/include/core/base/v8stdint.h
[21.664s] -- Up-to-date: /workspaces/foxy_ws/src/omorobot_r1_mini/src/install/ydlidar_sdk/include/core/base/ydlidar.h
[21.667s] -- Up-to-date: /workspaces/foxy_ws/src/omorobot_r1_mini/src/install/ydlidar_sdk/include/core/common/ChannelDevice.h
[21.670s] -- Up-to-date: /workspaces/foxy_ws/src/omorobot_r1_mini/src/install/ydlidar_sdk/include/core/common/DriverInterface.h
[21.672s] -- Up-to-date: /workspaces/foxy_ws/src/omorobot_r1_mini/src/install/ydlidar_sdk/include/core/common/ydlidar_datatype.h
[21.675s] -- Up-to-date: /workspaces/foxy_ws/src/omorobot_r1_mini/src/install/ydlidar_sdk/include/core/common/ydlidar_def.h
[21.677s] -- Up-to-date: /workspaces/foxy_ws/src/omorobot_r1_mini/src/install/ydlidar_sdk/include/core/common/ydlidar_help.h
[21.679s] -- Up-to-date: /workspaces/foxy_ws/src/omorobot_r1_mini/src/install/ydlidar_sdk/include/core/common/ydlidar_protocol.h
[21.681s] -- Up-to-date: /workspaces/foxy_ws/src/omorobot_r1_mini/src/install/ydlidar_sdk/include/core/math/angles.h
[21.689s] -- Up-to-date: /workspaces/foxy_ws/src/omorobot_r1_mini/src/install/ydlidar_sdk/include/core/network/ActiveSocket.h
[21.692s] -- Up-to-date: /workspaces/foxy_ws/src/omorobot_r1_mini/src/install/ydlidar_sdk/include/core/network/PassiveSocket.h
[21.695s] -- Up-to-date: /workspaces/foxy_ws/src/omorobot_r1_mini/src/install/ydlidar_sdk/include/core/network/SimpleSocket.h
[21.697s] -- Up-to-date: /workspaces/foxy_ws/src/omorobot_r1_mini/src/install/ydlidar_sdk/include/core/network/StatTimer.h
[21.700s] -- Up-to-date: /workspaces/foxy_ws/src/omorobot_r1_mini/src/install/ydlidar_sdk/include/core/serial/common.h
[21.702s] -- Up-to-date: /workspaces/foxy_ws/src/omorobot_r1_mini/src/install/ydlidar_sdk/include/core/serial/serial.h
[21.704s] -- Up-to-date: /workspaces/foxy_ws/src/omorobot_r1_mini/src/install/ydlidar_sdk/include/core/serial/impl/unix/lock.h
[21.708s] -- Up-to-date: /workspaces/foxy_ws/src/omorobot_r1_mini/src/install/ydlidar_sdk/include/core/serial/impl/unix/unix.h
[21.715s] -- Up-to-date: /workspaces/foxy_ws/src/omorobot_r1_mini/src/install/ydlidar_sdk/include/core/serial/impl/unix/unix_serial.h
[21.718s] -- Up-to-date: /workspaces/foxy_ws/src/omorobot_r1_mini/src/install/ydlidar_sdk/include/src/CYdLidar.h
[21.720s] -- Up-to-date: /workspaces/foxy_ws/src/omorobot_r1_mini/src/install/ydlidar_sdk/include/src/ETLidarDriver.h
[21.722s] -- Up-to-date: /workspaces/foxy_ws/src/omorobot_r1_mini/src/install/ydlidar_sdk/include/src/ydlidar_driver.h
[21.725s] -- Up-to-date: /workspaces/foxy_ws/src/omorobot_r1_mini/src/install/ydlidar_sdk/include/src/ydlidar_sdk.h
[21.727s] -- Up-to-date: /workspaces/foxy_ws/src/omorobot_r1_mini/src/install/ydlidar_sdk/include/ydlidar_config.h
[21.729s] -- Installing: /workspaces/foxy_ws/src/omorobot_r1_mini/src/install/ydlidar_sdk/lib/libydlidar_sdk.a
[21.893s] -- Up-to-date: /workspaces/foxy_ws/src/omorobot_r1_mini/src/install/ydlidar_sdk/lib/pkgconfig/YDLIDAR_SDK.pc
[21.896s] -- Up-to-date: /workspaces/foxy_ws/src/omorobot_r1_mini/src/install/ydlidar_sdk/lib/cmake/ydlidar_sdk/ydlidar_sdkConfig.cmake
[21.903s] -- Installing: /workspaces/foxy_ws/src/omorobot_r1_mini/src/install/ydlidar_sdk/lib/cmake/ydlidar_sdk/ydlidar_sdkTargets.cmake
[21.917s] -- Up-to-date: /workspaces/foxy_ws/src/omorobot_r1_mini/src/install/ydlidar_sdk/lib/cmake/ydlidar_sdk/ydlidar_sdkConfigVersion.cmake
[21.921s] -- Up-to-date: /workspaces/foxy_ws/src/omorobot_r1_mini/src/install/ydlidar_sdk/share/YDLIDAR_SDK/FindYDLIDAR_SDK.cmake
[21.925s] -- Up-to-date: /workspaces/foxy_ws/src/omorobot_r1_mini/src/install/ydlidar_sdk/share/YDLIDAR_SDK
[21.927s] -- Up-to-date: /workspaces/foxy_ws/src/omorobot_r1_mini/src/install/ydlidar_sdk/share/YDLIDAR_SDK/FindPackage.cmake.in
[21.929s] -- Up-to-date: /workspaces/foxy_ws/src/omorobot_r1_mini/src/install/ydlidar_sdk/share/YDLIDAR_SDK/PackageConfig.cmake.in
[21.932s] -- Up-to-date: /workspaces/foxy_ws/src/omorobot_r1_mini/src/install/ydlidar_sdk/share/YDLIDAR_SDK/PackageConfigVersion.cmake.in
[21.936s] -- Up-to-date: /workspaces/foxy_ws/src/omorobot_r1_mini/src/install/ydlidar_sdk/share/YDLIDAR_SDK/PkgConfig.pc.in
[21.938s] -- Up-to-date: /workspaces/foxy_ws/src/omorobot_r1_mini/src/install/ydlidar_sdk/share/YDLIDAR_SDK/cmake_uninstall.cmake.in
[21.942s] -- Up-to-date: /workspaces/foxy_ws/src/omorobot_r1_mini/src/install/ydlidar_sdk/share/YDLIDAR_SDK/common
[21.945s] -- Up-to-date: /workspaces/foxy_ws/src/omorobot_r1_mini/src/install/ydlidar_sdk/share/YDLIDAR_SDK/common/ydlidar_base.cmake
[21.948s] -- Up-to-date: /workspaces/foxy_ws/src/omorobot_r1_mini/src/install/ydlidar_sdk/share/YDLIDAR_SDK/common/ydlidar_parse.cmake
[21.950s] -- Up-to-date: /workspaces/foxy_ws/src/omorobot_r1_mini/src/install/ydlidar_sdk/share/YDLIDAR_SDK/install_package.cmake
[21.953s] -- Up-to-date: /workspaces/foxy_ws/src/omorobot_r1_mini/src/install/ydlidar_sdk/share/YDLIDAR_SDK/script_show_final_summary.cmake
[21.956s] -- Up-to-date: /workspaces/foxy_ws/src/omorobot_r1_mini/src/install/ydlidar_sdk/share/YDLIDAR_SDK/LICENSE.txt
[21.958s] -- Up-to-date: /workspaces/foxy_ws/src/omorobot_r1_mini/src/install/ydlidar_sdk/share/YDLIDAR_SDK/README.md
[21.960s] -- Up-to-date: /workspaces/foxy_ws/src/omorobot_r1_mini/src/install/ydlidar_sdk/share/YDLIDAR_SDK/doc
[21.963s] -- Up-to-date: /workspaces/foxy_ws/src/omorobot_r1_mini/src/install/ydlidar_sdk/share/YDLIDAR_SDK/doc/Dataset.md
[21.966s] -- Up-to-date: /workspaces/foxy_ws/src/omorobot_r1_mini/src/install/ydlidar_sdk/share/YDLIDAR_SDK/doc/Diagram.md
[21.969s] -- Up-to-date: /workspaces/foxy_ws/src/omorobot_r1_mini/src/install/ydlidar_sdk/share/YDLIDAR_SDK/doc/FAQs
[21.975s] -- Up-to-date: /workspaces/foxy_ws/src/omorobot_r1_mini/src/install/ydlidar_sdk/share/YDLIDAR_SDK/doc/FAQs/General_FAQs.md
[21.977s] -- Up-to-date: /workspaces/foxy_ws/src/omorobot_r1_mini/src/install/ydlidar_sdk/share/YDLIDAR_SDK/doc/FAQs/General_FAQs_cn.md
[21.979s] -- Up-to-date: /workspaces/foxy_ws/src/omorobot_r1_mini/src/install/ydlidar_sdk/share/YDLIDAR_SDK/doc/FAQs/Hardware_FAQs.md
[21.983s] -- Up-to-date: /workspaces/foxy_ws/src/omorobot_r1_mini/src/install/ydlidar_sdk/share/YDLIDAR_SDK/doc/FAQs/Hardware_FAQs_cn.md
[21.987s] -- Up-to-date: /workspaces/foxy_ws/src/omorobot_r1_mini/src/install/ydlidar_sdk/share/YDLIDAR_SDK/doc/FAQs/README.md
[21.991s] -- Up-to-date: /workspaces/foxy_ws/src/omorobot_r1_mini/src/install/ydlidar_sdk/share/YDLIDAR_SDK/doc/FAQs/Software_FAQs.md
[21.998s] -- Up-to-date: /workspaces/foxy_ws/src/omorobot_r1_mini/src/install/ydlidar_sdk/share/YDLIDAR_SDK/doc/FAQs/Software_FAQs_cn.md
[22.002s] -- Up-to-date: /workspaces/foxy_ws/src/omorobot_r1_mini/src/install/ydlidar_sdk/share/YDLIDAR_SDK/doc/README.md
[22.004s] -- Up-to-date: /workspaces/foxy_ws/src/omorobot_r1_mini/src/install/ydlidar_sdk/share/YDLIDAR_SDK/doc/SDK.pdf
[22.006s] -- Up-to-date: /workspaces/foxy_ws/src/omorobot_r1_mini/src/install/ydlidar_sdk/share/YDLIDAR_SDK/doc/Tutorials.md
[22.009s] -- Up-to-date: /workspaces/foxy_ws/src/omorobot_r1_mini/src/install/ydlidar_sdk/share/YDLIDAR_SDK/doc/YDLIDAR_SDK_API_for_Developers.md
[22.011s] -- Up-to-date: /workspaces/foxy_ws/src/omorobot_r1_mini/src/install/ydlidar_sdk/share/YDLIDAR_SDK/doc/YDLidar-SDK-Communication-Protocol.html
[22.013s] -- Up-to-date: /workspaces/foxy_ws/src/omorobot_r1_mini/src/install/ydlidar_sdk/share/YDLIDAR_SDK/doc/YDLidar-SDK-Communication-Protocol.md
[22.016s] -- Up-to-date: /workspaces/foxy_ws/src/omorobot_r1_mini/src/install/ydlidar_sdk/share/YDLIDAR_SDK/doc/YDLidar-SDK-Communication-Protocol.pdf
[22.018s] -- Up-to-date: /workspaces/foxy_ws/src/omorobot_r1_mini/src/install/ydlidar_sdk/share/YDLIDAR_SDK/doc/YDLidar_SDK_Communication_Protocol.pdf
[22.025s] -- Up-to-date: /workspaces/foxy_ws/src/omorobot_r1_mini/src/install/ydlidar_sdk/share/YDLIDAR_SDK/doc/howto
[22.029s] -- Up-to-date: /workspaces/foxy_ws/src/omorobot_r1_mini/src/install/ydlidar_sdk/share/YDLIDAR_SDK/doc/howto/README.md
[22.032s] -- Up-to-date: /workspaces/foxy_ws/src/omorobot_r1_mini/src/install/ydlidar_sdk/share/YDLIDAR_SDK/doc/howto/how_to_build_and_debug_using_vscode.md
[22.035s] -- Up-to-date: /workspaces/foxy_ws/src/omorobot_r1_mini/src/install/ydlidar_sdk/share/YDLIDAR_SDK/doc/howto/how_to_build_and_install.md
[22.038s] -- Up-to-date: /workspaces/foxy_ws/src/omorobot_r1_mini/src/install/ydlidar_sdk/share/YDLIDAR_SDK/doc/howto/how_to_create_a_csharp_project.md
[22.041s] -- Up-to-date: /workspaces/foxy_ws/src/omorobot_r1_mini/src/install/ydlidar_sdk/share/YDLIDAR_SDK/doc/howto/how_to_create_a_pull.md
[22.043s] -- Up-to-date: /workspaces/foxy_ws/src/omorobot_r1_mini/src/install/ydlidar_sdk/share/YDLIDAR_SDK/doc/howto/how_to_create_a_udev_rules.md
[22.045s] -- Up-to-date: /workspaces/foxy_ws/src/omorobot_r1_mini/src/install/ydlidar_sdk/share/YDLIDAR_SDK/doc/howto/how_to_gerenrate_vs_project_by_cmake.md
[22.048s] -- Up-to-date: /workspaces/foxy_ws/src/omorobot_r1_mini/src/install/ydlidar_sdk/share/YDLIDAR_SDK/doc/howto/how_to_solve_slow_pull_from_cn.md
[22.050s] -- Up-to-date: /workspaces/foxy_ws/src/omorobot_r1_mini/src/install/ydlidar_sdk/share/YDLIDAR_SDK/doc/howto/images
[22.053s] -- Up-to-date: /workspaces/foxy_ws/src/omorobot_r1_mini/src/install/ydlidar_sdk/share/YDLIDAR_SDK/doc/howto/images/cpack.png
[22.056s] -- Up-to-date: /workspaces/foxy_ws/src/omorobot_r1_mini/src/install/ydlidar_sdk/share/YDLIDAR_SDK/doc/howto/images/csharp_build.png
[22.058s] -- Up-to-date: /workspaces/foxy_ws/src/omorobot_r1_mini/src/install/ydlidar_sdk/share/YDLIDAR_SDK/doc/howto/images/csharp_exception.png
[22.062s] -- Up-to-date: /workspaces/foxy_ws/src/omorobot_r1_mini/src/install/ydlidar_sdk/share/YDLIDAR_SDK/doc/howto/images/csharp_library.png
[22.066s] -- Up-to-date: /workspaces/foxy_ws/src/omorobot_r1_mini/src/install/ydlidar_sdk/share/YDLIDAR_SDK/doc/howto/images/csharp_project.png
[22.069s] -- Up-to-date: /workspaces/foxy_ws/src/omorobot_r1_mini/src/install/ydlidar_sdk/share/YDLIDAR_SDK/doc/howto/images/csharp_running.png
[22.071s] -- Up-to-date: /workspaces/foxy_ws/src/omorobot_r1_mini/src/install/ydlidar_sdk/share/YDLIDAR_SDK/doc/howto/images/sdk_init.png
[22.073s] -- Up-to-date: /workspaces/foxy_ws/src/omorobot_r1_mini/src/install/ydlidar_sdk/share/YDLIDAR_SDK/doc/howto/images/sdk_scanning.png
[22.076s] -- Up-to-date: /workspaces/foxy_ws/src/omorobot_r1_mini/src/install/ydlidar_sdk/share/YDLIDAR_SDK/doc/howto/images/sequence.png
[22.078s] -- Up-to-date: /workspaces/foxy_ws/src/omorobot_r1_mini/src/install/ydlidar_sdk/share/YDLIDAR_SDK/doc/howto/images/ttyUSB0.png
[22.080s] -- Up-to-date: /workspaces/foxy_ws/src/omorobot_r1_mini/src/install/ydlidar_sdk/share/YDLIDAR_SDK/doc/howto/images/ttyUSB1.png
[22.085s] -- Up-to-date: /workspaces/foxy_ws/src/omorobot_r1_mini/src/install/ydlidar_sdk/share/YDLIDAR_SDK/doc/howto/images/vscode
[22.095s] -- Up-to-date: /workspaces/foxy_ws/src/omorobot_r1_mini/src/install/ydlidar_sdk/share/YDLIDAR_SDK/doc/howto/images/vscode/run_tasks.jpg
[22.098s] -- Up-to-date: /workspaces/foxy_ws/src/omorobot_r1_mini/src/install/ydlidar_sdk/share/YDLIDAR_SDK/doc/howto/images/vscode/tasks.png
[22.100s] -- Up-to-date: /workspaces/foxy_ws/src/omorobot_r1_mini/src/install/ydlidar_sdk/share/YDLIDAR_SDK/doc/howto/images/ydlidar_lidar_monitor.png
[22.104s] -- Up-to-date: /workspaces/foxy_ws/src/omorobot_r1_mini/src/install/ydlidar_sdk/share/YDLIDAR_SDK/doc/images
[22.106s] -- Up-to-date: /workspaces/foxy_ws/src/omorobot_r1_mini/src/install/ydlidar_sdk/share/YDLIDAR_SDK/doc/images/EAI.png
[22.110s] -- Up-to-date: /workspaces/foxy_ws/src/omorobot_r1_mini/src/install/ydlidar_sdk/share/YDLIDAR_SDK/doc/images/FlowChart.png
[22.115s] -- Up-to-date: /workspaces/foxy_ws/src/omorobot_r1_mini/src/install/ydlidar_sdk/share/YDLIDAR_SDK/doc/images/YDLidar.jpg
[22.118s] -- Up-to-date: /workspaces/foxy_ws/src/omorobot_r1_mini/src/install/ydlidar_sdk/share/YDLIDAR_SDK/doc/images/YDLidar.png
[22.120s] -- Up-to-date: /workspaces/foxy_ws/src/omorobot_r1_mini/src/install/ydlidar_sdk/share/YDLIDAR_SDK/doc/images/angle_q2.png
[22.123s] -- Up-to-date: /workspaces/foxy_ws/src/omorobot_r1_mini/src/install/ydlidar_sdk/share/YDLIDAR_SDK/doc/images/communication_mechanism.png
[22.125s] -- Up-to-date: /workspaces/foxy_ws/src/omorobot_r1_mini/src/install/ydlidar_sdk/share/YDLIDAR_SDK/doc/images/frame.png
[22.128s] -- Up-to-date: /workspaces/foxy_ws/src/omorobot_r1_mini/src/install/ydlidar_sdk/share/YDLIDAR_SDK/doc/images/frame_intensity.png
[22.131s] -- Up-to-date: /workspaces/foxy_ws/src/omorobot_r1_mini/src/install/ydlidar_sdk/share/YDLIDAR_SDK/doc/images/sdk_architecture.png
[22.134s] -- Up-to-date: /workspaces/foxy_ws/src/omorobot_r1_mini/src/install/ydlidar_sdk/share/YDLIDAR_SDK/doc/images/sdk_init.png
[22.136s] -- Up-to-date: /workspaces/foxy_ws/src/omorobot_r1_mini/src/install/ydlidar_sdk/share/YDLIDAR_SDK/doc/images/sdk_scanning.png
[22.138s] -- Up-to-date: /workspaces/foxy_ws/src/omorobot_r1_mini/src/install/ydlidar_sdk/share/YDLIDAR_SDK/doc/images/sequence.png
[22.141s] -- Up-to-date: /workspaces/foxy_ws/src/omorobot_r1_mini/src/install/ydlidar_sdk/share/YDLIDAR_SDK/doc/images/system_workflow.png
[22.143s] -- Up-to-date: /workspaces/foxy_ws/src/omorobot_r1_mini/src/install/ydlidar_sdk/share/YDLIDAR_SDK/doc/quickstart
[22.146s] -- Up-to-date: /workspaces/foxy_ws/src/omorobot_r1_mini/src/install/ydlidar_sdk/share/YDLIDAR_SDK/doc/quickstart/README.md
[22.149s] -- Up-to-date: /workspaces/foxy_ws/src/omorobot_r1_mini/src/install/ydlidar_sdk/share/YDLIDAR_SDK/doc/quickstart/ydlidar_sdk_software_installation_guide.md
[22.152s] -- Up-to-date: /workspaces/foxy_ws/src/omorobot_r1_mini/src/install/ydlidar_sdk/share/YDLIDAR_SDK/doc/tutorials
[22.155s] -- Up-to-date: /workspaces/foxy_ws/src/omorobot_r1_mini/src/install/ydlidar_sdk/share/YDLIDAR_SDK/doc/tutorials/examine_the_simple_lidar_tutorial.md
[22.158s] -- Up-to-date: /workspaces/foxy_ws/src/omorobot_r1_mini/src/install/ydlidar_sdk/share/YDLIDAR_SDK/doc/tutorials/writing_lidar_network_adapter_tutorial_c++.md
[22.159s] -- Up-to-date: /workspaces/foxy_ws/src/omorobot_r1_mini/src/install/ydlidar_sdk/share/YDLIDAR_SDK/doc/tutorials/writing_lidar_tutorial_c++.md
[22.162s] -- Up-to-date: /workspaces/foxy_ws/src/omorobot_r1_mini/src/install/ydlidar_sdk/share/YDLIDAR_SDK/doc/tutorials/writing_lidar_tutorial_c.md
[22.168s] -- Up-to-date: /workspaces/foxy_ws/src/omorobot_r1_mini/src/install/ydlidar_sdk/share/YDLIDAR_SDK/doc/tutorials/writing_lidar_tutorial_python.md
[22.172s] -- Up-to-date: /workspaces/foxy_ws/src/omorobot_r1_mini/src/install/ydlidar_sdk/startup/initenv.sh
[22.175s] -- Installing: /workspaces/foxy_ws/src/omorobot_r1_mini/src/install/ydlidar_sdk/bin/etlidar_test
[22.245s] -- Installing: /workspaces/foxy_ws/src/omorobot_r1_mini/src/install/ydlidar_sdk/bin/tof_test
[22.348s] -- Installing: /workspaces/foxy_ws/src/omorobot_r1_mini/src/install/ydlidar_sdk/bin/ydlidar_test
[22.451s] -- Installing: /workspaces/foxy_ws/src/omorobot_r1_mini/src/install/ydlidar_sdk/bin/lidar_c_api_test
[22.553s] Invoked command in '/workspaces/foxy_ws/src/omorobot_r1_mini/src/build/ydlidar_sdk' returned '0': /usr/bin/cmake --install /workspaces/foxy_ws/src/omorobot_r1_mini/src/build/ydlidar_sdk
