[0.161s] DEBUG:colcon:Command line arguments: ['/usr/bin/colcon', 'build']
[0.162s] DEBUG:colcon:Parsed command line arguments: Namespace(allow_overriding=[], ament_cmake_args=None, base_paths=['.'], build_base='build', catkin_cmake_args=None, catkin_skip_building_tests=False, cmake_args=None, cmake_clean_cache=False, cmake_clean_first=False, cmake_force_configure=False, cmake_target=None, cmake_target_skip_unavailable=False, continue_on_error=False, event_handlers=None, executor='parallel', ignore_user_meta=False, install_base='install', log_base=None, log_level=None, main=<bound method BuildVerb.main of <colcon_core.verb.build.BuildVerb object at 0x7f205d835970>>, merge_install=False, metas=['./colcon.meta'], packages_above=None, packages_above_and_dependencies=None, packages_above_depth=None, packages_end=None, packages_ignore=None, packages_ignore_regex=None, packages_select=None, packages_select_build_failed=False, packages_select_by_dep=None, packages_select_regex=None, packages_select_test_failures=False, packages_skip=None, packages_skip_build_finished=False, packages_skip_by_dep=None, packages_skip_regex=None, packages_skip_test_passed=False, packages_skip_up_to=None, packages_start=None, packages_up_to=None, packages_up_to_regex=None, parallel_workers=8, paths=None, symlink_install=False, test_result_base=None, verb_extension=<colcon_core.verb.build.BuildVerb object at 0x7f205d835970>, verb_name='build', verb_parser=<colcon_defaults.argument_parser.defaults.DefaultArgumentsDecorator object at 0x7f205d835ee0>)
[0.170s] Level 1:colcon.colcon_core.package_discovery:discover_packages(colcon_meta) check parameters
[0.171s] Level 1:colcon.colcon_core.package_discovery:discover_packages(recursive) check parameters
[0.172s] Level 1:colcon.colcon_core.package_discovery:discover_packages(ignore) check parameters
[0.173s] Level 1:colcon.colcon_core.package_discovery:discover_packages(path) check parameters
[0.173s] Level 1:colcon.colcon_core.package_discovery:discover_packages(colcon_meta) discover
[0.174s] Level 1:colcon.colcon_core.package_discovery:discover_packages(recursive) discover
[0.174s] INFO:colcon.colcon_core.package_discovery:Crawling recursively for packages in '/omo_ws/src/omorobot_r1_mini'
[0.175s] Level 1:colcon.colcon_core.package_identification:_identify(.) by extensions ['ignore', 'ignore_ament_install']
[0.176s] Level 1:colcon.colcon_core.package_identification:_identify(.) by extension 'ignore'
[0.177s] Level 1:colcon.colcon_core.package_identification:_identify(.) by extension 'ignore_ament_install'
[0.178s] Level 1:colcon.colcon_core.package_identification:_identify(.) by extensions ['colcon_pkg']
[0.179s] Level 1:colcon.colcon_core.package_identification:_identify(.) by extension 'colcon_pkg'
[0.180s] Level 1:colcon.colcon_core.package_identification:_identify(.) by extensions ['colcon_meta']
[0.180s] Level 1:colcon.colcon_core.package_identification:_identify(.) by extension 'colcon_meta'
[0.181s] Level 1:colcon.colcon_core.package_identification:_identify(.) by extensions ['ros']
[0.181s] Level 1:colcon.colcon_core.package_identification:_identify(.) by extension 'ros'
[0.196s] Level 1:colcon.colcon_core.package_identification:_identify(.) by extensions ['cmake', 'python']
[0.197s] Level 1:colcon.colcon_core.package_identification:_identify(.) by extension 'cmake'
[0.199s] Level 1:colcon.colcon_core.package_identification:_identify(.) by extension 'python'
[0.200s] Level 1:colcon.colcon_core.package_identification:_identify(.) by extensions ['python_setup_py']
[0.200s] Level 1:colcon.colcon_core.package_identification:_identify(.) by extension 'python_setup_py'
[0.201s] Level 1:colcon.colcon_core.package_identification:_identify(build) by extensions ['ignore', 'ignore_ament_install']
[0.202s] Level 1:colcon.colcon_core.package_identification:_identify(build) by extension 'ignore'
[0.202s] Level 1:colcon.colcon_core.package_identification:_identify(build) ignored
[0.203s] Level 1:colcon.colcon_core.package_identification:_identify(install) by extensions ['ignore', 'ignore_ament_install']
[0.204s] Level 1:colcon.colcon_core.package_identification:_identify(install) by extension 'ignore'
[0.205s] Level 1:colcon.colcon_core.package_identification:_identify(install) ignored
[0.208s] Level 1:colcon.colcon_core.package_identification:_identify(log) by extensions ['ignore', 'ignore_ament_install']
[0.208s] Level 1:colcon.colcon_core.package_identification:_identify(log) by extension 'ignore'
[0.209s] Level 1:colcon.colcon_core.package_identification:_identify(log) ignored
[0.209s] Level 1:colcon.colcon_core.package_identification:_identify(src) by extensions ['ignore', 'ignore_ament_install']
[0.210s] Level 1:colcon.colcon_core.package_identification:_identify(src) by extension 'ignore'
[0.211s] Level 1:colcon.colcon_core.package_identification:_identify(src) by extension 'ignore_ament_install'
[0.213s] Level 1:colcon.colcon_core.package_identification:_identify(src) by extensions ['colcon_pkg']
[0.213s] Level 1:colcon.colcon_core.package_identification:_identify(src) by extension 'colcon_pkg'
[0.214s] Level 1:colcon.colcon_core.package_identification:_identify(src) by extensions ['colcon_meta']
[0.215s] Level 1:colcon.colcon_core.package_identification:_identify(src) by extension 'colcon_meta'
[0.215s] Level 1:colcon.colcon_core.package_identification:_identify(src) by extensions ['ros']
[0.216s] Level 1:colcon.colcon_core.package_identification:_identify(src) by extension 'ros'
[0.218s] Level 1:colcon.colcon_core.package_identification:_identify(src) by extensions ['cmake', 'python']
[0.219s] Level 1:colcon.colcon_core.package_identification:_identify(src) by extension 'cmake'
[0.220s] Level 1:colcon.colcon_core.package_identification:_identify(src) by extension 'python'
[0.221s] Level 1:colcon.colcon_core.package_identification:_identify(src) by extensions ['python_setup_py']
[0.222s] Level 1:colcon.colcon_core.package_identification:_identify(src) by extension 'python_setup_py'
[0.223s] Level 1:colcon.colcon_core.package_identification:_identify(src/YDLidar-SDK) by extensions ['ignore', 'ignore_ament_install']
[0.223s] Level 1:colcon.colcon_core.package_identification:_identify(src/YDLidar-SDK) by extension 'ignore'
[0.224s] Level 1:colcon.colcon_core.package_identification:_identify(src/YDLidar-SDK) by extension 'ignore_ament_install'
[0.226s] Level 1:colcon.colcon_core.package_identification:_identify(src/YDLidar-SDK) by extensions ['colcon_pkg']
[0.226s] Level 1:colcon.colcon_core.package_identification:_identify(src/YDLidar-SDK) by extension 'colcon_pkg'
[0.227s] Level 1:colcon.colcon_core.package_identification:_identify(src/YDLidar-SDK) by extensions ['colcon_meta']
[0.228s] Level 1:colcon.colcon_core.package_identification:_identify(src/YDLidar-SDK) by extension 'colcon_meta'
[0.229s] Level 1:colcon.colcon_core.package_identification:_identify(src/YDLidar-SDK) by extensions ['ros']
[0.229s] Level 1:colcon.colcon_core.package_identification:_identify(src/YDLidar-SDK) by extension 'ros'
[0.232s] Level 1:colcon.colcon_core.package_identification:_identify(src/YDLidar-SDK) by extensions ['cmake', 'python']
[0.232s] Level 1:colcon.colcon_core.package_identification:_identify(src/YDLidar-SDK) by extension 'cmake'
[0.390s] Level 1:colcon.colcon_core.package_identification:_identify(src/YDLidar-SDK) by extension 'python'
[0.393s] DEBUG:colcon.colcon_core.package_identification:Package 'src/YDLidar-SDK' with type 'cmake' and name 'ydlidar_sdk'
[0.394s] Level 1:colcon.colcon_core.package_identification:_identify(src/build) by extensions ['ignore', 'ignore_ament_install']
[0.395s] Level 1:colcon.colcon_core.package_identification:_identify(src/build) by extension 'ignore'
[0.395s] Level 1:colcon.colcon_core.package_identification:_identify(src/build) ignored
[0.396s] Level 1:colcon.colcon_core.package_identification:_identify(src/install) by extensions ['ignore', 'ignore_ament_install']
[0.397s] Level 1:colcon.colcon_core.package_identification:_identify(src/install) by extension 'ignore'
[0.397s] Level 1:colcon.colcon_core.package_identification:_identify(src/install) ignored
[0.398s] Level 1:colcon.colcon_core.package_identification:_identify(src/log) by extensions ['ignore', 'ignore_ament_install']
[0.399s] Level 1:colcon.colcon_core.package_identification:_identify(src/log) by extension 'ignore'
[0.400s] Level 1:colcon.colcon_core.package_identification:_identify(src/log) ignored
[0.401s] Level 1:colcon.colcon_core.package_identification:_identify(src/omo_r1mini-foxy) by extensions ['ignore', 'ignore_ament_install']
[0.401s] Level 1:colcon.colcon_core.package_identification:_identify(src/omo_r1mini-foxy) by extension 'ignore'
[0.402s] Level 1:colcon.colcon_core.package_identification:_identify(src/omo_r1mini-foxy) by extension 'ignore_ament_install'
[0.404s] Level 1:colcon.colcon_core.package_identification:_identify(src/omo_r1mini-foxy) by extensions ['colcon_pkg']
[0.404s] Level 1:colcon.colcon_core.package_identification:_identify(src/omo_r1mini-foxy) by extension 'colcon_pkg'
[0.406s] Level 1:colcon.colcon_core.package_identification:_identify(src/omo_r1mini-foxy) by extensions ['colcon_meta']
[0.407s] Level 1:colcon.colcon_core.package_identification:_identify(src/omo_r1mini-foxy) by extension 'colcon_meta'
[0.407s] Level 1:colcon.colcon_core.package_identification:_identify(src/omo_r1mini-foxy) by extensions ['ros']
[0.408s] Level 1:colcon.colcon_core.package_identification:_identify(src/omo_r1mini-foxy) by extension 'ros'
[0.410s] Level 1:colcon.colcon_core.package_identification:_identify(src/omo_r1mini-foxy) by extensions ['cmake', 'python']
[0.411s] Level 1:colcon.colcon_core.package_identification:_identify(src/omo_r1mini-foxy) by extension 'cmake'
[0.412s] Level 1:colcon.colcon_core.package_identification:_identify(src/omo_r1mini-foxy) by extension 'python'
[0.413s] Level 1:colcon.colcon_core.package_identification:_identify(src/omo_r1mini-foxy) by extensions ['python_setup_py']
[0.414s] Level 1:colcon.colcon_core.package_identification:_identify(src/omo_r1mini-foxy) by extension 'python_setup_py'
[0.415s] Level 1:colcon.colcon_core.package_identification:_identify(src/omo_r1mini-foxy/build) by extensions ['ignore', 'ignore_ament_install']
[0.416s] Level 1:colcon.colcon_core.package_identification:_identify(src/omo_r1mini-foxy/build) by extension 'ignore'
[0.416s] Level 1:colcon.colcon_core.package_identification:_identify(src/omo_r1mini-foxy/build) ignored
[0.417s] Level 1:colcon.colcon_core.package_identification:_identify(src/omo_r1mini-foxy/install) by extensions ['ignore', 'ignore_ament_install']
[0.418s] Level 1:colcon.colcon_core.package_identification:_identify(src/omo_r1mini-foxy/install) by extension 'ignore'
[0.418s] Level 1:colcon.colcon_core.package_identification:_identify(src/omo_r1mini-foxy/install) ignored
[0.419s] Level 1:colcon.colcon_core.package_identification:_identify(src/omo_r1mini-foxy/log) by extensions ['ignore', 'ignore_ament_install']
[0.419s] Level 1:colcon.colcon_core.package_identification:_identify(src/omo_r1mini-foxy/log) by extension 'ignore'
[0.420s] Level 1:colcon.colcon_core.package_identification:_identify(src/omo_r1mini-foxy/log) ignored
[0.420s] Level 1:colcon.colcon_core.package_identification:_identify(src/omo_r1mini-foxy/omo_r1mini) by extensions ['ignore', 'ignore_ament_install']
[0.421s] Level 1:colcon.colcon_core.package_identification:_identify(src/omo_r1mini-foxy/omo_r1mini) by extension 'ignore'
[0.422s] Level 1:colcon.colcon_core.package_identification:_identify(src/omo_r1mini-foxy/omo_r1mini) by extension 'ignore_ament_install'
[0.424s] Level 1:colcon.colcon_core.package_identification:_identify(src/omo_r1mini-foxy/omo_r1mini) by extensions ['colcon_pkg']
[0.424s] Level 1:colcon.colcon_core.package_identification:_identify(src/omo_r1mini-foxy/omo_r1mini) by extension 'colcon_pkg'
[0.425s] Level 1:colcon.colcon_core.package_identification:_identify(src/omo_r1mini-foxy/omo_r1mini) by extensions ['colcon_meta']
[0.426s] Level 1:colcon.colcon_core.package_identification:_identify(src/omo_r1mini-foxy/omo_r1mini) by extension 'colcon_meta'
[0.426s] Level 1:colcon.colcon_core.package_identification:_identify(src/omo_r1mini-foxy/omo_r1mini) by extensions ['ros']
[0.427s] Level 1:colcon.colcon_core.package_identification:_identify(src/omo_r1mini-foxy/omo_r1mini) by extension 'ros'
[0.432s] DEBUG:colcon.colcon_core.package_identification:Package 'src/omo_r1mini-foxy/omo_r1mini' with type 'ros.ament_cmake' and name 'omo_r1mini'
[0.433s] Level 1:colcon.colcon_core.package_identification:_identify(src/omo_r1mini-foxy/omo_r1mini_bringup) by extensions ['ignore', 'ignore_ament_install']
[0.434s] Level 1:colcon.colcon_core.package_identification:_identify(src/omo_r1mini-foxy/omo_r1mini_bringup) by extension 'ignore'
[0.435s] Level 1:colcon.colcon_core.package_identification:_identify(src/omo_r1mini-foxy/omo_r1mini_bringup) by extension 'ignore_ament_install'
[0.437s] Level 1:colcon.colcon_core.package_identification:_identify(src/omo_r1mini-foxy/omo_r1mini_bringup) by extensions ['colcon_pkg']
[0.437s] Level 1:colcon.colcon_core.package_identification:_identify(src/omo_r1mini-foxy/omo_r1mini_bringup) by extension 'colcon_pkg'
[0.439s] Level 1:colcon.colcon_core.package_identification:_identify(src/omo_r1mini-foxy/omo_r1mini_bringup) by extensions ['colcon_meta']
[0.440s] Level 1:colcon.colcon_core.package_identification:_identify(src/omo_r1mini-foxy/omo_r1mini_bringup) by extension 'colcon_meta'
[0.441s] Level 1:colcon.colcon_core.package_identification:_identify(src/omo_r1mini-foxy/omo_r1mini_bringup) by extensions ['ros']
[0.442s] Level 1:colcon.colcon_core.package_identification:_identify(src/omo_r1mini-foxy/omo_r1mini_bringup) by extension 'ros'
[0.446s] DEBUG:colcon.colcon_core.package_identification:Package 'src/omo_r1mini-foxy/omo_r1mini_bringup' with type 'ros.ament_python' and name 'omo_r1mini_bringup'
[0.447s] Level 1:colcon.colcon_core.package_identification:_identify(src/omo_r1mini-foxy/omo_r1mini_cartographer) by extensions ['ignore', 'ignore_ament_install']
[0.448s] Level 1:colcon.colcon_core.package_identification:_identify(src/omo_r1mini-foxy/omo_r1mini_cartographer) by extension 'ignore'
[0.449s] Level 1:colcon.colcon_core.package_identification:_identify(src/omo_r1mini-foxy/omo_r1mini_cartographer) by extension 'ignore_ament_install'
[0.452s] Level 1:colcon.colcon_core.package_identification:_identify(src/omo_r1mini-foxy/omo_r1mini_cartographer) by extensions ['colcon_pkg']
[0.453s] Level 1:colcon.colcon_core.package_identification:_identify(src/omo_r1mini-foxy/omo_r1mini_cartographer) by extension 'colcon_pkg'
[0.455s] Level 1:colcon.colcon_core.package_identification:_identify(src/omo_r1mini-foxy/omo_r1mini_cartographer) by extensions ['colcon_meta']
[0.456s] Level 1:colcon.colcon_core.package_identification:_identify(src/omo_r1mini-foxy/omo_r1mini_cartographer) by extension 'colcon_meta'
[0.457s] Level 1:colcon.colcon_core.package_identification:_identify(src/omo_r1mini-foxy/omo_r1mini_cartographer) by extensions ['ros']
[0.458s] Level 1:colcon.colcon_core.package_identification:_identify(src/omo_r1mini-foxy/omo_r1mini_cartographer) by extension 'ros'
[0.462s] DEBUG:colcon.colcon_core.package_identification:Package 'src/omo_r1mini-foxy/omo_r1mini_cartographer' with type 'ros.ament_cmake' and name 'omo_r1mini_cartographer'
[0.463s] Level 1:colcon.colcon_core.package_identification:_identify(src/omo_r1mini-foxy/omo_r1mini_description) by extensions ['ignore', 'ignore_ament_install']
[0.464s] Level 1:colcon.colcon_core.package_identification:_identify(src/omo_r1mini-foxy/omo_r1mini_description) by extension 'ignore'
[0.465s] Level 1:colcon.colcon_core.package_identification:_identify(src/omo_r1mini-foxy/omo_r1mini_description) by extension 'ignore_ament_install'
[0.467s] Level 1:colcon.colcon_core.package_identification:_identify(src/omo_r1mini-foxy/omo_r1mini_description) by extensions ['colcon_pkg']
[0.467s] Level 1:colcon.colcon_core.package_identification:_identify(src/omo_r1mini-foxy/omo_r1mini_description) by extension 'colcon_pkg'
[0.469s] Level 1:colcon.colcon_core.package_identification:_identify(src/omo_r1mini-foxy/omo_r1mini_description) by extensions ['colcon_meta']
[0.470s] Level 1:colcon.colcon_core.package_identification:_identify(src/omo_r1mini-foxy/omo_r1mini_description) by extension 'colcon_meta'
[0.471s] Level 1:colcon.colcon_core.package_identification:_identify(src/omo_r1mini-foxy/omo_r1mini_description) by extensions ['ros']
[0.471s] Level 1:colcon.colcon_core.package_identification:_identify(src/omo_r1mini-foxy/omo_r1mini_description) by extension 'ros'
[0.475s] DEBUG:colcon.colcon_core.package_identification:Package 'src/omo_r1mini-foxy/omo_r1mini_description' with type 'ros.ament_cmake' and name 'omo_r1mini_description'
[0.476s] Level 1:colcon.colcon_core.package_identification:_identify(src/omo_r1mini-foxy/omo_r1mini_gazebo) by extensions ['ignore', 'ignore_ament_install']
[0.477s] Level 1:colcon.colcon_core.package_identification:_identify(src/omo_r1mini-foxy/omo_r1mini_gazebo) by extension 'ignore'
[0.478s] Level 1:colcon.colcon_core.package_identification:_identify(src/omo_r1mini-foxy/omo_r1mini_gazebo) by extension 'ignore_ament_install'
[0.479s] Level 1:colcon.colcon_core.package_identification:_identify(src/omo_r1mini-foxy/omo_r1mini_gazebo) by extensions ['colcon_pkg']
[0.480s] Level 1:colcon.colcon_core.package_identification:_identify(src/omo_r1mini-foxy/omo_r1mini_gazebo) by extension 'colcon_pkg'
[0.482s] Level 1:colcon.colcon_core.package_identification:_identify(src/omo_r1mini-foxy/omo_r1mini_gazebo) by extensions ['colcon_meta']
[0.482s] Level 1:colcon.colcon_core.package_identification:_identify(src/omo_r1mini-foxy/omo_r1mini_gazebo) by extension 'colcon_meta'
[0.483s] Level 1:colcon.colcon_core.package_identification:_identify(src/omo_r1mini-foxy/omo_r1mini_gazebo) by extensions ['ros']
[0.483s] Level 1:colcon.colcon_core.package_identification:_identify(src/omo_r1mini-foxy/omo_r1mini_gazebo) by extension 'ros'
[0.490s] DEBUG:colcon.colcon_core.package_identification:Package 'src/omo_r1mini-foxy/omo_r1mini_gazebo' with type 'ros.ament_cmake' and name 'omo_r1mini_gazebo'
[0.492s] Level 1:colcon.colcon_core.package_identification:_identify(src/omo_r1mini-foxy/omo_r1mini_navigation2) by extensions ['ignore', 'ignore_ament_install']
[0.493s] Level 1:colcon.colcon_core.package_identification:_identify(src/omo_r1mini-foxy/omo_r1mini_navigation2) by extension 'ignore'
[0.494s] Level 1:colcon.colcon_core.package_identification:_identify(src/omo_r1mini-foxy/omo_r1mini_navigation2) by extension 'ignore_ament_install'
[0.496s] Level 1:colcon.colcon_core.package_identification:_identify(src/omo_r1mini-foxy/omo_r1mini_navigation2) by extensions ['colcon_pkg']
[0.497s] Level 1:colcon.colcon_core.package_identification:_identify(src/omo_r1mini-foxy/omo_r1mini_navigation2) by extension 'colcon_pkg'
[0.498s] Level 1:colcon.colcon_core.package_identification:_identify(src/omo_r1mini-foxy/omo_r1mini_navigation2) by extensions ['colcon_meta']
[0.499s] Level 1:colcon.colcon_core.package_identification:_identify(src/omo_r1mini-foxy/omo_r1mini_navigation2) by extension 'colcon_meta'
[0.500s] Level 1:colcon.colcon_core.package_identification:_identify(src/omo_r1mini-foxy/omo_r1mini_navigation2) by extensions ['ros']
[0.500s] Level 1:colcon.colcon_core.package_identification:_identify(src/omo_r1mini-foxy/omo_r1mini_navigation2) by extension 'ros'
[0.504s] DEBUG:colcon.colcon_core.package_identification:Package 'src/omo_r1mini-foxy/omo_r1mini_navigation2' with type 'ros.ament_cmake' and name 'omo_r1mini_navigation2'
[0.505s] Level 1:colcon.colcon_core.package_identification:_identify(src/omo_r1mini-foxy/omo_r1mini_teleop) by extensions ['ignore', 'ignore_ament_install']
[0.506s] Level 1:colcon.colcon_core.package_identification:_identify(src/omo_r1mini-foxy/omo_r1mini_teleop) by extension 'ignore'
[0.507s] Level 1:colcon.colcon_core.package_identification:_identify(src/omo_r1mini-foxy/omo_r1mini_teleop) by extension 'ignore_ament_install'
[0.509s] Level 1:colcon.colcon_core.package_identification:_identify(src/omo_r1mini-foxy/omo_r1mini_teleop) by extensions ['colcon_pkg']
[0.509s] Level 1:colcon.colcon_core.package_identification:_identify(src/omo_r1mini-foxy/omo_r1mini_teleop) by extension 'colcon_pkg'
[0.510s] Level 1:colcon.colcon_core.package_identification:_identify(src/omo_r1mini-foxy/omo_r1mini_teleop) by extensions ['colcon_meta']
[0.512s] Level 1:colcon.colcon_core.package_identification:_identify(src/omo_r1mini-foxy/omo_r1mini_teleop) by extension 'colcon_meta'
[0.512s] Level 1:colcon.colcon_core.package_identification:_identify(src/omo_r1mini-foxy/omo_r1mini_teleop) by extensions ['ros']
[0.513s] Level 1:colcon.colcon_core.package_identification:_identify(src/omo_r1mini-foxy/omo_r1mini_teleop) by extension 'ros'
[0.517s] DEBUG:colcon.colcon_core.package_identification:Package 'src/omo_r1mini-foxy/omo_r1mini_teleop' with type 'ros.ament_python' and name 'omo_r1mini_teleop'
[0.518s] Level 1:colcon.colcon_core.package_identification:_identify(src/ydlidar_ros2_driver) by extensions ['ignore', 'ignore_ament_install']
[0.518s] Level 1:colcon.colcon_core.package_identification:_identify(src/ydlidar_ros2_driver) by extension 'ignore'
[0.520s] Level 1:colcon.colcon_core.package_identification:_identify(src/ydlidar_ros2_driver) by extension 'ignore_ament_install'
[0.521s] Level 1:colcon.colcon_core.package_identification:_identify(src/ydlidar_ros2_driver) by extensions ['colcon_pkg']
[0.522s] Level 1:colcon.colcon_core.package_identification:_identify(src/ydlidar_ros2_driver) by extension 'colcon_pkg'
[0.523s] Level 1:colcon.colcon_core.package_identification:_identify(src/ydlidar_ros2_driver) by extensions ['colcon_meta']
[0.524s] Level 1:colcon.colcon_core.package_identification:_identify(src/ydlidar_ros2_driver) by extension 'colcon_meta'
[0.524s] Level 1:colcon.colcon_core.package_identification:_identify(src/ydlidar_ros2_driver) by extensions ['ros']
[0.525s] Level 1:colcon.colcon_core.package_identification:_identify(src/ydlidar_ros2_driver) by extension 'ros'
[0.529s] DEBUG:colcon.colcon_core.package_identification:Package 'src/ydlidar_ros2_driver' with type 'ros.ament_cmake' and name 'ydlidar_ros2_driver'
[0.529s] Level 1:colcon.colcon_core.package_discovery:discover_packages(recursive) using defaults
[0.530s] Level 1:colcon.colcon_core.package_discovery:discover_packages(ignore) discover
[0.530s] Level 1:colcon.colcon_core.package_discovery:discover_packages(ignore) using defaults
[0.531s] Level 1:colcon.colcon_core.package_discovery:discover_packages(path) discover
[0.531s] Level 1:colcon.colcon_core.package_discovery:discover_packages(path) using defaults
[0.560s] Level 5:colcon.colcon_core.verb:set package 'omo_r1mini_cartographer' build argument 'cmake_args' from command line to 'None'
[0.561s] Level 5:colcon.colcon_core.verb:set package 'omo_r1mini_cartographer' build argument 'cmake_target' from command line to 'None'
[0.561s] Level 5:colcon.colcon_core.verb:set package 'omo_r1mini_cartographer' build argument 'cmake_target_skip_unavailable' from command line to 'False'
[0.562s] Level 5:colcon.colcon_core.verb:set package 'omo_r1mini_cartographer' build argument 'cmake_clean_cache' from command line to 'False'
[0.562s] Level 5:colcon.colcon_core.verb:set package 'omo_r1mini_cartographer' build argument 'cmake_clean_first' from command line to 'False'
[0.563s] Level 5:colcon.colcon_core.verb:set package 'omo_r1mini_cartographer' build argument 'cmake_force_configure' from command line to 'False'
[0.563s] Level 5:colcon.colcon_core.verb:set package 'omo_r1mini_cartographer' build argument 'ament_cmake_args' from command line to 'None'
[0.564s] Level 5:colcon.colcon_core.verb:set package 'omo_r1mini_cartographer' build argument 'catkin_cmake_args' from command line to 'None'
[0.564s] Level 5:colcon.colcon_core.verb:set package 'omo_r1mini_cartographer' build argument 'catkin_skip_building_tests' from command line to 'False'
[0.565s] DEBUG:colcon.colcon_core.verb:Building package 'omo_r1mini_cartographer' with the following arguments: {'ament_cmake_args': None, 'build_base': '/omo_ws/src/omorobot_r1_mini/build/omo_r1mini_cartographer', 'catkin_cmake_args': None, 'catkin_skip_building_tests': False, 'cmake_args': None, 'cmake_clean_cache': False, 'cmake_clean_first': False, 'cmake_force_configure': False, 'cmake_target': None, 'cmake_target_skip_unavailable': False, 'install_base': '/omo_ws/src/omorobot_r1_mini/install/omo_r1mini_cartographer', 'merge_install': False, 'path': '/omo_ws/src/omorobot_r1_mini/src/omo_r1mini-foxy/omo_r1mini_cartographer', 'symlink_install': False, 'test_result_base': None}
[0.566s] Level 5:colcon.colcon_core.verb:set package 'omo_r1mini_description' build argument 'cmake_args' from command line to 'None'
[0.567s] Level 5:colcon.colcon_core.verb:set package 'omo_r1mini_description' build argument 'cmake_target' from command line to 'None'
[0.568s] Level 5:colcon.colcon_core.verb:set package 'omo_r1mini_description' build argument 'cmake_target_skip_unavailable' from command line to 'False'
[0.568s] Level 5:colcon.colcon_core.verb:set package 'omo_r1mini_description' build argument 'cmake_clean_cache' from command line to 'False'
[0.569s] Level 5:colcon.colcon_core.verb:set package 'omo_r1mini_description' build argument 'cmake_clean_first' from command line to 'False'
[0.569s] Level 5:colcon.colcon_core.verb:set package 'omo_r1mini_description' build argument 'cmake_force_configure' from command line to 'False'
[0.570s] Level 5:colcon.colcon_core.verb:set package 'omo_r1mini_description' build argument 'ament_cmake_args' from command line to 'None'
[0.570s] Level 5:colcon.colcon_core.verb:set package 'omo_r1mini_description' build argument 'catkin_cmake_args' from command line to 'None'
[0.571s] Level 5:colcon.colcon_core.verb:set package 'omo_r1mini_description' build argument 'catkin_skip_building_tests' from command line to 'False'
[0.572s] DEBUG:colcon.colcon_core.verb:Building package 'omo_r1mini_description' with the following arguments: {'ament_cmake_args': None, 'build_base': '/omo_ws/src/omorobot_r1_mini/build/omo_r1mini_description', 'catkin_cmake_args': None, 'catkin_skip_building_tests': False, 'cmake_args': None, 'cmake_clean_cache': False, 'cmake_clean_first': False, 'cmake_force_configure': False, 'cmake_target': None, 'cmake_target_skip_unavailable': False, 'install_base': '/omo_ws/src/omorobot_r1_mini/install/omo_r1mini_description', 'merge_install': False, 'path': '/omo_ws/src/omorobot_r1_mini/src/omo_r1mini-foxy/omo_r1mini_description', 'symlink_install': False, 'test_result_base': None}
[0.573s] Level 5:colcon.colcon_core.verb:set package 'omo_r1mini_gazebo' build argument 'cmake_args' from command line to 'None'
[0.574s] Level 5:colcon.colcon_core.verb:set package 'omo_r1mini_gazebo' build argument 'cmake_target' from command line to 'None'
[0.574s] Level 5:colcon.colcon_core.verb:set package 'omo_r1mini_gazebo' build argument 'cmake_target_skip_unavailable' from command line to 'False'
[0.575s] Level 5:colcon.colcon_core.verb:set package 'omo_r1mini_gazebo' build argument 'cmake_clean_cache' from command line to 'False'
[0.575s] Level 5:colcon.colcon_core.verb:set package 'omo_r1mini_gazebo' build argument 'cmake_clean_first' from command line to 'False'
[0.576s] Level 5:colcon.colcon_core.verb:set package 'omo_r1mini_gazebo' build argument 'cmake_force_configure' from command line to 'False'
[0.576s] Level 5:colcon.colcon_core.verb:set package 'omo_r1mini_gazebo' build argument 'ament_cmake_args' from command line to 'None'
[0.577s] Level 5:colcon.colcon_core.verb:set package 'omo_r1mini_gazebo' build argument 'catkin_cmake_args' from command line to 'None'
[0.577s] Level 5:colcon.colcon_core.verb:set package 'omo_r1mini_gazebo' build argument 'catkin_skip_building_tests' from command line to 'False'
[0.578s] DEBUG:colcon.colcon_core.verb:Building package 'omo_r1mini_gazebo' with the following arguments: {'ament_cmake_args': None, 'build_base': '/omo_ws/src/omorobot_r1_mini/build/omo_r1mini_gazebo', 'catkin_cmake_args': None, 'catkin_skip_building_tests': False, 'cmake_args': None, 'cmake_clean_cache': False, 'cmake_clean_first': False, 'cmake_force_configure': False, 'cmake_target': None, 'cmake_target_skip_unavailable': False, 'install_base': '/omo_ws/src/omorobot_r1_mini/install/omo_r1mini_gazebo', 'merge_install': False, 'path': '/omo_ws/src/omorobot_r1_mini/src/omo_r1mini-foxy/omo_r1mini_gazebo', 'symlink_install': False, 'test_result_base': None}
[0.579s] Level 5:colcon.colcon_core.verb:set package 'omo_r1mini_navigation2' build argument 'cmake_args' from command line to 'None'
[0.580s] Level 5:colcon.colcon_core.verb:set package 'omo_r1mini_navigation2' build argument 'cmake_target' from command line to 'None'
[0.580s] Level 5:colcon.colcon_core.verb:set package 'omo_r1mini_navigation2' build argument 'cmake_target_skip_unavailable' from command line to 'False'
[0.581s] Level 5:colcon.colcon_core.verb:set package 'omo_r1mini_navigation2' build argument 'cmake_clean_cache' from command line to 'False'
[0.581s] Level 5:colcon.colcon_core.verb:set package 'omo_r1mini_navigation2' build argument 'cmake_clean_first' from command line to 'False'
[0.582s] Level 5:colcon.colcon_core.verb:set package 'omo_r1mini_navigation2' build argument 'cmake_force_configure' from command line to 'False'
[0.583s] Level 5:colcon.colcon_core.verb:set package 'omo_r1mini_navigation2' build argument 'ament_cmake_args' from command line to 'None'
[0.583s] Level 5:colcon.colcon_core.verb:set package 'omo_r1mini_navigation2' build argument 'catkin_cmake_args' from command line to 'None'
[0.584s] Level 5:colcon.colcon_core.verb:set package 'omo_r1mini_navigation2' build argument 'catkin_skip_building_tests' from command line to 'False'
[0.584s] DEBUG:colcon.colcon_core.verb:Building package 'omo_r1mini_navigation2' with the following arguments: {'ament_cmake_args': None, 'build_base': '/omo_ws/src/omorobot_r1_mini/build/omo_r1mini_navigation2', 'catkin_cmake_args': None, 'catkin_skip_building_tests': False, 'cmake_args': None, 'cmake_clean_cache': False, 'cmake_clean_first': False, 'cmake_force_configure': False, 'cmake_target': None, 'cmake_target_skip_unavailable': False, 'install_base': '/omo_ws/src/omorobot_r1_mini/install/omo_r1mini_navigation2', 'merge_install': False, 'path': '/omo_ws/src/omorobot_r1_mini/src/omo_r1mini-foxy/omo_r1mini_navigation2', 'symlink_install': False, 'test_result_base': None}
[0.585s] Level 5:colcon.colcon_core.verb:set package 'omo_r1mini_teleop' build argument 'cmake_args' from command line to 'None'
[0.586s] Level 5:colcon.colcon_core.verb:set package 'omo_r1mini_teleop' build argument 'cmake_target' from command line to 'None'
[0.586s] Level 5:colcon.colcon_core.verb:set package 'omo_r1mini_teleop' build argument 'cmake_target_skip_unavailable' from command line to 'False'
[0.587s] Level 5:colcon.colcon_core.verb:set package 'omo_r1mini_teleop' build argument 'cmake_clean_cache' from command line to 'False'
[0.588s] Level 5:colcon.colcon_core.verb:set package 'omo_r1mini_teleop' build argument 'cmake_clean_first' from command line to 'False'
[0.588s] Level 5:colcon.colcon_core.verb:set package 'omo_r1mini_teleop' build argument 'cmake_force_configure' from command line to 'False'
[0.589s] Level 5:colcon.colcon_core.verb:set package 'omo_r1mini_teleop' build argument 'ament_cmake_args' from command line to 'None'
[0.589s] Level 5:colcon.colcon_core.verb:set package 'omo_r1mini_teleop' build argument 'catkin_cmake_args' from command line to 'None'
[0.590s] Level 5:colcon.colcon_core.verb:set package 'omo_r1mini_teleop' build argument 'catkin_skip_building_tests' from command line to 'False'
[0.590s] DEBUG:colcon.colcon_core.verb:Building package 'omo_r1mini_teleop' with the following arguments: {'ament_cmake_args': None, 'build_base': '/omo_ws/src/omorobot_r1_mini/build/omo_r1mini_teleop', 'catkin_cmake_args': None, 'catkin_skip_building_tests': False, 'cmake_args': None, 'cmake_clean_cache': False, 'cmake_clean_first': False, 'cmake_force_configure': False, 'cmake_target': None, 'cmake_target_skip_unavailable': False, 'install_base': '/omo_ws/src/omorobot_r1_mini/install/omo_r1mini_teleop', 'merge_install': False, 'path': '/omo_ws/src/omorobot_r1_mini/src/omo_r1mini-foxy/omo_r1mini_teleop', 'symlink_install': False, 'test_result_base': None}
[0.591s] Level 5:colcon.colcon_core.verb:set package 'ydlidar_ros2_driver' build argument 'cmake_args' from command line to 'None'
[0.592s] Level 5:colcon.colcon_core.verb:set package 'ydlidar_ros2_driver' build argument 'cmake_target' from command line to 'None'
[0.593s] Level 5:colcon.colcon_core.verb:set package 'ydlidar_ros2_driver' build argument 'cmake_target_skip_unavailable' from command line to 'False'
[0.594s] Level 5:colcon.colcon_core.verb:set package 'ydlidar_ros2_driver' build argument 'cmake_clean_cache' from command line to 'False'
[0.594s] Level 5:colcon.colcon_core.verb:set package 'ydlidar_ros2_driver' build argument 'cmake_clean_first' from command line to 'False'
[0.595s] Level 5:colcon.colcon_core.verb:set package 'ydlidar_ros2_driver' build argument 'cmake_force_configure' from command line to 'False'
[0.595s] Level 5:colcon.colcon_core.verb:set package 'ydlidar_ros2_driver' build argument 'ament_cmake_args' from command line to 'None'
[0.596s] Level 5:colcon.colcon_core.verb:set package 'ydlidar_ros2_driver' build argument 'catkin_cmake_args' from command line to 'None'
[0.596s] Level 5:colcon.colcon_core.verb:set package 'ydlidar_ros2_driver' build argument 'catkin_skip_building_tests' from command line to 'False'
[0.597s] DEBUG:colcon.colcon_core.verb:Building package 'ydlidar_ros2_driver' with the following arguments: {'ament_cmake_args': None, 'build_base': '/omo_ws/src/omorobot_r1_mini/build/ydlidar_ros2_driver', 'catkin_cmake_args': None, 'catkin_skip_building_tests': False, 'cmake_args': None, 'cmake_clean_cache': False, 'cmake_clean_first': False, 'cmake_force_configure': False, 'cmake_target': None, 'cmake_target_skip_unavailable': False, 'install_base': '/omo_ws/src/omorobot_r1_mini/install/ydlidar_ros2_driver', 'merge_install': False, 'path': '/omo_ws/src/omorobot_r1_mini/src/ydlidar_ros2_driver', 'symlink_install': False, 'test_result_base': None}
[0.598s] Level 5:colcon.colcon_core.verb:set package 'ydlidar_sdk' build argument 'cmake_args' from command line to 'None'
[0.599s] Level 5:colcon.colcon_core.verb:set package 'ydlidar_sdk' build argument 'cmake_target' from command line to 'None'
[0.599s] Level 5:colcon.colcon_core.verb:set package 'ydlidar_sdk' build argument 'cmake_target_skip_unavailable' from command line to 'False'
[0.600s] Level 5:colcon.colcon_core.verb:set package 'ydlidar_sdk' build argument 'cmake_clean_cache' from command line to 'False'
[0.601s] Level 5:colcon.colcon_core.verb:set package 'ydlidar_sdk' build argument 'cmake_clean_first' from command line to 'False'
[0.601s] Level 5:colcon.colcon_core.verb:set package 'ydlidar_sdk' build argument 'cmake_force_configure' from command line to 'False'
[0.602s] Level 5:colcon.colcon_core.verb:set package 'ydlidar_sdk' build argument 'ament_cmake_args' from command line to 'None'
[0.602s] Level 5:colcon.colcon_core.verb:set package 'ydlidar_sdk' build argument 'catkin_cmake_args' from command line to 'None'
[0.603s] Level 5:colcon.colcon_core.verb:set package 'ydlidar_sdk' build argument 'catkin_skip_building_tests' from command line to 'False'
[0.603s] DEBUG:colcon.colcon_core.verb:Building package 'ydlidar_sdk' with the following arguments: {'ament_cmake_args': None, 'build_base': '/omo_ws/src/omorobot_r1_mini/build/ydlidar_sdk', 'catkin_cmake_args': None, 'catkin_skip_building_tests': False, 'cmake_args': None, 'cmake_clean_cache': False, 'cmake_clean_first': False, 'cmake_force_configure': False, 'cmake_target': None, 'cmake_target_skip_unavailable': False, 'install_base': '/omo_ws/src/omorobot_r1_mini/install/ydlidar_sdk', 'merge_install': False, 'path': '/omo_ws/src/omorobot_r1_mini/src/YDLidar-SDK', 'symlink_install': False, 'test_result_base': None}
[0.604s] Level 5:colcon.colcon_core.verb:set package 'omo_r1mini_bringup' build argument 'cmake_args' from command line to 'None'
[0.605s] Level 5:colcon.colcon_core.verb:set package 'omo_r1mini_bringup' build argument 'cmake_target' from command line to 'None'
[0.606s] Level 5:colcon.colcon_core.verb:set package 'omo_r1mini_bringup' build argument 'cmake_target_skip_unavailable' from command line to 'False'
[0.606s] Level 5:colcon.colcon_core.verb:set package 'omo_r1mini_bringup' build argument 'cmake_clean_cache' from command line to 'False'
[0.607s] Level 5:colcon.colcon_core.verb:set package 'omo_r1mini_bringup' build argument 'cmake_clean_first' from command line to 'False'
[0.608s] Level 5:colcon.colcon_core.verb:set package 'omo_r1mini_bringup' build argument 'cmake_force_configure' from command line to 'False'
[0.609s] Level 5:colcon.colcon_core.verb:set package 'omo_r1mini_bringup' build argument 'ament_cmake_args' from command line to 'None'
[0.609s] Level 5:colcon.colcon_core.verb:set package 'omo_r1mini_bringup' build argument 'catkin_cmake_args' from command line to 'None'
[0.610s] Level 5:colcon.colcon_core.verb:set package 'omo_r1mini_bringup' build argument 'catkin_skip_building_tests' from command line to 'False'
[0.610s] DEBUG:colcon.colcon_core.verb:Building package 'omo_r1mini_bringup' with the following arguments: {'ament_cmake_args': None, 'build_base': '/omo_ws/src/omorobot_r1_mini/build/omo_r1mini_bringup', 'catkin_cmake_args': None, 'catkin_skip_building_tests': False, 'cmake_args': None, 'cmake_clean_cache': False, 'cmake_clean_first': False, 'cmake_force_configure': False, 'cmake_target': None, 'cmake_target_skip_unavailable': False, 'install_base': '/omo_ws/src/omorobot_r1_mini/install/omo_r1mini_bringup', 'merge_install': False, 'path': '/omo_ws/src/omorobot_r1_mini/src/omo_r1mini-foxy/omo_r1mini_bringup', 'symlink_install': False, 'test_result_base': None}
[0.611s] Level 5:colcon.colcon_core.verb:set package 'omo_r1mini' build argument 'cmake_args' from command line to 'None'
[0.612s] Level 5:colcon.colcon_core.verb:set package 'omo_r1mini' build argument 'cmake_target' from command line to 'None'
[0.613s] Level 5:colcon.colcon_core.verb:set package 'omo_r1mini' build argument 'cmake_target_skip_unavailable' from command line to 'False'
[0.613s] Level 5:colcon.colcon_core.verb:set package 'omo_r1mini' build argument 'cmake_clean_cache' from command line to 'False'
[0.614s] Level 5:colcon.colcon_core.verb:set package 'omo_r1mini' build argument 'cmake_clean_first' from command line to 'False'
[0.614s] Level 5:colcon.colcon_core.verb:set package 'omo_r1mini' build argument 'cmake_force_configure' from command line to 'False'
[0.615s] Level 5:colcon.colcon_core.verb:set package 'omo_r1mini' build argument 'ament_cmake_args' from command line to 'None'
[0.615s] Level 5:colcon.colcon_core.verb:set package 'omo_r1mini' build argument 'catkin_cmake_args' from command line to 'None'
[0.616s] Level 5:colcon.colcon_core.verb:set package 'omo_r1mini' build argument 'catkin_skip_building_tests' from command line to 'False'
[0.616s] DEBUG:colcon.colcon_core.verb:Building package 'omo_r1mini' with the following arguments: {'ament_cmake_args': None, 'build_base': '/omo_ws/src/omorobot_r1_mini/build/omo_r1mini', 'catkin_cmake_args': None, 'catkin_skip_building_tests': False, 'cmake_args': None, 'cmake_clean_cache': False, 'cmake_clean_first': False, 'cmake_force_configure': False, 'cmake_target': None, 'cmake_target_skip_unavailable': False, 'install_base': '/omo_ws/src/omorobot_r1_mini/install/omo_r1mini', 'merge_install': False, 'path': '/omo_ws/src/omorobot_r1_mini/src/omo_r1mini-foxy/omo_r1mini', 'symlink_install': False, 'test_result_base': None}
[0.620s] INFO:colcon.colcon_core.executor:Executing jobs using 'parallel' executor
[0.623s] DEBUG:colcon.colcon_parallel_executor.executor.parallel:run_until_complete
[0.624s] INFO:colcon.colcon_ros.task.ament_cmake.build:Building ROS package in '/omo_ws/src/omorobot_r1_mini/src/omo_r1mini-foxy/omo_r1mini_description' with build type 'ament_cmake'
[0.625s] INFO:colcon.colcon_cmake.task.cmake.build:Building CMake package in '/omo_ws/src/omorobot_r1_mini/src/omo_r1mini-foxy/omo_r1mini_description'
[0.629s] INFO:colcon.colcon_core.plugin_system:Skipping extension 'colcon_core.shell.bat': Not used on non-Windows systems
[0.630s] INFO:colcon.colcon_core.shell:Skip shell extension 'powershell' for command environment: Not usable outside of PowerShell
[0.631s] DEBUG:colcon.colcon_core.shell:Skip shell extension 'dsv' for command environment
[0.641s] INFO:colcon.colcon_ros.task.ament_cmake.build:Building ROS package in '/omo_ws/src/omorobot_r1_mini/src/omo_r1mini-foxy/omo_r1mini_cartographer' with build type 'ament_cmake'
[0.642s] INFO:colcon.colcon_cmake.task.cmake.build:Building CMake package in '/omo_ws/src/omorobot_r1_mini/src/omo_r1mini-foxy/omo_r1mini_cartographer'
[0.644s] INFO:colcon.colcon_core.shell:Skip shell extension 'powershell' for command environment: Not usable outside of PowerShell
[0.644s] DEBUG:colcon.colcon_core.shell:Skip shell extension 'dsv' for command environment
[0.652s] INFO:colcon.colcon_ros.task.ament_cmake.build:Building ROS package in '/omo_ws/src/omorobot_r1_mini/src/omo_r1mini-foxy/omo_r1mini_navigation2' with build type 'ament_cmake'
[0.654s] INFO:colcon.colcon_cmake.task.cmake.build:Building CMake package in '/omo_ws/src/omorobot_r1_mini/src/omo_r1mini-foxy/omo_r1mini_navigation2'
[0.656s] INFO:colcon.colcon_core.shell:Skip shell extension 'powershell' for command environment: Not usable outside of PowerShell
[0.656s] DEBUG:colcon.colcon_core.shell:Skip shell extension 'dsv' for command environment
[0.666s] INFO:colcon.colcon_ros.task.ament_python.build:Building ROS package in '/omo_ws/src/omorobot_r1_mini/src/omo_r1mini-foxy/omo_r1mini_teleop' with build type 'ament_python'
[0.667s] Level 1:colcon.colcon_core.shell:create_environment_hook('omo_r1mini_teleop', 'ament_prefix_path')
[0.669s] INFO:colcon.colcon_core.shell:Creating environment hook '/omo_ws/src/omorobot_r1_mini/install/omo_r1mini_teleop/share/omo_r1mini_teleop/hook/ament_prefix_path.ps1'
[0.673s] INFO:colcon.colcon_core.shell:Creating environment descriptor '/omo_ws/src/omorobot_r1_mini/install/omo_r1mini_teleop/share/omo_r1mini_teleop/hook/ament_prefix_path.dsv'
[0.676s] INFO:colcon.colcon_core.shell:Creating environment hook '/omo_ws/src/omorobot_r1_mini/install/omo_r1mini_teleop/share/omo_r1mini_teleop/hook/ament_prefix_path.sh'
[0.681s] INFO:colcon.colcon_core.shell:Skip shell extension 'powershell' for command environment: Not usable outside of PowerShell
[0.681s] DEBUG:colcon.colcon_core.shell:Skip shell extension 'dsv' for command environment
[0.689s] INFO:colcon.colcon_ros.task.ament_cmake.build:Building ROS package in '/omo_ws/src/omorobot_r1_mini/src/omo_r1mini-foxy/omo_r1mini_gazebo' with build type 'ament_cmake'
[0.690s] INFO:colcon.colcon_cmake.task.cmake.build:Building CMake package in '/omo_ws/src/omorobot_r1_mini/src/omo_r1mini-foxy/omo_r1mini_gazebo'
[0.692s] INFO:colcon.colcon_core.shell:Skip shell extension 'powershell' for command environment: Not usable outside of PowerShell
[0.694s] DEBUG:colcon.colcon_core.shell:Skip shell extension 'dsv' for command environment
[0.709s] INFO:colcon.colcon_ros.task.ament_cmake.build:Building ROS package in '/omo_ws/src/omorobot_r1_mini/src/ydlidar_ros2_driver' with build type 'ament_cmake'
[0.712s] INFO:colcon.colcon_cmake.task.cmake.build:Building CMake package in '/omo_ws/src/omorobot_r1_mini/src/ydlidar_ros2_driver'
[0.713s] INFO:colcon.colcon_core.shell:Skip shell extension 'powershell' for command environment: Not usable outside of PowerShell
[0.714s] DEBUG:colcon.colcon_core.shell:Skip shell extension 'dsv' for command environment
[0.728s] INFO:colcon.colcon_cmake.task.cmake.build:Building CMake package in '/omo_ws/src/omorobot_r1_mini/src/YDLidar-SDK'
[0.734s] INFO:colcon.colcon_core.shell:Skip shell extension 'powershell' for command environment: Not usable outside of PowerShell
[0.736s] DEBUG:colcon.colcon_core.shell:Skip shell extension 'dsv' for command environment
[0.795s] DEBUG:colcon.colcon_core.event_handler.log_command:Invoking command in '/omo_ws/src/omorobot_r1_mini/build/omo_r1mini_description': CMAKE_PREFIX_PATH=/opt/ros/foxy /usr/bin/cmake /omo_ws/src/omorobot_r1_mini/src/omo_r1mini-foxy/omo_r1mini_description -DCMAKE_INSTALL_PREFIX=/omo_ws/src/omorobot_r1_mini/install/omo_r1mini_description
[0.838s] DEBUG:colcon.colcon_core.event_handler.log_command:Invoking command in '/omo_ws/src/omorobot_r1_mini/build/omo_r1mini_cartographer': CMAKE_PREFIX_PATH=/opt/ros/foxy /usr/bin/cmake /omo_ws/src/omorobot_r1_mini/src/omo_r1mini-foxy/omo_r1mini_cartographer -DCMAKE_INSTALL_PREFIX=/omo_ws/src/omorobot_r1_mini/install/omo_r1mini_cartographer
[0.875s] DEBUG:colcon.colcon_core.event_handler.log_command:Invoking command in '/omo_ws/src/omorobot_r1_mini/build/omo_r1mini_navigation2': CMAKE_PREFIX_PATH=/opt/ros/foxy /usr/bin/cmake /omo_ws/src/omorobot_r1_mini/src/omo_r1mini-foxy/omo_r1mini_navigation2 -DCMAKE_INSTALL_PREFIX=/omo_ws/src/omorobot_r1_mini/install/omo_r1mini_navigation2
[1.128s] INFO:colcon.colcon_core.task.python.build:Building Python package in '/omo_ws/src/omorobot_r1_mini/src/omo_r1mini-foxy/omo_r1mini_teleop'
[1.129s] INFO:colcon.colcon_core.shell:Skip shell extension 'powershell' for command environment: Not usable outside of PowerShell
[1.130s] DEBUG:colcon.colcon_core.shell:Skip shell extension 'dsv' for command environment
[1.175s] DEBUG:colcon.colcon_core.event_handler.log_command:Invoking command in '/omo_ws/src/omorobot_r1_mini/build/omo_r1mini_gazebo': CMAKE_PREFIX_PATH=/opt/ros/foxy /usr/bin/cmake /omo_ws/src/omorobot_r1_mini/src/omo_r1mini-foxy/omo_r1mini_gazebo -DCMAKE_INSTALL_PREFIX=/omo_ws/src/omorobot_r1_mini/install/omo_r1mini_gazebo
[1.201s] DEBUG:colcon.colcon_core.event_handler.log_command:Invoking command in '/omo_ws/src/omorobot_r1_mini/build/ydlidar_ros2_driver': CMAKE_PREFIX_PATH=/opt/ros/foxy /usr/bin/cmake /omo_ws/src/omorobot_r1_mini/src/ydlidar_ros2_driver -DCMAKE_INSTALL_PREFIX=/omo_ws/src/omorobot_r1_mini/install/ydlidar_ros2_driver
[1.265s] DEBUG:colcon.colcon_core.event_handler.log_command:Invoked command in '/omo_ws/src/omorobot_r1_mini/build/omo_r1mini_description' returned '1': CMAKE_PREFIX_PATH=/opt/ros/foxy /usr/bin/cmake /omo_ws/src/omorobot_r1_mini/src/omo_r1mini-foxy/omo_r1mini_description -DCMAKE_INSTALL_PREFIX=/omo_ws/src/omorobot_r1_mini/install/omo_r1mini_description
[1.281s] Level 1:colcon.colcon_core.environment:create_environment_scripts_only(omo_r1mini_description)
[1.286s] DEBUG:colcon.colcon_core.event_handler.log_command:Invoked command in '/omo_ws/src/omorobot_r1_mini/build/omo_r1mini_navigation2' returned '1': CMAKE_PREFIX_PATH=/opt/ros/foxy /usr/bin/cmake /omo_ws/src/omorobot_r1_mini/src/omo_r1mini-foxy/omo_r1mini_navigation2 -DCMAKE_INSTALL_PREFIX=/omo_ws/src/omorobot_r1_mini/install/omo_r1mini_navigation2
[1.290s] DEBUG:colcon.colcon_core.event_handler.log_command:Invoked command in '/omo_ws/src/omorobot_r1_mini/build/omo_r1mini_cartographer' returned '1': CMAKE_PREFIX_PATH=/opt/ros/foxy /usr/bin/cmake /omo_ws/src/omorobot_r1_mini/src/omo_r1mini-foxy/omo_r1mini_cartographer -DCMAKE_INSTALL_PREFIX=/omo_ws/src/omorobot_r1_mini/install/omo_r1mini_cartographer
[1.294s] Level 1:colcon.colcon_core.environment:checking '/omo_ws/src/omorobot_r1_mini/install/omo_r1mini_description' for CMake module files
[1.310s] DEBUG:colcon.colcon_core.event_handler.log_command:Invoking command in '/omo_ws/src/omorobot_r1_mini/build/ydlidar_sdk': /usr/bin/cmake --build /omo_ws/src/omorobot_r1_mini/build/ydlidar_sdk -- -j8 -l8
[1.313s] DEBUG:colcon.colcon_core.event_handler.log_command:Invoked command in '/omo_ws/src/omorobot_r1_mini/build/omo_r1mini_gazebo' returned '1': CMAKE_PREFIX_PATH=/opt/ros/foxy /usr/bin/cmake /omo_ws/src/omorobot_r1_mini/src/omo_r1mini-foxy/omo_r1mini_gazebo -DCMAKE_INSTALL_PREFIX=/omo_ws/src/omorobot_r1_mini/install/omo_r1mini_gazebo
[1.315s] Level 1:colcon.colcon_core.environment:checking '/omo_ws/src/omorobot_r1_mini/install/omo_r1mini_description' for CMake config files
[1.319s] DEBUG:colcon.colcon_core.event_handler.log_command:Invoked command in '/omo_ws/src/omorobot_r1_mini/build/ydlidar_ros2_driver' returned '1': CMAKE_PREFIX_PATH=/opt/ros/foxy /usr/bin/cmake /omo_ws/src/omorobot_r1_mini/src/ydlidar_ros2_driver -DCMAKE_INSTALL_PREFIX=/omo_ws/src/omorobot_r1_mini/install/ydlidar_ros2_driver
[1.330s] Level 1:colcon.colcon_core.environment:checking '/omo_ws/src/omorobot_r1_mini/install/omo_r1mini_description/bin'
[1.335s] Level 1:colcon.colcon_core.environment:checking '/omo_ws/src/omorobot_r1_mini/install/omo_r1mini_description/lib/pkgconfig/omo_r1mini_description.pc'
[1.339s] Level 1:colcon.colcon_core.environment:checking '/omo_ws/src/omorobot_r1_mini/install/omo_r1mini_description/lib/python3.8/site-packages'
[1.343s] INFO:colcon.colcon_core.shell:Creating package script '/omo_ws/src/omorobot_r1_mini/install/omo_r1mini_description/share/omo_r1mini_description/package.ps1'
[1.348s] INFO:colcon.colcon_core.shell:Creating package descriptor '/omo_ws/src/omorobot_r1_mini/install/omo_r1mini_description/share/omo_r1mini_description/package.dsv'
[1.353s] INFO:colcon.colcon_core.shell:Creating package script '/omo_ws/src/omorobot_r1_mini/install/omo_r1mini_description/share/omo_r1mini_description/package.sh'
[1.363s] INFO:colcon.colcon_core.shell:Creating package script '/omo_ws/src/omorobot_r1_mini/install/omo_r1mini_description/share/omo_r1mini_description/package.bash'
[1.370s] INFO:colcon.colcon_core.shell:Creating package script '/omo_ws/src/omorobot_r1_mini/install/omo_r1mini_description/share/omo_r1mini_description/package.zsh'
[1.374s] Level 1:colcon.colcon_core.environment:create_file_with_runtime_dependencies(/omo_ws/src/omorobot_r1_mini/install/omo_r1mini_description/share/colcon-core/packages/omo_r1mini_description)
[1.378s] Level 1:colcon.colcon_core.environment:create_environment_scripts_only(omo_r1mini_navigation2)
[1.380s] Level 1:colcon.colcon_core.environment:checking '/omo_ws/src/omorobot_r1_mini/install/omo_r1mini_navigation2' for CMake module files
[1.404s] Level 1:colcon.colcon_core.environment:checking '/omo_ws/src/omorobot_r1_mini/install/omo_r1mini_navigation2' for CMake config files
[1.414s] Level 1:colcon.colcon_core.environment:checking '/omo_ws/src/omorobot_r1_mini/install/omo_r1mini_navigation2/bin'
[1.416s] Level 1:colcon.colcon_core.environment:checking '/omo_ws/src/omorobot_r1_mini/install/omo_r1mini_navigation2/lib/pkgconfig/omo_r1mini_navigation2.pc'
[1.418s] Level 1:colcon.colcon_core.environment:checking '/omo_ws/src/omorobot_r1_mini/install/omo_r1mini_navigation2/lib/python3.8/site-packages'
[1.420s] INFO:colcon.colcon_core.shell:Creating package script '/omo_ws/src/omorobot_r1_mini/install/omo_r1mini_navigation2/share/omo_r1mini_navigation2/package.ps1'
[1.424s] INFO:colcon.colcon_core.shell:Creating package descriptor '/omo_ws/src/omorobot_r1_mini/install/omo_r1mini_navigation2/share/omo_r1mini_navigation2/package.dsv'
[1.427s] INFO:colcon.colcon_core.shell:Creating package script '/omo_ws/src/omorobot_r1_mini/install/omo_r1mini_navigation2/share/omo_r1mini_navigation2/package.sh'
[1.430s] INFO:colcon.colcon_core.shell:Creating package script '/omo_ws/src/omorobot_r1_mini/install/omo_r1mini_navigation2/share/omo_r1mini_navigation2/package.bash'
[1.433s] INFO:colcon.colcon_core.shell:Creating package script '/omo_ws/src/omorobot_r1_mini/install/omo_r1mini_navigation2/share/omo_r1mini_navigation2/package.zsh'
[1.436s] Level 1:colcon.colcon_core.environment:create_file_with_runtime_dependencies(/omo_ws/src/omorobot_r1_mini/install/omo_r1mini_navigation2/share/colcon-core/packages/omo_r1mini_navigation2)
[1.440s] Level 1:colcon.colcon_core.environment:create_environment_scripts_only(omo_r1mini_cartographer)
[1.441s] Level 1:colcon.colcon_core.environment:checking '/omo_ws/src/omorobot_r1_mini/install/omo_r1mini_cartographer' for CMake module files
[1.468s] Level 1:colcon.colcon_core.environment:checking '/omo_ws/src/omorobot_r1_mini/install/omo_r1mini_cartographer' for CMake config files
[1.477s] Level 1:colcon.colcon_core.environment:checking '/omo_ws/src/omorobot_r1_mini/install/omo_r1mini_cartographer/bin'
[1.479s] Level 1:colcon.colcon_core.environment:checking '/omo_ws/src/omorobot_r1_mini/install/omo_r1mini_cartographer/lib/pkgconfig/omo_r1mini_cartographer.pc'
[1.480s] Level 1:colcon.colcon_core.environment:checking '/omo_ws/src/omorobot_r1_mini/install/omo_r1mini_cartographer/lib/python3.8/site-packages'
[1.481s] INFO:colcon.colcon_core.shell:Creating package script '/omo_ws/src/omorobot_r1_mini/install/omo_r1mini_cartographer/share/omo_r1mini_cartographer/package.ps1'
[1.485s] INFO:colcon.colcon_core.shell:Creating package descriptor '/omo_ws/src/omorobot_r1_mini/install/omo_r1mini_cartographer/share/omo_r1mini_cartographer/package.dsv'
[1.491s] INFO:colcon.colcon_core.shell:Creating package script '/omo_ws/src/omorobot_r1_mini/install/omo_r1mini_cartographer/share/omo_r1mini_cartographer/package.sh'
[1.497s] INFO:colcon.colcon_core.shell:Creating package script '/omo_ws/src/omorobot_r1_mini/install/omo_r1mini_cartographer/share/omo_r1mini_cartographer/package.bash'
[1.503s] INFO:colcon.colcon_core.shell:Creating package script '/omo_ws/src/omorobot_r1_mini/install/omo_r1mini_cartographer/share/omo_r1mini_cartographer/package.zsh'
[1.508s] Level 1:colcon.colcon_core.environment:create_file_with_runtime_dependencies(/omo_ws/src/omorobot_r1_mini/install/omo_r1mini_cartographer/share/colcon-core/packages/omo_r1mini_cartographer)
[1.900s] DEBUG:colcon.colcon_parallel_executor.executor.parallel:closing loop
[1.901s] DEBUG:colcon.colcon_parallel_executor.executor.parallel:loop closed
[1.902s] DEBUG:colcon.colcon_parallel_executor.executor.parallel:run_until_complete finished with '1'
[1.903s] DEBUG:colcon.colcon_core.event_reactor:joining thread
[1.926s] INFO:colcon.colcon_core.plugin_system:Skipping extension 'colcon_notification.desktop_notification.notify_send': Could not find 'notify-send'
[1.927s] INFO:colcon.colcon_core.plugin_system:Skipping extension 'colcon_notification.desktop_notification.terminal_notifier': Not used on non-Darwin systems
[1.927s] INFO:colcon.colcon_core.plugin_system:Skipping extension 'colcon_notification.desktop_notification.win32': Not used on non-Windows systems
[1.928s] INFO:colcon.colcon_notification.desktop_notification:Sending desktop notification using 'notify2'
[1.940s] DEBUG:colcon.colcon_notification.desktop_notification.notify2:Failed to initialize notify2: org.freedesktop.DBus.Error.ServiceUnknown: The name org.freedesktop.Notifications was not provided by any .service files
[1.941s] DEBUG:colcon.colcon_core.event_reactor:joined thread
[1.943s] INFO:colcon.colcon_core.shell:Creating prefix script '/omo_ws/src/omorobot_r1_mini/install/local_setup.ps1'
[1.949s] INFO:colcon.colcon_core.shell:Creating prefix util module '/omo_ws/src/omorobot_r1_mini/install/_local_setup_util_ps1.py'
[1.955s] INFO:colcon.colcon_core.shell:Creating prefix chain script '/omo_ws/src/omorobot_r1_mini/install/setup.ps1'
[1.963s] INFO:colcon.colcon_core.shell:Creating prefix script '/omo_ws/src/omorobot_r1_mini/install/local_setup.sh'
[1.968s] INFO:colcon.colcon_core.shell:Creating prefix util module '/omo_ws/src/omorobot_r1_mini/install/_local_setup_util_sh.py'
[1.974s] INFO:colcon.colcon_core.shell:Creating prefix chain script '/omo_ws/src/omorobot_r1_mini/install/setup.sh'
[1.979s] INFO:colcon.colcon_core.shell:Creating prefix script '/omo_ws/src/omorobot_r1_mini/install/local_setup.bash'
[1.983s] INFO:colcon.colcon_core.shell:Creating prefix chain script '/omo_ws/src/omorobot_r1_mini/install/setup.bash'
[1.988s] INFO:colcon.colcon_core.shell:Creating prefix script '/omo_ws/src/omorobot_r1_mini/install/local_setup.zsh'
[1.992s] INFO:colcon.colcon_core.shell:Creating prefix chain script '/omo_ws/src/omorobot_r1_mini/install/setup.zsh'
