[1.290s] Invoking command in '/workspaces/foxy_ws/src/gcamp_ros2_ws/build/py_action_pkg': AMENT_PREFIX_PATH=/workspaces/foxy_ws/src/gcamp_ros2_ws/install/custom_interfaces:${AMENT_PREFIX_PATH} CMAKE_PREFIX_PATH=/workspaces/foxy_ws/src/gcamp_ros2_ws/install/custom_interfaces LD_LIBRARY_PATH=/workspaces/foxy_ws/src/gcamp_ros2_ws/install/custom_interfaces/lib:${LD_LIBRARY_PATH} PYTHONPATH=/workspaces/foxy_ws/src/gcamp_ros2_ws/install/py_action_pkg/lib/python3.8/site-packages:/workspaces/foxy_ws/src/gcamp_ros2_ws/install/custom_interfaces/lib/python3.8/site-packages:${PYTHONPATH} /usr/bin/python3 setup.py develop --prefix /workspaces/foxy_ws/src/gcamp_ros2_ws/install/py_action_pkg --editable --build-directory /workspaces/foxy_ws/src/gcamp_ros2_ws/build/py_action_pkg/build --no-deps install_data --install-dir /workspaces/foxy_ws/src/gcamp_ros2_ws/install/py_action_pkg
[1.735s] running develop
[2.005s] running egg_info
[2.008s] creating py_action_pkg.egg-info
[2.022s] writing py_action_pkg.egg-info/PKG-INFO
[2.042s] writing dependency_links to py_action_pkg.egg-info/dependency_links.txt
[2.054s] writing entry points to py_action_pkg.egg-info/entry_points.txt
[2.060s] writing requirements to py_action_pkg.egg-info/requires.txt
[2.082s] writing top-level names to py_action_pkg.egg-info/top_level.txt
[2.094s] writing manifest file 'py_action_pkg.egg-info/SOURCES.txt'
[2.236s] reading manifest file 'py_action_pkg.egg-info/SOURCES.txt'
[2.273s] writing manifest file 'py_action_pkg.egg-info/SOURCES.txt'
[2.430s] running build_ext
[2.439s] Creating /workspaces/foxy_ws/src/gcamp_ros2_ws/install/py_action_pkg/lib/python3.8/site-packages/site.py
[2.480s] Creating /workspaces/foxy_ws/src/gcamp_ros2_ws/install/py_action_pkg/lib/python3.8/site-packages/py-action-pkg.egg-link (link to .)
[2.516s] Installing fibonacci_action_client script to /workspaces/foxy_ws/src/gcamp_ros2_ws/install/py_action_pkg/lib/py_action_pkg
[2.538s] Installing fibonacci_action_client_cancel script to /workspaces/foxy_ws/src/gcamp_ros2_ws/install/py_action_pkg/lib/py_action_pkg
[2.557s] Installing fibonacci_action_server script to /workspaces/foxy_ws/src/gcamp_ros2_ws/install/py_action_pkg/lib/py_action_pkg
[2.568s] Installing fibonacci_action_server_cancel script to /workspaces/foxy_ws/src/gcamp_ros2_ws/install/py_action_pkg/lib/py_action_pkg
[2.579s] Installing img_subscriber_node script to /workspaces/foxy_ws/src/gcamp_ros2_ws/install/py_action_pkg/lib/py_action_pkg
[2.590s] Installing maze_action_client script to /workspaces/foxy_ws/src/gcamp_ros2_ws/install/py_action_pkg/lib/py_action_pkg
[2.603s] Installing maze_action_server script to /workspaces/foxy_ws/src/gcamp_ros2_ws/install/py_action_pkg/lib/py_action_pkg
[2.615s] Installing odom_sub_node script to /workspaces/foxy_ws/src/gcamp_ros2_ws/install/py_action_pkg/lib/py_action_pkg
[2.633s] Installing robot_controller script to /workspaces/foxy_ws/src/gcamp_ros2_ws/install/py_action_pkg/lib/py_action_pkg
[2.648s] 
[2.657s] Installed /workspaces/foxy_ws/src/gcamp_ros2_ws/build/py_action_pkg
[2.662s] running install_data
[2.678s] creating /workspaces/foxy_ws/src/gcamp_ros2_ws/install/py_action_pkg/share/ament_index
[2.687s] creating /workspaces/foxy_ws/src/gcamp_ros2_ws/install/py_action_pkg/share/ament_index/resource_index
[2.692s] creating /workspaces/foxy_ws/src/gcamp_ros2_ws/install/py_action_pkg/share/ament_index/resource_index/packages
[2.704s] copying resource/py_action_pkg -> /workspaces/foxy_ws/src/gcamp_ros2_ws/install/py_action_pkg/share/ament_index/resource_index/packages
[2.739s] copying package.xml -> /workspaces/foxy_ws/src/gcamp_ros2_ws/install/py_action_pkg/share/py_action_pkg
[2.790s] creating /workspaces/foxy_ws/src/gcamp_ros2_ws/install/py_action_pkg/share/py_action_pkg/launch
[2.797s] copying launch/maze_action_srv.launch.py -> /workspaces/foxy_ws/src/gcamp_ros2_ws/install/py_action_pkg/share/py_action_pkg/launch
[3.037s] Invoked command in '/workspaces/foxy_ws/src/gcamp_ros2_ws/build/py_action_pkg' returned '0': AMENT_PREFIX_PATH=/workspaces/foxy_ws/src/gcamp_ros2_ws/install/custom_interfaces:${AMENT_PREFIX_PATH} CMAKE_PREFIX_PATH=/workspaces/foxy_ws/src/gcamp_ros2_ws/install/custom_interfaces LD_LIBRARY_PATH=/workspaces/foxy_ws/src/gcamp_ros2_ws/install/custom_interfaces/lib:${LD_LIBRARY_PATH} PYTHONPATH=/workspaces/foxy_ws/src/gcamp_ros2_ws/install/py_action_pkg/lib/python3.8/site-packages:/workspaces/foxy_ws/src/gcamp_ros2_ws/install/custom_interfaces/lib/python3.8/site-packages:${PYTHONPATH} /usr/bin/python3 setup.py develop --prefix /workspaces/foxy_ws/src/gcamp_ros2_ws/install/py_action_pkg --editable --build-directory /workspaces/foxy_ws/src/gcamp_ros2_ws/build/py_action_pkg/build --no-deps install_data --install-dir /workspaces/foxy_ws/src/gcamp_ros2_ws/install/py_action_pkg
