-- Found ament_cmake: 0.9.8 (/opt/ros/foxy/share/ament_cmake/cmake)
-- Using PYTHON_EXECUTABLE: /usr/bin/python3
-- Override CMake install command with custom implementation using symlinks instead of copying resources
-- Found std_msgs: 2.0.4 (/opt/ros/foxy/share/std_msgs/cmake)
-- Using all available rosidl_typesupport_c: rosidl_typesupport_fastrtps_c;rosidl_typesupport_introspection_c
-- Found rosidl_adapter: 1.2.1 (/opt/ros/foxy/share/rosidl_adapter/cmake)
-- Using all available rosidl_typesupport_cpp: rosidl_typesupport_fastrtps_cpp;rosidl_typesupport_introspection_cpp
-- Found std_srvs: 2.0.4 (/opt/ros/foxy/share/std_srvs/cmake)
-- Found rclcpp: 2.3.1 (/opt/ros/foxy/share/rclcpp/cmake)
-- Found rmw_implementation_cmake: 1.0.3 (/opt/ros/foxy/share/rmw_implementation_cmake/cmake)
-- Using RMW implementation 'rmw_fastrtps_cpp' as default
-- Found gazebo_msgs: 3.5.3 (/opt/ros/foxy/share/gazebo_msgs/cmake)
-- Found ament_lint_auto: 0.9.6 (/opt/ros/foxy/share/ament_lint_auto/cmake)
-- Added test 'cppcheck' to perform static code analysis on C / C++ code
-- Configured cppcheck include dirs: 
-- Configured cppcheck exclude dirs and/or files: 
-- Added test 'lint_cmake' to check CMake code style
-- Added test 'uncrustify' to check C / C++ code style
-- Configured uncrustify additional arguments: 
-- Added test 'xmllint' to check XML markup files
-- Configuring done
-- Generating done
-- Build files have been written to: /workspaces/foxy_ws/src/gcamp_ros2_ws/build/cpp_service_tutorial
[ 25%] Built target srv_client_node
[ 50%] Built target srv_server_node
[ 75%] Built target cpp_simple_service_client_node
[100%] Built target cpp_simple_service_dummy_server_node
-- Install configuration: ""
-- Execute custom install script
-- Up-to-date symlink: /workspaces/foxy_ws/src/gcamp_ros2_ws/install/cpp_service_tutorial/lib/cpp_service_tutorial/cpp_simple_service_client_node
-- Up-to-date symlink: /workspaces/foxy_ws/src/gcamp_ros2_ws/install/cpp_service_tutorial/lib/cpp_service_tutorial/cpp_simple_service_dummy_server_node
-- Up-to-date symlink: /workspaces/foxy_ws/src/gcamp_ros2_ws/install/cpp_service_tutorial/lib/cpp_service_tutorial/srv_server_node
-- Up-to-date symlink: /workspaces/foxy_ws/src/gcamp_ros2_ws/install/cpp_service_tutorial/lib/cpp_service_tutorial/srv_client_node
-- Up-to-date symlink: /workspaces/foxy_ws/src/gcamp_ros2_ws/install/cpp_service_tutorial/share/ament_index/resource_index/package_run_dependencies/cpp_service_tutorial
-- Up-to-date symlink: /workspaces/foxy_ws/src/gcamp_ros2_ws/install/cpp_service_tutorial/share/ament_index/resource_index/parent_prefix_path/cpp_service_tutorial
-- Up-to-date symlink: /workspaces/foxy_ws/src/gcamp_ros2_ws/install/cpp_service_tutorial/share/cpp_service_tutorial/environment/ament_prefix_path.sh
-- Up-to-date symlink: /workspaces/foxy_ws/src/gcamp_ros2_ws/install/cpp_service_tutorial/share/cpp_service_tutorial/environment/ament_prefix_path.dsv
-- Up-to-date symlink: /workspaces/foxy_ws/src/gcamp_ros2_ws/install/cpp_service_tutorial/share/cpp_service_tutorial/environment/path.sh
-- Up-to-date symlink: /workspaces/foxy_ws/src/gcamp_ros2_ws/install/cpp_service_tutorial/share/cpp_service_tutorial/environment/path.dsv
-- Up-to-date symlink: /workspaces/foxy_ws/src/gcamp_ros2_ws/install/cpp_service_tutorial/share/cpp_service_tutorial/local_setup.bash
-- Up-to-date symlink: /workspaces/foxy_ws/src/gcamp_ros2_ws/install/cpp_service_tutorial/share/cpp_service_tutorial/local_setup.sh
-- Up-to-date symlink: /workspaces/foxy_ws/src/gcamp_ros2_ws/install/cpp_service_tutorial/share/cpp_service_tutorial/local_setup.zsh
-- Up-to-date symlink: /workspaces/foxy_ws/src/gcamp_ros2_ws/install/cpp_service_tutorial/share/cpp_service_tutorial/local_setup.dsv
-- Symlinking: /workspaces/foxy_ws/src/gcamp_ros2_ws/install/cpp_service_tutorial/share/cpp_service_tutorial/package.dsv
-- Up-to-date symlink: /workspaces/foxy_ws/src/gcamp_ros2_ws/install/cpp_service_tutorial/share/ament_index/resource_index/packages/cpp_service_tutorial
-- Up-to-date symlink: /workspaces/foxy_ws/src/gcamp_ros2_ws/install/cpp_service_tutorial/share/cpp_service_tutorial/cmake/cpp_service_tutorialConfig.cmake
-- Up-to-date symlink: /workspaces/foxy_ws/src/gcamp_ros2_ws/install/cpp_service_tutorial/share/cpp_service_tutorial/cmake/cpp_service_tutorialConfig-version.cmake
-- Up-to-date symlink: /workspaces/foxy_ws/src/gcamp_ros2_ws/install/cpp_service_tutorial/share/cpp_service_tutorial/package.xml
