[0.639s] Invoking command in '/workspaces/foxy_ws/src/omorobot_r1_mini/build/ydlidar_sdk': /usr/bin/cmake --build /workspaces/foxy_ws/src/omorobot_r1_mini/build/ydlidar_sdk -- -j8 -l8
[1.711s] [ 58%] Built target ydlidar_sdk
[1.941s] [ 66%] Built target tof_test
[1.974s] [ 75%] Built target ydlidar_test
[2.023s] [ 95%] Built target lidar_test
[2.051s] [100%] Built target lidar_c_api_test
[2.062s] [100%] Built target etlidar_test
[2.209s] Invoked command in '/workspaces/foxy_ws/src/omorobot_r1_mini/build/ydlidar_sdk' returned '0': /usr/bin/cmake --build /workspaces/foxy_ws/src/omorobot_r1_mini/build/ydlidar_sdk -- -j8 -l8
[2.809s] Invoking command in '/workspaces/foxy_ws/src/omorobot_r1_mini/build/ydlidar_sdk': /usr/bin/cmake --install /workspaces/foxy_ws/src/omorobot_r1_mini/build/ydlidar_sdk
[2.940s] -- Install configuration: ""
[2.944s] -- Up-to-date: /workspaces/foxy_ws/src/omorobot_r1_mini/install/ydlidar_sdk/include/core/base/datatype.h
[2.947s] -- Up-to-date: /workspaces/foxy_ws/src/omorobot_r1_mini/install/ydlidar_sdk/include/core/base/locker.h
[2.951s] -- Up-to-date: /workspaces/foxy_ws/src/omorobot_r1_mini/install/ydlidar_sdk/include/core/base/thread.h
[2.956s] -- Up-to-date: /workspaces/foxy_ws/src/omorobot_r1_mini/install/ydlidar_sdk/include/core/base/timer.h
[2.964s] -- Up-to-date: /workspaces/foxy_ws/src/omorobot_r1_mini/install/ydlidar_sdk/include/core/base/typedef.h
[2.968s] -- Up-to-date: /workspaces/foxy_ws/src/omorobot_r1_mini/install/ydlidar_sdk/include/core/base/utils.h
[2.971s] -- Up-to-date: /workspaces/foxy_ws/src/omorobot_r1_mini/install/ydlidar_sdk/include/core/base/v8stdint.h
[2.979s] -- Up-to-date: /workspaces/foxy_ws/src/omorobot_r1_mini/install/ydlidar_sdk/include/core/base/ydlidar.h
[2.987s] -- Up-to-date: /workspaces/foxy_ws/src/omorobot_r1_mini/install/ydlidar_sdk/include/core/common/ChannelDevice.h
[2.993s] -- Up-to-date: /workspaces/foxy_ws/src/omorobot_r1_mini/install/ydlidar_sdk/include/core/common/DriverInterface.h
[2.998s] -- Up-to-date: /workspaces/foxy_ws/src/omorobot_r1_mini/install/ydlidar_sdk/include/core/common/ydlidar_datatype.h
[3.001s] -- Up-to-date: /workspaces/foxy_ws/src/omorobot_r1_mini/install/ydlidar_sdk/include/core/common/ydlidar_def.h
[3.006s] -- Up-to-date: /workspaces/foxy_ws/src/omorobot_r1_mini/install/ydlidar_sdk/include/core/common/ydlidar_help.h
[3.015s] -- Up-to-date: /workspaces/foxy_ws/src/omorobot_r1_mini/install/ydlidar_sdk/include/core/common/ydlidar_protocol.h
[3.020s] -- Up-to-date: /workspaces/foxy_ws/src/omorobot_r1_mini/install/ydlidar_sdk/include/core/math/angles.h
[3.026s] -- Up-to-date: /workspaces/foxy_ws/src/omorobot_r1_mini/install/ydlidar_sdk/include/core/network/ActiveSocket.h
[3.030s] -- Up-to-date: /workspaces/foxy_ws/src/omorobot_r1_mini/install/ydlidar_sdk/include/core/network/PassiveSocket.h
[3.034s] -- Up-to-date: /workspaces/foxy_ws/src/omorobot_r1_mini/install/ydlidar_sdk/include/core/network/SimpleSocket.h
[3.050s] -- Up-to-date: /workspaces/foxy_ws/src/omorobot_r1_mini/install/ydlidar_sdk/include/core/network/StatTimer.h
[3.054s] -- Up-to-date: /workspaces/foxy_ws/src/omorobot_r1_mini/install/ydlidar_sdk/include/core/serial/common.h
[3.058s] -- Up-to-date: /workspaces/foxy_ws/src/omorobot_r1_mini/install/ydlidar_sdk/include/core/serial/serial.h
[3.065s] -- Up-to-date: /workspaces/foxy_ws/src/omorobot_r1_mini/install/ydlidar_sdk/include/core/serial/impl/unix/lock.h
[3.069s] -- Up-to-date: /workspaces/foxy_ws/src/omorobot_r1_mini/install/ydlidar_sdk/include/core/serial/impl/unix/unix.h
[3.073s] -- Up-to-date: /workspaces/foxy_ws/src/omorobot_r1_mini/install/ydlidar_sdk/include/core/serial/impl/unix/unix_serial.h
[3.077s] -- Up-to-date: /workspaces/foxy_ws/src/omorobot_r1_mini/install/ydlidar_sdk/include/src/CYdLidar.h
[3.080s] -- Up-to-date: /workspaces/foxy_ws/src/omorobot_r1_mini/install/ydlidar_sdk/include/src/ETLidarDriver.h
[3.086s] -- Up-to-date: /workspaces/foxy_ws/src/omorobot_r1_mini/install/ydlidar_sdk/include/src/ydlidar_driver.h
[3.093s] -- Up-to-date: /workspaces/foxy_ws/src/omorobot_r1_mini/install/ydlidar_sdk/include/src/ydlidar_sdk.h
[3.099s] -- Up-to-date: /workspaces/foxy_ws/src/omorobot_r1_mini/install/ydlidar_sdk/include/ydlidar_config.h
[3.103s] -- Up-to-date: /workspaces/foxy_ws/src/omorobot_r1_mini/install/ydlidar_sdk/lib/libydlidar_sdk.a
[3.108s] -- Up-to-date: /workspaces/foxy_ws/src/omorobot_r1_mini/install/ydlidar_sdk/lib/pkgconfig/YDLIDAR_SDK.pc
[3.113s] -- Up-to-date: /workspaces/foxy_ws/src/omorobot_r1_mini/install/ydlidar_sdk/lib/cmake/ydlidar_sdk/ydlidar_sdkConfig.cmake
[3.118s] -- Up-to-date: /workspaces/foxy_ws/src/omorobot_r1_mini/install/ydlidar_sdk/lib/cmake/ydlidar_sdk/ydlidar_sdkTargets.cmake
[3.121s] -- Up-to-date: /workspaces/foxy_ws/src/omorobot_r1_mini/install/ydlidar_sdk/lib/cmake/ydlidar_sdk/ydlidar_sdkConfigVersion.cmake
[3.129s] -- Up-to-date: /workspaces/foxy_ws/src/omorobot_r1_mini/install/ydlidar_sdk/share/YDLIDAR_SDK/FindYDLIDAR_SDK.cmake
[3.135s] -- Up-to-date: /workspaces/foxy_ws/src/omorobot_r1_mini/install/ydlidar_sdk/share/YDLIDAR_SDK
[3.138s] -- Up-to-date: /workspaces/foxy_ws/src/omorobot_r1_mini/install/ydlidar_sdk/share/YDLIDAR_SDK/FindPackage.cmake.in
[3.141s] -- Up-to-date: /workspaces/foxy_ws/src/omorobot_r1_mini/install/ydlidar_sdk/share/YDLIDAR_SDK/PackageConfig.cmake.in
[3.148s] -- Up-to-date: /workspaces/foxy_ws/src/omorobot_r1_mini/install/ydlidar_sdk/share/YDLIDAR_SDK/PackageConfigVersion.cmake.in
[3.152s] -- Up-to-date: /workspaces/foxy_ws/src/omorobot_r1_mini/install/ydlidar_sdk/share/YDLIDAR_SDK/PkgConfig.pc.in
[3.158s] -- Up-to-date: /workspaces/foxy_ws/src/omorobot_r1_mini/install/ydlidar_sdk/share/YDLIDAR_SDK/cmake_uninstall.cmake.in
[3.163s] -- Up-to-date: /workspaces/foxy_ws/src/omorobot_r1_mini/install/ydlidar_sdk/share/YDLIDAR_SDK/common
[3.170s] -- Up-to-date: /workspaces/foxy_ws/src/omorobot_r1_mini/install/ydlidar_sdk/share/YDLIDAR_SDK/common/ydlidar_base.cmake
[3.179s] -- Up-to-date: /workspaces/foxy_ws/src/omorobot_r1_mini/install/ydlidar_sdk/share/YDLIDAR_SDK/common/ydlidar_parse.cmake
[3.184s] -- Up-to-date: /workspaces/foxy_ws/src/omorobot_r1_mini/install/ydlidar_sdk/share/YDLIDAR_SDK/install_package.cmake
[3.191s] -- Up-to-date: /workspaces/foxy_ws/src/omorobot_r1_mini/install/ydlidar_sdk/share/YDLIDAR_SDK/script_show_final_summary.cmake
[3.194s] -- Up-to-date: /workspaces/foxy_ws/src/omorobot_r1_mini/install/ydlidar_sdk/share/YDLIDAR_SDK/LICENSE.txt
[3.197s] -- Up-to-date: /workspaces/foxy_ws/src/omorobot_r1_mini/install/ydlidar_sdk/share/YDLIDAR_SDK/README.md
[3.201s] -- Up-to-date: /workspaces/foxy_ws/src/omorobot_r1_mini/install/ydlidar_sdk/share/YDLIDAR_SDK/doc
[3.204s] -- Up-to-date: /workspaces/foxy_ws/src/omorobot_r1_mini/install/ydlidar_sdk/share/YDLIDAR_SDK/doc/Dataset.md
[3.213s] -- Up-to-date: /workspaces/foxy_ws/src/omorobot_r1_mini/install/ydlidar_sdk/share/YDLIDAR_SDK/doc/Diagram.md
[3.220s] -- Up-to-date: /workspaces/foxy_ws/src/omorobot_r1_mini/install/ydlidar_sdk/share/YDLIDAR_SDK/doc/FAQs
[3.223s] -- Up-to-date: /workspaces/foxy_ws/src/omorobot_r1_mini/install/ydlidar_sdk/share/YDLIDAR_SDK/doc/FAQs/General_FAQs.md
[3.226s] -- Up-to-date: /workspaces/foxy_ws/src/omorobot_r1_mini/install/ydlidar_sdk/share/YDLIDAR_SDK/doc/FAQs/General_FAQs_cn.md
[3.229s] -- Up-to-date: /workspaces/foxy_ws/src/omorobot_r1_mini/install/ydlidar_sdk/share/YDLIDAR_SDK/doc/FAQs/Hardware_FAQs.md
[3.237s] -- Up-to-date: /workspaces/foxy_ws/src/omorobot_r1_mini/install/ydlidar_sdk/share/YDLIDAR_SDK/doc/FAQs/Hardware_FAQs_cn.md
[3.243s] -- Up-to-date: /workspaces/foxy_ws/src/omorobot_r1_mini/install/ydlidar_sdk/share/YDLIDAR_SDK/doc/FAQs/README.md
[3.246s] -- Up-to-date: /workspaces/foxy_ws/src/omorobot_r1_mini/install/ydlidar_sdk/share/YDLIDAR_SDK/doc/FAQs/Software_FAQs.md
[3.248s] -- Up-to-date: /workspaces/foxy_ws/src/omorobot_r1_mini/install/ydlidar_sdk/share/YDLIDAR_SDK/doc/FAQs/Software_FAQs_cn.md
[3.251s] -- Up-to-date: /workspaces/foxy_ws/src/omorobot_r1_mini/install/ydlidar_sdk/share/YDLIDAR_SDK/doc/README.md
[3.258s] -- Up-to-date: /workspaces/foxy_ws/src/omorobot_r1_mini/install/ydlidar_sdk/share/YDLIDAR_SDK/doc/SDK.pdf
[3.261s] -- Up-to-date: /workspaces/foxy_ws/src/omorobot_r1_mini/install/ydlidar_sdk/share/YDLIDAR_SDK/doc/Tutorials.md
[3.264s] -- Up-to-date: /workspaces/foxy_ws/src/omorobot_r1_mini/install/ydlidar_sdk/share/YDLIDAR_SDK/doc/YDLIDAR_SDK_API_for_Developers.md
[3.267s] -- Up-to-date: /workspaces/foxy_ws/src/omorobot_r1_mini/install/ydlidar_sdk/share/YDLIDAR_SDK/doc/YDLidar-SDK-Communication-Protocol.html
[3.275s] -- Up-to-date: /workspaces/foxy_ws/src/omorobot_r1_mini/install/ydlidar_sdk/share/YDLIDAR_SDK/doc/YDLidar-SDK-Communication-Protocol.md
[3.281s] -- Up-to-date: /workspaces/foxy_ws/src/omorobot_r1_mini/install/ydlidar_sdk/share/YDLIDAR_SDK/doc/YDLidar-SDK-Communication-Protocol.pdf
[3.284s] -- Up-to-date: /workspaces/foxy_ws/src/omorobot_r1_mini/install/ydlidar_sdk/share/YDLIDAR_SDK/doc/YDLidar_SDK_Communication_Protocol.pdf
[3.287s] -- Up-to-date: /workspaces/foxy_ws/src/omorobot_r1_mini/install/ydlidar_sdk/share/YDLIDAR_SDK/doc/howto
[3.291s] -- Up-to-date: /workspaces/foxy_ws/src/omorobot_r1_mini/install/ydlidar_sdk/share/YDLIDAR_SDK/doc/howto/README.md
[3.299s] -- Up-to-date: /workspaces/foxy_ws/src/omorobot_r1_mini/install/ydlidar_sdk/share/YDLIDAR_SDK/doc/howto/how_to_build_and_debug_using_vscode.md
[3.305s] -- Up-to-date: /workspaces/foxy_ws/src/omorobot_r1_mini/install/ydlidar_sdk/share/YDLIDAR_SDK/doc/howto/how_to_build_and_install.md
[3.316s] -- Up-to-date: /workspaces/foxy_ws/src/omorobot_r1_mini/install/ydlidar_sdk/share/YDLIDAR_SDK/doc/howto/how_to_create_a_csharp_project.md
[3.319s] -- Up-to-date: /workspaces/foxy_ws/src/omorobot_r1_mini/install/ydlidar_sdk/share/YDLIDAR_SDK/doc/howto/how_to_create_a_pull.md
[3.322s] -- Up-to-date: /workspaces/foxy_ws/src/omorobot_r1_mini/install/ydlidar_sdk/share/YDLIDAR_SDK/doc/howto/how_to_create_a_udev_rules.md
[3.333s] -- Up-to-date: /workspaces/foxy_ws/src/omorobot_r1_mini/install/ydlidar_sdk/share/YDLIDAR_SDK/doc/howto/how_to_gerenrate_vs_project_by_cmake.md
[3.339s] -- Up-to-date: /workspaces/foxy_ws/src/omorobot_r1_mini/install/ydlidar_sdk/share/YDLIDAR_SDK/doc/howto/how_to_solve_slow_pull_from_cn.md
[3.344s] -- Up-to-date: /workspaces/foxy_ws/src/omorobot_r1_mini/install/ydlidar_sdk/share/YDLIDAR_SDK/doc/howto/images
[3.349s] -- Up-to-date: /workspaces/foxy_ws/src/omorobot_r1_mini/install/ydlidar_sdk/share/YDLIDAR_SDK/doc/howto/images/cpack.png
[3.359s] -- Up-to-date: /workspaces/foxy_ws/src/omorobot_r1_mini/install/ydlidar_sdk/share/YDLIDAR_SDK/doc/howto/images/csharp_build.png
[3.362s] -- Up-to-date: /workspaces/foxy_ws/src/omorobot_r1_mini/install/ydlidar_sdk/share/YDLIDAR_SDK/doc/howto/images/csharp_exception.png
[3.369s] -- Up-to-date: /workspaces/foxy_ws/src/omorobot_r1_mini/install/ydlidar_sdk/share/YDLIDAR_SDK/doc/howto/images/csharp_library.png
[3.377s] -- Up-to-date: /workspaces/foxy_ws/src/omorobot_r1_mini/install/ydlidar_sdk/share/YDLIDAR_SDK/doc/howto/images/csharp_project.png
[3.384s] -- Up-to-date: /workspaces/foxy_ws/src/omorobot_r1_mini/install/ydlidar_sdk/share/YDLIDAR_SDK/doc/howto/images/csharp_running.png
[3.389s] -- Up-to-date: /workspaces/foxy_ws/src/omorobot_r1_mini/install/ydlidar_sdk/share/YDLIDAR_SDK/doc/howto/images/sdk_init.png
[3.392s] -- Up-to-date: /workspaces/foxy_ws/src/omorobot_r1_mini/install/ydlidar_sdk/share/YDLIDAR_SDK/doc/howto/images/sdk_scanning.png
[3.395s] -- Up-to-date: /workspaces/foxy_ws/src/omorobot_r1_mini/install/ydlidar_sdk/share/YDLIDAR_SDK/doc/howto/images/sequence.png
[3.399s] -- Up-to-date: /workspaces/foxy_ws/src/omorobot_r1_mini/install/ydlidar_sdk/share/YDLIDAR_SDK/doc/howto/images/ttyUSB0.png
[3.407s] -- Up-to-date: /workspaces/foxy_ws/src/omorobot_r1_mini/install/ydlidar_sdk/share/YDLIDAR_SDK/doc/howto/images/ttyUSB1.png
[3.413s] -- Up-to-date: /workspaces/foxy_ws/src/omorobot_r1_mini/install/ydlidar_sdk/share/YDLIDAR_SDK/doc/howto/images/vscode
[3.416s] -- Up-to-date: /workspaces/foxy_ws/src/omorobot_r1_mini/install/ydlidar_sdk/share/YDLIDAR_SDK/doc/howto/images/vscode/run_tasks.jpg
[3.419s] -- Up-to-date: /workspaces/foxy_ws/src/omorobot_r1_mini/install/ydlidar_sdk/share/YDLIDAR_SDK/doc/howto/images/vscode/tasks.png
[3.422s] -- Up-to-date: /workspaces/foxy_ws/src/omorobot_r1_mini/install/ydlidar_sdk/share/YDLIDAR_SDK/doc/howto/images/ydlidar_lidar_monitor.png
[3.431s] -- Up-to-date: /workspaces/foxy_ws/src/omorobot_r1_mini/install/ydlidar_sdk/share/YDLIDAR_SDK/doc/images
[3.437s] -- Up-to-date: /workspaces/foxy_ws/src/omorobot_r1_mini/install/ydlidar_sdk/share/YDLIDAR_SDK/doc/images/EAI.png
[3.441s] -- Up-to-date: /workspaces/foxy_ws/src/omorobot_r1_mini/install/ydlidar_sdk/share/YDLIDAR_SDK/doc/images/FlowChart.png
[3.445s] -- Up-to-date: /workspaces/foxy_ws/src/omorobot_r1_mini/install/ydlidar_sdk/share/YDLIDAR_SDK/doc/images/YDLidar.jpg
[3.452s] -- Up-to-date: /workspaces/foxy_ws/src/omorobot_r1_mini/install/ydlidar_sdk/share/YDLIDAR_SDK/doc/images/YDLidar.png
[3.455s] -- Up-to-date: /workspaces/foxy_ws/src/omorobot_r1_mini/install/ydlidar_sdk/share/YDLIDAR_SDK/doc/images/angle_q2.png
[3.457s] -- Up-to-date: /workspaces/foxy_ws/src/omorobot_r1_mini/install/ydlidar_sdk/share/YDLIDAR_SDK/doc/images/communication_mechanism.png
[3.466s] -- Up-to-date: /workspaces/foxy_ws/src/omorobot_r1_mini/install/ydlidar_sdk/share/YDLIDAR_SDK/doc/images/frame.png
[3.470s] -- Up-to-date: /workspaces/foxy_ws/src/omorobot_r1_mini/install/ydlidar_sdk/share/YDLIDAR_SDK/doc/images/frame_intensity.png
[3.474s] -- Up-to-date: /workspaces/foxy_ws/src/omorobot_r1_mini/install/ydlidar_sdk/share/YDLIDAR_SDK/doc/images/sdk_architecture.png
[3.477s] -- Up-to-date: /workspaces/foxy_ws/src/omorobot_r1_mini/install/ydlidar_sdk/share/YDLIDAR_SDK/doc/images/sdk_init.png
[3.487s] -- Up-to-date: /workspaces/foxy_ws/src/omorobot_r1_mini/install/ydlidar_sdk/share/YDLIDAR_SDK/doc/images/sdk_scanning.png
[3.491s] -- Up-to-date: /workspaces/foxy_ws/src/omorobot_r1_mini/install/ydlidar_sdk/share/YDLIDAR_SDK/doc/images/sequence.png
[3.494s] -- Up-to-date: /workspaces/foxy_ws/src/omorobot_r1_mini/install/ydlidar_sdk/share/YDLIDAR_SDK/doc/images/system_workflow.png
[3.504s] -- Up-to-date: /workspaces/foxy_ws/src/omorobot_r1_mini/install/ydlidar_sdk/share/YDLIDAR_SDK/doc/quickstart
[3.508s] -- Up-to-date: /workspaces/foxy_ws/src/omorobot_r1_mini/install/ydlidar_sdk/share/YDLIDAR_SDK/doc/quickstart/README.md
[3.513s] -- Up-to-date: /workspaces/foxy_ws/src/omorobot_r1_mini/install/ydlidar_sdk/share/YDLIDAR_SDK/doc/quickstart/ydlidar_sdk_software_installation_guide.md
[3.518s] -- Up-to-date: /workspaces/foxy_ws/src/omorobot_r1_mini/install/ydlidar_sdk/share/YDLIDAR_SDK/doc/tutorials
[3.523s] -- Up-to-date: /workspaces/foxy_ws/src/omorobot_r1_mini/install/ydlidar_sdk/share/YDLIDAR_SDK/doc/tutorials/examine_the_simple_lidar_tutorial.md
[3.527s] -- Up-to-date: /workspaces/foxy_ws/src/omorobot_r1_mini/install/ydlidar_sdk/share/YDLIDAR_SDK/doc/tutorials/writing_lidar_network_adapter_tutorial_c++.md
[3.536s] -- Up-to-date: /workspaces/foxy_ws/src/omorobot_r1_mini/install/ydlidar_sdk/share/YDLIDAR_SDK/doc/tutorials/writing_lidar_tutorial_c++.md
[3.540s] -- Up-to-date: /workspaces/foxy_ws/src/omorobot_r1_mini/install/ydlidar_sdk/share/YDLIDAR_SDK/doc/tutorials/writing_lidar_tutorial_c.md
[3.543s] -- Up-to-date: /workspaces/foxy_ws/src/omorobot_r1_mini/install/ydlidar_sdk/share/YDLIDAR_SDK/doc/tutorials/writing_lidar_tutorial_python.md
[3.546s] -- Up-to-date: /workspaces/foxy_ws/src/omorobot_r1_mini/install/ydlidar_sdk/startup/initenv.sh
[3.553s] -- Up-to-date: /workspaces/foxy_ws/src/omorobot_r1_mini/install/ydlidar_sdk/bin/etlidar_test
[3.557s] -- Up-to-date: /workspaces/foxy_ws/src/omorobot_r1_mini/install/ydlidar_sdk/bin/tof_test
[3.564s] -- Up-to-date: /workspaces/foxy_ws/src/omorobot_r1_mini/install/ydlidar_sdk/bin/ydlidar_test
[3.568s] -- Up-to-date: /workspaces/foxy_ws/src/omorobot_r1_mini/install/ydlidar_sdk/bin/lidar_c_api_test
[3.570s] Invoked command in '/workspaces/foxy_ws/src/omorobot_r1_mini/build/ydlidar_sdk' returned '0': /usr/bin/cmake --install /workspaces/foxy_ws/src/omorobot_r1_mini/build/ydlidar_sdk
