[0.494s] Invoking command in '/workspaces/foxy_ws/src/omorobot_r1_mini/src/build/ydlidar_ros2_driver': CMAKE_PREFIX_PATH=/opt/ros/foxy /usr/bin/cmake --build /workspaces/foxy_ws/src/omorobot_r1_mini/src/build/ydlidar_ros2_driver -- -j8 -l8
[0.957s] [ 50%] Built target ydlidar_ros2_driver_client
[1.037s] [100%] Built target ydlidar_ros2_driver_node
[1.274s] Invoked command in '/workspaces/foxy_ws/src/omorobot_r1_mini/src/build/ydlidar_ros2_driver' returned '0': CMAKE_PREFIX_PATH=/opt/ros/foxy /usr/bin/cmake --build /workspaces/foxy_ws/src/omorobot_r1_mini/src/build/ydlidar_ros2_driver -- -j8 -l8
[1.436s] Invoking command in '/workspaces/foxy_ws/src/omorobot_r1_mini/src/build/ydlidar_ros2_driver': CMAKE_PREFIX_PATH=/opt/ros/foxy /usr/bin/cmake --install /workspaces/foxy_ws/src/omorobot_r1_mini/src/build/ydlidar_ros2_driver
[1.569s] -- Install configuration: ""
[1.572s] -- Execute custom install script
[1.574s] -- Up-to-date symlink: /workspaces/foxy_ws/src/omorobot_r1_mini/src/install/ydlidar_ros2_driver/lib/ydlidar_ros2_driver/ydlidar_ros2_driver_node
[1.580s] -- Up-to-date symlink: /workspaces/foxy_ws/src/omorobot_r1_mini/src/install/ydlidar_ros2_driver/lib/ydlidar_ros2_driver/ydlidar_ros2_driver_client
[1.584s] -- Up-to-date symlink: /workspaces/foxy_ws/src/omorobot_r1_mini/src/install/ydlidar_ros2_driver/share/ydlidar_ros2_driver/launch/ydlidar.py
[1.594s] -- Up-to-date symlink: /workspaces/foxy_ws/src/omorobot_r1_mini/src/install/ydlidar_ros2_driver/share/ydlidar_ros2_driver/launch/ydlidar_launch.py
[1.608s] -- Up-to-date symlink: /workspaces/foxy_ws/src/omorobot_r1_mini/src/install/ydlidar_ros2_driver/share/ydlidar_ros2_driver/launch/ydlidar_launch_view.py
[1.638s] -- Up-to-date symlink: /workspaces/foxy_ws/src/omorobot_r1_mini/src/install/ydlidar_ros2_driver/share/ydlidar_ros2_driver/params/ydlidar.yaml
[1.655s] -- Up-to-date symlink: /workspaces/foxy_ws/src/omorobot_r1_mini/src/install/ydlidar_ros2_driver/share/ydlidar_ros2_driver/startup/initenv.sh
[1.677s] -- Up-to-date symlink: /workspaces/foxy_ws/src/omorobot_r1_mini/src/install/ydlidar_ros2_driver/share/ydlidar_ros2_driver/config/ydlidar.rviz
[1.699s] -- Up-to-date symlink: /workspaces/foxy_ws/src/omorobot_r1_mini/src/install/ydlidar_ros2_driver/share/ament_index/resource_index/package_run_dependencies/ydlidar_ros2_driver
[1.708s] -- Up-to-date symlink: /workspaces/foxy_ws/src/omorobot_r1_mini/src/install/ydlidar_ros2_driver/share/ament_index/resource_index/parent_prefix_path/ydlidar_ros2_driver
[1.725s] -- Up-to-date symlink: /workspaces/foxy_ws/src/omorobot_r1_mini/src/install/ydlidar_ros2_driver/share/ydlidar_ros2_driver/environment/ament_prefix_path.sh
[1.732s] -- Up-to-date symlink: /workspaces/foxy_ws/src/omorobot_r1_mini/src/install/ydlidar_ros2_driver/share/ydlidar_ros2_driver/environment/ament_prefix_path.dsv
[1.746s] -- Up-to-date symlink: /workspaces/foxy_ws/src/omorobot_r1_mini/src/install/ydlidar_ros2_driver/share/ydlidar_ros2_driver/environment/path.sh
[1.760s] -- Up-to-date symlink: /workspaces/foxy_ws/src/omorobot_r1_mini/src/install/ydlidar_ros2_driver/share/ydlidar_ros2_driver/environment/path.dsv
[1.775s] -- Up-to-date symlink: /workspaces/foxy_ws/src/omorobot_r1_mini/src/install/ydlidar_ros2_driver/share/ydlidar_ros2_driver/local_setup.bash
[1.804s] -- Up-to-date symlink: /workspaces/foxy_ws/src/omorobot_r1_mini/src/install/ydlidar_ros2_driver/share/ydlidar_ros2_driver/local_setup.sh
[1.811s] -- Up-to-date symlink: /workspaces/foxy_ws/src/omorobot_r1_mini/src/install/ydlidar_ros2_driver/share/ydlidar_ros2_driver/local_setup.zsh
[1.814s] -- Up-to-date symlink: /workspaces/foxy_ws/src/omorobot_r1_mini/src/install/ydlidar_ros2_driver/share/ydlidar_ros2_driver/local_setup.dsv
[1.826s] -- Symlinking: /workspaces/foxy_ws/src/omorobot_r1_mini/src/install/ydlidar_ros2_driver/share/ydlidar_ros2_driver/package.dsv
[1.863s] -- Up-to-date symlink: /workspaces/foxy_ws/src/omorobot_r1_mini/src/install/ydlidar_ros2_driver/share/ament_index/resource_index/packages/ydlidar_ros2_driver
[1.868s] -- Up-to-date symlink: /workspaces/foxy_ws/src/omorobot_r1_mini/src/install/ydlidar_ros2_driver/share/ydlidar_ros2_driver/cmake/ydlidar_ros2_driverConfig.cmake
[1.872s] -- Up-to-date symlink: /workspaces/foxy_ws/src/omorobot_r1_mini/src/install/ydlidar_ros2_driver/share/ydlidar_ros2_driver/cmake/ydlidar_ros2_driverConfig-version.cmake
[1.875s] -- Up-to-date symlink: /workspaces/foxy_ws/src/omorobot_r1_mini/src/install/ydlidar_ros2_driver/share/ydlidar_ros2_driver/package.xml
[1.928s] Invoked command in '/workspaces/foxy_ws/src/omorobot_r1_mini/src/build/ydlidar_ros2_driver' returned '0': CMAKE_PREFIX_PATH=/opt/ros/foxy /usr/bin/cmake --install /workspaces/foxy_ws/src/omorobot_r1_mini/src/build/ydlidar_ros2_driver
