[0.576s] Invoking command in '/workspaces/foxy_ws/src/omorobot_r1_mini/build/ydlidar_sdk': /usr/bin/cmake --build /workspaces/foxy_ws/src/omorobot_r1_mini/build/ydlidar_sdk -- -j8 -l8
[1.436s] [ 58%] Built target ydlidar_sdk
[1.607s] [ 91%] Built target ydlidar_test
[1.611s] [ 91%] Built target etlidar_test
[1.622s] [ 91%] Built target tof_test
[1.627s] [100%] Built target lidar_c_api_test
[1.631s] [100%] Built target lidar_test
[1.909s] Invoked command in '/workspaces/foxy_ws/src/omorobot_r1_mini/build/ydlidar_sdk' returned '0': /usr/bin/cmake --build /workspaces/foxy_ws/src/omorobot_r1_mini/build/ydlidar_sdk -- -j8 -l8
[2.382s] Invoking command in '/workspaces/foxy_ws/src/omorobot_r1_mini/build/ydlidar_sdk': /usr/bin/cmake --install /workspaces/foxy_ws/src/omorobot_r1_mini/build/ydlidar_sdk
[2.398s] -- Install configuration: ""
[2.407s] -- Up-to-date: /workspaces/foxy_ws/src/omorobot_r1_mini/install/ydlidar_sdk/include/core/base/datatype.h
[2.412s] -- Up-to-date: /workspaces/foxy_ws/src/omorobot_r1_mini/install/ydlidar_sdk/include/core/base/locker.h
[2.417s] -- Up-to-date: /workspaces/foxy_ws/src/omorobot_r1_mini/install/ydlidar_sdk/include/core/base/thread.h
[2.423s] -- Up-to-date: /workspaces/foxy_ws/src/omorobot_r1_mini/install/ydlidar_sdk/include/core/base/timer.h
[2.434s] -- Up-to-date: /workspaces/foxy_ws/src/omorobot_r1_mini/install/ydlidar_sdk/include/core/base/typedef.h
[2.441s] -- Up-to-date: /workspaces/foxy_ws/src/omorobot_r1_mini/install/ydlidar_sdk/include/core/base/utils.h
[2.462s] -- Up-to-date: /workspaces/foxy_ws/src/omorobot_r1_mini/install/ydlidar_sdk/include/core/base/v8stdint.h
[2.468s] -- Up-to-date: /workspaces/foxy_ws/src/omorobot_r1_mini/install/ydlidar_sdk/include/core/base/ydlidar.h
[2.478s] -- Up-to-date: /workspaces/foxy_ws/src/omorobot_r1_mini/install/ydlidar_sdk/include/core/common/ChannelDevice.h
[2.490s] -- Up-to-date: /workspaces/foxy_ws/src/omorobot_r1_mini/install/ydlidar_sdk/include/core/common/DriverInterface.h
[2.501s] -- Up-to-date: /workspaces/foxy_ws/src/omorobot_r1_mini/install/ydlidar_sdk/include/core/common/ydlidar_datatype.h
[2.513s] -- Up-to-date: /workspaces/foxy_ws/src/omorobot_r1_mini/install/ydlidar_sdk/include/core/common/ydlidar_def.h
[2.523s] -- Up-to-date: /workspaces/foxy_ws/src/omorobot_r1_mini/install/ydlidar_sdk/include/core/common/ydlidar_help.h
[2.529s] -- Up-to-date: /workspaces/foxy_ws/src/omorobot_r1_mini/install/ydlidar_sdk/include/core/common/ydlidar_protocol.h
[2.540s] -- Up-to-date: /workspaces/foxy_ws/src/omorobot_r1_mini/install/ydlidar_sdk/include/core/math/angles.h
[2.544s] -- Up-to-date: /workspaces/foxy_ws/src/omorobot_r1_mini/install/ydlidar_sdk/include/core/network/ActiveSocket.h
[2.550s] -- Up-to-date: /workspaces/foxy_ws/src/omorobot_r1_mini/install/ydlidar_sdk/include/core/network/PassiveSocket.h
[2.561s] -- Up-to-date: /workspaces/foxy_ws/src/omorobot_r1_mini/install/ydlidar_sdk/include/core/network/SimpleSocket.h
[2.569s] -- Up-to-date: /workspaces/foxy_ws/src/omorobot_r1_mini/install/ydlidar_sdk/include/core/network/StatTimer.h
[2.573s] -- Up-to-date: /workspaces/foxy_ws/src/omorobot_r1_mini/install/ydlidar_sdk/include/core/serial/common.h
[2.580s] -- Up-to-date: /workspaces/foxy_ws/src/omorobot_r1_mini/install/ydlidar_sdk/include/core/serial/serial.h
[2.586s] -- Up-to-date: /workspaces/foxy_ws/src/omorobot_r1_mini/install/ydlidar_sdk/include/core/serial/impl/unix/lock.h
[2.591s] -- Up-to-date: /workspaces/foxy_ws/src/omorobot_r1_mini/install/ydlidar_sdk/include/core/serial/impl/unix/unix.h
[2.600s] -- Up-to-date: /workspaces/foxy_ws/src/omorobot_r1_mini/install/ydlidar_sdk/include/core/serial/impl/unix/unix_serial.h
[2.605s] -- Up-to-date: /workspaces/foxy_ws/src/omorobot_r1_mini/install/ydlidar_sdk/include/src/CYdLidar.h
[2.610s] -- Up-to-date: /workspaces/foxy_ws/src/omorobot_r1_mini/install/ydlidar_sdk/include/src/ETLidarDriver.h
[2.615s] -- Up-to-date: /workspaces/foxy_ws/src/omorobot_r1_mini/install/ydlidar_sdk/include/src/ydlidar_driver.h
[2.626s] -- Up-to-date: /workspaces/foxy_ws/src/omorobot_r1_mini/install/ydlidar_sdk/include/src/ydlidar_sdk.h
[2.632s] -- Up-to-date: /workspaces/foxy_ws/src/omorobot_r1_mini/install/ydlidar_sdk/include/ydlidar_config.h
[2.636s] -- Up-to-date: /workspaces/foxy_ws/src/omorobot_r1_mini/install/ydlidar_sdk/lib/libydlidar_sdk.a
[2.648s] -- Up-to-date: /workspaces/foxy_ws/src/omorobot_r1_mini/install/ydlidar_sdk/lib/pkgconfig/YDLIDAR_SDK.pc
[2.661s] -- Up-to-date: /workspaces/foxy_ws/src/omorobot_r1_mini/install/ydlidar_sdk/lib/cmake/ydlidar_sdk/ydlidar_sdkConfig.cmake
[2.666s] -- Up-to-date: /workspaces/foxy_ws/src/omorobot_r1_mini/install/ydlidar_sdk/lib/cmake/ydlidar_sdk/ydlidar_sdkTargets.cmake
[2.675s] -- Up-to-date: /workspaces/foxy_ws/src/omorobot_r1_mini/install/ydlidar_sdk/lib/cmake/ydlidar_sdk/ydlidar_sdkConfigVersion.cmake
[2.680s] -- Up-to-date: /workspaces/foxy_ws/src/omorobot_r1_mini/install/ydlidar_sdk/share/YDLIDAR_SDK/FindYDLIDAR_SDK.cmake
[2.685s] -- Up-to-date: /workspaces/foxy_ws/src/omorobot_r1_mini/install/ydlidar_sdk/share/YDLIDAR_SDK
[2.692s] -- Up-to-date: /workspaces/foxy_ws/src/omorobot_r1_mini/install/ydlidar_sdk/share/YDLIDAR_SDK/FindPackage.cmake.in
[2.701s] -- Up-to-date: /workspaces/foxy_ws/src/omorobot_r1_mini/install/ydlidar_sdk/share/YDLIDAR_SDK/PackageConfig.cmake.in
[2.706s] -- Up-to-date: /workspaces/foxy_ws/src/omorobot_r1_mini/install/ydlidar_sdk/share/YDLIDAR_SDK/PackageConfigVersion.cmake.in
[2.714s] -- Up-to-date: /workspaces/foxy_ws/src/omorobot_r1_mini/install/ydlidar_sdk/share/YDLIDAR_SDK/PkgConfig.pc.in
[2.723s] -- Up-to-date: /workspaces/foxy_ws/src/omorobot_r1_mini/install/ydlidar_sdk/share/YDLIDAR_SDK/cmake_uninstall.cmake.in
[2.736s] -- Up-to-date: /workspaces/foxy_ws/src/omorobot_r1_mini/install/ydlidar_sdk/share/YDLIDAR_SDK/common
[2.740s] -- Up-to-date: /workspaces/foxy_ws/src/omorobot_r1_mini/install/ydlidar_sdk/share/YDLIDAR_SDK/common/ydlidar_base.cmake
[2.749s] -- Up-to-date: /workspaces/foxy_ws/src/omorobot_r1_mini/install/ydlidar_sdk/share/YDLIDAR_SDK/common/ydlidar_parse.cmake
[2.755s] -- Up-to-date: /workspaces/foxy_ws/src/omorobot_r1_mini/install/ydlidar_sdk/share/YDLIDAR_SDK/install_package.cmake
[2.761s] -- Up-to-date: /workspaces/foxy_ws/src/omorobot_r1_mini/install/ydlidar_sdk/share/YDLIDAR_SDK/script_show_final_summary.cmake
[2.768s] -- Up-to-date: /workspaces/foxy_ws/src/omorobot_r1_mini/install/ydlidar_sdk/share/YDLIDAR_SDK/LICENSE.txt
[2.777s] -- Up-to-date: /workspaces/foxy_ws/src/omorobot_r1_mini/install/ydlidar_sdk/share/YDLIDAR_SDK/README.md
[2.780s] -- Up-to-date: /workspaces/foxy_ws/src/omorobot_r1_mini/install/ydlidar_sdk/share/YDLIDAR_SDK/doc
[2.784s] -- Up-to-date: /workspaces/foxy_ws/src/omorobot_r1_mini/install/ydlidar_sdk/share/YDLIDAR_SDK/doc/Dataset.md
[2.789s] -- Up-to-date: /workspaces/foxy_ws/src/omorobot_r1_mini/install/ydlidar_sdk/share/YDLIDAR_SDK/doc/Diagram.md
[2.799s] -- Up-to-date: /workspaces/foxy_ws/src/omorobot_r1_mini/install/ydlidar_sdk/share/YDLIDAR_SDK/doc/FAQs
[2.802s] -- Up-to-date: /workspaces/foxy_ws/src/omorobot_r1_mini/install/ydlidar_sdk/share/YDLIDAR_SDK/doc/FAQs/General_FAQs.md
[2.805s] -- Up-to-date: /workspaces/foxy_ws/src/omorobot_r1_mini/install/ydlidar_sdk/share/YDLIDAR_SDK/doc/FAQs/General_FAQs_cn.md
[2.814s] -- Up-to-date: /workspaces/foxy_ws/src/omorobot_r1_mini/install/ydlidar_sdk/share/YDLIDAR_SDK/doc/FAQs/Hardware_FAQs.md
[2.833s] -- Up-to-date: /workspaces/foxy_ws/src/omorobot_r1_mini/install/ydlidar_sdk/share/YDLIDAR_SDK/doc/FAQs/Hardware_FAQs_cn.md
[2.836s] -- Up-to-date: /workspaces/foxy_ws/src/omorobot_r1_mini/install/ydlidar_sdk/share/YDLIDAR_SDK/doc/FAQs/README.md
[2.840s] -- Up-to-date: /workspaces/foxy_ws/src/omorobot_r1_mini/install/ydlidar_sdk/share/YDLIDAR_SDK/doc/FAQs/Software_FAQs.md
[2.843s] -- Up-to-date: /workspaces/foxy_ws/src/omorobot_r1_mini/install/ydlidar_sdk/share/YDLIDAR_SDK/doc/FAQs/Software_FAQs_cn.md
[2.850s] -- Up-to-date: /workspaces/foxy_ws/src/omorobot_r1_mini/install/ydlidar_sdk/share/YDLIDAR_SDK/doc/README.md
[2.854s] -- Up-to-date: /workspaces/foxy_ws/src/omorobot_r1_mini/install/ydlidar_sdk/share/YDLIDAR_SDK/doc/SDK.pdf
[2.857s] -- Up-to-date: /workspaces/foxy_ws/src/omorobot_r1_mini/install/ydlidar_sdk/share/YDLIDAR_SDK/doc/Tutorials.md
[2.861s] -- Up-to-date: /workspaces/foxy_ws/src/omorobot_r1_mini/install/ydlidar_sdk/share/YDLIDAR_SDK/doc/YDLIDAR_SDK_API_for_Developers.md
[2.864s] -- Up-to-date: /workspaces/foxy_ws/src/omorobot_r1_mini/install/ydlidar_sdk/share/YDLIDAR_SDK/doc/YDLidar-SDK-Communication-Protocol.html
[2.875s] -- Up-to-date: /workspaces/foxy_ws/src/omorobot_r1_mini/install/ydlidar_sdk/share/YDLIDAR_SDK/doc/YDLidar-SDK-Communication-Protocol.md
[2.879s] -- Up-to-date: /workspaces/foxy_ws/src/omorobot_r1_mini/install/ydlidar_sdk/share/YDLIDAR_SDK/doc/YDLidar-SDK-Communication-Protocol.pdf
[2.882s] -- Up-to-date: /workspaces/foxy_ws/src/omorobot_r1_mini/install/ydlidar_sdk/share/YDLIDAR_SDK/doc/YDLidar_SDK_Communication_Protocol.pdf
[2.885s] -- Up-to-date: /workspaces/foxy_ws/src/omorobot_r1_mini/install/ydlidar_sdk/share/YDLIDAR_SDK/doc/howto
[2.889s] -- Up-to-date: /workspaces/foxy_ws/src/omorobot_r1_mini/install/ydlidar_sdk/share/YDLIDAR_SDK/doc/howto/README.md
[2.898s] -- Up-to-date: /workspaces/foxy_ws/src/omorobot_r1_mini/install/ydlidar_sdk/share/YDLIDAR_SDK/doc/howto/how_to_build_and_debug_using_vscode.md
[2.904s] -- Up-to-date: /workspaces/foxy_ws/src/omorobot_r1_mini/install/ydlidar_sdk/share/YDLIDAR_SDK/doc/howto/how_to_build_and_install.md
[2.908s] -- Up-to-date: /workspaces/foxy_ws/src/omorobot_r1_mini/install/ydlidar_sdk/share/YDLIDAR_SDK/doc/howto/how_to_create_a_csharp_project.md
[2.911s] -- Up-to-date: /workspaces/foxy_ws/src/omorobot_r1_mini/install/ydlidar_sdk/share/YDLIDAR_SDK/doc/howto/how_to_create_a_pull.md
[2.916s] -- Up-to-date: /workspaces/foxy_ws/src/omorobot_r1_mini/install/ydlidar_sdk/share/YDLIDAR_SDK/doc/howto/how_to_create_a_udev_rules.md
[2.922s] -- Up-to-date: /workspaces/foxy_ws/src/omorobot_r1_mini/install/ydlidar_sdk/share/YDLIDAR_SDK/doc/howto/how_to_gerenrate_vs_project_by_cmake.md
[2.931s] -- Up-to-date: /workspaces/foxy_ws/src/omorobot_r1_mini/install/ydlidar_sdk/share/YDLIDAR_SDK/doc/howto/how_to_solve_slow_pull_from_cn.md
[2.938s] -- Up-to-date: /workspaces/foxy_ws/src/omorobot_r1_mini/install/ydlidar_sdk/share/YDLIDAR_SDK/doc/howto/images
[2.943s] -- Up-to-date: /workspaces/foxy_ws/src/omorobot_r1_mini/install/ydlidar_sdk/share/YDLIDAR_SDK/doc/howto/images/cpack.png
[2.947s] -- Up-to-date: /workspaces/foxy_ws/src/omorobot_r1_mini/install/ydlidar_sdk/share/YDLIDAR_SDK/doc/howto/images/csharp_build.png
[2.951s] -- Up-to-date: /workspaces/foxy_ws/src/omorobot_r1_mini/install/ydlidar_sdk/share/YDLIDAR_SDK/doc/howto/images/csharp_exception.png
[2.957s] -- Up-to-date: /workspaces/foxy_ws/src/omorobot_r1_mini/install/ydlidar_sdk/share/YDLIDAR_SDK/doc/howto/images/csharp_library.png
[2.965s] -- Up-to-date: /workspaces/foxy_ws/src/omorobot_r1_mini/install/ydlidar_sdk/share/YDLIDAR_SDK/doc/howto/images/csharp_project.png
[2.969s] -- Up-to-date: /workspaces/foxy_ws/src/omorobot_r1_mini/install/ydlidar_sdk/share/YDLIDAR_SDK/doc/howto/images/csharp_running.png
[2.973s] -- Up-to-date: /workspaces/foxy_ws/src/omorobot_r1_mini/install/ydlidar_sdk/share/YDLIDAR_SDK/doc/howto/images/sdk_init.png
[2.977s] -- Up-to-date: /workspaces/foxy_ws/src/omorobot_r1_mini/install/ydlidar_sdk/share/YDLIDAR_SDK/doc/howto/images/sdk_scanning.png
[2.987s] -- Up-to-date: /workspaces/foxy_ws/src/omorobot_r1_mini/install/ydlidar_sdk/share/YDLIDAR_SDK/doc/howto/images/sequence.png
[2.991s] -- Up-to-date: /workspaces/foxy_ws/src/omorobot_r1_mini/install/ydlidar_sdk/share/YDLIDAR_SDK/doc/howto/images/ttyUSB0.png
[2.994s] -- Up-to-date: /workspaces/foxy_ws/src/omorobot_r1_mini/install/ydlidar_sdk/share/YDLIDAR_SDK/doc/howto/images/ttyUSB1.png
[2.998s] -- Up-to-date: /workspaces/foxy_ws/src/omorobot_r1_mini/install/ydlidar_sdk/share/YDLIDAR_SDK/doc/howto/images/vscode
[3.001s] -- Up-to-date: /workspaces/foxy_ws/src/omorobot_r1_mini/install/ydlidar_sdk/share/YDLIDAR_SDK/doc/howto/images/vscode/run_tasks.jpg
[3.005s] -- Up-to-date: /workspaces/foxy_ws/src/omorobot_r1_mini/install/ydlidar_sdk/share/YDLIDAR_SDK/doc/howto/images/vscode/tasks.png
[3.009s] -- Up-to-date: /workspaces/foxy_ws/src/omorobot_r1_mini/install/ydlidar_sdk/share/YDLIDAR_SDK/doc/howto/images/ydlidar_lidar_monitor.png
[3.019s] -- Up-to-date: /workspaces/foxy_ws/src/omorobot_r1_mini/install/ydlidar_sdk/share/YDLIDAR_SDK/doc/images
[3.033s] -- Up-to-date: /workspaces/foxy_ws/src/omorobot_r1_mini/install/ydlidar_sdk/share/YDLIDAR_SDK/doc/images/EAI.png
[3.039s] -- Up-to-date: /workspaces/foxy_ws/src/omorobot_r1_mini/install/ydlidar_sdk/share/YDLIDAR_SDK/doc/images/FlowChart.png
[3.047s] -- Up-to-date: /workspaces/foxy_ws/src/omorobot_r1_mini/install/ydlidar_sdk/share/YDLIDAR_SDK/doc/images/YDLidar.jpg
[3.052s] -- Up-to-date: /workspaces/foxy_ws/src/omorobot_r1_mini/install/ydlidar_sdk/share/YDLIDAR_SDK/doc/images/YDLidar.png
[3.062s] -- Up-to-date: /workspaces/foxy_ws/src/omorobot_r1_mini/install/ydlidar_sdk/share/YDLIDAR_SDK/doc/images/angle_q2.png
[3.066s] -- Up-to-date: /workspaces/foxy_ws/src/omorobot_r1_mini/install/ydlidar_sdk/share/YDLIDAR_SDK/doc/images/communication_mechanism.png
[3.071s] -- Up-to-date: /workspaces/foxy_ws/src/omorobot_r1_mini/install/ydlidar_sdk/share/YDLIDAR_SDK/doc/images/frame.png
[3.080s] -- Up-to-date: /workspaces/foxy_ws/src/omorobot_r1_mini/install/ydlidar_sdk/share/YDLIDAR_SDK/doc/images/frame_intensity.png
[3.083s] -- Up-to-date: /workspaces/foxy_ws/src/omorobot_r1_mini/install/ydlidar_sdk/share/YDLIDAR_SDK/doc/images/sdk_architecture.png
[3.085s] -- Up-to-date: /workspaces/foxy_ws/src/omorobot_r1_mini/install/ydlidar_sdk/share/YDLIDAR_SDK/doc/images/sdk_init.png
[3.089s] -- Up-to-date: /workspaces/foxy_ws/src/omorobot_r1_mini/install/ydlidar_sdk/share/YDLIDAR_SDK/doc/images/sdk_scanning.png
[3.091s] -- Up-to-date: /workspaces/foxy_ws/src/omorobot_r1_mini/install/ydlidar_sdk/share/YDLIDAR_SDK/doc/images/sequence.png
[3.097s] -- Up-to-date: /workspaces/foxy_ws/src/omorobot_r1_mini/install/ydlidar_sdk/share/YDLIDAR_SDK/doc/images/system_workflow.png
[3.100s] -- Up-to-date: /workspaces/foxy_ws/src/omorobot_r1_mini/install/ydlidar_sdk/share/YDLIDAR_SDK/doc/quickstart
[3.102s] -- Up-to-date: /workspaces/foxy_ws/src/omorobot_r1_mini/install/ydlidar_sdk/share/YDLIDAR_SDK/doc/quickstart/README.md
[3.106s] -- Up-to-date: /workspaces/foxy_ws/src/omorobot_r1_mini/install/ydlidar_sdk/share/YDLIDAR_SDK/doc/quickstart/ydlidar_sdk_software_installation_guide.md
[3.109s] -- Up-to-date: /workspaces/foxy_ws/src/omorobot_r1_mini/install/ydlidar_sdk/share/YDLIDAR_SDK/doc/tutorials
[3.120s] -- Up-to-date: /workspaces/foxy_ws/src/omorobot_r1_mini/install/ydlidar_sdk/share/YDLIDAR_SDK/doc/tutorials/examine_the_simple_lidar_tutorial.md
[3.127s] -- Up-to-date: /workspaces/foxy_ws/src/omorobot_r1_mini/install/ydlidar_sdk/share/YDLIDAR_SDK/doc/tutorials/writing_lidar_network_adapter_tutorial_c++.md
[3.136s] -- Up-to-date: /workspaces/foxy_ws/src/omorobot_r1_mini/install/ydlidar_sdk/share/YDLIDAR_SDK/doc/tutorials/writing_lidar_tutorial_c++.md
[3.154s] -- Up-to-date: /workspaces/foxy_ws/src/omorobot_r1_mini/install/ydlidar_sdk/share/YDLIDAR_SDK/doc/tutorials/writing_lidar_tutorial_c.md
[3.157s] -- Up-to-date: /workspaces/foxy_ws/src/omorobot_r1_mini/install/ydlidar_sdk/share/YDLIDAR_SDK/doc/tutorials/writing_lidar_tutorial_python.md
[3.162s] -- Up-to-date: /workspaces/foxy_ws/src/omorobot_r1_mini/install/ydlidar_sdk/startup/initenv.sh
[3.174s] -- Up-to-date: /workspaces/foxy_ws/src/omorobot_r1_mini/install/ydlidar_sdk/bin/etlidar_test
[3.178s] -- Up-to-date: /workspaces/foxy_ws/src/omorobot_r1_mini/install/ydlidar_sdk/bin/tof_test
[3.181s] -- Up-to-date: /workspaces/foxy_ws/src/omorobot_r1_mini/install/ydlidar_sdk/bin/ydlidar_test
[3.186s] -- Up-to-date: /workspaces/foxy_ws/src/omorobot_r1_mini/install/ydlidar_sdk/bin/lidar_c_api_test
[3.193s] Invoked command in '/workspaces/foxy_ws/src/omorobot_r1_mini/build/ydlidar_sdk' returned '0': /usr/bin/cmake --install /workspaces/foxy_ws/src/omorobot_r1_mini/build/ydlidar_sdk
