[0.874s] Invoking command in '/workspaces/foxy_ws/src/omorobot_r1_mini/build/omo_r1mini_teleop': PYTHONPATH=/workspaces/foxy_ws/src/omorobot_r1_mini/install/omo_r1mini_teleop/lib/python3.8/site-packages:${PYTHONPATH} /usr/bin/python3 setup.py develop --prefix /workspaces/foxy_ws/src/omorobot_r1_mini/install/omo_r1mini_teleop --uninstall --editable --build-directory /workspaces/foxy_ws/src/omorobot_r1_mini/build/omo_r1mini_teleop/build
[1.504s] running develop
[1.547s] Removing /workspaces/foxy_ws/src/omorobot_r1_mini/install/omo_r1mini_teleop/lib/python3.8/site-packages/omo-r1mini-teleop.egg-link (link to .)
[1.593s] Invoked command in '/workspaces/foxy_ws/src/omorobot_r1_mini/build/omo_r1mini_teleop' returned '0': PYTHONPATH=/workspaces/foxy_ws/src/omorobot_r1_mini/install/omo_r1mini_teleop/lib/python3.8/site-packages:${PYTHONPATH} /usr/bin/python3 setup.py develop --prefix /workspaces/foxy_ws/src/omorobot_r1_mini/install/omo_r1mini_teleop --uninstall --editable --build-directory /workspaces/foxy_ws/src/omorobot_r1_mini/build/omo_r1mini_teleop/build
[1.607s] Invoking command in '/workspaces/foxy_ws/src/omorobot_r1_mini/src/omo_r1mini-foxy/omo_r1mini_teleop': PYTHONPATH=/workspaces/foxy_ws/src/omorobot_r1_mini/install/omo_r1mini_teleop/lib/python3.8/site-packages:${PYTHONPATH} /usr/bin/python3 setup.py egg_info --egg-base ../../../build/omo_r1mini_teleop build --build-base /workspaces/foxy_ws/src/omorobot_r1_mini/build/omo_r1mini_teleop/build install --prefix /workspaces/foxy_ws/src/omorobot_r1_mini/install/omo_r1mini_teleop --record /workspaces/foxy_ws/src/omorobot_r1_mini/build/omo_r1mini_teleop/install.log --single-version-externally-managed
[2.588s] running egg_info
[2.615s] writing ../../../build/omo_r1mini_teleop/omo_r1mini_teleop.egg-info/PKG-INFO
[2.639s] writing dependency_links to ../../../build/omo_r1mini_teleop/omo_r1mini_teleop.egg-info/dependency_links.txt
[2.644s] writing entry points to ../../../build/omo_r1mini_teleop/omo_r1mini_teleop.egg-info/entry_points.txt
[2.661s] writing requirements to ../../../build/omo_r1mini_teleop/omo_r1mini_teleop.egg-info/requires.txt
[2.680s] writing top-level names to ../../../build/omo_r1mini_teleop/omo_r1mini_teleop.egg-info/top_level.txt
[2.775s] reading manifest file '../../../build/omo_r1mini_teleop/omo_r1mini_teleop.egg-info/SOURCES.txt'
[2.799s] writing manifest file '../../../build/omo_r1mini_teleop/omo_r1mini_teleop.egg-info/SOURCES.txt'
[2.806s] running build
[2.811s] running build_py
[2.820s] creating /workspaces/foxy_ws/src/omorobot_r1_mini/build/omo_r1mini_teleop/build
[2.832s] creating /workspaces/foxy_ws/src/omorobot_r1_mini/build/omo_r1mini_teleop/build/lib
[2.835s] creating /workspaces/foxy_ws/src/omorobot_r1_mini/build/omo_r1mini_teleop/build/lib/omo_r1mini_teleop
[2.889s] copying omo_r1mini_teleop/__init__.py -> /workspaces/foxy_ws/src/omorobot_r1_mini/build/omo_r1mini_teleop/build/lib/omo_r1mini_teleop
[2.914s] creating /workspaces/foxy_ws/src/omorobot_r1_mini/build/omo_r1mini_teleop/build/lib/omo_r1mini_teleop/script
[2.925s] copying omo_r1mini_teleop/script/__init__.py -> /workspaces/foxy_ws/src/omorobot_r1_mini/build/omo_r1mini_teleop/build/lib/omo_r1mini_teleop/script
[2.978s] copying omo_r1mini_teleop/script/teleop_keyboard.py -> /workspaces/foxy_ws/src/omorobot_r1_mini/build/omo_r1mini_teleop/build/lib/omo_r1mini_teleop/script
[3.041s] running install
[3.046s] running install_lib
[3.059s] creating /workspaces/foxy_ws/src/omorobot_r1_mini/install/omo_r1mini_teleop/lib/python3.8/site-packages/omo_r1mini_teleop
[3.093s] copying /workspaces/foxy_ws/src/omorobot_r1_mini/build/omo_r1mini_teleop/build/lib/omo_r1mini_teleop/__init__.py -> /workspaces/foxy_ws/src/omorobot_r1_mini/install/omo_r1mini_teleop/lib/python3.8/site-packages/omo_r1mini_teleop
[3.124s] creating /workspaces/foxy_ws/src/omorobot_r1_mini/install/omo_r1mini_teleop/lib/python3.8/site-packages/omo_r1mini_teleop/script
[3.135s] copying /workspaces/foxy_ws/src/omorobot_r1_mini/build/omo_r1mini_teleop/build/lib/omo_r1mini_teleop/script/__init__.py -> /workspaces/foxy_ws/src/omorobot_r1_mini/install/omo_r1mini_teleop/lib/python3.8/site-packages/omo_r1mini_teleop/script
[3.160s] copying /workspaces/foxy_ws/src/omorobot_r1_mini/build/omo_r1mini_teleop/build/lib/omo_r1mini_teleop/script/teleop_keyboard.py -> /workspaces/foxy_ws/src/omorobot_r1_mini/install/omo_r1mini_teleop/lib/python3.8/site-packages/omo_r1mini_teleop/script
[3.206s] byte-compiling /workspaces/foxy_ws/src/omorobot_r1_mini/install/omo_r1mini_teleop/lib/python3.8/site-packages/omo_r1mini_teleop/__init__.py to __init__.cpython-38.pyc
[3.211s] byte-compiling /workspaces/foxy_ws/src/omorobot_r1_mini/install/omo_r1mini_teleop/lib/python3.8/site-packages/omo_r1mini_teleop/script/__init__.py to __init__.cpython-38.pyc
[3.222s] byte-compiling /workspaces/foxy_ws/src/omorobot_r1_mini/install/omo_r1mini_teleop/lib/python3.8/site-packages/omo_r1mini_teleop/script/teleop_keyboard.py to teleop_keyboard.cpython-38.pyc
[3.225s] running install_data
[3.231s] running install_egg_info
[3.233s] Copying ../../../build/omo_r1mini_teleop/omo_r1mini_teleop.egg-info to /workspaces/foxy_ws/src/omorobot_r1_mini/install/omo_r1mini_teleop/lib/python3.8/site-packages/omo_r1mini_teleop-2.1.1-py3.8.egg-info
[3.270s] running install_scripts
[3.275s] Installing teleop_keyboard script to /workspaces/foxy_ws/src/omorobot_r1_mini/install/omo_r1mini_teleop/lib/omo_r1mini_teleop
[3.279s] writing list of installed files to '/workspaces/foxy_ws/src/omorobot_r1_mini/build/omo_r1mini_teleop/install.log'
[3.323s] Invoked command in '/workspaces/foxy_ws/src/omorobot_r1_mini/src/omo_r1mini-foxy/omo_r1mini_teleop' returned '0': PYTHONPATH=/workspaces/foxy_ws/src/omorobot_r1_mini/install/omo_r1mini_teleop/lib/python3.8/site-packages:${PYTHONPATH} /usr/bin/python3 setup.py egg_info --egg-base ../../../build/omo_r1mini_teleop build --build-base /workspaces/foxy_ws/src/omorobot_r1_mini/build/omo_r1mini_teleop/build install --prefix /workspaces/foxy_ws/src/omorobot_r1_mini/install/omo_r1mini_teleop --record /workspaces/foxy_ws/src/omorobot_r1_mini/build/omo_r1mini_teleop/install.log --single-version-externally-managed
