running develop
running egg_info
writing ../../../build/py_first_pkg/py_first_pkg.egg-info/PKG-INFO
writing dependency_links to ../../../build/py_first_pkg/py_first_pkg.egg-info/dependency_links.txt
writing entry points to ../../../build/py_first_pkg/py_first_pkg.egg-info/entry_points.txt
writing requirements to ../../../build/py_first_pkg/py_first_pkg.egg-info/requires.txt
writing top-level names to ../../../build/py_first_pkg/py_first_pkg.egg-info/top_level.txt
reading manifest file '../../../build/py_first_pkg/py_first_pkg.egg-info/SOURCES.txt'
writing manifest file '../../../build/py_first_pkg/py_first_pkg.egg-info/SOURCES.txt'
running build
running build_py
running install
running install_lib
running install_data
running install_egg_info
removing '/workspaces/foxy_ws/src/gcamp_ros2_ws/install/py_first_pkg/lib/python3.8/site-packages/py_first_pkg-0.0.0-py3.8.egg-info' (and everything under it)
Copying ../../../build/py_first_pkg/py_first_pkg.egg-info to /workspaces/foxy_ws/src/gcamp_ros2_ws/install/py_first_pkg/lib/python3.8/site-packages/py_first_pkg-0.0.0-py3.8.egg-info
running install_scripts
Installing hello_ros_node script to /workspaces/foxy_ws/src/gcamp_ros2_ws/install/py_first_pkg/lib/py_first_pkg
writing list of installed files to '/workspaces/foxy_ws/src/gcamp_ros2_ws/build/py_first_pkg/install.log'
