-- The C compiler identification is GNU 9.3.0
-- The CXX compiler identification is GNU 9.3.0
-- Check for working C compiler: /usr/bin/cc
-- Check for working C compiler: /usr/bin/cc -- works
-- Detecting C compiler ABI info
-- Detecting C compiler ABI info - done
-- Detecting C compile features
-- Detecting C compile features - done
-- Check for working CXX compiler: /usr/bin/c++
-- Check for working CXX compiler: /usr/bin/c++ -- works
-- Detecting CXX compiler ABI info
-- Detecting CXX compiler ABI info - done
-- Detecting CXX compile features
-- Detecting CXX compile features - done
-- Found ament_cmake: 0.9.8 (/opt/ros/foxy/share/ament_cmake/cmake)
-- Found PythonInterp: /usr/bin/python3 (found suitable version "3.8.10", minimum required is "3") 
-- Using PYTHON_EXECUTABLE: /usr/bin/python3
-- Override CMake install command with custom implementation using symlinks instead of copying resources
-- Found rclcpp: 2.3.1 (/opt/ros/foxy/share/rclcpp/cmake)
-- Using all available rosidl_typesupport_c: rosidl_typesupport_fastrtps_c;rosidl_typesupport_introspection_c
-- Found rosidl_adapter: 1.2.1 (/opt/ros/foxy/share/rosidl_adapter/cmake)
-- Found OpenSSL: /usr/lib/x86_64-linux-gnu/libcrypto.so (found version "1.1.1f")  
-- Found FastRTPS: /opt/ros/foxy/include  
-- Using all available rosidl_typesupport_cpp: rosidl_typesupport_fastrtps_cpp;rosidl_typesupport_introspection_cpp
-- Found rmw_implementation_cmake: 1.0.3 (/opt/ros/foxy/share/rmw_implementation_cmake/cmake)
-- Using RMW implementation 'rmw_fastrtps_cpp' as default
-- Looking for pthread.h
-- Looking for pthread.h - found
-- Performing Test CMAKE_HAVE_LIBC_PTHREAD
-- Performing Test CMAKE_HAVE_LIBC_PTHREAD - Failed
-- Looking for pthread_create in pthreads
-- Looking for pthread_create in pthreads - not found
-- Looking for pthread_create in pthread
-- Looking for pthread_create in pthread - found
-- Found Threads: TRUE  
-- Found ament_lint_auto: 0.9.6 (/opt/ros/foxy/share/ament_lint_auto/cmake)
-- Added test 'copyright' to check source files copyright and LICENSE
-- Added test 'cppcheck' to perform static code analysis on C / C++ code
-- Configured cppcheck include dirs: 
-- Configured cppcheck exclude dirs and/or files: 
-- Added test 'cpplint' to check C / C++ code against the Google style
-- Configured cpplint exclude dirs and/or files: 
-- Added test 'flake8' to check Python code syntax and style conventions
-- Added test 'lint_cmake' to check CMake code style
-- Added test 'pep257' to check Python code against some of the style conventions in PEP 257
-- Added test 'uncrustify' to check C / C++ code style
-- Configured uncrustify additional arguments: 
-- Added test 'xmllint' to check XML markup files
-- Configuring done
-- Generating done
-- Build files have been written to: /workspaces/foxy_ws/src/gcamp_ros2_ws/build/cpp_first_pkg
[35m[1mScanning dependencies of target simple_without_oop_node[0m
[35m[1mScanning dependencies of target simple_oop_node[0m
[35m[1mScanning dependencies of target simple_node[0m
[35m[1mScanning dependencies of target simple_loop_node[0m
[35m[1mScanning dependencies of target lifecycle_node[0m
[ 10%] [32mBuilding CXX object CMakeFiles/simple_without_oop_node.dir/src/simple_without_oop.cpp.o[0m
[ 20%] [32mBuilding CXX object CMakeFiles/simple_loop_node.dir/src/simple_loop.cpp.o[0m
[ 30%] [32mBuilding CXX object CMakeFiles/simple_oop_node.dir/src/simple_oop.cpp.o[0m
[ 40%] [32mBuilding CXX object CMakeFiles/simple_node.dir/src/simple.cpp.o[0m
[ 50%] [32mBuilding CXX object CMakeFiles/lifecycle_node.dir/src/lifecycle.cpp.o[0m
[ 60%] [32m[1mLinking CXX executable simple_node[0m
[ 70%] [32m[1mLinking CXX executable simple_loop_node[0m
[ 80%] [32m[1mLinking CXX executable lifecycle_node[0m
[ 90%] [32m[1mLinking CXX executable simple_without_oop_node[0m
[100%] [32m[1mLinking CXX executable simple_oop_node[0m
[100%] Built target simple_node
[100%] Built target simple_loop_node
[100%] Built target lifecycle_node
[100%] Built target simple_without_oop_node
[100%] Built target simple_oop_node
-- Install configuration: ""
-- Execute custom install script
-- Symlinking: /workspaces/foxy_ws/src/gcamp_ros2_ws/install/cpp_first_pkg/lib/cpp_first_pkg/lifecycle_node
-- Symlinking: /workspaces/foxy_ws/src/gcamp_ros2_ws/install/cpp_first_pkg/lib/cpp_first_pkg/simple_loop_node
-- Symlinking: /workspaces/foxy_ws/src/gcamp_ros2_ws/install/cpp_first_pkg/lib/cpp_first_pkg/simple_oop_node
-- Symlinking: /workspaces/foxy_ws/src/gcamp_ros2_ws/install/cpp_first_pkg/lib/cpp_first_pkg/simple_without_oop_node
-- Symlinking: /workspaces/foxy_ws/src/gcamp_ros2_ws/install/cpp_first_pkg/lib/cpp_first_pkg/simple_node
-- Symlinking: /workspaces/foxy_ws/src/gcamp_ros2_ws/install/cpp_first_pkg/share/ament_index/resource_index/package_run_dependencies/cpp_first_pkg
-- Symlinking: /workspaces/foxy_ws/src/gcamp_ros2_ws/install/cpp_first_pkg/share/ament_index/resource_index/parent_prefix_path/cpp_first_pkg
-- Symlinking: /workspaces/foxy_ws/src/gcamp_ros2_ws/install/cpp_first_pkg/share/cpp_first_pkg/environment/ament_prefix_path.sh
-- Symlinking: /workspaces/foxy_ws/src/gcamp_ros2_ws/install/cpp_first_pkg/share/cpp_first_pkg/environment/ament_prefix_path.dsv
-- Symlinking: /workspaces/foxy_ws/src/gcamp_ros2_ws/install/cpp_first_pkg/share/cpp_first_pkg/environment/path.sh
-- Symlinking: /workspaces/foxy_ws/src/gcamp_ros2_ws/install/cpp_first_pkg/share/cpp_first_pkg/environment/path.dsv
-- Symlinking: /workspaces/foxy_ws/src/gcamp_ros2_ws/install/cpp_first_pkg/share/cpp_first_pkg/local_setup.bash
-- Symlinking: /workspaces/foxy_ws/src/gcamp_ros2_ws/install/cpp_first_pkg/share/cpp_first_pkg/local_setup.sh
-- Symlinking: /workspaces/foxy_ws/src/gcamp_ros2_ws/install/cpp_first_pkg/share/cpp_first_pkg/local_setup.zsh
-- Symlinking: /workspaces/foxy_ws/src/gcamp_ros2_ws/install/cpp_first_pkg/share/cpp_first_pkg/local_setup.dsv
-- Symlinking: /workspaces/foxy_ws/src/gcamp_ros2_ws/install/cpp_first_pkg/share/cpp_first_pkg/package.dsv
-- Symlinking: /workspaces/foxy_ws/src/gcamp_ros2_ws/install/cpp_first_pkg/share/ament_index/resource_index/packages/cpp_first_pkg
-- Symlinking: /workspaces/foxy_ws/src/gcamp_ros2_ws/install/cpp_first_pkg/share/cpp_first_pkg/cmake/cpp_first_pkgConfig.cmake
-- Symlinking: /workspaces/foxy_ws/src/gcamp_ros2_ws/install/cpp_first_pkg/share/cpp_first_pkg/cmake/cpp_first_pkgConfig-version.cmake
-- Symlinking: /workspaces/foxy_ws/src/gcamp_ros2_ws/install/cpp_first_pkg/share/cpp_first_pkg/package.xml
-- Symlinking: /workspaces/foxy_ws/src/gcamp_ros2_ws/install/cpp_first_pkg/share/cpp_first_pkg//launch/simple_node.launch.py
