[0.368s] Invoking command in '/workspaces/foxy_ws/src/gcamp_ros2_ws/build/cpp_first_pkg': CMAKE_PREFIX_PATH=/opt/ros/foxy /usr/bin/cmake /workspaces/foxy_ws/src/gcamp_ros2_ws/src/gcamp_ros2_basic/cpp_first_pkg -DAMENT_CMAKE_SYMLINK_INSTALL=1 -DCMAKE_INSTALL_PREFIX=/workspaces/foxy_ws/src/gcamp_ros2_ws/install/cpp_first_pkg
[1.028s] -- The C compiler identification is GNU 9.3.0
[1.618s] -- The CXX compiler identification is GNU 9.3.0
[1.660s] -- Check for working C compiler: /usr/bin/cc
[3.031s] -- Check for working C compiler: /usr/bin/cc -- works
[3.040s] -- Detecting C compiler ABI info
[4.196s] -- Detecting C compiler ABI info - done
[4.244s] -- Detecting C compile features
[4.252s] -- Detecting C compile features - done
[4.301s] -- Check for working CXX compiler: /usr/bin/c++
[5.266s] -- Check for working CXX compiler: /usr/bin/c++ -- works
[5.281s] -- Detecting CXX compiler ABI info
[6.251s] -- Detecting CXX compiler ABI info - done
[6.279s] -- Detecting CXX compile features
[6.292s] -- Detecting CXX compile features - done
[6.383s] -- Found ament_cmake: 0.9.8 (/opt/ros/foxy/share/ament_cmake/cmake)
[6.416s] -- Found PythonInterp: /usr/bin/python3 (found suitable version "3.8.10", minimum required is "3") 
[6.421s] -- Using PYTHON_EXECUTABLE: /usr/bin/python3
[6.803s] -- Override CMake install command with custom implementation using symlinks instead of copying resources
[7.093s] -- Found rclcpp: 2.3.1 (/opt/ros/foxy/share/rclcpp/cmake)
[7.208s] -- Using all available rosidl_typesupport_c: rosidl_typesupport_fastrtps_c;rosidl_typesupport_introspection_c
[7.222s] -- Found rosidl_adapter: 1.2.1 (/opt/ros/foxy/share/rosidl_adapter/cmake)
[7.394s] -- Found OpenSSL: /usr/lib/x86_64-linux-gnu/libcrypto.so (found version "1.1.1f")  
[7.482s] -- Found FastRTPS: /opt/ros/foxy/include  
[7.699s] -- Using all available rosidl_typesupport_cpp: rosidl_typesupport_fastrtps_cpp;rosidl_typesupport_introspection_cpp
[7.829s] -- Found rmw_implementation_cmake: 1.0.3 (/opt/ros/foxy/share/rmw_implementation_cmake/cmake)
[7.842s] -- Using RMW implementation 'rmw_fastrtps_cpp' as default
[7.906s] -- Looking for pthread.h
[8.997s] -- Looking for pthread.h - found
[9.030s] -- Performing Test CMAKE_HAVE_LIBC_PTHREAD
[10.416s] -- Performing Test CMAKE_HAVE_LIBC_PTHREAD - Failed
[10.429s] -- Looking for pthread_create in pthreads
[11.126s] -- Looking for pthread_create in pthreads - not found
[11.139s] -- Looking for pthread_create in pthread
[12.090s] -- Looking for pthread_create in pthread - found
[12.094s] -- Found Threads: TRUE  
[12.418s] -- Found ament_lint_auto: 0.9.6 (/opt/ros/foxy/share/ament_lint_auto/cmake)
[13.081s] -- Added test 'copyright' to check source files copyright and LICENSE
[13.106s] -- Added test 'cppcheck' to perform static code analysis on C / C++ code
[13.117s] -- Configured cppcheck include dirs: 
[13.121s] -- Configured cppcheck exclude dirs and/or files: 
[13.137s] -- Added test 'cpplint' to check C / C++ code against the Google style
[13.143s] -- Configured cpplint exclude dirs and/or files: 
[13.157s] -- Added test 'flake8' to check Python code syntax and style conventions
[13.170s] -- Added test 'lint_cmake' to check CMake code style
[13.183s] -- Added test 'pep257' to check Python code against some of the style conventions in PEP 257
[13.192s] -- Added test 'uncrustify' to check C / C++ code style
[13.196s] -- Configured uncrustify additional arguments: 
[13.203s] -- Added test 'xmllint' to check XML markup files
[13.430s] -- Configuring done
[14.709s] -- Generating done
[14.943s] -- Build files have been written to: /workspaces/foxy_ws/src/gcamp_ros2_ws/build/cpp_first_pkg
[14.953s] Invoked command in '/workspaces/foxy_ws/src/gcamp_ros2_ws/build/cpp_first_pkg' returned '0': CMAKE_PREFIX_PATH=/opt/ros/foxy /usr/bin/cmake /workspaces/foxy_ws/src/gcamp_ros2_ws/src/gcamp_ros2_basic/cpp_first_pkg -DAMENT_CMAKE_SYMLINK_INSTALL=1 -DCMAKE_INSTALL_PREFIX=/workspaces/foxy_ws/src/gcamp_ros2_ws/install/cpp_first_pkg
[14.962s] Invoking command in '/workspaces/foxy_ws/src/gcamp_ros2_ws/build/cpp_first_pkg': CMAKE_PREFIX_PATH=/opt/ros/foxy /usr/bin/cmake --build /workspaces/foxy_ws/src/gcamp_ros2_ws/build/cpp_first_pkg -- -j8 -l8
[15.213s] [35m[1mScanning dependencies of target simple_without_oop_node[0m
[15.219s] [35m[1mScanning dependencies of target simple_oop_node[0m
[15.228s] [35m[1mScanning dependencies of target simple_node[0m
[15.237s] [35m[1mScanning dependencies of target simple_loop_node[0m
[15.257s] [35m[1mScanning dependencies of target lifecycle_node[0m
[25.589s] [ 10%] [32mBuilding CXX object CMakeFiles/simple_without_oop_node.dir/src/simple_without_oop.cpp.o[0m
[25.654s] [ 20%] [32mBuilding CXX object CMakeFiles/simple_loop_node.dir/src/simple_loop.cpp.o[0m
[25.818s] [ 30%] [32mBuilding CXX object CMakeFiles/simple_oop_node.dir/src/simple_oop.cpp.o[0m
[25.841s] [ 40%] [32mBuilding CXX object CMakeFiles/simple_node.dir/src/simple.cpp.o[0m
[26.083s] [ 50%] [32mBuilding CXX object CMakeFiles/lifecycle_node.dir/src/lifecycle.cpp.o[0m
[35.024s] [ 60%] [32m[1mLinking CXX executable simple_node[0m
[36.942s] [ 70%] [32m[1mLinking CXX executable simple_loop_node[0m
[38.898s] [ 80%] [32m[1mLinking CXX executable lifecycle_node[0m
[39.598s] [ 90%] [32m[1mLinking CXX executable simple_without_oop_node[0m
[39.828s] [100%] [32m[1mLinking CXX executable simple_oop_node[0m
[40.625s] [100%] Built target simple_node
[41.942s] [100%] Built target simple_loop_node
[44.081s] [100%] Built target lifecycle_node
[44.218s] [100%] Built target simple_without_oop_node
[44.636s] [100%] Built target simple_oop_node
[44.719s] Invoked command in '/workspaces/foxy_ws/src/gcamp_ros2_ws/build/cpp_first_pkg' returned '0': CMAKE_PREFIX_PATH=/opt/ros/foxy /usr/bin/cmake --build /workspaces/foxy_ws/src/gcamp_ros2_ws/build/cpp_first_pkg -- -j8 -l8
[44.822s] Invoking command in '/workspaces/foxy_ws/src/gcamp_ros2_ws/build/cpp_first_pkg': CMAKE_PREFIX_PATH=/opt/ros/foxy /usr/bin/cmake --install /workspaces/foxy_ws/src/gcamp_ros2_ws/build/cpp_first_pkg
[44.836s] -- Install configuration: ""
[44.848s] -- Execute custom install script
[44.910s] -- Symlinking: /workspaces/foxy_ws/src/gcamp_ros2_ws/install/cpp_first_pkg/lib/cpp_first_pkg/lifecycle_node
[44.957s] -- Symlinking: /workspaces/foxy_ws/src/gcamp_ros2_ws/install/cpp_first_pkg/lib/cpp_first_pkg/simple_loop_node
[45.025s] -- Symlinking: /workspaces/foxy_ws/src/gcamp_ros2_ws/install/cpp_first_pkg/lib/cpp_first_pkg/simple_oop_node
[45.076s] -- Symlinking: /workspaces/foxy_ws/src/gcamp_ros2_ws/install/cpp_first_pkg/lib/cpp_first_pkg/simple_without_oop_node
[45.126s] -- Symlinking: /workspaces/foxy_ws/src/gcamp_ros2_ws/install/cpp_first_pkg/lib/cpp_first_pkg/simple_node
[45.198s] -- Symlinking: /workspaces/foxy_ws/src/gcamp_ros2_ws/install/cpp_first_pkg/share/ament_index/resource_index/package_run_dependencies/cpp_first_pkg
[45.261s] -- Symlinking: /workspaces/foxy_ws/src/gcamp_ros2_ws/install/cpp_first_pkg/share/ament_index/resource_index/parent_prefix_path/cpp_first_pkg
[45.348s] -- Symlinking: /workspaces/foxy_ws/src/gcamp_ros2_ws/install/cpp_first_pkg/share/cpp_first_pkg/environment/ament_prefix_path.sh
[45.422s] -- Symlinking: /workspaces/foxy_ws/src/gcamp_ros2_ws/install/cpp_first_pkg/share/cpp_first_pkg/environment/ament_prefix_path.dsv
[45.476s] -- Symlinking: /workspaces/foxy_ws/src/gcamp_ros2_ws/install/cpp_first_pkg/share/cpp_first_pkg/environment/path.sh
[45.533s] -- Symlinking: /workspaces/foxy_ws/src/gcamp_ros2_ws/install/cpp_first_pkg/share/cpp_first_pkg/environment/path.dsv
[45.581s] -- Symlinking: /workspaces/foxy_ws/src/gcamp_ros2_ws/install/cpp_first_pkg/share/cpp_first_pkg/local_setup.bash
[45.629s] -- Symlinking: /workspaces/foxy_ws/src/gcamp_ros2_ws/install/cpp_first_pkg/share/cpp_first_pkg/local_setup.sh
[45.684s] -- Symlinking: /workspaces/foxy_ws/src/gcamp_ros2_ws/install/cpp_first_pkg/share/cpp_first_pkg/local_setup.zsh
[45.726s] -- Symlinking: /workspaces/foxy_ws/src/gcamp_ros2_ws/install/cpp_first_pkg/share/cpp_first_pkg/local_setup.dsv
[45.777s] -- Symlinking: /workspaces/foxy_ws/src/gcamp_ros2_ws/install/cpp_first_pkg/share/cpp_first_pkg/package.dsv
[45.864s] -- Symlinking: /workspaces/foxy_ws/src/gcamp_ros2_ws/install/cpp_first_pkg/share/ament_index/resource_index/packages/cpp_first_pkg
[45.933s] -- Symlinking: /workspaces/foxy_ws/src/gcamp_ros2_ws/install/cpp_first_pkg/share/cpp_first_pkg/cmake/cpp_first_pkgConfig.cmake
[45.979s] -- Symlinking: /workspaces/foxy_ws/src/gcamp_ros2_ws/install/cpp_first_pkg/share/cpp_first_pkg/cmake/cpp_first_pkgConfig-version.cmake
[46.040s] -- Symlinking: /workspaces/foxy_ws/src/gcamp_ros2_ws/install/cpp_first_pkg/share/cpp_first_pkg/package.xml
[46.096s] -- Symlinking: /workspaces/foxy_ws/src/gcamp_ros2_ws/install/cpp_first_pkg/share/cpp_first_pkg//launch/simple_node.launch.py
[46.161s] Invoked command in '/workspaces/foxy_ws/src/gcamp_ros2_ws/build/cpp_first_pkg' returned '0': CMAKE_PREFIX_PATH=/opt/ros/foxy /usr/bin/cmake --install /workspaces/foxy_ws/src/gcamp_ros2_ws/build/cpp_first_pkg
