[0.230s] Invoking command in '/workspaces/foxy_ws/src/omorobot_r1_mini/build/omo_r1mini_description': CMAKE_PREFIX_PATH=/workspaces/foxy_ws/src/nav2slam_example/install/unity_slam_example:/workspaces/foxy_ws/src/nav2slam_example/install/ros_tcp_endpoint:/workspaces/foxy_ws/src/nav2slam_example/colcon_ws/install/unity_slam_example:/opt/ros/foxy /usr/bin/cmake /workspaces/foxy_ws/src/omorobot_r1_mini/src/omo_r1mini-foxy/omo_r1mini_description -DCMAKE_INSTALL_PREFIX=/workspaces/foxy_ws/src/omorobot_r1_mini/install/omo_r1mini_description
[0.772s] -- Found ament_cmake: 0.9.8 (/opt/ros/foxy/share/ament_cmake/cmake)
[0.783s] -- Using PYTHON_EXECUTABLE: /usr/bin/python3
[0.850s] -- Override CMake install command with custom implementation using symlinks instead of copying resources
[0.958s] -- Found urdf: 2.4.0 (/opt/ros/foxy/share/urdf/cmake)
[1.594s] -- Configuring done
[2.376s] -- Generating done
[2.626s] -- Build files have been written to: /workspaces/foxy_ws/src/omorobot_r1_mini/build/omo_r1mini_description
[2.664s] Invoked command in '/workspaces/foxy_ws/src/omorobot_r1_mini/build/omo_r1mini_description' returned '0': CMAKE_PREFIX_PATH=/workspaces/foxy_ws/src/nav2slam_example/install/unity_slam_example:/workspaces/foxy_ws/src/nav2slam_example/install/ros_tcp_endpoint:/workspaces/foxy_ws/src/nav2slam_example/colcon_ws/install/unity_slam_example:/opt/ros/foxy /usr/bin/cmake /workspaces/foxy_ws/src/omorobot_r1_mini/src/omo_r1mini-foxy/omo_r1mini_description -DCMAKE_INSTALL_PREFIX=/workspaces/foxy_ws/src/omorobot_r1_mini/install/omo_r1mini_description
[2.684s] Invoking command in '/workspaces/foxy_ws/src/omorobot_r1_mini/build/omo_r1mini_description': CMAKE_PREFIX_PATH=/workspaces/foxy_ws/src/nav2slam_example/install/unity_slam_example:/workspaces/foxy_ws/src/nav2slam_example/install/ros_tcp_endpoint:/workspaces/foxy_ws/src/nav2slam_example/colcon_ws/install/unity_slam_example:/opt/ros/foxy /usr/bin/cmake --build /workspaces/foxy_ws/src/omorobot_r1_mini/build/omo_r1mini_description -- -j8 -l8
[3.319s] Invoked command in '/workspaces/foxy_ws/src/omorobot_r1_mini/build/omo_r1mini_description' returned '0': CMAKE_PREFIX_PATH=/workspaces/foxy_ws/src/nav2slam_example/install/unity_slam_example:/workspaces/foxy_ws/src/nav2slam_example/install/ros_tcp_endpoint:/workspaces/foxy_ws/src/nav2slam_example/colcon_ws/install/unity_slam_example:/opt/ros/foxy /usr/bin/cmake --build /workspaces/foxy_ws/src/omorobot_r1_mini/build/omo_r1mini_description -- -j8 -l8
[3.414s] Invoking command in '/workspaces/foxy_ws/src/omorobot_r1_mini/build/omo_r1mini_description': CMAKE_PREFIX_PATH=/workspaces/foxy_ws/src/nav2slam_example/install/unity_slam_example:/workspaces/foxy_ws/src/nav2slam_example/install/ros_tcp_endpoint:/workspaces/foxy_ws/src/nav2slam_example/colcon_ws/install/unity_slam_example:/opt/ros/foxy /usr/bin/cmake --install /workspaces/foxy_ws/src/omorobot_r1_mini/build/omo_r1mini_description
[3.562s] -- Install configuration: ""
[3.567s] -- Execute custom install script
[3.577s] -- Up-to-date symlink: /workspaces/foxy_ws/src/omorobot_r1_mini/install/omo_r1mini_description/share/omo_r1mini_description/meshes/bases/body_assy.dae
[3.584s] -- Up-to-date symlink: /workspaces/foxy_ws/src/omorobot_r1_mini/install/omo_r1mini_description/share/omo_r1mini_description/meshes/bases/housing_body.dae
[3.589s] -- Up-to-date symlink: /workspaces/foxy_ws/src/omorobot_r1_mini/install/omo_r1mini_description/share/omo_r1mini_description/meshes/sensors/ydlidar_assy.dae
[3.592s] -- Up-to-date symlink: /workspaces/foxy_ws/src/omorobot_r1_mini/install/omo_r1mini_description/share/omo_r1mini_description/meshes/wheels/caster_wheel.dae
[3.598s] -- Up-to-date symlink: /workspaces/foxy_ws/src/omorobot_r1_mini/install/omo_r1mini_description/share/omo_r1mini_description/meshes/wheels/caster_wheel_mount.dae
[3.606s] -- Up-to-date symlink: /workspaces/foxy_ws/src/omorobot_r1_mini/install/omo_r1mini_description/share/omo_r1mini_description/meshes/wheels/caster_wheel_rotate.dae
[3.610s] -- Up-to-date symlink: /workspaces/foxy_ws/src/omorobot_r1_mini/install/omo_r1mini_description/share/omo_r1mini_description/meshes/wheels/wheel_assy.dae
[3.624s] -- Up-to-date symlink: /workspaces/foxy_ws/src/omorobot_r1_mini/install/omo_r1mini_description/share/omo_r1mini_description/rviz/model.rviz
[3.631s] -- Up-to-date symlink: /workspaces/foxy_ws/src/omorobot_r1_mini/install/omo_r1mini_description/share/omo_r1mini_description/urdf/omo_r1mini.urdf
[3.641s] -- Up-to-date symlink: /workspaces/foxy_ws/src/omorobot_r1_mini/install/omo_r1mini_description/share/omo_r1mini_description/launch/omo_r1mini_description.launch.py
[3.649s] -- Up-to-date symlink: /workspaces/foxy_ws/src/omorobot_r1_mini/install/omo_r1mini_description/share/omo_r1mini_description/launch/omo_r1mini_description_rviz.launch.py
[3.653s] -- Up-to-date symlink: /workspaces/foxy_ws/src/omorobot_r1_mini/install/omo_r1mini_description/share/omo_r1mini_description/launch/omo_r1mini_state_publisher.launch.py
[3.657s] -- Up-to-date symlink: /workspaces/foxy_ws/src/omorobot_r1_mini/install/omo_r1mini_description/share/ament_index/resource_index/package_run_dependencies/omo_r1mini_description
[3.660s] -- Up-to-date symlink: /workspaces/foxy_ws/src/omorobot_r1_mini/install/omo_r1mini_description/share/ament_index/resource_index/parent_prefix_path/omo_r1mini_description
[3.664s] -- Up-to-date symlink: /workspaces/foxy_ws/src/omorobot_r1_mini/install/omo_r1mini_description/share/omo_r1mini_description/environment/ament_prefix_path.sh
[3.671s] -- Up-to-date symlink: /workspaces/foxy_ws/src/omorobot_r1_mini/install/omo_r1mini_description/share/omo_r1mini_description/environment/ament_prefix_path.dsv
[3.675s] -- Up-to-date symlink: /workspaces/foxy_ws/src/omorobot_r1_mini/install/omo_r1mini_description/share/omo_r1mini_description/environment/path.sh
[3.680s] -- Up-to-date symlink: /workspaces/foxy_ws/src/omorobot_r1_mini/install/omo_r1mini_description/share/omo_r1mini_description/environment/path.dsv
[3.683s] -- Up-to-date symlink: /workspaces/foxy_ws/src/omorobot_r1_mini/install/omo_r1mini_description/share/omo_r1mini_description/local_setup.bash
[3.688s] -- Up-to-date symlink: /workspaces/foxy_ws/src/omorobot_r1_mini/install/omo_r1mini_description/share/omo_r1mini_description/local_setup.sh
[3.691s] -- Up-to-date symlink: /workspaces/foxy_ws/src/omorobot_r1_mini/install/omo_r1mini_description/share/omo_r1mini_description/local_setup.zsh
[3.697s] -- Up-to-date symlink: /workspaces/foxy_ws/src/omorobot_r1_mini/install/omo_r1mini_description/share/omo_r1mini_description/local_setup.dsv
[3.700s] -- Symlinking: /workspaces/foxy_ws/src/omorobot_r1_mini/install/omo_r1mini_description/share/omo_r1mini_description/package.dsv
[3.708s] -- Up-to-date symlink: /workspaces/foxy_ws/src/omorobot_r1_mini/install/omo_r1mini_description/share/ament_index/resource_index/packages/omo_r1mini_description
[3.712s] -- Up-to-date symlink: /workspaces/foxy_ws/src/omorobot_r1_mini/install/omo_r1mini_description/share/omo_r1mini_description/cmake/omo_r1mini_descriptionConfig.cmake
[3.716s] -- Up-to-date symlink: /workspaces/foxy_ws/src/omorobot_r1_mini/install/omo_r1mini_description/share/omo_r1mini_description/cmake/omo_r1mini_descriptionConfig-version.cmake
[3.724s] -- Up-to-date symlink: /workspaces/foxy_ws/src/omorobot_r1_mini/install/omo_r1mini_description/share/omo_r1mini_description/package.xml
[3.746s] Invoked command in '/workspaces/foxy_ws/src/omorobot_r1_mini/build/omo_r1mini_description' returned '0': CMAKE_PREFIX_PATH=/workspaces/foxy_ws/src/nav2slam_example/install/unity_slam_example:/workspaces/foxy_ws/src/nav2slam_example/install/ros_tcp_endpoint:/workspaces/foxy_ws/src/nav2slam_example/colcon_ws/install/unity_slam_example:/opt/ros/foxy /usr/bin/cmake --install /workspaces/foxy_ws/src/omorobot_r1_mini/build/omo_r1mini_description
