[0.548s] Invoking command in '/workspaces/foxy_ws/src/omorobot_r1_mini/build/ydlidar_ros2_driver': CMAKE_PREFIX_PATH=/opt/ros/foxy /usr/bin/cmake --build /workspaces/foxy_ws/src/omorobot_r1_mini/build/ydlidar_ros2_driver -- -j8 -l8
[0.969s] [ 50%] Built target ydlidar_ros2_driver_client
[1.081s] [100%] Built target ydlidar_ros2_driver_node
[1.403s] Invoked command in '/workspaces/foxy_ws/src/omorobot_r1_mini/build/ydlidar_ros2_driver' returned '0': CMAKE_PREFIX_PATH=/opt/ros/foxy /usr/bin/cmake --build /workspaces/foxy_ws/src/omorobot_r1_mini/build/ydlidar_ros2_driver -- -j8 -l8
[1.583s] Invoking command in '/workspaces/foxy_ws/src/omorobot_r1_mini/build/ydlidar_ros2_driver': CMAKE_PREFIX_PATH=/opt/ros/foxy /usr/bin/cmake --install /workspaces/foxy_ws/src/omorobot_r1_mini/build/ydlidar_ros2_driver
[1.728s] -- Install configuration: ""
[1.735s] -- Execute custom install script
[1.740s] -- Up-to-date symlink: /workspaces/foxy_ws/src/omorobot_r1_mini/install/ydlidar_ros2_driver/lib/ydlidar_ros2_driver/ydlidar_ros2_driver_node
[1.745s] -- Up-to-date symlink: /workspaces/foxy_ws/src/omorobot_r1_mini/install/ydlidar_ros2_driver/lib/ydlidar_ros2_driver/ydlidar_ros2_driver_client
[1.752s] -- Up-to-date symlink: /workspaces/foxy_ws/src/omorobot_r1_mini/install/ydlidar_ros2_driver/share/ydlidar_ros2_driver/launch/ydlidar.py
[1.783s] -- Up-to-date symlink: /workspaces/foxy_ws/src/omorobot_r1_mini/install/ydlidar_ros2_driver/share/ydlidar_ros2_driver/launch/ydlidar_launch.py
[1.819s] -- Up-to-date symlink: /workspaces/foxy_ws/src/omorobot_r1_mini/install/ydlidar_ros2_driver/share/ydlidar_ros2_driver/launch/ydlidar_launch_view.py
[1.830s] -- Up-to-date symlink: /workspaces/foxy_ws/src/omorobot_r1_mini/install/ydlidar_ros2_driver/share/ydlidar_ros2_driver/params/ydlidar.yaml
[1.838s] -- Up-to-date symlink: /workspaces/foxy_ws/src/omorobot_r1_mini/install/ydlidar_ros2_driver/share/ydlidar_ros2_driver/startup/initenv.sh
[1.851s] -- Up-to-date symlink: /workspaces/foxy_ws/src/omorobot_r1_mini/install/ydlidar_ros2_driver/share/ydlidar_ros2_driver/config/ydlidar.rviz
[1.864s] -- Up-to-date symlink: /workspaces/foxy_ws/src/omorobot_r1_mini/install/ydlidar_ros2_driver/share/ament_index/resource_index/package_run_dependencies/ydlidar_ros2_driver
[1.874s] -- Up-to-date symlink: /workspaces/foxy_ws/src/omorobot_r1_mini/install/ydlidar_ros2_driver/share/ament_index/resource_index/parent_prefix_path/ydlidar_ros2_driver
[1.893s] -- Up-to-date symlink: /workspaces/foxy_ws/src/omorobot_r1_mini/install/ydlidar_ros2_driver/share/ydlidar_ros2_driver/environment/ament_prefix_path.sh
[1.935s] -- Up-to-date symlink: /workspaces/foxy_ws/src/omorobot_r1_mini/install/ydlidar_ros2_driver/share/ydlidar_ros2_driver/environment/ament_prefix_path.dsv
[1.943s] -- Up-to-date symlink: /workspaces/foxy_ws/src/omorobot_r1_mini/install/ydlidar_ros2_driver/share/ydlidar_ros2_driver/environment/path.sh
[1.965s] -- Up-to-date symlink: /workspaces/foxy_ws/src/omorobot_r1_mini/install/ydlidar_ros2_driver/share/ydlidar_ros2_driver/environment/path.dsv
[1.974s] -- Up-to-date symlink: /workspaces/foxy_ws/src/omorobot_r1_mini/install/ydlidar_ros2_driver/share/ydlidar_ros2_driver/local_setup.bash
[1.993s] -- Up-to-date symlink: /workspaces/foxy_ws/src/omorobot_r1_mini/install/ydlidar_ros2_driver/share/ydlidar_ros2_driver/local_setup.sh
[2.003s] -- Up-to-date symlink: /workspaces/foxy_ws/src/omorobot_r1_mini/install/ydlidar_ros2_driver/share/ydlidar_ros2_driver/local_setup.zsh
[2.008s] -- Up-to-date symlink: /workspaces/foxy_ws/src/omorobot_r1_mini/install/ydlidar_ros2_driver/share/ydlidar_ros2_driver/local_setup.dsv
[2.020s] -- Symlinking: /workspaces/foxy_ws/src/omorobot_r1_mini/install/ydlidar_ros2_driver/share/ydlidar_ros2_driver/package.dsv
[2.094s] -- Up-to-date symlink: /workspaces/foxy_ws/src/omorobot_r1_mini/install/ydlidar_ros2_driver/share/ament_index/resource_index/packages/ydlidar_ros2_driver
[2.103s] -- Up-to-date symlink: /workspaces/foxy_ws/src/omorobot_r1_mini/install/ydlidar_ros2_driver/share/ydlidar_ros2_driver/cmake/ydlidar_ros2_driverConfig.cmake
[2.111s] -- Up-to-date symlink: /workspaces/foxy_ws/src/omorobot_r1_mini/install/ydlidar_ros2_driver/share/ydlidar_ros2_driver/cmake/ydlidar_ros2_driverConfig-version.cmake
[2.125s] -- Up-to-date symlink: /workspaces/foxy_ws/src/omorobot_r1_mini/install/ydlidar_ros2_driver/share/ydlidar_ros2_driver/package.xml
[2.238s] Invoked command in '/workspaces/foxy_ws/src/omorobot_r1_mini/build/ydlidar_ros2_driver' returned '0': CMAKE_PREFIX_PATH=/opt/ros/foxy /usr/bin/cmake --install /workspaces/foxy_ws/src/omorobot_r1_mini/build/ydlidar_ros2_driver
