[0.168s] Invoking command in '/workspaces/foxy_ws/src/omorobot_r1_mini/build/omo_r1mini_cartographer': CMAKE_PREFIX_PATH=/opt/ros/foxy /usr/bin/cmake --build /workspaces/foxy_ws/src/omorobot_r1_mini/build/omo_r1mini_cartographer -- -j8 -l8
[0.664s] Invoked command in '/workspaces/foxy_ws/src/omorobot_r1_mini/build/omo_r1mini_cartographer' returned '0': CMAKE_PREFIX_PATH=/opt/ros/foxy /usr/bin/cmake --build /workspaces/foxy_ws/src/omorobot_r1_mini/build/omo_r1mini_cartographer -- -j8 -l8
[0.803s] Invoking command in '/workspaces/foxy_ws/src/omorobot_r1_mini/build/omo_r1mini_cartographer': CMAKE_PREFIX_PATH=/opt/ros/foxy /usr/bin/cmake --install /workspaces/foxy_ws/src/omorobot_r1_mini/build/omo_r1mini_cartographer
[0.907s] -- Install configuration: ""
[0.927s] -- Execute custom install script
[0.958s] -- Up-to-date symlink: /workspaces/foxy_ws/src/omorobot_r1_mini/install/omo_r1mini_cartographer/share/omo_r1mini_cartographer/config/omo_r1mini_lidar.lua
[0.988s] -- Up-to-date symlink: /workspaces/foxy_ws/src/omorobot_r1_mini/install/omo_r1mini_cartographer/share/omo_r1mini_cartographer/launch/cartographer.launch.py
[1.021s] -- Up-to-date symlink: /workspaces/foxy_ws/src/omorobot_r1_mini/install/omo_r1mini_cartographer/share/omo_r1mini_cartographer/launch/cartographer_rviz.launch.py
[1.066s] -- Up-to-date symlink: /workspaces/foxy_ws/src/omorobot_r1_mini/install/omo_r1mini_cartographer/share/omo_r1mini_cartographer/launch/occupancy_grid.launch.py
[1.098s] -- Up-to-date symlink: /workspaces/foxy_ws/src/omorobot_r1_mini/install/omo_r1mini_cartographer/share/omo_r1mini_cartographer/rviz/omo_r1mini_cartographer.rviz
[1.141s] -- Up-to-date symlink: /workspaces/foxy_ws/src/omorobot_r1_mini/install/omo_r1mini_cartographer/share/ament_index/resource_index/package_run_dependencies/omo_r1mini_cartographer
[1.180s] -- Up-to-date symlink: /workspaces/foxy_ws/src/omorobot_r1_mini/install/omo_r1mini_cartographer/share/ament_index/resource_index/parent_prefix_path/omo_r1mini_cartographer
[1.212s] -- Up-to-date symlink: /workspaces/foxy_ws/src/omorobot_r1_mini/install/omo_r1mini_cartographer/share/omo_r1mini_cartographer/environment/ament_prefix_path.sh
[1.265s] -- Up-to-date symlink: /workspaces/foxy_ws/src/omorobot_r1_mini/install/omo_r1mini_cartographer/share/omo_r1mini_cartographer/environment/ament_prefix_path.dsv
[1.291s] -- Up-to-date symlink: /workspaces/foxy_ws/src/omorobot_r1_mini/install/omo_r1mini_cartographer/share/omo_r1mini_cartographer/environment/path.sh
[1.340s] -- Up-to-date symlink: /workspaces/foxy_ws/src/omorobot_r1_mini/install/omo_r1mini_cartographer/share/omo_r1mini_cartographer/environment/path.dsv
[1.510s] -- Up-to-date symlink: /workspaces/foxy_ws/src/omorobot_r1_mini/install/omo_r1mini_cartographer/share/omo_r1mini_cartographer/local_setup.bash
[1.533s] -- Up-to-date symlink: /workspaces/foxy_ws/src/omorobot_r1_mini/install/omo_r1mini_cartographer/share/omo_r1mini_cartographer/local_setup.sh
[1.567s] -- Up-to-date symlink: /workspaces/foxy_ws/src/omorobot_r1_mini/install/omo_r1mini_cartographer/share/omo_r1mini_cartographer/local_setup.zsh
[1.594s] -- Up-to-date symlink: /workspaces/foxy_ws/src/omorobot_r1_mini/install/omo_r1mini_cartographer/share/omo_r1mini_cartographer/local_setup.dsv
[1.622s] -- Symlinking: /workspaces/foxy_ws/src/omorobot_r1_mini/install/omo_r1mini_cartographer/share/omo_r1mini_cartographer/package.dsv
[1.705s] -- Up-to-date symlink: /workspaces/foxy_ws/src/omorobot_r1_mini/install/omo_r1mini_cartographer/share/ament_index/resource_index/packages/omo_r1mini_cartographer
[1.720s] -- Up-to-date symlink: /workspaces/foxy_ws/src/omorobot_r1_mini/install/omo_r1mini_cartographer/share/omo_r1mini_cartographer/cmake/omo_r1mini_cartographerConfig.cmake
[1.754s] -- Up-to-date symlink: /workspaces/foxy_ws/src/omorobot_r1_mini/install/omo_r1mini_cartographer/share/omo_r1mini_cartographer/cmake/omo_r1mini_cartographerConfig-version.cmake
[1.790s] -- Up-to-date symlink: /workspaces/foxy_ws/src/omorobot_r1_mini/install/omo_r1mini_cartographer/share/omo_r1mini_cartographer/package.xml
[1.836s] Invoked command in '/workspaces/foxy_ws/src/omorobot_r1_mini/build/omo_r1mini_cartographer' returned '0': CMAKE_PREFIX_PATH=/opt/ros/foxy /usr/bin/cmake --install /workspaces/foxy_ws/src/omorobot_r1_mini/build/omo_r1mini_cartographer
