[1.083s] Invoking command in '/workspaces/foxy_ws/src/omorobot_r1_mini/src/build/ydlidar_sdk': /usr/bin/cmake --build /workspaces/foxy_ws/src/omorobot_r1_mini/src/build/ydlidar_sdk -- -j8 -l8
[2.389s] [ 58%] Built target ydlidar_sdk
[3.081s] [ 66%] Built target ydlidar_test
[3.096s] [ 75%] Built target etlidar_test
[3.130s] [ 91%] Built target lidar_test
[3.141s] [ 91%] Built target lidar_c_api_test
[3.171s] [100%] Built target tof_test
[3.443s] Invoked command in '/workspaces/foxy_ws/src/omorobot_r1_mini/src/build/ydlidar_sdk' returned '0': /usr/bin/cmake --build /workspaces/foxy_ws/src/omorobot_r1_mini/src/build/ydlidar_sdk -- -j8 -l8
[5.621s] Invoking command in '/workspaces/foxy_ws/src/omorobot_r1_mini/src/build/ydlidar_sdk': /usr/bin/cmake --install /workspaces/foxy_ws/src/omorobot_r1_mini/src/build/ydlidar_sdk
[5.752s] -- Install configuration: ""
[5.763s] -- Up-to-date: /workspaces/foxy_ws/src/omorobot_r1_mini/src/install/ydlidar_sdk/include/core/base/datatype.h
[5.768s] -- Up-to-date: /workspaces/foxy_ws/src/omorobot_r1_mini/src/install/ydlidar_sdk/include/core/base/locker.h
[5.778s] -- Up-to-date: /workspaces/foxy_ws/src/omorobot_r1_mini/src/install/ydlidar_sdk/include/core/base/thread.h
[5.788s] -- Up-to-date: /workspaces/foxy_ws/src/omorobot_r1_mini/src/install/ydlidar_sdk/include/core/base/timer.h
[5.798s] -- Up-to-date: /workspaces/foxy_ws/src/omorobot_r1_mini/src/install/ydlidar_sdk/include/core/base/typedef.h
[5.810s] -- Up-to-date: /workspaces/foxy_ws/src/omorobot_r1_mini/src/install/ydlidar_sdk/include/core/base/utils.h
[5.822s] -- Up-to-date: /workspaces/foxy_ws/src/omorobot_r1_mini/src/install/ydlidar_sdk/include/core/base/v8stdint.h
[5.832s] -- Up-to-date: /workspaces/foxy_ws/src/omorobot_r1_mini/src/install/ydlidar_sdk/include/core/base/ydlidar.h
[5.839s] -- Up-to-date: /workspaces/foxy_ws/src/omorobot_r1_mini/src/install/ydlidar_sdk/include/core/common/ChannelDevice.h
[5.843s] -- Up-to-date: /workspaces/foxy_ws/src/omorobot_r1_mini/src/install/ydlidar_sdk/include/core/common/DriverInterface.h
[5.847s] -- Up-to-date: /workspaces/foxy_ws/src/omorobot_r1_mini/src/install/ydlidar_sdk/include/core/common/ydlidar_datatype.h
[5.857s] -- Up-to-date: /workspaces/foxy_ws/src/omorobot_r1_mini/src/install/ydlidar_sdk/include/core/common/ydlidar_def.h
[5.863s] -- Up-to-date: /workspaces/foxy_ws/src/omorobot_r1_mini/src/install/ydlidar_sdk/include/core/common/ydlidar_help.h
[5.868s] -- Up-to-date: /workspaces/foxy_ws/src/omorobot_r1_mini/src/install/ydlidar_sdk/include/core/common/ydlidar_protocol.h
[5.904s] -- Up-to-date: /workspaces/foxy_ws/src/omorobot_r1_mini/src/install/ydlidar_sdk/include/core/math/angles.h
[5.912s] -- Up-to-date: /workspaces/foxy_ws/src/omorobot_r1_mini/src/install/ydlidar_sdk/include/core/network/ActiveSocket.h
[5.920s] -- Up-to-date: /workspaces/foxy_ws/src/omorobot_r1_mini/src/install/ydlidar_sdk/include/core/network/PassiveSocket.h
[5.933s] -- Up-to-date: /workspaces/foxy_ws/src/omorobot_r1_mini/src/install/ydlidar_sdk/include/core/network/SimpleSocket.h
[5.942s] -- Up-to-date: /workspaces/foxy_ws/src/omorobot_r1_mini/src/install/ydlidar_sdk/include/core/network/StatTimer.h
[5.958s] -- Up-to-date: /workspaces/foxy_ws/src/omorobot_r1_mini/src/install/ydlidar_sdk/include/core/serial/common.h
[5.965s] -- Up-to-date: /workspaces/foxy_ws/src/omorobot_r1_mini/src/install/ydlidar_sdk/include/core/serial/serial.h
[5.978s] -- Up-to-date: /workspaces/foxy_ws/src/omorobot_r1_mini/src/install/ydlidar_sdk/include/core/serial/impl/unix/lock.h
[6.005s] -- Up-to-date: /workspaces/foxy_ws/src/omorobot_r1_mini/src/install/ydlidar_sdk/include/core/serial/impl/unix/unix.h
[6.028s] -- Up-to-date: /workspaces/foxy_ws/src/omorobot_r1_mini/src/install/ydlidar_sdk/include/core/serial/impl/unix/unix_serial.h
[6.033s] -- Up-to-date: /workspaces/foxy_ws/src/omorobot_r1_mini/src/install/ydlidar_sdk/include/src/CYdLidar.h
[6.039s] -- Up-to-date: /workspaces/foxy_ws/src/omorobot_r1_mini/src/install/ydlidar_sdk/include/src/ETLidarDriver.h
[6.047s] -- Up-to-date: /workspaces/foxy_ws/src/omorobot_r1_mini/src/install/ydlidar_sdk/include/src/ydlidar_driver.h
[6.053s] -- Up-to-date: /workspaces/foxy_ws/src/omorobot_r1_mini/src/install/ydlidar_sdk/include/src/ydlidar_sdk.h
[6.059s] -- Up-to-date: /workspaces/foxy_ws/src/omorobot_r1_mini/src/install/ydlidar_sdk/include/ydlidar_config.h
[6.066s] -- Up-to-date: /workspaces/foxy_ws/src/omorobot_r1_mini/src/install/ydlidar_sdk/lib/libydlidar_sdk.a
[6.076s] -- Up-to-date: /workspaces/foxy_ws/src/omorobot_r1_mini/src/install/ydlidar_sdk/lib/pkgconfig/YDLIDAR_SDK.pc
[6.083s] -- Up-to-date: /workspaces/foxy_ws/src/omorobot_r1_mini/src/install/ydlidar_sdk/lib/cmake/ydlidar_sdk/ydlidar_sdkConfig.cmake
[6.094s] -- Up-to-date: /workspaces/foxy_ws/src/omorobot_r1_mini/src/install/ydlidar_sdk/lib/cmake/ydlidar_sdk/ydlidar_sdkTargets.cmake
[6.105s] -- Up-to-date: /workspaces/foxy_ws/src/omorobot_r1_mini/src/install/ydlidar_sdk/lib/cmake/ydlidar_sdk/ydlidar_sdkConfigVersion.cmake
[6.117s] -- Up-to-date: /workspaces/foxy_ws/src/omorobot_r1_mini/src/install/ydlidar_sdk/share/YDLIDAR_SDK/FindYDLIDAR_SDK.cmake
[6.129s] -- Up-to-date: /workspaces/foxy_ws/src/omorobot_r1_mini/src/install/ydlidar_sdk/share/YDLIDAR_SDK
[6.140s] -- Up-to-date: /workspaces/foxy_ws/src/omorobot_r1_mini/src/install/ydlidar_sdk/share/YDLIDAR_SDK/FindPackage.cmake.in
[6.144s] -- Up-to-date: /workspaces/foxy_ws/src/omorobot_r1_mini/src/install/ydlidar_sdk/share/YDLIDAR_SDK/PackageConfig.cmake.in
[6.152s] -- Up-to-date: /workspaces/foxy_ws/src/omorobot_r1_mini/src/install/ydlidar_sdk/share/YDLIDAR_SDK/PackageConfigVersion.cmake.in
[6.164s] -- Up-to-date: /workspaces/foxy_ws/src/omorobot_r1_mini/src/install/ydlidar_sdk/share/YDLIDAR_SDK/PkgConfig.pc.in
[6.174s] -- Up-to-date: /workspaces/foxy_ws/src/omorobot_r1_mini/src/install/ydlidar_sdk/share/YDLIDAR_SDK/cmake_uninstall.cmake.in
[6.189s] -- Up-to-date: /workspaces/foxy_ws/src/omorobot_r1_mini/src/install/ydlidar_sdk/share/YDLIDAR_SDK/common
[6.214s] -- Up-to-date: /workspaces/foxy_ws/src/omorobot_r1_mini/src/install/ydlidar_sdk/share/YDLIDAR_SDK/common/ydlidar_base.cmake
[6.220s] -- Up-to-date: /workspaces/foxy_ws/src/omorobot_r1_mini/src/install/ydlidar_sdk/share/YDLIDAR_SDK/common/ydlidar_parse.cmake
[6.230s] -- Up-to-date: /workspaces/foxy_ws/src/omorobot_r1_mini/src/install/ydlidar_sdk/share/YDLIDAR_SDK/install_package.cmake
[6.242s] -- Up-to-date: /workspaces/foxy_ws/src/omorobot_r1_mini/src/install/ydlidar_sdk/share/YDLIDAR_SDK/script_show_final_summary.cmake
[6.246s] -- Up-to-date: /workspaces/foxy_ws/src/omorobot_r1_mini/src/install/ydlidar_sdk/share/YDLIDAR_SDK/LICENSE.txt
[6.256s] -- Up-to-date: /workspaces/foxy_ws/src/omorobot_r1_mini/src/install/ydlidar_sdk/share/YDLIDAR_SDK/README.md
[6.266s] -- Up-to-date: /workspaces/foxy_ws/src/omorobot_r1_mini/src/install/ydlidar_sdk/share/YDLIDAR_SDK/doc
[6.272s] -- Up-to-date: /workspaces/foxy_ws/src/omorobot_r1_mini/src/install/ydlidar_sdk/share/YDLIDAR_SDK/doc/Dataset.md
[6.279s] -- Up-to-date: /workspaces/foxy_ws/src/omorobot_r1_mini/src/install/ydlidar_sdk/share/YDLIDAR_SDK/doc/Diagram.md
[6.286s] -- Up-to-date: /workspaces/foxy_ws/src/omorobot_r1_mini/src/install/ydlidar_sdk/share/YDLIDAR_SDK/doc/FAQs
[6.296s] -- Up-to-date: /workspaces/foxy_ws/src/omorobot_r1_mini/src/install/ydlidar_sdk/share/YDLIDAR_SDK/doc/FAQs/General_FAQs.md
[6.308s] -- Up-to-date: /workspaces/foxy_ws/src/omorobot_r1_mini/src/install/ydlidar_sdk/share/YDLIDAR_SDK/doc/FAQs/General_FAQs_cn.md
[6.319s] -- Up-to-date: /workspaces/foxy_ws/src/omorobot_r1_mini/src/install/ydlidar_sdk/share/YDLIDAR_SDK/doc/FAQs/Hardware_FAQs.md
[6.323s] -- Up-to-date: /workspaces/foxy_ws/src/omorobot_r1_mini/src/install/ydlidar_sdk/share/YDLIDAR_SDK/doc/FAQs/Hardware_FAQs_cn.md
[6.329s] -- Up-to-date: /workspaces/foxy_ws/src/omorobot_r1_mini/src/install/ydlidar_sdk/share/YDLIDAR_SDK/doc/FAQs/README.md
[6.334s] -- Up-to-date: /workspaces/foxy_ws/src/omorobot_r1_mini/src/install/ydlidar_sdk/share/YDLIDAR_SDK/doc/FAQs/Software_FAQs.md
[6.338s] -- Up-to-date: /workspaces/foxy_ws/src/omorobot_r1_mini/src/install/ydlidar_sdk/share/YDLIDAR_SDK/doc/FAQs/Software_FAQs_cn.md
[6.343s] -- Up-to-date: /workspaces/foxy_ws/src/omorobot_r1_mini/src/install/ydlidar_sdk/share/YDLIDAR_SDK/doc/README.md
[6.353s] -- Up-to-date: /workspaces/foxy_ws/src/omorobot_r1_mini/src/install/ydlidar_sdk/share/YDLIDAR_SDK/doc/SDK.pdf
[6.365s] -- Up-to-date: /workspaces/foxy_ws/src/omorobot_r1_mini/src/install/ydlidar_sdk/share/YDLIDAR_SDK/doc/Tutorials.md
[6.372s] -- Up-to-date: /workspaces/foxy_ws/src/omorobot_r1_mini/src/install/ydlidar_sdk/share/YDLIDAR_SDK/doc/YDLIDAR_SDK_API_for_Developers.md
[6.375s] -- Up-to-date: /workspaces/foxy_ws/src/omorobot_r1_mini/src/install/ydlidar_sdk/share/YDLIDAR_SDK/doc/YDLidar-SDK-Communication-Protocol.html
[6.380s] -- Up-to-date: /workspaces/foxy_ws/src/omorobot_r1_mini/src/install/ydlidar_sdk/share/YDLIDAR_SDK/doc/YDLidar-SDK-Communication-Protocol.md
[6.400s] -- Up-to-date: /workspaces/foxy_ws/src/omorobot_r1_mini/src/install/ydlidar_sdk/share/YDLIDAR_SDK/doc/YDLidar-SDK-Communication-Protocol.pdf
[6.405s] -- Up-to-date: /workspaces/foxy_ws/src/omorobot_r1_mini/src/install/ydlidar_sdk/share/YDLIDAR_SDK/doc/YDLidar_SDK_Communication_Protocol.pdf
[6.413s] -- Up-to-date: /workspaces/foxy_ws/src/omorobot_r1_mini/src/install/ydlidar_sdk/share/YDLIDAR_SDK/doc/howto
[6.421s] -- Up-to-date: /workspaces/foxy_ws/src/omorobot_r1_mini/src/install/ydlidar_sdk/share/YDLIDAR_SDK/doc/howto/README.md
[6.426s] -- Up-to-date: /workspaces/foxy_ws/src/omorobot_r1_mini/src/install/ydlidar_sdk/share/YDLIDAR_SDK/doc/howto/how_to_build_and_debug_using_vscode.md
[6.433s] -- Up-to-date: /workspaces/foxy_ws/src/omorobot_r1_mini/src/install/ydlidar_sdk/share/YDLIDAR_SDK/doc/howto/how_to_build_and_install.md
[6.437s] -- Up-to-date: /workspaces/foxy_ws/src/omorobot_r1_mini/src/install/ydlidar_sdk/share/YDLIDAR_SDK/doc/howto/how_to_create_a_csharp_project.md
[6.449s] -- Up-to-date: /workspaces/foxy_ws/src/omorobot_r1_mini/src/install/ydlidar_sdk/share/YDLIDAR_SDK/doc/howto/how_to_create_a_pull.md
[6.453s] -- Up-to-date: /workspaces/foxy_ws/src/omorobot_r1_mini/src/install/ydlidar_sdk/share/YDLIDAR_SDK/doc/howto/how_to_create_a_udev_rules.md
[6.456s] -- Up-to-date: /workspaces/foxy_ws/src/omorobot_r1_mini/src/install/ydlidar_sdk/share/YDLIDAR_SDK/doc/howto/how_to_gerenrate_vs_project_by_cmake.md
[6.468s] -- Up-to-date: /workspaces/foxy_ws/src/omorobot_r1_mini/src/install/ydlidar_sdk/share/YDLIDAR_SDK/doc/howto/how_to_solve_slow_pull_from_cn.md
[6.472s] -- Up-to-date: /workspaces/foxy_ws/src/omorobot_r1_mini/src/install/ydlidar_sdk/share/YDLIDAR_SDK/doc/howto/images
[6.481s] -- Up-to-date: /workspaces/foxy_ws/src/omorobot_r1_mini/src/install/ydlidar_sdk/share/YDLIDAR_SDK/doc/howto/images/cpack.png
[6.489s] -- Up-to-date: /workspaces/foxy_ws/src/omorobot_r1_mini/src/install/ydlidar_sdk/share/YDLIDAR_SDK/doc/howto/images/csharp_build.png
[6.494s] -- Up-to-date: /workspaces/foxy_ws/src/omorobot_r1_mini/src/install/ydlidar_sdk/share/YDLIDAR_SDK/doc/howto/images/csharp_exception.png
[6.497s] -- Up-to-date: /workspaces/foxy_ws/src/omorobot_r1_mini/src/install/ydlidar_sdk/share/YDLIDAR_SDK/doc/howto/images/csharp_library.png
[6.510s] -- Up-to-date: /workspaces/foxy_ws/src/omorobot_r1_mini/src/install/ydlidar_sdk/share/YDLIDAR_SDK/doc/howto/images/csharp_project.png
[6.514s] -- Up-to-date: /workspaces/foxy_ws/src/omorobot_r1_mini/src/install/ydlidar_sdk/share/YDLIDAR_SDK/doc/howto/images/csharp_running.png
[6.519s] -- Up-to-date: /workspaces/foxy_ws/src/omorobot_r1_mini/src/install/ydlidar_sdk/share/YDLIDAR_SDK/doc/howto/images/sdk_init.png
[6.532s] -- Up-to-date: /workspaces/foxy_ws/src/omorobot_r1_mini/src/install/ydlidar_sdk/share/YDLIDAR_SDK/doc/howto/images/sdk_scanning.png
[6.537s] -- Up-to-date: /workspaces/foxy_ws/src/omorobot_r1_mini/src/install/ydlidar_sdk/share/YDLIDAR_SDK/doc/howto/images/sequence.png
[6.540s] -- Up-to-date: /workspaces/foxy_ws/src/omorobot_r1_mini/src/install/ydlidar_sdk/share/YDLIDAR_SDK/doc/howto/images/ttyUSB0.png
[6.545s] -- Up-to-date: /workspaces/foxy_ws/src/omorobot_r1_mini/src/install/ydlidar_sdk/share/YDLIDAR_SDK/doc/howto/images/ttyUSB1.png
[6.555s] -- Up-to-date: /workspaces/foxy_ws/src/omorobot_r1_mini/src/install/ydlidar_sdk/share/YDLIDAR_SDK/doc/howto/images/vscode
[6.558s] -- Up-to-date: /workspaces/foxy_ws/src/omorobot_r1_mini/src/install/ydlidar_sdk/share/YDLIDAR_SDK/doc/howto/images/vscode/run_tasks.jpg
[6.562s] -- Up-to-date: /workspaces/foxy_ws/src/omorobot_r1_mini/src/install/ydlidar_sdk/share/YDLIDAR_SDK/doc/howto/images/vscode/tasks.png
[6.570s] -- Up-to-date: /workspaces/foxy_ws/src/omorobot_r1_mini/src/install/ydlidar_sdk/share/YDLIDAR_SDK/doc/howto/images/ydlidar_lidar_monitor.png
[6.577s] -- Up-to-date: /workspaces/foxy_ws/src/omorobot_r1_mini/src/install/ydlidar_sdk/share/YDLIDAR_SDK/doc/images
[6.580s] -- Up-to-date: /workspaces/foxy_ws/src/omorobot_r1_mini/src/install/ydlidar_sdk/share/YDLIDAR_SDK/doc/images/EAI.png
[6.584s] -- Up-to-date: /workspaces/foxy_ws/src/omorobot_r1_mini/src/install/ydlidar_sdk/share/YDLIDAR_SDK/doc/images/FlowChart.png
[6.587s] -- Up-to-date: /workspaces/foxy_ws/src/omorobot_r1_mini/src/install/ydlidar_sdk/share/YDLIDAR_SDK/doc/images/YDLidar.jpg
[6.600s] -- Up-to-date: /workspaces/foxy_ws/src/omorobot_r1_mini/src/install/ydlidar_sdk/share/YDLIDAR_SDK/doc/images/YDLidar.png
[6.613s] -- Up-to-date: /workspaces/foxy_ws/src/omorobot_r1_mini/src/install/ydlidar_sdk/share/YDLIDAR_SDK/doc/images/angle_q2.png
[6.616s] -- Up-to-date: /workspaces/foxy_ws/src/omorobot_r1_mini/src/install/ydlidar_sdk/share/YDLIDAR_SDK/doc/images/communication_mechanism.png
[6.632s] -- Up-to-date: /workspaces/foxy_ws/src/omorobot_r1_mini/src/install/ydlidar_sdk/share/YDLIDAR_SDK/doc/images/frame.png
[6.640s] -- Up-to-date: /workspaces/foxy_ws/src/omorobot_r1_mini/src/install/ydlidar_sdk/share/YDLIDAR_SDK/doc/images/frame_intensity.png
[6.645s] -- Up-to-date: /workspaces/foxy_ws/src/omorobot_r1_mini/src/install/ydlidar_sdk/share/YDLIDAR_SDK/doc/images/sdk_architecture.png
[6.648s] -- Up-to-date: /workspaces/foxy_ws/src/omorobot_r1_mini/src/install/ydlidar_sdk/share/YDLIDAR_SDK/doc/images/sdk_init.png
[6.661s] -- Up-to-date: /workspaces/foxy_ws/src/omorobot_r1_mini/src/install/ydlidar_sdk/share/YDLIDAR_SDK/doc/images/sdk_scanning.png
[6.672s] -- Up-to-date: /workspaces/foxy_ws/src/omorobot_r1_mini/src/install/ydlidar_sdk/share/YDLIDAR_SDK/doc/images/sequence.png
[6.679s] -- Up-to-date: /workspaces/foxy_ws/src/omorobot_r1_mini/src/install/ydlidar_sdk/share/YDLIDAR_SDK/doc/images/system_workflow.png
[6.690s] -- Up-to-date: /workspaces/foxy_ws/src/omorobot_r1_mini/src/install/ydlidar_sdk/share/YDLIDAR_SDK/doc/quickstart
[6.699s] -- Up-to-date: /workspaces/foxy_ws/src/omorobot_r1_mini/src/install/ydlidar_sdk/share/YDLIDAR_SDK/doc/quickstart/README.md
[6.704s] -- Up-to-date: /workspaces/foxy_ws/src/omorobot_r1_mini/src/install/ydlidar_sdk/share/YDLIDAR_SDK/doc/quickstart/ydlidar_sdk_software_installation_guide.md
[6.712s] -- Up-to-date: /workspaces/foxy_ws/src/omorobot_r1_mini/src/install/ydlidar_sdk/share/YDLIDAR_SDK/doc/tutorials
[6.715s] -- Up-to-date: /workspaces/foxy_ws/src/omorobot_r1_mini/src/install/ydlidar_sdk/share/YDLIDAR_SDK/doc/tutorials/examine_the_simple_lidar_tutorial.md
[6.720s] -- Up-to-date: /workspaces/foxy_ws/src/omorobot_r1_mini/src/install/ydlidar_sdk/share/YDLIDAR_SDK/doc/tutorials/writing_lidar_network_adapter_tutorial_c++.md
[6.729s] -- Up-to-date: /workspaces/foxy_ws/src/omorobot_r1_mini/src/install/ydlidar_sdk/share/YDLIDAR_SDK/doc/tutorials/writing_lidar_tutorial_c++.md
[6.746s] -- Up-to-date: /workspaces/foxy_ws/src/omorobot_r1_mini/src/install/ydlidar_sdk/share/YDLIDAR_SDK/doc/tutorials/writing_lidar_tutorial_c.md
[6.755s] -- Up-to-date: /workspaces/foxy_ws/src/omorobot_r1_mini/src/install/ydlidar_sdk/share/YDLIDAR_SDK/doc/tutorials/writing_lidar_tutorial_python.md
[6.771s] -- Up-to-date: /workspaces/foxy_ws/src/omorobot_r1_mini/src/install/ydlidar_sdk/startup/initenv.sh
[6.779s] -- Up-to-date: /workspaces/foxy_ws/src/omorobot_r1_mini/src/install/ydlidar_sdk/bin/etlidar_test
[6.785s] -- Up-to-date: /workspaces/foxy_ws/src/omorobot_r1_mini/src/install/ydlidar_sdk/bin/tof_test
[6.790s] -- Up-to-date: /workspaces/foxy_ws/src/omorobot_r1_mini/src/install/ydlidar_sdk/bin/ydlidar_test
[6.801s] -- Up-to-date: /workspaces/foxy_ws/src/omorobot_r1_mini/src/install/ydlidar_sdk/bin/lidar_c_api_test
[7.042s] Invoked command in '/workspaces/foxy_ws/src/omorobot_r1_mini/src/build/ydlidar_sdk' returned '0': /usr/bin/cmake --install /workspaces/foxy_ws/src/omorobot_r1_mini/src/build/ydlidar_sdk
