[0.877s] Invoking command in '/workspaces/foxy_ws/src/omorobot_r1_mini/src/build/omo_r1mini_bringup': CMAKE_PREFIX_PATH=/workspaces/foxy_ws/src/omorobot_r1_mini/src/install/omo_r1mini_description:/workspaces/foxy_ws/src/omorobot_r1_mini/src/install/ydlidar_sdk:/workspaces/foxy_ws/src/omorobot_r1_mini/src/install/ydlidar_ros2_driver:/workspaces/foxy_ws/src/omorobot_r1_mini/src/install/omo_r1mini:/workspaces/foxy_ws/src/omorobot_r1_mini/src/install/omo_r1mini_navigation2:/workspaces/foxy_ws/src/omorobot_r1_mini/src/install/omo_r1mini_gazebo:/workspaces/foxy_ws/src/omorobot_r1_mini/src/install/omo_r1mini_cartographer:/workspaces/foxy_ws/src/gcamp_ros2_ws/install/gcamp_gazebo:/workspaces/foxy_ws/src/gcamp_ros2_ws/install/cpp_service_pkg:/workspaces/foxy_ws/src/gcamp_ros2_ws/install/cpp_action_pkg:/workspaces/foxy_ws/src/gcamp_ros2_ws/install/custom_interfaces:/workspaces/foxy_ws/src/gcamp_ros2_ws/install/cpp_topic_pkg:/workspaces/foxy_ws/src/gcamp_ros2_ws/install/cpp_service_tutorial:/workspaces/foxy_ws/src/gcamp_ros2_ws/install/cpp_first_pkg PYTHONPATH=/workspaces/foxy_ws/src/omorobot_r1_mini/src/install/omo_r1mini_bringup/lib/python3.8/site-packages:${PYTHONPATH} /usr/bin/python3 setup.py develop --prefix /workspaces/foxy_ws/src/omorobot_r1_mini/src/install/omo_r1mini_bringup --uninstall --editable --build-directory /workspaces/foxy_ws/src/omorobot_r1_mini/src/build/omo_r1mini_bringup/build
[1.429s] running develop
[1.688s] Removing /workspaces/foxy_ws/src/omorobot_r1_mini/src/install/omo_r1mini_bringup/lib/python3.8/site-packages/omo-r1mini-bringup.egg-link (link to .)
[1.727s] Invoked command in '/workspaces/foxy_ws/src/omorobot_r1_mini/src/build/omo_r1mini_bringup' returned '0': CMAKE_PREFIX_PATH=/workspaces/foxy_ws/src/omorobot_r1_mini/src/install/omo_r1mini_description:/workspaces/foxy_ws/src/omorobot_r1_mini/src/install/ydlidar_sdk:/workspaces/foxy_ws/src/omorobot_r1_mini/src/install/ydlidar_ros2_driver:/workspaces/foxy_ws/src/omorobot_r1_mini/src/install/omo_r1mini:/workspaces/foxy_ws/src/omorobot_r1_mini/src/install/omo_r1mini_navigation2:/workspaces/foxy_ws/src/omorobot_r1_mini/src/install/omo_r1mini_gazebo:/workspaces/foxy_ws/src/omorobot_r1_mini/src/install/omo_r1mini_cartographer:/workspaces/foxy_ws/src/gcamp_ros2_ws/install/gcamp_gazebo:/workspaces/foxy_ws/src/gcamp_ros2_ws/install/cpp_service_pkg:/workspaces/foxy_ws/src/gcamp_ros2_ws/install/cpp_action_pkg:/workspaces/foxy_ws/src/gcamp_ros2_ws/install/custom_interfaces:/workspaces/foxy_ws/src/gcamp_ros2_ws/install/cpp_topic_pkg:/workspaces/foxy_ws/src/gcamp_ros2_ws/install/cpp_service_tutorial:/workspaces/foxy_ws/src/gcamp_ros2_ws/install/cpp_first_pkg PYTHONPATH=/workspaces/foxy_ws/src/omorobot_r1_mini/src/install/omo_r1mini_bringup/lib/python3.8/site-packages:${PYTHONPATH} /usr/bin/python3 setup.py develop --prefix /workspaces/foxy_ws/src/omorobot_r1_mini/src/install/omo_r1mini_bringup --uninstall --editable --build-directory /workspaces/foxy_ws/src/omorobot_r1_mini/src/build/omo_r1mini_bringup/build
[1.738s] Invoking command in '/workspaces/foxy_ws/src/omorobot_r1_mini/src/omo_r1mini-foxy/omo_r1mini_bringup': CMAKE_PREFIX_PATH=/workspaces/foxy_ws/src/omorobot_r1_mini/src/install/omo_r1mini_description:/workspaces/foxy_ws/src/omorobot_r1_mini/src/install/ydlidar_sdk:/workspaces/foxy_ws/src/omorobot_r1_mini/src/install/ydlidar_ros2_driver:/workspaces/foxy_ws/src/omorobot_r1_mini/src/install/omo_r1mini:/workspaces/foxy_ws/src/omorobot_r1_mini/src/install/omo_r1mini_navigation2:/workspaces/foxy_ws/src/omorobot_r1_mini/src/install/omo_r1mini_gazebo:/workspaces/foxy_ws/src/omorobot_r1_mini/src/install/omo_r1mini_cartographer:/workspaces/foxy_ws/src/gcamp_ros2_ws/install/gcamp_gazebo:/workspaces/foxy_ws/src/gcamp_ros2_ws/install/cpp_service_pkg:/workspaces/foxy_ws/src/gcamp_ros2_ws/install/cpp_action_pkg:/workspaces/foxy_ws/src/gcamp_ros2_ws/install/custom_interfaces:/workspaces/foxy_ws/src/gcamp_ros2_ws/install/cpp_topic_pkg:/workspaces/foxy_ws/src/gcamp_ros2_ws/install/cpp_service_tutorial:/workspaces/foxy_ws/src/gcamp_ros2_ws/install/cpp_first_pkg PYTHONPATH=/workspaces/foxy_ws/src/omorobot_r1_mini/src/install/omo_r1mini_bringup/lib/python3.8/site-packages:${PYTHONPATH} /usr/bin/python3 setup.py egg_info --egg-base ../../build/omo_r1mini_bringup build --build-base /workspaces/foxy_ws/src/omorobot_r1_mini/src/build/omo_r1mini_bringup/build install --prefix /workspaces/foxy_ws/src/omorobot_r1_mini/src/install/omo_r1mini_bringup --record /workspaces/foxy_ws/src/omorobot_r1_mini/src/build/omo_r1mini_bringup/install.log --single-version-externally-managed
[2.165s] running egg_info
[2.170s] writing ../../build/omo_r1mini_bringup/omo_r1mini_bringup.egg-info/PKG-INFO
[2.188s] writing dependency_links to ../../build/omo_r1mini_bringup/omo_r1mini_bringup.egg-info/dependency_links.txt
[2.202s] writing entry points to ../../build/omo_r1mini_bringup/omo_r1mini_bringup.egg-info/entry_points.txt
[2.218s] writing requirements to ../../build/omo_r1mini_bringup/omo_r1mini_bringup.egg-info/requires.txt
[2.230s] writing top-level names to ../../build/omo_r1mini_bringup/omo_r1mini_bringup.egg-info/top_level.txt
[2.303s] reading manifest file '../../build/omo_r1mini_bringup/omo_r1mini_bringup.egg-info/SOURCES.txt'
[2.321s] writing manifest file '../../build/omo_r1mini_bringup/omo_r1mini_bringup.egg-info/SOURCES.txt'
[2.324s] running build
[2.326s] running build_py
[2.329s] creating /workspaces/foxy_ws/src/omorobot_r1_mini/src/build/omo_r1mini_bringup/build
[2.337s] creating /workspaces/foxy_ws/src/omorobot_r1_mini/src/build/omo_r1mini_bringup/build/lib
[2.340s] creating /workspaces/foxy_ws/src/omorobot_r1_mini/src/build/omo_r1mini_bringup/build/lib/omo_r1mini_bringup
[2.343s] copying omo_r1mini_bringup/__init__.py -> /workspaces/foxy_ws/src/omorobot_r1_mini/src/build/omo_r1mini_bringup/build/lib/omo_r1mini_bringup
[2.355s] creating /workspaces/foxy_ws/src/omorobot_r1_mini/src/build/omo_r1mini_bringup/build/lib/omo_r1mini_bringup/scripts
[2.361s] copying omo_r1mini_bringup/scripts/__init__.py -> /workspaces/foxy_ws/src/omorobot_r1_mini/src/build/omo_r1mini_bringup/build/lib/omo_r1mini_bringup/scripts
[2.383s] copying omo_r1mini_bringup/scripts/omo_r1mini_mcu_node.py -> /workspaces/foxy_ws/src/omorobot_r1_mini/src/build/omo_r1mini_bringup/build/lib/omo_r1mini_bringup/scripts
[2.428s] copying omo_r1mini_bringup/scripts/omo_r1mini_motor_setting_node.py -> /workspaces/foxy_ws/src/omorobot_r1_mini/src/build/omo_r1mini_bringup/build/lib/omo_r1mini_bringup/scripts
[2.461s] creating /workspaces/foxy_ws/src/omorobot_r1_mini/src/build/omo_r1mini_bringup/build/lib/omo_r1mini_bringup/scripts/calc
[2.468s] copying omo_r1mini_bringup/scripts/calc/__init__.py -> /workspaces/foxy_ws/src/omorobot_r1_mini/src/build/omo_r1mini_bringup/build/lib/omo_r1mini_bringup/scripts/calc
[2.479s] copying omo_r1mini_bringup/scripts/calc/quaternion_from_euler.py -> /workspaces/foxy_ws/src/omorobot_r1_mini/src/build/omo_r1mini_bringup/build/lib/omo_r1mini_bringup/scripts/calc
[2.492s] creating /workspaces/foxy_ws/src/omorobot_r1_mini/src/build/omo_r1mini_bringup/build/lib/omo_r1mini_bringup/scripts/driver
[2.501s] copying omo_r1mini_bringup/scripts/driver/__init__.py -> /workspaces/foxy_ws/src/omorobot_r1_mini/src/build/omo_r1mini_bringup/build/lib/omo_r1mini_bringup/scripts/driver
[2.513s] copying omo_r1mini_bringup/scripts/driver/packet.py -> /workspaces/foxy_ws/src/omorobot_r1_mini/src/build/omo_r1mini_bringup/build/lib/omo_r1mini_bringup/scripts/driver
[2.526s] copying omo_r1mini_bringup/scripts/driver/port.py -> /workspaces/foxy_ws/src/omorobot_r1_mini/src/build/omo_r1mini_bringup/build/lib/omo_r1mini_bringup/scripts/driver
[2.540s] copying omo_r1mini_bringup/scripts/driver/template.py -> /workspaces/foxy_ws/src/omorobot_r1_mini/src/build/omo_r1mini_bringup/build/lib/omo_r1mini_bringup/scripts/driver
[2.551s] running install
[2.556s] running install_lib
[2.564s] creating /workspaces/foxy_ws/src/omorobot_r1_mini/src/install/omo_r1mini_bringup/lib/python3.8/site-packages/omo_r1mini_bringup
[2.570s] copying /workspaces/foxy_ws/src/omorobot_r1_mini/src/build/omo_r1mini_bringup/build/lib/omo_r1mini_bringup/__init__.py -> /workspaces/foxy_ws/src/omorobot_r1_mini/src/install/omo_r1mini_bringup/lib/python3.8/site-packages/omo_r1mini_bringup
[2.580s] creating /workspaces/foxy_ws/src/omorobot_r1_mini/src/install/omo_r1mini_bringup/lib/python3.8/site-packages/omo_r1mini_bringup/scripts
[2.582s] copying /workspaces/foxy_ws/src/omorobot_r1_mini/src/build/omo_r1mini_bringup/build/lib/omo_r1mini_bringup/scripts/__init__.py -> /workspaces/foxy_ws/src/omorobot_r1_mini/src/install/omo_r1mini_bringup/lib/python3.8/site-packages/omo_r1mini_bringup/scripts
[2.593s] creating /workspaces/foxy_ws/src/omorobot_r1_mini/src/install/omo_r1mini_bringup/lib/python3.8/site-packages/omo_r1mini_bringup/scripts/calc
[2.599s] copying /workspaces/foxy_ws/src/omorobot_r1_mini/src/build/omo_r1mini_bringup/build/lib/omo_r1mini_bringup/scripts/calc/__init__.py -> /workspaces/foxy_ws/src/omorobot_r1_mini/src/install/omo_r1mini_bringup/lib/python3.8/site-packages/omo_r1mini_bringup/scripts/calc
[2.605s] copying /workspaces/foxy_ws/src/omorobot_r1_mini/src/build/omo_r1mini_bringup/build/lib/omo_r1mini_bringup/scripts/calc/quaternion_from_euler.py -> /workspaces/foxy_ws/src/omorobot_r1_mini/src/install/omo_r1mini_bringup/lib/python3.8/site-packages/omo_r1mini_bringup/scripts/calc
[2.615s] creating /workspaces/foxy_ws/src/omorobot_r1_mini/src/install/omo_r1mini_bringup/lib/python3.8/site-packages/omo_r1mini_bringup/scripts/driver
[2.618s] copying /workspaces/foxy_ws/src/omorobot_r1_mini/src/build/omo_r1mini_bringup/build/lib/omo_r1mini_bringup/scripts/driver/__init__.py -> /workspaces/foxy_ws/src/omorobot_r1_mini/src/install/omo_r1mini_bringup/lib/python3.8/site-packages/omo_r1mini_bringup/scripts/driver
[2.627s] copying /workspaces/foxy_ws/src/omorobot_r1_mini/src/build/omo_r1mini_bringup/build/lib/omo_r1mini_bringup/scripts/driver/packet.py -> /workspaces/foxy_ws/src/omorobot_r1_mini/src/install/omo_r1mini_bringup/lib/python3.8/site-packages/omo_r1mini_bringup/scripts/driver
[2.636s] copying /workspaces/foxy_ws/src/omorobot_r1_mini/src/build/omo_r1mini_bringup/build/lib/omo_r1mini_bringup/scripts/driver/port.py -> /workspaces/foxy_ws/src/omorobot_r1_mini/src/install/omo_r1mini_bringup/lib/python3.8/site-packages/omo_r1mini_bringup/scripts/driver
[2.646s] copying /workspaces/foxy_ws/src/omorobot_r1_mini/src/build/omo_r1mini_bringup/build/lib/omo_r1mini_bringup/scripts/driver/template.py -> /workspaces/foxy_ws/src/omorobot_r1_mini/src/install/omo_r1mini_bringup/lib/python3.8/site-packages/omo_r1mini_bringup/scripts/driver
[2.657s] copying /workspaces/foxy_ws/src/omorobot_r1_mini/src/build/omo_r1mini_bringup/build/lib/omo_r1mini_bringup/scripts/omo_r1mini_mcu_node.py -> /workspaces/foxy_ws/src/omorobot_r1_mini/src/install/omo_r1mini_bringup/lib/python3.8/site-packages/omo_r1mini_bringup/scripts
[2.670s] copying /workspaces/foxy_ws/src/omorobot_r1_mini/src/build/omo_r1mini_bringup/build/lib/omo_r1mini_bringup/scripts/omo_r1mini_motor_setting_node.py -> /workspaces/foxy_ws/src/omorobot_r1_mini/src/install/omo_r1mini_bringup/lib/python3.8/site-packages/omo_r1mini_bringup/scripts
[2.679s] byte-compiling /workspaces/foxy_ws/src/omorobot_r1_mini/src/install/omo_r1mini_bringup/lib/python3.8/site-packages/omo_r1mini_bringup/__init__.py to __init__.cpython-38.pyc
[2.691s] byte-compiling /workspaces/foxy_ws/src/omorobot_r1_mini/src/install/omo_r1mini_bringup/lib/python3.8/site-packages/omo_r1mini_bringup/scripts/__init__.py to __init__.cpython-38.pyc
[2.702s] byte-compiling /workspaces/foxy_ws/src/omorobot_r1_mini/src/install/omo_r1mini_bringup/lib/python3.8/site-packages/omo_r1mini_bringup/scripts/calc/__init__.py to __init__.cpython-38.pyc
[2.713s] byte-compiling /workspaces/foxy_ws/src/omorobot_r1_mini/src/install/omo_r1mini_bringup/lib/python3.8/site-packages/omo_r1mini_bringup/scripts/calc/quaternion_from_euler.py to quaternion_from_euler.cpython-38.pyc
[2.721s] byte-compiling /workspaces/foxy_ws/src/omorobot_r1_mini/src/install/omo_r1mini_bringup/lib/python3.8/site-packages/omo_r1mini_bringup/scripts/driver/__init__.py to __init__.cpython-38.pyc
[2.731s] byte-compiling /workspaces/foxy_ws/src/omorobot_r1_mini/src/install/omo_r1mini_bringup/lib/python3.8/site-packages/omo_r1mini_bringup/scripts/driver/packet.py to packet.cpython-38.pyc
[2.741s] byte-compiling /workspaces/foxy_ws/src/omorobot_r1_mini/src/install/omo_r1mini_bringup/lib/python3.8/site-packages/omo_r1mini_bringup/scripts/driver/port.py to port.cpython-38.pyc
[2.749s] byte-compiling /workspaces/foxy_ws/src/omorobot_r1_mini/src/install/omo_r1mini_bringup/lib/python3.8/site-packages/omo_r1mini_bringup/scripts/driver/template.py to template.cpython-38.pyc
[2.759s] byte-compiling /workspaces/foxy_ws/src/omorobot_r1_mini/src/install/omo_r1mini_bringup/lib/python3.8/site-packages/omo_r1mini_bringup/scripts/omo_r1mini_mcu_node.py to omo_r1mini_mcu_node.cpython-38.pyc
[2.772s] byte-compiling /workspaces/foxy_ws/src/omorobot_r1_mini/src/install/omo_r1mini_bringup/lib/python3.8/site-packages/omo_r1mini_bringup/scripts/omo_r1mini_motor_setting_node.py to omo_r1mini_motor_setting_node.cpython-38.pyc
[2.779s] running install_data
[2.782s] running install_egg_info
[2.787s] Copying ../../build/omo_r1mini_bringup/omo_r1mini_bringup.egg-info to /workspaces/foxy_ws/src/omorobot_r1_mini/src/install/omo_r1mini_bringup/lib/python3.8/site-packages/omo_r1mini_bringup-0.0.1-py3.8.egg-info
[2.847s] running install_scripts
[2.871s] Installing omo_r1mini_mcu_node script to /workspaces/foxy_ws/src/omorobot_r1_mini/src/install/omo_r1mini_bringup/lib/omo_r1mini_bringup
[2.877s] Installing omo_r1mini_motor_setting_node script to /workspaces/foxy_ws/src/omorobot_r1_mini/src/install/omo_r1mini_bringup/lib/omo_r1mini_bringup
[2.882s] writing list of installed files to '/workspaces/foxy_ws/src/omorobot_r1_mini/src/build/omo_r1mini_bringup/install.log'
[2.916s] Invoked command in '/workspaces/foxy_ws/src/omorobot_r1_mini/src/omo_r1mini-foxy/omo_r1mini_bringup' returned '0': CMAKE_PREFIX_PATH=/workspaces/foxy_ws/src/omorobot_r1_mini/src/install/omo_r1mini_description:/workspaces/foxy_ws/src/omorobot_r1_mini/src/install/ydlidar_sdk:/workspaces/foxy_ws/src/omorobot_r1_mini/src/install/ydlidar_ros2_driver:/workspaces/foxy_ws/src/omorobot_r1_mini/src/install/omo_r1mini:/workspaces/foxy_ws/src/omorobot_r1_mini/src/install/omo_r1mini_navigation2:/workspaces/foxy_ws/src/omorobot_r1_mini/src/install/omo_r1mini_gazebo:/workspaces/foxy_ws/src/omorobot_r1_mini/src/install/omo_r1mini_cartographer:/workspaces/foxy_ws/src/gcamp_ros2_ws/install/gcamp_gazebo:/workspaces/foxy_ws/src/gcamp_ros2_ws/install/cpp_service_pkg:/workspaces/foxy_ws/src/gcamp_ros2_ws/install/cpp_action_pkg:/workspaces/foxy_ws/src/gcamp_ros2_ws/install/custom_interfaces:/workspaces/foxy_ws/src/gcamp_ros2_ws/install/cpp_topic_pkg:/workspaces/foxy_ws/src/gcamp_ros2_ws/install/cpp_service_tutorial:/workspaces/foxy_ws/src/gcamp_ros2_ws/install/cpp_first_pkg PYTHONPATH=/workspaces/foxy_ws/src/omorobot_r1_mini/src/install/omo_r1mini_bringup/lib/python3.8/site-packages:${PYTHONPATH} /usr/bin/python3 setup.py egg_info --egg-base ../../build/omo_r1mini_bringup build --build-base /workspaces/foxy_ws/src/omorobot_r1_mini/src/build/omo_r1mini_bringup/build install --prefix /workspaces/foxy_ws/src/omorobot_r1_mini/src/install/omo_r1mini_bringup --record /workspaces/foxy_ws/src/omorobot_r1_mini/src/build/omo_r1mini_bringup/install.log --single-version-externally-managed
