[0.219s] Invoking command in '/workspaces/foxy_ws/src/omorobot_r1_mini/build/omo_r1mini': AMENT_PREFIX_PATH=/workspaces/foxy_ws/src/omorobot_r1_mini/install/omo_r1mini_bringup:/workspaces/foxy_ws/src/omorobot_r1_mini/install/omo_r1mini_teleop:/workspaces/foxy_ws/src/omorobot_r1_mini/install/omo_r1mini_navigation2:/workspaces/foxy_ws/src/omorobot_r1_mini/install/omo_r1mini_description:/workspaces/foxy_ws/src/omorobot_r1_mini/install/omo_r1mini_cartographer:${AMENT_PREFIX_PATH} CMAKE_PREFIX_PATH=/workspaces/foxy_ws/src/omorobot_r1_mini/install/omo_r1mini_navigation2:/workspaces/foxy_ws/src/omorobot_r1_mini/install/omo_r1mini_description:/workspaces/foxy_ws/src/omorobot_r1_mini/install/omo_r1mini_cartographer:/opt/ros/foxy PYTHONPATH=/workspaces/foxy_ws/src/omorobot_r1_mini/build/omo_r1mini_bringup:/workspaces/foxy_ws/src/omorobot_r1_mini/install/omo_r1mini_bringup/lib/python3.8/site-packages:/workspaces/foxy_ws/src/omorobot_r1_mini/build/omo_r1mini_teleop:/workspaces/foxy_ws/src/omorobot_r1_mini/install/omo_r1mini_teleop/lib/python3.8/site-packages:${PYTHONPATH} /usr/bin/cmake /workspaces/foxy_ws/src/omorobot_r1_mini/src/omo_r1mini-foxy/omo_r1mini -DAMENT_CMAKE_SYMLINK_INSTALL=1 -DCMAKE_INSTALL_PREFIX=/workspaces/foxy_ws/src/omorobot_r1_mini/install/omo_r1mini
[0.724s] -- The C compiler identification is GNU 9.3.0
[1.348s] -- The CXX compiler identification is GNU 9.3.0
[1.463s] -- Check for working C compiler: /usr/bin/cc
[2.381s] -- Check for working C compiler: /usr/bin/cc -- works
[2.387s] -- Detecting C compiler ABI info
[3.416s] -- Detecting C compiler ABI info - done
[3.453s] -- Detecting C compile features
[3.458s] -- Detecting C compile features - done
[3.507s] -- Check for working CXX compiler: /usr/bin/c++
[4.384s] -- Check for working CXX compiler: /usr/bin/c++ -- works
[4.391s] -- Detecting CXX compiler ABI info
[5.223s] -- Detecting CXX compiler ABI info - done
[5.263s] -- Detecting CXX compile features
[5.274s] -- Detecting CXX compile features - done
[5.352s] -- Found ament_cmake: 0.9.8 (/opt/ros/foxy/share/ament_cmake/cmake)
[5.516s] -- Found PythonInterp: /usr/bin/python3 (found suitable version "3.8.10", minimum required is "3") 
[5.521s] -- Using PYTHON_EXECUTABLE: /usr/bin/python3
[6.069s] -- Override CMake install command with custom implementation using symlinks instead of copying resources
[7.991s] -- Configuring done
[8.483s] -- Generating done
[8.664s] -- Build files have been written to: /workspaces/foxy_ws/src/omorobot_r1_mini/build/omo_r1mini
[8.673s] Invoked command in '/workspaces/foxy_ws/src/omorobot_r1_mini/build/omo_r1mini' returned '0': AMENT_PREFIX_PATH=/workspaces/foxy_ws/src/omorobot_r1_mini/install/omo_r1mini_bringup:/workspaces/foxy_ws/src/omorobot_r1_mini/install/omo_r1mini_teleop:/workspaces/foxy_ws/src/omorobot_r1_mini/install/omo_r1mini_navigation2:/workspaces/foxy_ws/src/omorobot_r1_mini/install/omo_r1mini_description:/workspaces/foxy_ws/src/omorobot_r1_mini/install/omo_r1mini_cartographer:${AMENT_PREFIX_PATH} CMAKE_PREFIX_PATH=/workspaces/foxy_ws/src/omorobot_r1_mini/install/omo_r1mini_navigation2:/workspaces/foxy_ws/src/omorobot_r1_mini/install/omo_r1mini_description:/workspaces/foxy_ws/src/omorobot_r1_mini/install/omo_r1mini_cartographer:/opt/ros/foxy PYTHONPATH=/workspaces/foxy_ws/src/omorobot_r1_mini/build/omo_r1mini_bringup:/workspaces/foxy_ws/src/omorobot_r1_mini/install/omo_r1mini_bringup/lib/python3.8/site-packages:/workspaces/foxy_ws/src/omorobot_r1_mini/build/omo_r1mini_teleop:/workspaces/foxy_ws/src/omorobot_r1_mini/install/omo_r1mini_teleop/lib/python3.8/site-packages:${PYTHONPATH} /usr/bin/cmake /workspaces/foxy_ws/src/omorobot_r1_mini/src/omo_r1mini-foxy/omo_r1mini -DAMENT_CMAKE_SYMLINK_INSTALL=1 -DCMAKE_INSTALL_PREFIX=/workspaces/foxy_ws/src/omorobot_r1_mini/install/omo_r1mini
[8.682s] Invoking command in '/workspaces/foxy_ws/src/omorobot_r1_mini/build/omo_r1mini': AMENT_PREFIX_PATH=/workspaces/foxy_ws/src/omorobot_r1_mini/install/omo_r1mini_bringup:/workspaces/foxy_ws/src/omorobot_r1_mini/install/omo_r1mini_teleop:/workspaces/foxy_ws/src/omorobot_r1_mini/install/omo_r1mini_navigation2:/workspaces/foxy_ws/src/omorobot_r1_mini/install/omo_r1mini_description:/workspaces/foxy_ws/src/omorobot_r1_mini/install/omo_r1mini_cartographer:${AMENT_PREFIX_PATH} CMAKE_PREFIX_PATH=/workspaces/foxy_ws/src/omorobot_r1_mini/install/omo_r1mini_navigation2:/workspaces/foxy_ws/src/omorobot_r1_mini/install/omo_r1mini_description:/workspaces/foxy_ws/src/omorobot_r1_mini/install/omo_r1mini_cartographer:/opt/ros/foxy PYTHONPATH=/workspaces/foxy_ws/src/omorobot_r1_mini/build/omo_r1mini_bringup:/workspaces/foxy_ws/src/omorobot_r1_mini/install/omo_r1mini_bringup/lib/python3.8/site-packages:/workspaces/foxy_ws/src/omorobot_r1_mini/build/omo_r1mini_teleop:/workspaces/foxy_ws/src/omorobot_r1_mini/install/omo_r1mini_teleop/lib/python3.8/site-packages:${PYTHONPATH} /usr/bin/cmake --build /workspaces/foxy_ws/src/omorobot_r1_mini/build/omo_r1mini -- -j8 -l8
[8.852s] Invoked command in '/workspaces/foxy_ws/src/omorobot_r1_mini/build/omo_r1mini' returned '0': AMENT_PREFIX_PATH=/workspaces/foxy_ws/src/omorobot_r1_mini/install/omo_r1mini_bringup:/workspaces/foxy_ws/src/omorobot_r1_mini/install/omo_r1mini_teleop:/workspaces/foxy_ws/src/omorobot_r1_mini/install/omo_r1mini_navigation2:/workspaces/foxy_ws/src/omorobot_r1_mini/install/omo_r1mini_description:/workspaces/foxy_ws/src/omorobot_r1_mini/install/omo_r1mini_cartographer:${AMENT_PREFIX_PATH} CMAKE_PREFIX_PATH=/workspaces/foxy_ws/src/omorobot_r1_mini/install/omo_r1mini_navigation2:/workspaces/foxy_ws/src/omorobot_r1_mini/install/omo_r1mini_description:/workspaces/foxy_ws/src/omorobot_r1_mini/install/omo_r1mini_cartographer:/opt/ros/foxy PYTHONPATH=/workspaces/foxy_ws/src/omorobot_r1_mini/build/omo_r1mini_bringup:/workspaces/foxy_ws/src/omorobot_r1_mini/install/omo_r1mini_bringup/lib/python3.8/site-packages:/workspaces/foxy_ws/src/omorobot_r1_mini/build/omo_r1mini_teleop:/workspaces/foxy_ws/src/omorobot_r1_mini/install/omo_r1mini_teleop/lib/python3.8/site-packages:${PYTHONPATH} /usr/bin/cmake --build /workspaces/foxy_ws/src/omorobot_r1_mini/build/omo_r1mini -- -j8 -l8
[8.930s] Invoking command in '/workspaces/foxy_ws/src/omorobot_r1_mini/build/omo_r1mini': AMENT_PREFIX_PATH=/workspaces/foxy_ws/src/omorobot_r1_mini/install/omo_r1mini_bringup:/workspaces/foxy_ws/src/omorobot_r1_mini/install/omo_r1mini_teleop:/workspaces/foxy_ws/src/omorobot_r1_mini/install/omo_r1mini_navigation2:/workspaces/foxy_ws/src/omorobot_r1_mini/install/omo_r1mini_description:/workspaces/foxy_ws/src/omorobot_r1_mini/install/omo_r1mini_cartographer:${AMENT_PREFIX_PATH} CMAKE_PREFIX_PATH=/workspaces/foxy_ws/src/omorobot_r1_mini/install/omo_r1mini_navigation2:/workspaces/foxy_ws/src/omorobot_r1_mini/install/omo_r1mini_description:/workspaces/foxy_ws/src/omorobot_r1_mini/install/omo_r1mini_cartographer:/opt/ros/foxy PYTHONPATH=/workspaces/foxy_ws/src/omorobot_r1_mini/build/omo_r1mini_bringup:/workspaces/foxy_ws/src/omorobot_r1_mini/install/omo_r1mini_bringup/lib/python3.8/site-packages:/workspaces/foxy_ws/src/omorobot_r1_mini/build/omo_r1mini_teleop:/workspaces/foxy_ws/src/omorobot_r1_mini/install/omo_r1mini_teleop/lib/python3.8/site-packages:${PYTHONPATH} /usr/bin/cmake --install /workspaces/foxy_ws/src/omorobot_r1_mini/build/omo_r1mini
[8.957s] -- Install configuration: ""
[8.971s] -- Execute custom install script
[9.028s] -- Symlinking: /workspaces/foxy_ws/src/omorobot_r1_mini/install/omo_r1mini/share/ament_index/resource_index/package_run_dependencies/omo_r1mini
[9.097s] -- Symlinking: /workspaces/foxy_ws/src/omorobot_r1_mini/install/omo_r1mini/share/ament_index/resource_index/parent_prefix_path/omo_r1mini
[9.172s] -- Symlinking: /workspaces/foxy_ws/src/omorobot_r1_mini/install/omo_r1mini/share/omo_r1mini/environment/ament_prefix_path.sh
[9.229s] -- Symlinking: /workspaces/foxy_ws/src/omorobot_r1_mini/install/omo_r1mini/share/omo_r1mini/environment/ament_prefix_path.dsv
[9.290s] -- Symlinking: /workspaces/foxy_ws/src/omorobot_r1_mini/install/omo_r1mini/share/omo_r1mini/environment/path.sh
[9.369s] -- Symlinking: /workspaces/foxy_ws/src/omorobot_r1_mini/install/omo_r1mini/share/omo_r1mini/environment/path.dsv
[9.434s] -- Symlinking: /workspaces/foxy_ws/src/omorobot_r1_mini/install/omo_r1mini/share/omo_r1mini/local_setup.bash
[9.494s] -- Symlinking: /workspaces/foxy_ws/src/omorobot_r1_mini/install/omo_r1mini/share/omo_r1mini/local_setup.sh
[9.563s] -- Symlinking: /workspaces/foxy_ws/src/omorobot_r1_mini/install/omo_r1mini/share/omo_r1mini/local_setup.zsh
[9.634s] -- Symlinking: /workspaces/foxy_ws/src/omorobot_r1_mini/install/omo_r1mini/share/omo_r1mini/local_setup.dsv
[9.738s] -- Symlinking: /workspaces/foxy_ws/src/omorobot_r1_mini/install/omo_r1mini/share/omo_r1mini/package.dsv
[9.807s] -- Symlinking: /workspaces/foxy_ws/src/omorobot_r1_mini/install/omo_r1mini/share/ament_index/resource_index/packages/omo_r1mini
[9.887s] -- Symlinking: /workspaces/foxy_ws/src/omorobot_r1_mini/install/omo_r1mini/share/omo_r1mini/cmake/omo_r1miniConfig.cmake
[9.958s] -- Symlinking: /workspaces/foxy_ws/src/omorobot_r1_mini/install/omo_r1mini/share/omo_r1mini/cmake/omo_r1miniConfig-version.cmake
[10.012s] -- Symlinking: /workspaces/foxy_ws/src/omorobot_r1_mini/install/omo_r1mini/share/omo_r1mini/package.xml
[10.078s] Invoked command in '/workspaces/foxy_ws/src/omorobot_r1_mini/build/omo_r1mini' returned '0': AMENT_PREFIX_PATH=/workspaces/foxy_ws/src/omorobot_r1_mini/install/omo_r1mini_bringup:/workspaces/foxy_ws/src/omorobot_r1_mini/install/omo_r1mini_teleop:/workspaces/foxy_ws/src/omorobot_r1_mini/install/omo_r1mini_navigation2:/workspaces/foxy_ws/src/omorobot_r1_mini/install/omo_r1mini_description:/workspaces/foxy_ws/src/omorobot_r1_mini/install/omo_r1mini_cartographer:${AMENT_PREFIX_PATH} CMAKE_PREFIX_PATH=/workspaces/foxy_ws/src/omorobot_r1_mini/install/omo_r1mini_navigation2:/workspaces/foxy_ws/src/omorobot_r1_mini/install/omo_r1mini_description:/workspaces/foxy_ws/src/omorobot_r1_mini/install/omo_r1mini_cartographer:/opt/ros/foxy PYTHONPATH=/workspaces/foxy_ws/src/omorobot_r1_mini/build/omo_r1mini_bringup:/workspaces/foxy_ws/src/omorobot_r1_mini/install/omo_r1mini_bringup/lib/python3.8/site-packages:/workspaces/foxy_ws/src/omorobot_r1_mini/build/omo_r1mini_teleop:/workspaces/foxy_ws/src/omorobot_r1_mini/install/omo_r1mini_teleop/lib/python3.8/site-packages:${PYTHONPATH} /usr/bin/cmake --install /workspaces/foxy_ws/src/omorobot_r1_mini/build/omo_r1mini
