[0.362s] DEBUG:colcon:Command line arguments: ['/usr/bin/colcon', 'build']
[0.367s] DEBUG:colcon:Parsed command line arguments: Namespace(ament_cmake_args=None, base_paths=['.'], build_base='build', catkin_cmake_args=None, catkin_skip_building_tests=False, cmake_args=None, cmake_clean_cache=False, cmake_clean_first=False, cmake_force_configure=False, cmake_target=None, cmake_target_skip_unavailable=False, continue_on_error=False, event_handlers=None, executor='parallel', ignore_user_meta=False, install_base='install', log_base=None, log_level=None, main=<bound method BuildVerb.main of <colcon_core.verb.build.BuildVerb object at 0x7fe09448d310>>, merge_install=False, metas=['./colcon.meta'], packages_above=None, packages_above_and_dependencies=None, packages_above_depth=None, packages_end=None, packages_ignore=None, packages_ignore_regex=None, packages_select=None, packages_select_build_failed=False, packages_select_by_dep=None, packages_select_regex=None, packages_select_test_failures=False, packages_skip=None, packages_skip_build_finished=False, packages_skip_by_dep=None, packages_skip_regex=None, packages_skip_test_passed=False, packages_skip_up_to=None, packages_start=None, packages_up_to=None, packages_up_to_regex=None, parallel_workers=8, paths=None, symlink_install=False, test_result_base=None, verb_extension=<colcon_core.verb.build.BuildVerb object at 0x7fe09448d310>, verb_name='build', verb_parser=<colcon_defaults.argument_parser.defaults.DefaultArgumentsDecorator object at 0x7fe09448d850>)
[0.379s] Level 1:colcon.colcon_core.package_discovery:discover_packages(colcon_meta) check parameters
[0.380s] Level 1:colcon.colcon_core.package_discovery:discover_packages(recursive) check parameters
[0.381s] Level 1:colcon.colcon_core.package_discovery:discover_packages(ignore) check parameters
[0.382s] Level 1:colcon.colcon_core.package_discovery:discover_packages(path) check parameters
[0.382s] Level 1:colcon.colcon_core.package_discovery:discover_packages(colcon_meta) discover
[0.383s] Level 1:colcon.colcon_core.package_discovery:discover_packages(recursive) discover
[0.385s] INFO:colcon.colcon_core.package_discovery:Crawling recursively for packages in '/workspaces/foxy_ws/src/nav2_slam_example'
[0.387s] Level 1:colcon.colcon_core.package_identification:_identify(.) by extensions ['ignore', 'ignore_ament_install']
[0.390s] Level 1:colcon.colcon_core.package_identification:_identify(.) by extension 'ignore'
[0.396s] Level 1:colcon.colcon_core.package_identification:_identify(.) by extension 'ignore_ament_install'
[0.400s] Level 1:colcon.colcon_core.package_identification:_identify(.) by extensions ['colcon_pkg']
[0.401s] Level 1:colcon.colcon_core.package_identification:_identify(.) by extension 'colcon_pkg'
[0.402s] Level 1:colcon.colcon_core.package_identification:_identify(.) by extensions ['colcon_meta']
[0.403s] Level 1:colcon.colcon_core.package_identification:_identify(.) by extension 'colcon_meta'
[0.404s] Level 1:colcon.colcon_core.package_identification:_identify(.) by extensions ['ros']
[0.404s] Level 1:colcon.colcon_core.package_identification:_identify(.) by extension 'ros'
[0.419s] Level 1:colcon.colcon_core.package_identification:_identify(.) by extensions ['cmake', 'python']
[0.420s] Level 1:colcon.colcon_core.package_identification:_identify(.) by extension 'cmake'
[0.421s] Level 1:colcon.colcon_core.package_identification:_identify(.) by extension 'python'
[0.427s] Level 1:colcon.colcon_core.package_identification:_identify(.) by extensions ['python_setup_py']
[0.428s] Level 1:colcon.colcon_core.package_identification:_identify(.) by extension 'python_setup_py'
[0.429s] Level 1:colcon.colcon_core.package_identification:_identify(build) by extensions ['ignore', 'ignore_ament_install']
[0.430s] Level 1:colcon.colcon_core.package_identification:_identify(build) by extension 'ignore'
[0.431s] Level 1:colcon.colcon_core.package_identification:_identify(build) ignored
[0.432s] Level 1:colcon.colcon_core.package_identification:_identify(install) by extensions ['ignore', 'ignore_ament_install']
[0.433s] Level 1:colcon.colcon_core.package_identification:_identify(install) by extension 'ignore'
[0.433s] Level 1:colcon.colcon_core.package_identification:_identify(install) ignored
[0.436s] Level 1:colcon.colcon_core.package_identification:_identify(log) by extensions ['ignore', 'ignore_ament_install']
[0.437s] Level 1:colcon.colcon_core.package_identification:_identify(log) by extension 'ignore'
[0.437s] Level 1:colcon.colcon_core.package_identification:_identify(log) ignored
[0.438s] Level 1:colcon.colcon_core.package_identification:_identify(src) by extensions ['ignore', 'ignore_ament_install']
[0.438s] Level 1:colcon.colcon_core.package_identification:_identify(src) by extension 'ignore'
[0.439s] Level 1:colcon.colcon_core.package_identification:_identify(src) by extension 'ignore_ament_install'
[0.441s] Level 1:colcon.colcon_core.package_identification:_identify(src) by extensions ['colcon_pkg']
[0.441s] Level 1:colcon.colcon_core.package_identification:_identify(src) by extension 'colcon_pkg'
[0.442s] Level 1:colcon.colcon_core.package_identification:_identify(src) by extensions ['colcon_meta']
[0.443s] Level 1:colcon.colcon_core.package_identification:_identify(src) by extension 'colcon_meta'
[0.443s] Level 1:colcon.colcon_core.package_identification:_identify(src) by extensions ['ros']
[0.444s] Level 1:colcon.colcon_core.package_identification:_identify(src) by extension 'ros'
[0.447s] Level 1:colcon.colcon_core.package_identification:_identify(src) by extensions ['cmake', 'python']
[0.447s] Level 1:colcon.colcon_core.package_identification:_identify(src) by extension 'cmake'
[0.448s] Level 1:colcon.colcon_core.package_identification:_identify(src) by extension 'python'
[0.450s] Level 1:colcon.colcon_core.package_identification:_identify(src) by extensions ['python_setup_py']
[0.450s] Level 1:colcon.colcon_core.package_identification:_identify(src) by extension 'python_setup_py'
[0.451s] Level 1:colcon.colcon_core.package_identification:_identify(src/ROS-TCP-Endpoint) by extensions ['ignore', 'ignore_ament_install']
[0.452s] Level 1:colcon.colcon_core.package_identification:_identify(src/ROS-TCP-Endpoint) by extension 'ignore'
[0.453s] Level 1:colcon.colcon_core.package_identification:_identify(src/ROS-TCP-Endpoint) by extension 'ignore_ament_install'
[0.455s] Level 1:colcon.colcon_core.package_identification:_identify(src/ROS-TCP-Endpoint) by extensions ['colcon_pkg']
[0.456s] Level 1:colcon.colcon_core.package_identification:_identify(src/ROS-TCP-Endpoint) by extension 'colcon_pkg'
[0.457s] Level 1:colcon.colcon_core.package_identification:_identify(src/ROS-TCP-Endpoint) by extensions ['colcon_meta']
[0.457s] Level 1:colcon.colcon_core.package_identification:_identify(src/ROS-TCP-Endpoint) by extension 'colcon_meta'
[0.458s] Level 1:colcon.colcon_core.package_identification:_identify(src/ROS-TCP-Endpoint) by extensions ['ros']
[0.458s] Level 1:colcon.colcon_core.package_identification:_identify(src/ROS-TCP-Endpoint) by extension 'ros'
[0.467s] DEBUG:colcon.colcon_core.package_identification:Package 'src/ROS-TCP-Endpoint' with type 'ros.ament_python' and name 'ros_tcp_endpoint'
[0.468s] Level 1:colcon.colcon_core.package_identification:_identify(src/unity_slam_example) by extensions ['ignore', 'ignore_ament_install']
[0.469s] Level 1:colcon.colcon_core.package_identification:_identify(src/unity_slam_example) by extension 'ignore'
[0.471s] Level 1:colcon.colcon_core.package_identification:_identify(src/unity_slam_example) by extension 'ignore_ament_install'
[0.473s] Level 1:colcon.colcon_core.package_identification:_identify(src/unity_slam_example) by extensions ['colcon_pkg']
[0.473s] Level 1:colcon.colcon_core.package_identification:_identify(src/unity_slam_example) by extension 'colcon_pkg'
[0.475s] Level 1:colcon.colcon_core.package_identification:_identify(src/unity_slam_example) by extensions ['colcon_meta']
[0.475s] Level 1:colcon.colcon_core.package_identification:_identify(src/unity_slam_example) by extension 'colcon_meta'
[0.476s] Level 1:colcon.colcon_core.package_identification:_identify(src/unity_slam_example) by extensions ['ros']
[0.477s] Level 1:colcon.colcon_core.package_identification:_identify(src/unity_slam_example) by extension 'ros'
[0.480s] DEBUG:colcon.colcon_core.package_identification:Package 'src/unity_slam_example' with type 'ros.ament_python' and name 'unity_slam_example'
[0.481s] Level 1:colcon.colcon_core.package_discovery:discover_packages(recursive) using defaults
[0.482s] Level 1:colcon.colcon_core.package_discovery:discover_packages(ignore) discover
[0.482s] Level 1:colcon.colcon_core.package_discovery:discover_packages(ignore) using defaults
[0.483s] Level 1:colcon.colcon_core.package_discovery:discover_packages(path) discover
[0.483s] Level 1:colcon.colcon_core.package_discovery:discover_packages(path) using defaults
[0.507s] Level 5:colcon.colcon_core.verb:set package 'ros_tcp_endpoint' build argument 'cmake_args' from command line to 'None'
[0.509s] Level 5:colcon.colcon_core.verb:set package 'ros_tcp_endpoint' build argument 'cmake_target' from command line to 'None'
[0.510s] Level 5:colcon.colcon_core.verb:set package 'ros_tcp_endpoint' build argument 'cmake_target_skip_unavailable' from command line to 'False'
[0.511s] Level 5:colcon.colcon_core.verb:set package 'ros_tcp_endpoint' build argument 'cmake_clean_cache' from command line to 'False'
[0.511s] Level 5:colcon.colcon_core.verb:set package 'ros_tcp_endpoint' build argument 'cmake_clean_first' from command line to 'False'
[0.512s] Level 5:colcon.colcon_core.verb:set package 'ros_tcp_endpoint' build argument 'cmake_force_configure' from command line to 'False'
[0.512s] Level 5:colcon.colcon_core.verb:set package 'ros_tcp_endpoint' build argument 'ament_cmake_args' from command line to 'None'
[0.513s] Level 5:colcon.colcon_core.verb:set package 'ros_tcp_endpoint' build argument 'catkin_cmake_args' from command line to 'None'
[0.513s] Level 5:colcon.colcon_core.verb:set package 'ros_tcp_endpoint' build argument 'catkin_skip_building_tests' from command line to 'False'
[0.514s] DEBUG:colcon.colcon_core.verb:Building package 'ros_tcp_endpoint' with the following arguments: {'ament_cmake_args': None, 'build_base': '/workspaces/foxy_ws/src/nav2_slam_example/build/ros_tcp_endpoint', 'catkin_cmake_args': None, 'catkin_skip_building_tests': False, 'cmake_args': None, 'cmake_clean_cache': False, 'cmake_clean_first': False, 'cmake_force_configure': False, 'cmake_target': None, 'cmake_target_skip_unavailable': False, 'install_base': '/workspaces/foxy_ws/src/nav2_slam_example/install/ros_tcp_endpoint', 'merge_install': False, 'path': '/workspaces/foxy_ws/src/nav2_slam_example/src/ROS-TCP-Endpoint', 'symlink_install': False, 'test_result_base': None}
[0.517s] Level 5:colcon.colcon_core.verb:set package 'unity_slam_example' build argument 'cmake_args' from command line to 'None'
[0.518s] Level 5:colcon.colcon_core.verb:set package 'unity_slam_example' build argument 'cmake_target' from command line to 'None'
[0.518s] Level 5:colcon.colcon_core.verb:set package 'unity_slam_example' build argument 'cmake_target_skip_unavailable' from command line to 'False'
[0.519s] Level 5:colcon.colcon_core.verb:set package 'unity_slam_example' build argument 'cmake_clean_cache' from command line to 'False'
[0.520s] Level 5:colcon.colcon_core.verb:set package 'unity_slam_example' build argument 'cmake_clean_first' from command line to 'False'
[0.520s] Level 5:colcon.colcon_core.verb:set package 'unity_slam_example' build argument 'cmake_force_configure' from command line to 'False'
[0.521s] Level 5:colcon.colcon_core.verb:set package 'unity_slam_example' build argument 'ament_cmake_args' from command line to 'None'
[0.521s] Level 5:colcon.colcon_core.verb:set package 'unity_slam_example' build argument 'catkin_cmake_args' from command line to 'None'
[0.522s] Level 5:colcon.colcon_core.verb:set package 'unity_slam_example' build argument 'catkin_skip_building_tests' from command line to 'False'
[0.522s] DEBUG:colcon.colcon_core.verb:Building package 'unity_slam_example' with the following arguments: {'ament_cmake_args': None, 'build_base': '/workspaces/foxy_ws/src/nav2_slam_example/build/unity_slam_example', 'catkin_cmake_args': None, 'catkin_skip_building_tests': False, 'cmake_args': None, 'cmake_clean_cache': False, 'cmake_clean_first': False, 'cmake_force_configure': False, 'cmake_target': None, 'cmake_target_skip_unavailable': False, 'install_base': '/workspaces/foxy_ws/src/nav2_slam_example/install/unity_slam_example', 'merge_install': False, 'path': '/workspaces/foxy_ws/src/nav2_slam_example/src/unity_slam_example', 'symlink_install': False, 'test_result_base': None}
[0.526s] INFO:colcon.colcon_core.executor:Executing jobs using 'parallel' executor
[0.531s] DEBUG:colcon.colcon_parallel_executor.executor.parallel:run_until_complete
[0.532s] INFO:colcon.colcon_ros.task.ament_python.build:Building ROS package in '/workspaces/foxy_ws/src/nav2_slam_example/src/ROS-TCP-Endpoint' with build type 'ament_python'
[0.533s] Level 1:colcon.colcon_core.shell:create_environment_hook('ros_tcp_endpoint', 'ament_prefix_path')
[0.539s] INFO:colcon.colcon_core.plugin_system:Skipping extension 'colcon_core.shell.bat': Not used on non-Windows systems
[0.541s] INFO:colcon.colcon_core.shell:Creating environment hook '/workspaces/foxy_ws/src/nav2_slam_example/install/ros_tcp_endpoint/share/ros_tcp_endpoint/hook/ament_prefix_path.ps1'
[0.544s] INFO:colcon.colcon_core.shell:Creating environment descriptor '/workspaces/foxy_ws/src/nav2_slam_example/install/ros_tcp_endpoint/share/ros_tcp_endpoint/hook/ament_prefix_path.dsv'
[0.549s] INFO:colcon.colcon_core.shell:Creating environment hook '/workspaces/foxy_ws/src/nav2_slam_example/install/ros_tcp_endpoint/share/ros_tcp_endpoint/hook/ament_prefix_path.sh'
[0.558s] INFO:colcon.colcon_core.shell:Skip shell extension 'powershell' for command environment: Not usable outside of PowerShell
[0.559s] DEBUG:colcon.colcon_core.shell:Skip shell extension 'dsv' for command environment
[0.586s] DEBUG:colcon.colcon_core.shell:Ignoring prefix path '/opt/ros/foxy'
[0.598s] INFO:colcon.colcon_ros.task.ament_python.build:Building ROS package in '/workspaces/foxy_ws/src/nav2_slam_example/src/unity_slam_example' with build type 'ament_python'
[0.601s] Level 1:colcon.colcon_core.shell:create_environment_hook('unity_slam_example', 'ament_prefix_path')
[0.607s] INFO:colcon.colcon_core.shell:Creating environment hook '/workspaces/foxy_ws/src/nav2_slam_example/install/unity_slam_example/share/unity_slam_example/hook/ament_prefix_path.ps1'
[0.611s] INFO:colcon.colcon_core.shell:Creating environment descriptor '/workspaces/foxy_ws/src/nav2_slam_example/install/unity_slam_example/share/unity_slam_example/hook/ament_prefix_path.dsv'
[0.616s] INFO:colcon.colcon_core.shell:Creating environment hook '/workspaces/foxy_ws/src/nav2_slam_example/install/unity_slam_example/share/unity_slam_example/hook/ament_prefix_path.sh'
[0.620s] INFO:colcon.colcon_core.shell:Skip shell extension 'powershell' for command environment: Not usable outside of PowerShell
[0.621s] DEBUG:colcon.colcon_core.shell:Skip shell extension 'dsv' for command environment
[0.645s] DEBUG:colcon.colcon_core.shell:Ignoring prefix path '/opt/ros/foxy'
[0.981s] INFO:colcon.colcon_core.task.python.build:Building Python package in '/workspaces/foxy_ws/src/nav2_slam_example/src/ROS-TCP-Endpoint'
[0.984s] INFO:colcon.colcon_core.shell:Skip shell extension 'powershell' for command environment: Not usable outside of PowerShell
[0.985s] DEBUG:colcon.colcon_core.shell:Skip shell extension 'dsv' for command environment
[1.004s] DEBUG:colcon.colcon_core.shell:Ignoring prefix path '/opt/ros/foxy'
[1.333s] INFO:colcon.colcon_core.task.python.build:Building Python package in '/workspaces/foxy_ws/src/nav2_slam_example/src/unity_slam_example'
[1.335s] INFO:colcon.colcon_core.shell:Skip shell extension 'powershell' for command environment: Not usable outside of PowerShell
[1.336s] DEBUG:colcon.colcon_core.shell:Skip shell extension 'dsv' for command environment
[1.356s] DEBUG:colcon.colcon_core.shell:Ignoring prefix path '/opt/ros/foxy'
[1.406s] DEBUG:colcon.colcon_core.event_handler.log_command:Invoking command in '/workspaces/foxy_ws/src/nav2_slam_example/build/ros_tcp_endpoint': PYTHONPATH=/workspaces/foxy_ws/src/nav2_slam_example/install/ros_tcp_endpoint/lib/python3.8/site-packages:${PYTHONPATH} /usr/bin/python3 setup.py develop --prefix /workspaces/foxy_ws/src/nav2_slam_example/install/ros_tcp_endpoint --uninstall --editable --build-directory /workspaces/foxy_ws/src/nav2_slam_example/build/ros_tcp_endpoint/build
[1.427s] DEBUG:colcon.colcon_core.event_handler.log_command:Invoking command in '/workspaces/foxy_ws/src/nav2_slam_example/build/unity_slam_example': PYTHONPATH=/workspaces/foxy_ws/src/nav2_slam_example/install/unity_slam_example/lib/python3.8/site-packages:${PYTHONPATH} /usr/bin/python3 setup.py develop --prefix /workspaces/foxy_ws/src/nav2_slam_example/install/unity_slam_example --uninstall --editable --build-directory /workspaces/foxy_ws/src/nav2_slam_example/build/unity_slam_example/build
[1.935s] DEBUG:colcon.colcon_core.event_handler.log_command:Invoked command in '/workspaces/foxy_ws/src/nav2_slam_example/build/ros_tcp_endpoint' returned '0': PYTHONPATH=/workspaces/foxy_ws/src/nav2_slam_example/install/ros_tcp_endpoint/lib/python3.8/site-packages:${PYTHONPATH} /usr/bin/python3 setup.py develop --prefix /workspaces/foxy_ws/src/nav2_slam_example/install/ros_tcp_endpoint --uninstall --editable --build-directory /workspaces/foxy_ws/src/nav2_slam_example/build/ros_tcp_endpoint/build
[1.941s] DEBUG:colcon.colcon_core.event_handler.log_command:Invoking command in '/workspaces/foxy_ws/src/nav2_slam_example/src/ROS-TCP-Endpoint': PYTHONPATH=/workspaces/foxy_ws/src/nav2_slam_example/install/ros_tcp_endpoint/lib/python3.8/site-packages:${PYTHONPATH} /usr/bin/python3 setup.py egg_info --egg-base ../../build/ros_tcp_endpoint build --build-base /workspaces/foxy_ws/src/nav2_slam_example/build/ros_tcp_endpoint/build install --prefix /workspaces/foxy_ws/src/nav2_slam_example/install/ros_tcp_endpoint --record /workspaces/foxy_ws/src/nav2_slam_example/build/ros_tcp_endpoint/install.log --single-version-externally-managed
[1.993s] DEBUG:colcon.colcon_core.event_handler.log_command:Invoked command in '/workspaces/foxy_ws/src/nav2_slam_example/build/unity_slam_example' returned '0': PYTHONPATH=/workspaces/foxy_ws/src/nav2_slam_example/install/unity_slam_example/lib/python3.8/site-packages:${PYTHONPATH} /usr/bin/python3 setup.py develop --prefix /workspaces/foxy_ws/src/nav2_slam_example/install/unity_slam_example --uninstall --editable --build-directory /workspaces/foxy_ws/src/nav2_slam_example/build/unity_slam_example/build
[1.998s] DEBUG:colcon.colcon_core.event_handler.log_command:Invoking command in '/workspaces/foxy_ws/src/nav2_slam_example/src/unity_slam_example': PYTHONPATH=/workspaces/foxy_ws/src/nav2_slam_example/install/unity_slam_example/lib/python3.8/site-packages:${PYTHONPATH} /usr/bin/python3 setup.py egg_info --egg-base ../../build/unity_slam_example build --build-base /workspaces/foxy_ws/src/nav2_slam_example/build/unity_slam_example/build install --prefix /workspaces/foxy_ws/src/nav2_slam_example/install/unity_slam_example --record /workspaces/foxy_ws/src/nav2_slam_example/build/unity_slam_example/install.log --single-version-externally-managed
[2.520s] Level 1:colcon.colcon_core.environment:checking '/workspaces/foxy_ws/src/nav2_slam_example/install/unity_slam_example' for CMake module files
[2.524s] DEBUG:colcon.colcon_core.event_handler.log_command:Invoked command in '/workspaces/foxy_ws/src/nav2_slam_example/src/unity_slam_example' returned '0': PYTHONPATH=/workspaces/foxy_ws/src/nav2_slam_example/install/unity_slam_example/lib/python3.8/site-packages:${PYTHONPATH} /usr/bin/python3 setup.py egg_info --egg-base ../../build/unity_slam_example build --build-base /workspaces/foxy_ws/src/nav2_slam_example/build/unity_slam_example/build install --prefix /workspaces/foxy_ws/src/nav2_slam_example/install/unity_slam_example --record /workspaces/foxy_ws/src/nav2_slam_example/build/unity_slam_example/install.log --single-version-externally-managed
[2.555s] Level 1:colcon.colcon_core.environment:checking '/workspaces/foxy_ws/src/nav2_slam_example/install/unity_slam_example' for CMake config files
[2.563s] Level 1:colcon.colcon_core.environment:checking '/workspaces/foxy_ws/src/nav2_slam_example/install/unity_slam_example/lib'
[2.569s] Level 1:colcon.colcon_core.environment:checking '/workspaces/foxy_ws/src/nav2_slam_example/install/unity_slam_example/bin'
[2.571s] Level 1:colcon.colcon_core.environment:checking '/workspaces/foxy_ws/src/nav2_slam_example/install/unity_slam_example/lib/pkgconfig/unity_slam_example.pc'
[2.577s] Level 1:colcon.colcon_core.environment:checking '/workspaces/foxy_ws/src/nav2_slam_example/install/unity_slam_example/lib/python3.8/site-packages'
[2.580s] Level 1:colcon.colcon_core.shell:create_environment_hook('unity_slam_example', 'pythonpath')
[2.583s] INFO:colcon.colcon_core.shell:Creating environment hook '/workspaces/foxy_ws/src/nav2_slam_example/install/unity_slam_example/share/unity_slam_example/hook/pythonpath.ps1'
[2.589s] INFO:colcon.colcon_core.shell:Creating environment descriptor '/workspaces/foxy_ws/src/nav2_slam_example/install/unity_slam_example/share/unity_slam_example/hook/pythonpath.dsv'
[2.600s] INFO:colcon.colcon_core.shell:Creating environment hook '/workspaces/foxy_ws/src/nav2_slam_example/install/unity_slam_example/share/unity_slam_example/hook/pythonpath.sh'
[2.606s] Level 1:colcon.colcon_core.environment:create_environment_scripts_only(unity_slam_example)
[2.608s] INFO:colcon.colcon_core.shell:Creating package script '/workspaces/foxy_ws/src/nav2_slam_example/install/unity_slam_example/share/unity_slam_example/package.ps1'
[2.618s] INFO:colcon.colcon_core.shell:Creating package descriptor '/workspaces/foxy_ws/src/nav2_slam_example/install/unity_slam_example/share/unity_slam_example/package.dsv'
[2.626s] INFO:colcon.colcon_core.shell:Creating package script '/workspaces/foxy_ws/src/nav2_slam_example/install/unity_slam_example/share/unity_slam_example/package.sh'
[2.634s] INFO:colcon.colcon_core.shell:Creating package script '/workspaces/foxy_ws/src/nav2_slam_example/install/unity_slam_example/share/unity_slam_example/package.bash'
[2.648s] INFO:colcon.colcon_core.shell:Creating package script '/workspaces/foxy_ws/src/nav2_slam_example/install/unity_slam_example/share/unity_slam_example/package.zsh'
[2.655s] Level 1:colcon.colcon_core.environment:create_file_with_runtime_dependencies(/workspaces/foxy_ws/src/nav2_slam_example/install/unity_slam_example/share/colcon-core/packages/unity_slam_example)
[3.084s] Level 1:colcon.colcon_core.environment:checking '/workspaces/foxy_ws/src/nav2_slam_example/install/ros_tcp_endpoint' for CMake module files
[3.088s] DEBUG:colcon.colcon_core.event_handler.log_command:Invoked command in '/workspaces/foxy_ws/src/nav2_slam_example/src/ROS-TCP-Endpoint' returned '0': PYTHONPATH=/workspaces/foxy_ws/src/nav2_slam_example/install/ros_tcp_endpoint/lib/python3.8/site-packages:${PYTHONPATH} /usr/bin/python3 setup.py egg_info --egg-base ../../build/ros_tcp_endpoint build --build-base /workspaces/foxy_ws/src/nav2_slam_example/build/ros_tcp_endpoint/build install --prefix /workspaces/foxy_ws/src/nav2_slam_example/install/ros_tcp_endpoint --record /workspaces/foxy_ws/src/nav2_slam_example/build/ros_tcp_endpoint/install.log --single-version-externally-managed
[3.107s] Level 1:colcon.colcon_core.environment:checking '/workspaces/foxy_ws/src/nav2_slam_example/install/ros_tcp_endpoint' for CMake config files
[3.111s] Level 1:colcon.colcon_core.environment:checking '/workspaces/foxy_ws/src/nav2_slam_example/install/ros_tcp_endpoint/lib'
[3.112s] Level 1:colcon.colcon_core.environment:checking '/workspaces/foxy_ws/src/nav2_slam_example/install/ros_tcp_endpoint/bin'
[3.114s] Level 1:colcon.colcon_core.environment:checking '/workspaces/foxy_ws/src/nav2_slam_example/install/ros_tcp_endpoint/lib/pkgconfig/ros_tcp_endpoint.pc'
[3.115s] Level 1:colcon.colcon_core.environment:checking '/workspaces/foxy_ws/src/nav2_slam_example/install/ros_tcp_endpoint/lib/python3.8/site-packages'
[3.116s] Level 1:colcon.colcon_core.shell:create_environment_hook('ros_tcp_endpoint', 'pythonpath')
[3.117s] INFO:colcon.colcon_core.shell:Creating environment hook '/workspaces/foxy_ws/src/nav2_slam_example/install/ros_tcp_endpoint/share/ros_tcp_endpoint/hook/pythonpath.ps1'
[3.121s] INFO:colcon.colcon_core.shell:Creating environment descriptor '/workspaces/foxy_ws/src/nav2_slam_example/install/ros_tcp_endpoint/share/ros_tcp_endpoint/hook/pythonpath.dsv'
[3.124s] INFO:colcon.colcon_core.shell:Creating environment hook '/workspaces/foxy_ws/src/nav2_slam_example/install/ros_tcp_endpoint/share/ros_tcp_endpoint/hook/pythonpath.sh'
[3.128s] Level 1:colcon.colcon_core.environment:create_environment_scripts_only(ros_tcp_endpoint)
[3.129s] INFO:colcon.colcon_core.shell:Creating package script '/workspaces/foxy_ws/src/nav2_slam_example/install/ros_tcp_endpoint/share/ros_tcp_endpoint/package.ps1'
[3.139s] INFO:colcon.colcon_core.shell:Creating package descriptor '/workspaces/foxy_ws/src/nav2_slam_example/install/ros_tcp_endpoint/share/ros_tcp_endpoint/package.dsv'
[3.144s] INFO:colcon.colcon_core.shell:Creating package script '/workspaces/foxy_ws/src/nav2_slam_example/install/ros_tcp_endpoint/share/ros_tcp_endpoint/package.sh'
[3.149s] INFO:colcon.colcon_core.shell:Creating package script '/workspaces/foxy_ws/src/nav2_slam_example/install/ros_tcp_endpoint/share/ros_tcp_endpoint/package.bash'
[3.153s] INFO:colcon.colcon_core.shell:Creating package script '/workspaces/foxy_ws/src/nav2_slam_example/install/ros_tcp_endpoint/share/ros_tcp_endpoint/package.zsh'
[3.157s] Level 1:colcon.colcon_core.environment:create_file_with_runtime_dependencies(/workspaces/foxy_ws/src/nav2_slam_example/install/ros_tcp_endpoint/share/colcon-core/packages/ros_tcp_endpoint)
[3.161s] DEBUG:colcon.colcon_parallel_executor.executor.parallel:closing loop
[3.162s] DEBUG:colcon.colcon_parallel_executor.executor.parallel:loop closed
[3.168s] DEBUG:colcon.colcon_parallel_executor.executor.parallel:run_until_complete finished with '0'
[3.171s] DEBUG:colcon.colcon_core.event_reactor:joining thread
[3.184s] INFO:colcon.colcon_core.plugin_system:Skipping extension 'colcon_notification.desktop_notification.notify_send': Could not find 'notify-send'
[3.184s] INFO:colcon.colcon_core.plugin_system:Skipping extension 'colcon_notification.desktop_notification.terminal_notifier': Not used on non-Darwin systems
[3.186s] INFO:colcon.colcon_core.plugin_system:Skipping extension 'colcon_notification.desktop_notification.win32': Not used on non-Windows systems
[3.187s] INFO:colcon.colcon_notification.desktop_notification:Sending desktop notification using 'notify2'
[3.203s] DEBUG:colcon.colcon_notification.desktop_notification.notify2:Failed to initialize notify2: org.freedesktop.DBus.Error.ServiceUnknown: The name org.freedesktop.Notifications was not provided by any .service files
[3.204s] DEBUG:colcon.colcon_core.event_reactor:joined thread
[3.206s] INFO:colcon.colcon_core.shell:Creating prefix script '/workspaces/foxy_ws/src/nav2_slam_example/install/local_setup.ps1'
[3.216s] INFO:colcon.colcon_core.shell:Creating prefix util module '/workspaces/foxy_ws/src/nav2_slam_example/install/_local_setup_util_ps1.py'
[3.221s] INFO:colcon.colcon_core.shell:Creating prefix chain script '/workspaces/foxy_ws/src/nav2_slam_example/install/setup.ps1'
[3.263s] INFO:colcon.colcon_core.shell:Creating prefix script '/workspaces/foxy_ws/src/nav2_slam_example/install/local_setup.sh'
[3.267s] INFO:colcon.colcon_core.shell:Creating prefix util module '/workspaces/foxy_ws/src/nav2_slam_example/install/_local_setup_util_sh.py'
[3.271s] INFO:colcon.colcon_core.shell:Creating prefix chain script '/workspaces/foxy_ws/src/nav2_slam_example/install/setup.sh'
[3.295s] INFO:colcon.colcon_core.shell:Creating prefix script '/workspaces/foxy_ws/src/nav2_slam_example/install/local_setup.bash'
[3.301s] INFO:colcon.colcon_core.shell:Creating prefix chain script '/workspaces/foxy_ws/src/nav2_slam_example/install/setup.bash'
[3.330s] INFO:colcon.colcon_core.shell:Creating prefix script '/workspaces/foxy_ws/src/nav2_slam_example/install/local_setup.zsh'
[3.334s] INFO:colcon.colcon_core.shell:Creating prefix chain script '/workspaces/foxy_ws/src/nav2_slam_example/install/setup.zsh'
