/workspaces/foxy_ws/src/omorobot_r1_mini/src/install/omo_r1mini_bringup/lib/python3.8/site-packages/omo_r1mini_bringup/__init__.py
/workspaces/foxy_ws/src/omorobot_r1_mini/src/install/omo_r1mini_bringup/lib/python3.8/site-packages/omo_r1mini_bringup/scripts/__init__.py
/workspaces/foxy_ws/src/omorobot_r1_mini/src/install/omo_r1mini_bringup/lib/python3.8/site-packages/omo_r1mini_bringup/scripts/omo_r1mini_mcu_node.py
/workspaces/foxy_ws/src/omorobot_r1_mini/src/install/omo_r1mini_bringup/lib/python3.8/site-packages/omo_r1mini_bringup/scripts/omo_r1mini_motor_setting_node.py
/workspaces/foxy_ws/src/omorobot_r1_mini/src/install/omo_r1mini_bringup/lib/python3.8/site-packages/omo_r1mini_bringup/scripts/calc/__init__.py
/workspaces/foxy_ws/src/omorobot_r1_mini/src/install/omo_r1mini_bringup/lib/python3.8/site-packages/omo_r1mini_bringup/scripts/calc/quaternion_from_euler.py
/workspaces/foxy_ws/src/omorobot_r1_mini/src/install/omo_r1mini_bringup/lib/python3.8/site-packages/omo_r1mini_bringup/scripts/driver/__init__.py
/workspaces/foxy_ws/src/omorobot_r1_mini/src/install/omo_r1mini_bringup/lib/python3.8/site-packages/omo_r1mini_bringup/scripts/driver/packet.py
/workspaces/foxy_ws/src/omorobot_r1_mini/src/install/omo_r1mini_bringup/lib/python3.8/site-packages/omo_r1mini_bringup/scripts/driver/port.py
/workspaces/foxy_ws/src/omorobot_r1_mini/src/install/omo_r1mini_bringup/lib/python3.8/site-packages/omo_r1mini_bringup/scripts/driver/template.py
/workspaces/foxy_ws/src/omorobot_r1_mini/src/install/omo_r1mini_bringup/lib/python3.8/site-packages/omo_r1mini_bringup/__pycache__/__init__.cpython-38.pyc
/workspaces/foxy_ws/src/omorobot_r1_mini/src/install/omo_r1mini_bringup/lib/python3.8/site-packages/omo_r1mini_bringup/scripts/__pycache__/__init__.cpython-38.pyc
/workspaces/foxy_ws/src/omorobot_r1_mini/src/install/omo_r1mini_bringup/lib/python3.8/site-packages/omo_r1mini_bringup/scripts/__pycache__/omo_r1mini_mcu_node.cpython-38.pyc
/workspaces/foxy_ws/src/omorobot_r1_mini/src/install/omo_r1mini_bringup/lib/python3.8/site-packages/omo_r1mini_bringup/scripts/__pycache__/omo_r1mini_motor_setting_node.cpython-38.pyc
/workspaces/foxy_ws/src/omorobot_r1_mini/src/install/omo_r1mini_bringup/lib/python3.8/site-packages/omo_r1mini_bringup/scripts/calc/__pycache__/__init__.cpython-38.pyc
/workspaces/foxy_ws/src/omorobot_r1_mini/src/install/omo_r1mini_bringup/lib/python3.8/site-packages/omo_r1mini_bringup/scripts/calc/__pycache__/quaternion_from_euler.cpython-38.pyc
/workspaces/foxy_ws/src/omorobot_r1_mini/src/install/omo_r1mini_bringup/lib/python3.8/site-packages/omo_r1mini_bringup/scripts/driver/__pycache__/__init__.cpython-38.pyc
/workspaces/foxy_ws/src/omorobot_r1_mini/src/install/omo_r1mini_bringup/lib/python3.8/site-packages/omo_r1mini_bringup/scripts/driver/__pycache__/packet.cpython-38.pyc
/workspaces/foxy_ws/src/omorobot_r1_mini/src/install/omo_r1mini_bringup/lib/python3.8/site-packages/omo_r1mini_bringup/scripts/driver/__pycache__/port.cpython-38.pyc
/workspaces/foxy_ws/src/omorobot_r1_mini/src/install/omo_r1mini_bringup/lib/python3.8/site-packages/omo_r1mini_bringup/scripts/driver/__pycache__/template.cpython-38.pyc
/workspaces/foxy_ws/src/omorobot_r1_mini/src/install/omo_r1mini_bringup/share/ament_index/resource_index/packages/omo_r1mini_bringup
/workspaces/foxy_ws/src/omorobot_r1_mini/src/install/omo_r1mini_bringup/share/omo_r1mini_bringup/package.xml
/workspaces/foxy_ws/src/omorobot_r1_mini/src/install/omo_r1mini_bringup/share/omo_r1mini_bringup/launch/omo_r1mini_bringup.launch.py
/workspaces/foxy_ws/src/omorobot_r1_mini/src/install/omo_r1mini_bringup/share/omo_r1mini_bringup/launch/omo_r1mini_lidar.launch.py
/workspaces/foxy_ws/src/omorobot_r1_mini/src/install/omo_r1mini_bringup/share/omo_r1mini_bringup/launch/omo_r1mini_mcu.launch.py
/workspaces/foxy_ws/src/omorobot_r1_mini/src/install/omo_r1mini_bringup/share/omo_r1mini_bringup/launch/omo_r1mini_motor_setting.launch.py
/workspaces/foxy_ws/src/omorobot_r1_mini/src/install/omo_r1mini_bringup/share/omo_r1mini_bringup/param/omo_r1mini_lidar.yaml
/workspaces/foxy_ws/src/omorobot_r1_mini/src/install/omo_r1mini_bringup/share/omo_r1mini_bringup/param/omo_r1mini_mcu.yaml
/workspaces/foxy_ws/src/omorobot_r1_mini/src/install/omo_r1mini_bringup/lib/python3.8/site-packages/omo_r1mini_bringup-0.0.1-py3.8.egg-info/PKG-INFO
/workspaces/foxy_ws/src/omorobot_r1_mini/src/install/omo_r1mini_bringup/lib/python3.8/site-packages/omo_r1mini_bringup-0.0.1-py3.8.egg-info/SOURCES.txt
/workspaces/foxy_ws/src/omorobot_r1_mini/src/install/omo_r1mini_bringup/lib/python3.8/site-packages/omo_r1mini_bringup-0.0.1-py3.8.egg-info/dependency_links.txt
/workspaces/foxy_ws/src/omorobot_r1_mini/src/install/omo_r1mini_bringup/lib/python3.8/site-packages/omo_r1mini_bringup-0.0.1-py3.8.egg-info/entry_points.txt
/workspaces/foxy_ws/src/omorobot_r1_mini/src/install/omo_r1mini_bringup/lib/python3.8/site-packages/omo_r1mini_bringup-0.0.1-py3.8.egg-info/requires.txt
/workspaces/foxy_ws/src/omorobot_r1_mini/src/install/omo_r1mini_bringup/lib/python3.8/site-packages/omo_r1mini_bringup-0.0.1-py3.8.egg-info/top_level.txt
/workspaces/foxy_ws/src/omorobot_r1_mini/src/install/omo_r1mini_bringup/lib/python3.8/site-packages/omo_r1mini_bringup-0.0.1-py3.8.egg-info/zip-safe
/workspaces/foxy_ws/src/omorobot_r1_mini/src/install/omo_r1mini_bringup/lib/omo_r1mini_bringup/omo_r1mini_mcu_node
/workspaces/foxy_ws/src/omorobot_r1_mini/src/install/omo_r1mini_bringup/lib/omo_r1mini_bringup/omo_r1mini_motor_setting_node
