[0.306s] Invoking command in '/workspaces/foxy_ws/src/gcamp_ros2_ws/build/cpp_action_pkg': AMENT_PREFIX_PATH=/workspaces/foxy_ws/src/gcamp_ros2_ws/install/custom_interfaces:${AMENT_PREFIX_PATH} CMAKE_PREFIX_PATH=/workspaces/foxy_ws/src/gcamp_ros2_ws/install/custom_interfaces:/opt/ros/foxy LD_LIBRARY_PATH=/workspaces/foxy_ws/src/gcamp_ros2_ws/install/custom_interfaces/lib:${LD_LIBRARY_PATH} PYTHONPATH=/workspaces/foxy_ws/src/gcamp_ros2_ws/install/custom_interfaces/lib/python3.8/site-packages:${PYTHONPATH} /usr/bin/cmake /workspaces/foxy_ws/src/gcamp_ros2_ws/src/gcamp_ros2_basic/cpp_action_pkg -DAMENT_CMAKE_SYMLINK_INSTALL=1 -DCMAKE_INSTALL_PREFIX=/workspaces/foxy_ws/src/gcamp_ros2_ws/install/cpp_action_pkg
[0.842s] -- The C compiler identification is GNU 9.3.0
[1.364s] -- The CXX compiler identification is GNU 9.3.0
[1.469s] -- Check for working C compiler: /usr/bin/cc
[2.828s] -- Check for working C compiler: /usr/bin/cc -- works
[2.835s] -- Detecting C compiler ABI info
[3.909s] -- Detecting C compiler ABI info - done
[3.935s] -- Detecting C compile features
[3.945s] -- Detecting C compile features - done
[3.973s] -- Check for working CXX compiler: /usr/bin/c++
[4.801s] -- Check for working CXX compiler: /usr/bin/c++ -- works
[4.805s] -- Detecting CXX compiler ABI info
[5.650s] -- Detecting CXX compiler ABI info - done
[5.676s] -- Detecting CXX compile features
[5.679s] -- Detecting CXX compile features - done
[5.731s] -- Found ament_cmake: 0.9.8 (/opt/ros/foxy/share/ament_cmake/cmake)
[5.814s] -- Found PythonInterp: /usr/bin/python3 (found suitable version "3.8.10", minimum required is "3") 
[5.817s] -- Using PYTHON_EXECUTABLE: /usr/bin/python3
[6.144s] -- Override CMake install command with custom implementation using symlinks instead of copying resources
[6.380s] -- Found rclcpp: 2.3.1 (/opt/ros/foxy/share/rclcpp/cmake)
[6.532s] -- Using all available rosidl_typesupport_c: rosidl_typesupport_fastrtps_c;rosidl_typesupport_introspection_c
[6.573s] -- Found rosidl_adapter: 1.2.1 (/opt/ros/foxy/share/rosidl_adapter/cmake)
[6.993s] -- Found OpenSSL: /usr/lib/x86_64-linux-gnu/libcrypto.so (found version "1.1.1f")  
[7.088s] -- Found FastRTPS: /opt/ros/foxy/include  
[7.268s] -- Using all available rosidl_typesupport_cpp: rosidl_typesupport_fastrtps_cpp;rosidl_typesupport_introspection_cpp
[7.391s] -- Found rmw_implementation_cmake: 1.0.3 (/opt/ros/foxy/share/rmw_implementation_cmake/cmake)
[7.401s] -- Using RMW implementation 'rmw_fastrtps_cpp' as default
[7.432s] -- Looking for pthread.h
[8.310s] -- Looking for pthread.h - found
[8.319s] -- Performing Test CMAKE_HAVE_LIBC_PTHREAD
[9.139s] -- Performing Test CMAKE_HAVE_LIBC_PTHREAD - Failed
[9.143s] -- Looking for pthread_create in pthreads
[9.904s] -- Looking for pthread_create in pthreads - not found
[9.907s] -- Looking for pthread_create in pthread
[10.783s] -- Looking for pthread_create in pthread - found
[10.789s] -- Found Threads: TRUE  
[11.064s] -- Found rclcpp_action: 2.3.1 (/opt/ros/foxy/share/rclcpp_action/cmake)
[11.194s] -- Found rclcpp_components: 2.3.1 (/opt/ros/foxy/share/rclcpp_components/cmake)
[11.347s] -- Found custom_interfaces: 0.0.0 (/workspaces/foxy_ws/src/gcamp_ros2_ws/install/custom_interfaces/share/custom_interfaces/cmake)
[11.509s] -- Found ament_lint_auto: 0.9.6 (/opt/ros/foxy/share/ament_lint_auto/cmake)
[11.947s] -- Added test 'copyright' to check source files copyright and LICENSE
[11.970s] -- Added test 'cppcheck' to perform static code analysis on C / C++ code
[11.978s] -- Configured cppcheck include dirs: 
[11.988s] -- Configured cppcheck exclude dirs and/or files: 
[11.994s] -- Added test 'cpplint' to check C / C++ code against the Google style
[11.997s] -- Configured cpplint exclude dirs and/or files: 
[12.005s] -- Added test 'lint_cmake' to check CMake code style
[12.012s] -- Added test 'uncrustify' to check C / C++ code style
[12.017s] -- Configured uncrustify additional arguments: 
[12.023s] -- Added test 'xmllint' to check XML markup files
[12.188s] -- Configuring done
[13.074s] -- Generating done
[13.267s] -- Build files have been written to: /workspaces/foxy_ws/src/gcamp_ros2_ws/build/cpp_action_pkg
[13.277s] Invoked command in '/workspaces/foxy_ws/src/gcamp_ros2_ws/build/cpp_action_pkg' returned '0': AMENT_PREFIX_PATH=/workspaces/foxy_ws/src/gcamp_ros2_ws/install/custom_interfaces:${AMENT_PREFIX_PATH} CMAKE_PREFIX_PATH=/workspaces/foxy_ws/src/gcamp_ros2_ws/install/custom_interfaces:/opt/ros/foxy LD_LIBRARY_PATH=/workspaces/foxy_ws/src/gcamp_ros2_ws/install/custom_interfaces/lib:${LD_LIBRARY_PATH} PYTHONPATH=/workspaces/foxy_ws/src/gcamp_ros2_ws/install/custom_interfaces/lib/python3.8/site-packages:${PYTHONPATH} /usr/bin/cmake /workspaces/foxy_ws/src/gcamp_ros2_ws/src/gcamp_ros2_basic/cpp_action_pkg -DAMENT_CMAKE_SYMLINK_INSTALL=1 -DCMAKE_INSTALL_PREFIX=/workspaces/foxy_ws/src/gcamp_ros2_ws/install/cpp_action_pkg
[13.287s] Invoking command in '/workspaces/foxy_ws/src/gcamp_ros2_ws/build/cpp_action_pkg': AMENT_PREFIX_PATH=/workspaces/foxy_ws/src/gcamp_ros2_ws/install/custom_interfaces:${AMENT_PREFIX_PATH} CMAKE_PREFIX_PATH=/workspaces/foxy_ws/src/gcamp_ros2_ws/install/custom_interfaces:/opt/ros/foxy LD_LIBRARY_PATH=/workspaces/foxy_ws/src/gcamp_ros2_ws/install/custom_interfaces/lib:${LD_LIBRARY_PATH} PYTHONPATH=/workspaces/foxy_ws/src/gcamp_ros2_ws/install/custom_interfaces/lib/python3.8/site-packages:${PYTHONPATH} /usr/bin/cmake --build /workspaces/foxy_ws/src/gcamp_ros2_ws/build/cpp_action_pkg -- -j8 -l8
[13.709s] [35m[1mScanning dependencies of target fibonacci_action_server_oop_node[0m
[19.277s] [ 12%] [32mBuilding CXX object CMakeFiles/fibonacci_action_server_oop_node.dir/src/fibonacci_action_server_oop.cpp.o[0m
[25.540s] [ 25%] [32m[1mLinking CXX executable fibonacci_action_server_oop_node[0m
[30.112s] [ 25%] Built target fibonacci_action_server_oop_node
[30.275s] [35m[1mScanning dependencies of target fibonacci_action_client_node[0m
[30.292s] [35m[1mScanning dependencies of target fibonacci_action_server_node[0m
[30.299s] [35m[1mScanning dependencies of target fibonacci_action_client_oop_node[0m
[37.745s] [ 37%] [32mBuilding CXX object CMakeFiles/fibonacci_action_client_node.dir/src/fibonacci_action_client.cpp.o[0m
[37.846s] [ 50%] [32mBuilding CXX object CMakeFiles/fibonacci_action_server_node.dir/src/fibonacci_action_server.cpp.o[0m
[38.049s] [ 62%] [32mBuilding CXX object CMakeFiles/fibonacci_action_client_oop_node.dir/src/fibonacci_action_client_oop.cpp.o[0m
[48.019s] [ 75%] [32m[1mLinking CXX executable fibonacci_action_server_node[0m
[49.263s] [ 87%] [32m[1mLinking CXX executable fibonacci_action_client_node[0m
[50.780s] [100%] [32m[1mLinking CXX executable fibonacci_action_client_oop_node[0m
[53.053s] [100%] Built target fibonacci_action_server_node
[55.666s] [100%] Built target fibonacci_action_client_node
[56.979s] [100%] Built target fibonacci_action_client_oop_node
[57.060s] Invoked command in '/workspaces/foxy_ws/src/gcamp_ros2_ws/build/cpp_action_pkg' returned '0': AMENT_PREFIX_PATH=/workspaces/foxy_ws/src/gcamp_ros2_ws/install/custom_interfaces:${AMENT_PREFIX_PATH} CMAKE_PREFIX_PATH=/workspaces/foxy_ws/src/gcamp_ros2_ws/install/custom_interfaces:/opt/ros/foxy LD_LIBRARY_PATH=/workspaces/foxy_ws/src/gcamp_ros2_ws/install/custom_interfaces/lib:${LD_LIBRARY_PATH} PYTHONPATH=/workspaces/foxy_ws/src/gcamp_ros2_ws/install/custom_interfaces/lib/python3.8/site-packages:${PYTHONPATH} /usr/bin/cmake --build /workspaces/foxy_ws/src/gcamp_ros2_ws/build/cpp_action_pkg -- -j8 -l8
[57.126s] Invoking command in '/workspaces/foxy_ws/src/gcamp_ros2_ws/build/cpp_action_pkg': AMENT_PREFIX_PATH=/workspaces/foxy_ws/src/gcamp_ros2_ws/install/custom_interfaces:${AMENT_PREFIX_PATH} CMAKE_PREFIX_PATH=/workspaces/foxy_ws/src/gcamp_ros2_ws/install/custom_interfaces:/opt/ros/foxy LD_LIBRARY_PATH=/workspaces/foxy_ws/src/gcamp_ros2_ws/install/custom_interfaces/lib:${LD_LIBRARY_PATH} PYTHONPATH=/workspaces/foxy_ws/src/gcamp_ros2_ws/install/custom_interfaces/lib/python3.8/site-packages:${PYTHONPATH} /usr/bin/cmake --install /workspaces/foxy_ws/src/gcamp_ros2_ws/build/cpp_action_pkg
[57.193s] -- Install configuration: ""
[57.208s] -- Execute custom install script
[57.231s] -- Symlinking: /workspaces/foxy_ws/src/gcamp_ros2_ws/install/cpp_action_pkg/lib/cpp_action_pkg/fibonacci_action_client_node
[57.346s] -- Symlinking: /workspaces/foxy_ws/src/gcamp_ros2_ws/install/cpp_action_pkg/lib/cpp_action_pkg/fibonacci_action_client_oop_node
[57.406s] -- Symlinking: /workspaces/foxy_ws/src/gcamp_ros2_ws/install/cpp_action_pkg/lib/cpp_action_pkg/fibonacci_action_server_node
[57.461s] -- Symlinking: /workspaces/foxy_ws/src/gcamp_ros2_ws/install/cpp_action_pkg/lib/cpp_action_pkg/fibonacci_action_server_oop_node
[57.542s] -- Symlinking: /workspaces/foxy_ws/src/gcamp_ros2_ws/install/cpp_action_pkg/share/ament_index/resource_index/package_run_dependencies/cpp_action_pkg
[57.614s] -- Symlinking: /workspaces/foxy_ws/src/gcamp_ros2_ws/install/cpp_action_pkg/share/ament_index/resource_index/parent_prefix_path/cpp_action_pkg
[57.679s] -- Symlinking: /workspaces/foxy_ws/src/gcamp_ros2_ws/install/cpp_action_pkg/share/cpp_action_pkg/environment/ament_prefix_path.sh
[57.752s] -- Symlinking: /workspaces/foxy_ws/src/gcamp_ros2_ws/install/cpp_action_pkg/share/cpp_action_pkg/environment/ament_prefix_path.dsv
[57.839s] -- Symlinking: /workspaces/foxy_ws/src/gcamp_ros2_ws/install/cpp_action_pkg/share/cpp_action_pkg/environment/path.sh
[57.926s] -- Symlinking: /workspaces/foxy_ws/src/gcamp_ros2_ws/install/cpp_action_pkg/share/cpp_action_pkg/environment/path.dsv
[58.008s] -- Symlinking: /workspaces/foxy_ws/src/gcamp_ros2_ws/install/cpp_action_pkg/share/cpp_action_pkg/local_setup.bash
[58.095s] -- Symlinking: /workspaces/foxy_ws/src/gcamp_ros2_ws/install/cpp_action_pkg/share/cpp_action_pkg/local_setup.sh
[58.189s] -- Symlinking: /workspaces/foxy_ws/src/gcamp_ros2_ws/install/cpp_action_pkg/share/cpp_action_pkg/local_setup.zsh
[58.276s] -- Symlinking: /workspaces/foxy_ws/src/gcamp_ros2_ws/install/cpp_action_pkg/share/cpp_action_pkg/local_setup.dsv
[58.371s] -- Symlinking: /workspaces/foxy_ws/src/gcamp_ros2_ws/install/cpp_action_pkg/share/cpp_action_pkg/package.dsv
[58.465s] -- Symlinking: /workspaces/foxy_ws/src/gcamp_ros2_ws/install/cpp_action_pkg/share/ament_index/resource_index/packages/cpp_action_pkg
[58.562s] -- Symlinking: /workspaces/foxy_ws/src/gcamp_ros2_ws/install/cpp_action_pkg/share/cpp_action_pkg/cmake/cpp_action_pkgConfig.cmake
[58.644s] -- Symlinking: /workspaces/foxy_ws/src/gcamp_ros2_ws/install/cpp_action_pkg/share/cpp_action_pkg/cmake/cpp_action_pkgConfig-version.cmake
[58.718s] -- Symlinking: /workspaces/foxy_ws/src/gcamp_ros2_ws/install/cpp_action_pkg/share/cpp_action_pkg/package.xml
[58.825s] Invoked command in '/workspaces/foxy_ws/src/gcamp_ros2_ws/build/cpp_action_pkg' returned '0': AMENT_PREFIX_PATH=/workspaces/foxy_ws/src/gcamp_ros2_ws/install/custom_interfaces:${AMENT_PREFIX_PATH} CMAKE_PREFIX_PATH=/workspaces/foxy_ws/src/gcamp_ros2_ws/install/custom_interfaces:/opt/ros/foxy LD_LIBRARY_PATH=/workspaces/foxy_ws/src/gcamp_ros2_ws/install/custom_interfaces/lib:${LD_LIBRARY_PATH} PYTHONPATH=/workspaces/foxy_ws/src/gcamp_ros2_ws/install/custom_interfaces/lib/python3.8/site-packages:${PYTHONPATH} /usr/bin/cmake --install /workspaces/foxy_ws/src/gcamp_ros2_ws/build/cpp_action_pkg
