[ 28%] Built target topic_pub_oop_node
[ 42%] Built target laser_sub_node
[ 71%] Built target topic_pub_node
[100%] Built target topic_sub_node
[100%] Built target cmd_vel_pub_node
[100%] Built target topic_sub_oop_node
[100%] Built target parking_node
-- Install configuration: ""
-- Execute custom install script
-- Up-to-date symlink: /workspaces/foxy_ws/src/gcamp_ros2_ws/install/cpp_topic_pkg/lib/cpp_topic_pkg/cmd_vel_pub_node
-- Up-to-date symlink: /workspaces/foxy_ws/src/gcamp_ros2_ws/install/cpp_topic_pkg/lib/cpp_topic_pkg/laser_sub_node
-- Up-to-date symlink: /workspaces/foxy_ws/src/gcamp_ros2_ws/install/cpp_topic_pkg/lib/cpp_topic_pkg/parking_node
-- Up-to-date symlink: /workspaces/foxy_ws/src/gcamp_ros2_ws/install/cpp_topic_pkg/lib/cpp_topic_pkg/topic_pub_node
-- Up-to-date symlink: /workspaces/foxy_ws/src/gcamp_ros2_ws/install/cpp_topic_pkg/lib/cpp_topic_pkg/topic_pub_oop_node
-- Up-to-date symlink: /workspaces/foxy_ws/src/gcamp_ros2_ws/install/cpp_topic_pkg/lib/cpp_topic_pkg/topic_sub_node
-- Up-to-date symlink: /workspaces/foxy_ws/src/gcamp_ros2_ws/install/cpp_topic_pkg/lib/cpp_topic_pkg/topic_sub_oop_node
-- Up-to-date symlink: /workspaces/foxy_ws/src/gcamp_ros2_ws/install/cpp_topic_pkg/share/ament_index/resource_index/package_run_dependencies/cpp_topic_pkg
-- Up-to-date symlink: /workspaces/foxy_ws/src/gcamp_ros2_ws/install/cpp_topic_pkg/share/ament_index/resource_index/parent_prefix_path/cpp_topic_pkg
-- Up-to-date symlink: /workspaces/foxy_ws/src/gcamp_ros2_ws/install/cpp_topic_pkg/share/cpp_topic_pkg/environment/ament_prefix_path.sh
-- Up-to-date symlink: /workspaces/foxy_ws/src/gcamp_ros2_ws/install/cpp_topic_pkg/share/cpp_topic_pkg/environment/ament_prefix_path.dsv
-- Up-to-date symlink: /workspaces/foxy_ws/src/gcamp_ros2_ws/install/cpp_topic_pkg/share/cpp_topic_pkg/environment/path.sh
-- Up-to-date symlink: /workspaces/foxy_ws/src/gcamp_ros2_ws/install/cpp_topic_pkg/share/cpp_topic_pkg/environment/path.dsv
-- Up-to-date symlink: /workspaces/foxy_ws/src/gcamp_ros2_ws/install/cpp_topic_pkg/share/cpp_topic_pkg/local_setup.bash
-- Up-to-date symlink: /workspaces/foxy_ws/src/gcamp_ros2_ws/install/cpp_topic_pkg/share/cpp_topic_pkg/local_setup.sh
-- Up-to-date symlink: /workspaces/foxy_ws/src/gcamp_ros2_ws/install/cpp_topic_pkg/share/cpp_topic_pkg/local_setup.zsh
-- Up-to-date symlink: /workspaces/foxy_ws/src/gcamp_ros2_ws/install/cpp_topic_pkg/share/cpp_topic_pkg/local_setup.dsv
-- Symlinking: /workspaces/foxy_ws/src/gcamp_ros2_ws/install/cpp_topic_pkg/share/cpp_topic_pkg/package.dsv
-- Up-to-date symlink: /workspaces/foxy_ws/src/gcamp_ros2_ws/install/cpp_topic_pkg/share/ament_index/resource_index/packages/cpp_topic_pkg
-- Up-to-date symlink: /workspaces/foxy_ws/src/gcamp_ros2_ws/install/cpp_topic_pkg/share/cpp_topic_pkg/cmake/cpp_topic_pkgConfig.cmake
-- Up-to-date symlink: /workspaces/foxy_ws/src/gcamp_ros2_ws/install/cpp_topic_pkg/share/cpp_topic_pkg/cmake/cpp_topic_pkgConfig-version.cmake
-- Up-to-date symlink: /workspaces/foxy_ws/src/gcamp_ros2_ws/install/cpp_topic_pkg/share/cpp_topic_pkg/package.xml
