[0.574s] Invoking command in '/workspaces/foxy_ws/src/omorobot_r1_mini/build/ydlidar_ros2_driver': CMAKE_PREFIX_PATH=/workspaces/foxy_ws/src/nav2slam_example/install/unity_slam_example:/workspaces/foxy_ws/src/nav2slam_example/install/ros_tcp_endpoint:/workspaces/foxy_ws/src/nav2slam_example/colcon_ws/install/unity_slam_example:/opt/ros/foxy /usr/bin/cmake /workspaces/foxy_ws/src/omorobot_r1_mini/src/ydlidar_ros2_driver -DAMENT_CMAKE_SYMLINK_INSTALL=1 -DCMAKE_INSTALL_PREFIX=/workspaces/foxy_ws/src/omorobot_r1_mini/install/ydlidar_ros2_driver
[0.731s] -- Found ament_cmake: 0.9.8 (/opt/ros/foxy/share/ament_cmake/cmake)
[0.767s] -- Using PYTHON_EXECUTABLE: /usr/bin/python3
[1.114s] -- Override CMake install command with custom implementation using symlinks instead of copying resources
[1.205s] -- Found rclcpp: 2.3.1 (/opt/ros/foxy/share/rclcpp/cmake)
[1.308s] -- Using all available rosidl_typesupport_c: rosidl_typesupport_fastrtps_c;rosidl_typesupport_introspection_c
[1.316s] -- Found rosidl_adapter: 1.2.1 (/opt/ros/foxy/share/rosidl_adapter/cmake)
[2.652s] -- Using all available rosidl_typesupport_cpp: rosidl_typesupport_fastrtps_cpp;rosidl_typesupport_introspection_cpp
[2.800s] -- Found rmw_implementation_cmake: 1.0.3 (/opt/ros/foxy/share/rmw_implementation_cmake/cmake)
[2.834s] -- Using RMW implementation 'rmw_fastrtps_cpp' as default
[3.047s] -- Found sensor_msgs: 2.0.4 (/opt/ros/foxy/share/sensor_msgs/cmake)
[3.069s] -- Found visualization_msgs: 2.0.4 (/opt/ros/foxy/share/visualization_msgs/cmake)
[3.087s] -- Found std_srvs: 2.0.4 (/opt/ros/foxy/share/std_srvs/cmake)
[3.112s] CMake Error at CMakeLists.txt:25 (find_package):
[3.119s]   By not providing "Findydlidar_sdk.cmake" in CMAKE_MODULE_PATH this project
[3.125s]   has asked CMake to find a package configuration file provided by
[3.129s]   "ydlidar_sdk", but CMake did not find one.
[3.136s] 
[3.140s]   Could not find a package configuration file provided by "ydlidar_sdk" with
[3.145s]   any of the following names:
[3.150s] 
[3.157s]     ydlidar_sdkConfig.cmake
[3.164s]     ydlidar_sdk-config.cmake
[3.168s] 
[3.172s]   Add the installation prefix of "ydlidar_sdk" to CMAKE_PREFIX_PATH or set
[3.176s]   "ydlidar_sdk_DIR" to a directory containing one of the above files.  If
[3.182s]   "ydlidar_sdk" provides a separate development package or SDK, be sure it
[3.186s]   has been installed.
[3.191s] 
[3.196s] 
[3.199s] -- Configuring incomplete, errors occurred!
[3.203s] See also "/workspaces/foxy_ws/src/omorobot_r1_mini/build/ydlidar_ros2_driver/CMakeFiles/CMakeOutput.log".
[3.207s] See also "/workspaces/foxy_ws/src/omorobot_r1_mini/build/ydlidar_ros2_driver/CMakeFiles/CMakeError.log".
[3.224s] Invoked command in '/workspaces/foxy_ws/src/omorobot_r1_mini/build/ydlidar_ros2_driver' returned '1': CMAKE_PREFIX_PATH=/workspaces/foxy_ws/src/nav2slam_example/install/unity_slam_example:/workspaces/foxy_ws/src/nav2slam_example/install/ros_tcp_endpoint:/workspaces/foxy_ws/src/nav2slam_example/colcon_ws/install/unity_slam_example:/opt/ros/foxy /usr/bin/cmake /workspaces/foxy_ws/src/omorobot_r1_mini/src/ydlidar_ros2_driver -DAMENT_CMAKE_SYMLINK_INSTALL=1 -DCMAKE_INSTALL_PREFIX=/workspaces/foxy_ws/src/omorobot_r1_mini/install/ydlidar_ros2_driver
