[1.297s] Invoking command in '/workspaces/foxy_ws/src/gcamp_ros2_ws/build/py_service_pkg': AMENT_PREFIX_PATH=/workspaces/foxy_ws/src/gcamp_ros2_ws/install/custom_interfaces:${AMENT_PREFIX_PATH} CMAKE_PREFIX_PATH=/workspaces/foxy_ws/src/gcamp_ros2_ws/install/custom_interfaces LD_LIBRARY_PATH=/workspaces/foxy_ws/src/gcamp_ros2_ws/install/custom_interfaces/lib:${LD_LIBRARY_PATH} PYTHONPATH=/workspaces/foxy_ws/src/gcamp_ros2_ws/install/py_service_pkg/lib/python3.8/site-packages:/workspaces/foxy_ws/src/gcamp_ros2_ws/install/custom_interfaces/lib/python3.8/site-packages:${PYTHONPATH} /usr/bin/python3 setup.py develop --prefix /workspaces/foxy_ws/src/gcamp_ros2_ws/install/py_service_pkg --editable --build-directory /workspaces/foxy_ws/src/gcamp_ros2_ws/build/py_service_pkg/build --no-deps install_data --install-dir /workspaces/foxy_ws/src/gcamp_ros2_ws/install/py_service_pkg
[1.734s] running develop
[1.975s] running egg_info
[1.984s] creating py_service_pkg.egg-info
[1.998s] writing py_service_pkg.egg-info/PKG-INFO
[2.012s] writing dependency_links to py_service_pkg.egg-info/dependency_links.txt
[2.023s] writing entry points to py_service_pkg.egg-info/entry_points.txt
[2.029s] writing requirements to py_service_pkg.egg-info/requires.txt
[2.041s] writing top-level names to py_service_pkg.egg-info/top_level.txt
[2.053s] writing manifest file 'py_service_pkg.egg-info/SOURCES.txt'
[2.168s] reading manifest file 'py_service_pkg.egg-info/SOURCES.txt'
[2.207s] writing manifest file 'py_service_pkg.egg-info/SOURCES.txt'
[2.375s] running build_ext
[2.381s] Creating /workspaces/foxy_ws/src/gcamp_ros2_ws/install/py_service_pkg/lib/python3.8/site-packages/site.py
[2.437s] Creating /workspaces/foxy_ws/src/gcamp_ros2_ws/install/py_service_pkg/lib/python3.8/site-packages/py-service-pkg.egg-link (link to .)
[2.457s] Installing basic_client script to /workspaces/foxy_ws/src/gcamp_ros2_ws/install/py_service_pkg/lib/py_service_pkg
[2.484s] Installing basic_server script to /workspaces/foxy_ws/src/gcamp_ros2_ws/install/py_service_pkg/lib/py_service_pkg
[2.503s] Installing custom_srv_client script to /workspaces/foxy_ws/src/gcamp_ros2_ws/install/py_service_pkg/lib/py_service_pkg
[2.516s] Installing custom_srv_server script to /workspaces/foxy_ws/src/gcamp_ros2_ws/install/py_service_pkg/lib/py_service_pkg
[2.534s] Installing gazebo_model_spawner script to /workspaces/foxy_ws/src/gcamp_ros2_ws/install/py_service_pkg/lib/py_service_pkg
[2.550s] Installing robot_turning_client script to /workspaces/foxy_ws/src/gcamp_ros2_ws/install/py_service_pkg/lib/py_service_pkg
[2.581s] Installing robot_turning_server script to /workspaces/foxy_ws/src/gcamp_ros2_ws/install/py_service_pkg/lib/py_service_pkg
[2.608s] Installing spawn_skidbot script to /workspaces/foxy_ws/src/gcamp_ros2_ws/install/py_service_pkg/lib/py_service_pkg
[2.621s] 
[2.627s] Installed /workspaces/foxy_ws/src/gcamp_ros2_ws/build/py_service_pkg
[2.636s] running install_data
[2.641s] creating /workspaces/foxy_ws/src/gcamp_ros2_ws/install/py_service_pkg/share/ament_index
[2.653s] creating /workspaces/foxy_ws/src/gcamp_ros2_ws/install/py_service_pkg/share/ament_index/resource_index
[2.660s] creating /workspaces/foxy_ws/src/gcamp_ros2_ws/install/py_service_pkg/share/ament_index/resource_index/packages
[2.688s] copying resource/py_service_pkg -> /workspaces/foxy_ws/src/gcamp_ros2_ws/install/py_service_pkg/share/ament_index/resource_index/packages
[2.714s] copying package.xml -> /workspaces/foxy_ws/src/gcamp_ros2_ws/install/py_service_pkg/share/py_service_pkg
[2.733s] Invoked command in '/workspaces/foxy_ws/src/gcamp_ros2_ws/build/py_service_pkg' returned '0': AMENT_PREFIX_PATH=/workspaces/foxy_ws/src/gcamp_ros2_ws/install/custom_interfaces:${AMENT_PREFIX_PATH} CMAKE_PREFIX_PATH=/workspaces/foxy_ws/src/gcamp_ros2_ws/install/custom_interfaces LD_LIBRARY_PATH=/workspaces/foxy_ws/src/gcamp_ros2_ws/install/custom_interfaces/lib:${LD_LIBRARY_PATH} PYTHONPATH=/workspaces/foxy_ws/src/gcamp_ros2_ws/install/py_service_pkg/lib/python3.8/site-packages:/workspaces/foxy_ws/src/gcamp_ros2_ws/install/custom_interfaces/lib/python3.8/site-packages:${PYTHONPATH} /usr/bin/python3 setup.py develop --prefix /workspaces/foxy_ws/src/gcamp_ros2_ws/install/py_service_pkg --editable --build-directory /workspaces/foxy_ws/src/gcamp_ros2_ws/build/py_service_pkg/build --no-deps install_data --install-dir /workspaces/foxy_ws/src/gcamp_ros2_ws/install/py_service_pkg
