[0.325s] DEBUG:colcon:Command line arguments: ['/usr/bin/colcon', 'build']
[0.325s] DEBUG:colcon:Parsed command line arguments: Namespace(ament_cmake_args=None, base_paths=['.'], build_base='build', catkin_cmake_args=None, catkin_skip_building_tests=False, cmake_args=None, cmake_clean_cache=False, cmake_clean_first=False, cmake_force_configure=False, cmake_target=None, cmake_target_skip_unavailable=False, continue_on_error=False, event_handlers=None, executor='parallel', ignore_user_meta=False, install_base='install', log_base=None, log_level=None, main=<bound method BuildVerb.main of <colcon_core.verb.build.BuildVerb object at 0x7fbb21b76df0>>, merge_install=False, metas=['./colcon.meta'], packages_above=None, packages_above_and_dependencies=None, packages_above_depth=None, packages_end=None, packages_ignore=None, packages_ignore_regex=None, packages_select=None, packages_select_build_failed=False, packages_select_by_dep=None, packages_select_regex=None, packages_select_test_failures=False, packages_skip=None, packages_skip_build_finished=False, packages_skip_by_dep=None, packages_skip_regex=None, packages_skip_test_passed=False, packages_skip_up_to=None, packages_start=None, packages_up_to=None, packages_up_to_regex=None, parallel_workers=8, paths=None, symlink_install=False, test_result_base=None, verb_extension=<colcon_core.verb.build.BuildVerb object at 0x7fbb21b76df0>, verb_name='build', verb_parser=<colcon_defaults.argument_parser.defaults.DefaultArgumentsDecorator object at 0x7fbb21b833a0>)
[0.339s] Level 1:colcon.colcon_core.package_discovery:discover_packages(colcon_meta) check parameters
[0.341s] Level 1:colcon.colcon_core.package_discovery:discover_packages(recursive) check parameters
[0.342s] Level 1:colcon.colcon_core.package_discovery:discover_packages(ignore) check parameters
[0.343s] Level 1:colcon.colcon_core.package_discovery:discover_packages(path) check parameters
[0.344s] Level 1:colcon.colcon_core.package_discovery:discover_packages(colcon_meta) discover
[0.345s] Level 1:colcon.colcon_core.package_discovery:discover_packages(recursive) discover
[0.348s] INFO:colcon.colcon_core.package_discovery:Crawling recursively for packages in '/workspaces/foxy_ws/src/omorobot_r1_mini'
[0.349s] Level 1:colcon.colcon_core.package_identification:_identify(.) by extensions ['ignore', 'ignore_ament_install']
[0.350s] Level 1:colcon.colcon_core.package_identification:_identify(.) by extension 'ignore'
[0.352s] Level 1:colcon.colcon_core.package_identification:_identify(.) by extension 'ignore_ament_install'
[0.353s] Level 1:colcon.colcon_core.package_identification:_identify(.) by extensions ['colcon_pkg']
[0.353s] Level 1:colcon.colcon_core.package_identification:_identify(.) by extension 'colcon_pkg'
[0.354s] Level 1:colcon.colcon_core.package_identification:_identify(.) by extensions ['colcon_meta']
[0.355s] Level 1:colcon.colcon_core.package_identification:_identify(.) by extension 'colcon_meta'
[0.355s] Level 1:colcon.colcon_core.package_identification:_identify(.) by extensions ['ros']
[0.357s] Level 1:colcon.colcon_core.package_identification:_identify(.) by extension 'ros'
[0.373s] Level 1:colcon.colcon_core.package_identification:_identify(.) by extensions ['cmake', 'python']
[0.374s] Level 1:colcon.colcon_core.package_identification:_identify(.) by extension 'cmake'
[0.375s] Level 1:colcon.colcon_core.package_identification:_identify(.) by extension 'python'
[0.376s] Level 1:colcon.colcon_core.package_identification:_identify(.) by extensions ['python_setup_py']
[0.376s] Level 1:colcon.colcon_core.package_identification:_identify(.) by extension 'python_setup_py'
[0.377s] Level 1:colcon.colcon_core.package_identification:_identify(build) by extensions ['ignore', 'ignore_ament_install']
[0.378s] Level 1:colcon.colcon_core.package_identification:_identify(build) by extension 'ignore'
[0.378s] Level 1:colcon.colcon_core.package_identification:_identify(build) ignored
[0.379s] Level 1:colcon.colcon_core.package_identification:_identify(install) by extensions ['ignore', 'ignore_ament_install']
[0.380s] Level 1:colcon.colcon_core.package_identification:_identify(install) by extension 'ignore'
[0.380s] Level 1:colcon.colcon_core.package_identification:_identify(install) ignored
[0.382s] Level 1:colcon.colcon_core.package_identification:_identify(log) by extensions ['ignore', 'ignore_ament_install']
[0.383s] Level 1:colcon.colcon_core.package_identification:_identify(log) by extension 'ignore'
[0.383s] Level 1:colcon.colcon_core.package_identification:_identify(log) ignored
[0.384s] Level 1:colcon.colcon_core.package_identification:_identify(src) by extensions ['ignore', 'ignore_ament_install']
[0.384s] Level 1:colcon.colcon_core.package_identification:_identify(src) by extension 'ignore'
[0.385s] Level 1:colcon.colcon_core.package_identification:_identify(src) by extension 'ignore_ament_install'
[0.389s] Level 1:colcon.colcon_core.package_identification:_identify(src) by extensions ['colcon_pkg']
[0.390s] Level 1:colcon.colcon_core.package_identification:_identify(src) by extension 'colcon_pkg'
[0.391s] Level 1:colcon.colcon_core.package_identification:_identify(src) by extensions ['colcon_meta']
[0.391s] Level 1:colcon.colcon_core.package_identification:_identify(src) by extension 'colcon_meta'
[0.392s] Level 1:colcon.colcon_core.package_identification:_identify(src) by extensions ['ros']
[0.392s] Level 1:colcon.colcon_core.package_identification:_identify(src) by extension 'ros'
[0.394s] Level 1:colcon.colcon_core.package_identification:_identify(src) by extensions ['cmake', 'python']
[0.395s] Level 1:colcon.colcon_core.package_identification:_identify(src) by extension 'cmake'
[0.396s] Level 1:colcon.colcon_core.package_identification:_identify(src) by extension 'python'
[0.397s] Level 1:colcon.colcon_core.package_identification:_identify(src) by extensions ['python_setup_py']
[0.397s] Level 1:colcon.colcon_core.package_identification:_identify(src) by extension 'python_setup_py'
[0.398s] Level 1:colcon.colcon_core.package_identification:_identify(src/YDLidar-SDK) by extensions ['ignore', 'ignore_ament_install']
[0.399s] Level 1:colcon.colcon_core.package_identification:_identify(src/YDLidar-SDK) by extension 'ignore'
[0.400s] Level 1:colcon.colcon_core.package_identification:_identify(src/YDLidar-SDK) by extension 'ignore_ament_install'
[0.402s] Level 1:colcon.colcon_core.package_identification:_identify(src/YDLidar-SDK) by extensions ['colcon_pkg']
[0.402s] Level 1:colcon.colcon_core.package_identification:_identify(src/YDLidar-SDK) by extension 'colcon_pkg'
[0.403s] Level 1:colcon.colcon_core.package_identification:_identify(src/YDLidar-SDK) by extensions ['colcon_meta']
[0.403s] Level 1:colcon.colcon_core.package_identification:_identify(src/YDLidar-SDK) by extension 'colcon_meta'
[0.404s] Level 1:colcon.colcon_core.package_identification:_identify(src/YDLidar-SDK) by extensions ['ros']
[0.405s] Level 1:colcon.colcon_core.package_identification:_identify(src/YDLidar-SDK) by extension 'ros'
[0.407s] Level 1:colcon.colcon_core.package_identification:_identify(src/YDLidar-SDK) by extensions ['cmake', 'python']
[0.407s] Level 1:colcon.colcon_core.package_identification:_identify(src/YDLidar-SDK) by extension 'cmake'
[0.558s] Level 1:colcon.colcon_core.package_identification:_identify(src/YDLidar-SDK) by extension 'python'
[0.560s] DEBUG:colcon.colcon_core.package_identification:Package 'src/YDLidar-SDK' with type 'cmake' and name 'ydlidar_sdk'
[0.562s] Level 1:colcon.colcon_core.package_identification:_identify(src/omo_r1mini-foxy) by extensions ['ignore', 'ignore_ament_install']
[0.562s] Level 1:colcon.colcon_core.package_identification:_identify(src/omo_r1mini-foxy) by extension 'ignore'
[0.563s] Level 1:colcon.colcon_core.package_identification:_identify(src/omo_r1mini-foxy) by extension 'ignore_ament_install'
[0.564s] Level 1:colcon.colcon_core.package_identification:_identify(src/omo_r1mini-foxy) by extensions ['colcon_pkg']
[0.565s] Level 1:colcon.colcon_core.package_identification:_identify(src/omo_r1mini-foxy) by extension 'colcon_pkg'
[0.566s] Level 1:colcon.colcon_core.package_identification:_identify(src/omo_r1mini-foxy) by extensions ['colcon_meta']
[0.567s] Level 1:colcon.colcon_core.package_identification:_identify(src/omo_r1mini-foxy) by extension 'colcon_meta'
[0.568s] Level 1:colcon.colcon_core.package_identification:_identify(src/omo_r1mini-foxy) by extensions ['ros']
[0.569s] Level 1:colcon.colcon_core.package_identification:_identify(src/omo_r1mini-foxy) by extension 'ros'
[0.571s] Level 1:colcon.colcon_core.package_identification:_identify(src/omo_r1mini-foxy) by extensions ['cmake', 'python']
[0.572s] Level 1:colcon.colcon_core.package_identification:_identify(src/omo_r1mini-foxy) by extension 'cmake'
[0.573s] Level 1:colcon.colcon_core.package_identification:_identify(src/omo_r1mini-foxy) by extension 'python'
[0.573s] Level 1:colcon.colcon_core.package_identification:_identify(src/omo_r1mini-foxy) by extensions ['python_setup_py']
[0.574s] Level 1:colcon.colcon_core.package_identification:_identify(src/omo_r1mini-foxy) by extension 'python_setup_py'
[0.576s] Level 1:colcon.colcon_core.package_identification:_identify(src/omo_r1mini-foxy/omo_r1mini) by extensions ['ignore', 'ignore_ament_install']
[0.576s] Level 1:colcon.colcon_core.package_identification:_identify(src/omo_r1mini-foxy/omo_r1mini) by extension 'ignore'
[0.578s] Level 1:colcon.colcon_core.package_identification:_identify(src/omo_r1mini-foxy/omo_r1mini) by extension 'ignore_ament_install'
[0.579s] Level 1:colcon.colcon_core.package_identification:_identify(src/omo_r1mini-foxy/omo_r1mini) by extensions ['colcon_pkg']
[0.579s] Level 1:colcon.colcon_core.package_identification:_identify(src/omo_r1mini-foxy/omo_r1mini) by extension 'colcon_pkg'
[0.580s] Level 1:colcon.colcon_core.package_identification:_identify(src/omo_r1mini-foxy/omo_r1mini) by extensions ['colcon_meta']
[0.581s] Level 1:colcon.colcon_core.package_identification:_identify(src/omo_r1mini-foxy/omo_r1mini) by extension 'colcon_meta'
[0.581s] Level 1:colcon.colcon_core.package_identification:_identify(src/omo_r1mini-foxy/omo_r1mini) by extensions ['ros']
[0.582s] Level 1:colcon.colcon_core.package_identification:_identify(src/omo_r1mini-foxy/omo_r1mini) by extension 'ros'
[0.587s] DEBUG:colcon.colcon_core.package_identification:Package 'src/omo_r1mini-foxy/omo_r1mini' with type 'ros.ament_cmake' and name 'omo_r1mini'
[0.588s] Level 1:colcon.colcon_core.package_identification:_identify(src/omo_r1mini-foxy/omo_r1mini_bringup) by extensions ['ignore', 'ignore_ament_install']
[0.588s] Level 1:colcon.colcon_core.package_identification:_identify(src/omo_r1mini-foxy/omo_r1mini_bringup) by extension 'ignore'
[0.589s] Level 1:colcon.colcon_core.package_identification:_identify(src/omo_r1mini-foxy/omo_r1mini_bringup) by extension 'ignore_ament_install'
[0.591s] Level 1:colcon.colcon_core.package_identification:_identify(src/omo_r1mini-foxy/omo_r1mini_bringup) by extensions ['colcon_pkg']
[0.591s] Level 1:colcon.colcon_core.package_identification:_identify(src/omo_r1mini-foxy/omo_r1mini_bringup) by extension 'colcon_pkg'
[0.592s] Level 1:colcon.colcon_core.package_identification:_identify(src/omo_r1mini-foxy/omo_r1mini_bringup) by extensions ['colcon_meta']
[0.593s] Level 1:colcon.colcon_core.package_identification:_identify(src/omo_r1mini-foxy/omo_r1mini_bringup) by extension 'colcon_meta'
[0.593s] Level 1:colcon.colcon_core.package_identification:_identify(src/omo_r1mini-foxy/omo_r1mini_bringup) by extensions ['ros']
[0.595s] Level 1:colcon.colcon_core.package_identification:_identify(src/omo_r1mini-foxy/omo_r1mini_bringup) by extension 'ros'
[0.600s] DEBUG:colcon.colcon_core.package_identification:Package 'src/omo_r1mini-foxy/omo_r1mini_bringup' with type 'ros.ament_python' and name 'omo_r1mini_bringup'
[0.601s] Level 1:colcon.colcon_core.package_identification:_identify(src/omo_r1mini-foxy/omo_r1mini_cartographer) by extensions ['ignore', 'ignore_ament_install']
[0.602s] Level 1:colcon.colcon_core.package_identification:_identify(src/omo_r1mini-foxy/omo_r1mini_cartographer) by extension 'ignore'
[0.603s] Level 1:colcon.colcon_core.package_identification:_identify(src/omo_r1mini-foxy/omo_r1mini_cartographer) by extension 'ignore_ament_install'
[0.604s] Level 1:colcon.colcon_core.package_identification:_identify(src/omo_r1mini-foxy/omo_r1mini_cartographer) by extensions ['colcon_pkg']
[0.605s] Level 1:colcon.colcon_core.package_identification:_identify(src/omo_r1mini-foxy/omo_r1mini_cartographer) by extension 'colcon_pkg'
[0.606s] Level 1:colcon.colcon_core.package_identification:_identify(src/omo_r1mini-foxy/omo_r1mini_cartographer) by extensions ['colcon_meta']
[0.606s] Level 1:colcon.colcon_core.package_identification:_identify(src/omo_r1mini-foxy/omo_r1mini_cartographer) by extension 'colcon_meta'
[0.607s] Level 1:colcon.colcon_core.package_identification:_identify(src/omo_r1mini-foxy/omo_r1mini_cartographer) by extensions ['ros']
[0.607s] Level 1:colcon.colcon_core.package_identification:_identify(src/omo_r1mini-foxy/omo_r1mini_cartographer) by extension 'ros'
[0.610s] DEBUG:colcon.colcon_core.package_identification:Package 'src/omo_r1mini-foxy/omo_r1mini_cartographer' with type 'ros.ament_cmake' and name 'omo_r1mini_cartographer'
[0.611s] Level 1:colcon.colcon_core.package_identification:_identify(src/omo_r1mini-foxy/omo_r1mini_description) by extensions ['ignore', 'ignore_ament_install']
[0.612s] Level 1:colcon.colcon_core.package_identification:_identify(src/omo_r1mini-foxy/omo_r1mini_description) by extension 'ignore'
[0.613s] Level 1:colcon.colcon_core.package_identification:_identify(src/omo_r1mini-foxy/omo_r1mini_description) by extension 'ignore_ament_install'
[0.615s] Level 1:colcon.colcon_core.package_identification:_identify(src/omo_r1mini-foxy/omo_r1mini_description) by extensions ['colcon_pkg']
[0.616s] Level 1:colcon.colcon_core.package_identification:_identify(src/omo_r1mini-foxy/omo_r1mini_description) by extension 'colcon_pkg'
[0.617s] Level 1:colcon.colcon_core.package_identification:_identify(src/omo_r1mini-foxy/omo_r1mini_description) by extensions ['colcon_meta']
[0.617s] Level 1:colcon.colcon_core.package_identification:_identify(src/omo_r1mini-foxy/omo_r1mini_description) by extension 'colcon_meta'
[0.618s] Level 1:colcon.colcon_core.package_identification:_identify(src/omo_r1mini-foxy/omo_r1mini_description) by extensions ['ros']
[0.618s] Level 1:colcon.colcon_core.package_identification:_identify(src/omo_r1mini-foxy/omo_r1mini_description) by extension 'ros'
[0.623s] DEBUG:colcon.colcon_core.package_identification:Package 'src/omo_r1mini-foxy/omo_r1mini_description' with type 'ros.ament_cmake' and name 'omo_r1mini_description'
[0.624s] Level 1:colcon.colcon_core.package_identification:_identify(src/omo_r1mini-foxy/omo_r1mini_gazebo) by extensions ['ignore', 'ignore_ament_install']
[0.625s] Level 1:colcon.colcon_core.package_identification:_identify(src/omo_r1mini-foxy/omo_r1mini_gazebo) by extension 'ignore'
[0.627s] Level 1:colcon.colcon_core.package_identification:_identify(src/omo_r1mini-foxy/omo_r1mini_gazebo) by extension 'ignore_ament_install'
[0.628s] Level 1:colcon.colcon_core.package_identification:_identify(src/omo_r1mini-foxy/omo_r1mini_gazebo) by extensions ['colcon_pkg']
[0.628s] Level 1:colcon.colcon_core.package_identification:_identify(src/omo_r1mini-foxy/omo_r1mini_gazebo) by extension 'colcon_pkg'
[0.629s] Level 1:colcon.colcon_core.package_identification:_identify(src/omo_r1mini-foxy/omo_r1mini_gazebo) by extensions ['colcon_meta']
[0.630s] Level 1:colcon.colcon_core.package_identification:_identify(src/omo_r1mini-foxy/omo_r1mini_gazebo) by extension 'colcon_meta'
[0.630s] Level 1:colcon.colcon_core.package_identification:_identify(src/omo_r1mini-foxy/omo_r1mini_gazebo) by extensions ['ros']
[0.631s] Level 1:colcon.colcon_core.package_identification:_identify(src/omo_r1mini-foxy/omo_r1mini_gazebo) by extension 'ros'
[0.635s] DEBUG:colcon.colcon_core.package_identification:Package 'src/omo_r1mini-foxy/omo_r1mini_gazebo' with type 'ros.ament_cmake' and name 'omo_r1mini_gazebo'
[0.636s] Level 1:colcon.colcon_core.package_identification:_identify(src/omo_r1mini-foxy/omo_r1mini_navigation2) by extensions ['ignore', 'ignore_ament_install']
[0.636s] Level 1:colcon.colcon_core.package_identification:_identify(src/omo_r1mini-foxy/omo_r1mini_navigation2) by extension 'ignore'
[0.638s] Level 1:colcon.colcon_core.package_identification:_identify(src/omo_r1mini-foxy/omo_r1mini_navigation2) by extension 'ignore_ament_install'
[0.639s] Level 1:colcon.colcon_core.package_identification:_identify(src/omo_r1mini-foxy/omo_r1mini_navigation2) by extensions ['colcon_pkg']
[0.639s] Level 1:colcon.colcon_core.package_identification:_identify(src/omo_r1mini-foxy/omo_r1mini_navigation2) by extension 'colcon_pkg'
[0.640s] Level 1:colcon.colcon_core.package_identification:_identify(src/omo_r1mini-foxy/omo_r1mini_navigation2) by extensions ['colcon_meta']
[0.641s] Level 1:colcon.colcon_core.package_identification:_identify(src/omo_r1mini-foxy/omo_r1mini_navigation2) by extension 'colcon_meta'
[0.642s] Level 1:colcon.colcon_core.package_identification:_identify(src/omo_r1mini-foxy/omo_r1mini_navigation2) by extensions ['ros']
[0.642s] Level 1:colcon.colcon_core.package_identification:_identify(src/omo_r1mini-foxy/omo_r1mini_navigation2) by extension 'ros'
[0.645s] DEBUG:colcon.colcon_core.package_identification:Package 'src/omo_r1mini-foxy/omo_r1mini_navigation2' with type 'ros.ament_cmake' and name 'omo_r1mini_navigation2'
[0.646s] Level 1:colcon.colcon_core.package_identification:_identify(src/omo_r1mini-foxy/omo_r1mini_teleop) by extensions ['ignore', 'ignore_ament_install']
[0.647s] Level 1:colcon.colcon_core.package_identification:_identify(src/omo_r1mini-foxy/omo_r1mini_teleop) by extension 'ignore'
[0.648s] Level 1:colcon.colcon_core.package_identification:_identify(src/omo_r1mini-foxy/omo_r1mini_teleop) by extension 'ignore_ament_install'
[0.653s] Level 1:colcon.colcon_core.package_identification:_identify(src/omo_r1mini-foxy/omo_r1mini_teleop) by extensions ['colcon_pkg']
[0.653s] Level 1:colcon.colcon_core.package_identification:_identify(src/omo_r1mini-foxy/omo_r1mini_teleop) by extension 'colcon_pkg'
[0.654s] Level 1:colcon.colcon_core.package_identification:_identify(src/omo_r1mini-foxy/omo_r1mini_teleop) by extensions ['colcon_meta']
[0.654s] Level 1:colcon.colcon_core.package_identification:_identify(src/omo_r1mini-foxy/omo_r1mini_teleop) by extension 'colcon_meta'
[0.655s] Level 1:colcon.colcon_core.package_identification:_identify(src/omo_r1mini-foxy/omo_r1mini_teleop) by extensions ['ros']
[0.655s] Level 1:colcon.colcon_core.package_identification:_identify(src/omo_r1mini-foxy/omo_r1mini_teleop) by extension 'ros'
[0.659s] DEBUG:colcon.colcon_core.package_identification:Package 'src/omo_r1mini-foxy/omo_r1mini_teleop' with type 'ros.ament_python' and name 'omo_r1mini_teleop'
[0.660s] Level 1:colcon.colcon_core.package_identification:_identify(src/ydlidar_ros2_driver) by extensions ['ignore', 'ignore_ament_install']
[0.661s] Level 1:colcon.colcon_core.package_identification:_identify(src/ydlidar_ros2_driver) by extension 'ignore'
[0.662s] Level 1:colcon.colcon_core.package_identification:_identify(src/ydlidar_ros2_driver) by extension 'ignore_ament_install'
[0.663s] Level 1:colcon.colcon_core.package_identification:_identify(src/ydlidar_ros2_driver) by extensions ['colcon_pkg']
[0.664s] Level 1:colcon.colcon_core.package_identification:_identify(src/ydlidar_ros2_driver) by extension 'colcon_pkg'
[0.665s] Level 1:colcon.colcon_core.package_identification:_identify(src/ydlidar_ros2_driver) by extensions ['colcon_meta']
[0.665s] Level 1:colcon.colcon_core.package_identification:_identify(src/ydlidar_ros2_driver) by extension 'colcon_meta'
[0.666s] Level 1:colcon.colcon_core.package_identification:_identify(src/ydlidar_ros2_driver) by extensions ['ros']
[0.666s] Level 1:colcon.colcon_core.package_identification:_identify(src/ydlidar_ros2_driver) by extension 'ros'
[0.670s] DEBUG:colcon.colcon_core.package_identification:Package 'src/ydlidar_ros2_driver' with type 'ros.ament_cmake' and name 'ydlidar_ros2_driver'
[0.671s] Level 1:colcon.colcon_core.package_discovery:discover_packages(recursive) using defaults
[0.672s] Level 1:colcon.colcon_core.package_discovery:discover_packages(ignore) discover
[0.674s] Level 1:colcon.colcon_core.package_discovery:discover_packages(ignore) using defaults
[0.675s] Level 1:colcon.colcon_core.package_discovery:discover_packages(path) discover
[0.675s] Level 1:colcon.colcon_core.package_discovery:discover_packages(path) using defaults
[0.700s] Level 5:colcon.colcon_core.verb:set package 'omo_r1mini_cartographer' build argument 'cmake_args' from command line to 'None'
[0.700s] Level 5:colcon.colcon_core.verb:set package 'omo_r1mini_cartographer' build argument 'cmake_target' from command line to 'None'
[0.701s] Level 5:colcon.colcon_core.verb:set package 'omo_r1mini_cartographer' build argument 'cmake_target_skip_unavailable' from command line to 'False'
[0.701s] Level 5:colcon.colcon_core.verb:set package 'omo_r1mini_cartographer' build argument 'cmake_clean_cache' from command line to 'False'
[0.702s] Level 5:colcon.colcon_core.verb:set package 'omo_r1mini_cartographer' build argument 'cmake_clean_first' from command line to 'False'
[0.702s] Level 5:colcon.colcon_core.verb:set package 'omo_r1mini_cartographer' build argument 'cmake_force_configure' from command line to 'False'
[0.703s] Level 5:colcon.colcon_core.verb:set package 'omo_r1mini_cartographer' build argument 'ament_cmake_args' from command line to 'None'
[0.703s] Level 5:colcon.colcon_core.verb:set package 'omo_r1mini_cartographer' build argument 'catkin_cmake_args' from command line to 'None'
[0.704s] Level 5:colcon.colcon_core.verb:set package 'omo_r1mini_cartographer' build argument 'catkin_skip_building_tests' from command line to 'False'
[0.704s] DEBUG:colcon.colcon_core.verb:Building package 'omo_r1mini_cartographer' with the following arguments: {'ament_cmake_args': None, 'build_base': '/workspaces/foxy_ws/src/omorobot_r1_mini/build/omo_r1mini_cartographer', 'catkin_cmake_args': None, 'catkin_skip_building_tests': False, 'cmake_args': None, 'cmake_clean_cache': False, 'cmake_clean_first': False, 'cmake_force_configure': False, 'cmake_target': None, 'cmake_target_skip_unavailable': False, 'install_base': '/workspaces/foxy_ws/src/omorobot_r1_mini/install/omo_r1mini_cartographer', 'merge_install': False, 'path': '/workspaces/foxy_ws/src/omorobot_r1_mini/src/omo_r1mini-foxy/omo_r1mini_cartographer', 'symlink_install': False, 'test_result_base': None}
[0.707s] Level 5:colcon.colcon_core.verb:set package 'omo_r1mini_description' build argument 'cmake_args' from command line to 'None'
[0.707s] Level 5:colcon.colcon_core.verb:set package 'omo_r1mini_description' build argument 'cmake_target' from command line to 'None'
[0.708s] Level 5:colcon.colcon_core.verb:set package 'omo_r1mini_description' build argument 'cmake_target_skip_unavailable' from command line to 'False'
[0.708s] Level 5:colcon.colcon_core.verb:set package 'omo_r1mini_description' build argument 'cmake_clean_cache' from command line to 'False'
[0.709s] Level 5:colcon.colcon_core.verb:set package 'omo_r1mini_description' build argument 'cmake_clean_first' from command line to 'False'
[0.709s] Level 5:colcon.colcon_core.verb:set package 'omo_r1mini_description' build argument 'cmake_force_configure' from command line to 'False'
[0.710s] Level 5:colcon.colcon_core.verb:set package 'omo_r1mini_description' build argument 'ament_cmake_args' from command line to 'None'
[0.710s] Level 5:colcon.colcon_core.verb:set package 'omo_r1mini_description' build argument 'catkin_cmake_args' from command line to 'None'
[0.711s] Level 5:colcon.colcon_core.verb:set package 'omo_r1mini_description' build argument 'catkin_skip_building_tests' from command line to 'False'
[0.711s] DEBUG:colcon.colcon_core.verb:Building package 'omo_r1mini_description' with the following arguments: {'ament_cmake_args': None, 'build_base': '/workspaces/foxy_ws/src/omorobot_r1_mini/build/omo_r1mini_description', 'catkin_cmake_args': None, 'catkin_skip_building_tests': False, 'cmake_args': None, 'cmake_clean_cache': False, 'cmake_clean_first': False, 'cmake_force_configure': False, 'cmake_target': None, 'cmake_target_skip_unavailable': False, 'install_base': '/workspaces/foxy_ws/src/omorobot_r1_mini/install/omo_r1mini_description', 'merge_install': False, 'path': '/workspaces/foxy_ws/src/omorobot_r1_mini/src/omo_r1mini-foxy/omo_r1mini_description', 'symlink_install': False, 'test_result_base': None}
[0.714s] Level 5:colcon.colcon_core.verb:set package 'omo_r1mini_gazebo' build argument 'cmake_args' from command line to 'None'
[0.714s] Level 5:colcon.colcon_core.verb:set package 'omo_r1mini_gazebo' build argument 'cmake_target' from command line to 'None'
[0.715s] Level 5:colcon.colcon_core.verb:set package 'omo_r1mini_gazebo' build argument 'cmake_target_skip_unavailable' from command line to 'False'
[0.715s] Level 5:colcon.colcon_core.verb:set package 'omo_r1mini_gazebo' build argument 'cmake_clean_cache' from command line to 'False'
[0.716s] Level 5:colcon.colcon_core.verb:set package 'omo_r1mini_gazebo' build argument 'cmake_clean_first' from command line to 'False'
[0.716s] Level 5:colcon.colcon_core.verb:set package 'omo_r1mini_gazebo' build argument 'cmake_force_configure' from command line to 'False'
[0.717s] Level 5:colcon.colcon_core.verb:set package 'omo_r1mini_gazebo' build argument 'ament_cmake_args' from command line to 'None'
[0.717s] Level 5:colcon.colcon_core.verb:set package 'omo_r1mini_gazebo' build argument 'catkin_cmake_args' from command line to 'None'
[0.718s] Level 5:colcon.colcon_core.verb:set package 'omo_r1mini_gazebo' build argument 'catkin_skip_building_tests' from command line to 'False'
[0.719s] DEBUG:colcon.colcon_core.verb:Building package 'omo_r1mini_gazebo' with the following arguments: {'ament_cmake_args': None, 'build_base': '/workspaces/foxy_ws/src/omorobot_r1_mini/build/omo_r1mini_gazebo', 'catkin_cmake_args': None, 'catkin_skip_building_tests': False, 'cmake_args': None, 'cmake_clean_cache': False, 'cmake_clean_first': False, 'cmake_force_configure': False, 'cmake_target': None, 'cmake_target_skip_unavailable': False, 'install_base': '/workspaces/foxy_ws/src/omorobot_r1_mini/install/omo_r1mini_gazebo', 'merge_install': False, 'path': '/workspaces/foxy_ws/src/omorobot_r1_mini/src/omo_r1mini-foxy/omo_r1mini_gazebo', 'symlink_install': False, 'test_result_base': None}
[0.723s] Level 5:colcon.colcon_core.verb:set package 'omo_r1mini_navigation2' build argument 'cmake_args' from command line to 'None'
[0.724s] Level 5:colcon.colcon_core.verb:set package 'omo_r1mini_navigation2' build argument 'cmake_target' from command line to 'None'
[0.724s] Level 5:colcon.colcon_core.verb:set package 'omo_r1mini_navigation2' build argument 'cmake_target_skip_unavailable' from command line to 'False'
[0.725s] Level 5:colcon.colcon_core.verb:set package 'omo_r1mini_navigation2' build argument 'cmake_clean_cache' from command line to 'False'
[0.726s] Level 5:colcon.colcon_core.verb:set package 'omo_r1mini_navigation2' build argument 'cmake_clean_first' from command line to 'False'
[0.726s] Level 5:colcon.colcon_core.verb:set package 'omo_r1mini_navigation2' build argument 'cmake_force_configure' from command line to 'False'
[0.730s] Level 5:colcon.colcon_core.verb:set package 'omo_r1mini_navigation2' build argument 'ament_cmake_args' from command line to 'None'
[0.730s] Level 5:colcon.colcon_core.verb:set package 'omo_r1mini_navigation2' build argument 'catkin_cmake_args' from command line to 'None'
[0.731s] Level 5:colcon.colcon_core.verb:set package 'omo_r1mini_navigation2' build argument 'catkin_skip_building_tests' from command line to 'False'
[0.731s] DEBUG:colcon.colcon_core.verb:Building package 'omo_r1mini_navigation2' with the following arguments: {'ament_cmake_args': None, 'build_base': '/workspaces/foxy_ws/src/omorobot_r1_mini/build/omo_r1mini_navigation2', 'catkin_cmake_args': None, 'catkin_skip_building_tests': False, 'cmake_args': None, 'cmake_clean_cache': False, 'cmake_clean_first': False, 'cmake_force_configure': False, 'cmake_target': None, 'cmake_target_skip_unavailable': False, 'install_base': '/workspaces/foxy_ws/src/omorobot_r1_mini/install/omo_r1mini_navigation2', 'merge_install': False, 'path': '/workspaces/foxy_ws/src/omorobot_r1_mini/src/omo_r1mini-foxy/omo_r1mini_navigation2', 'symlink_install': False, 'test_result_base': None}
[0.734s] Level 5:colcon.colcon_core.verb:set package 'omo_r1mini_teleop' build argument 'cmake_args' from command line to 'None'
[0.735s] Level 5:colcon.colcon_core.verb:set package 'omo_r1mini_teleop' build argument 'cmake_target' from command line to 'None'
[0.735s] Level 5:colcon.colcon_core.verb:set package 'omo_r1mini_teleop' build argument 'cmake_target_skip_unavailable' from command line to 'False'
[0.736s] Level 5:colcon.colcon_core.verb:set package 'omo_r1mini_teleop' build argument 'cmake_clean_cache' from command line to 'False'
[0.736s] Level 5:colcon.colcon_core.verb:set package 'omo_r1mini_teleop' build argument 'cmake_clean_first' from command line to 'False'
[0.737s] Level 5:colcon.colcon_core.verb:set package 'omo_r1mini_teleop' build argument 'cmake_force_configure' from command line to 'False'
[0.737s] Level 5:colcon.colcon_core.verb:set package 'omo_r1mini_teleop' build argument 'ament_cmake_args' from command line to 'None'
[0.738s] Level 5:colcon.colcon_core.verb:set package 'omo_r1mini_teleop' build argument 'catkin_cmake_args' from command line to 'None'
[0.738s] Level 5:colcon.colcon_core.verb:set package 'omo_r1mini_teleop' build argument 'catkin_skip_building_tests' from command line to 'False'
[0.739s] DEBUG:colcon.colcon_core.verb:Building package 'omo_r1mini_teleop' with the following arguments: {'ament_cmake_args': None, 'build_base': '/workspaces/foxy_ws/src/omorobot_r1_mini/build/omo_r1mini_teleop', 'catkin_cmake_args': None, 'catkin_skip_building_tests': False, 'cmake_args': None, 'cmake_clean_cache': False, 'cmake_clean_first': False, 'cmake_force_configure': False, 'cmake_target': None, 'cmake_target_skip_unavailable': False, 'install_base': '/workspaces/foxy_ws/src/omorobot_r1_mini/install/omo_r1mini_teleop', 'merge_install': False, 'path': '/workspaces/foxy_ws/src/omorobot_r1_mini/src/omo_r1mini-foxy/omo_r1mini_teleop', 'symlink_install': False, 'test_result_base': None}
[0.741s] Level 5:colcon.colcon_core.verb:set package 'ydlidar_ros2_driver' build argument 'cmake_args' from command line to 'None'
[0.742s] Level 5:colcon.colcon_core.verb:set package 'ydlidar_ros2_driver' build argument 'cmake_target' from command line to 'None'
[0.742s] Level 5:colcon.colcon_core.verb:set package 'ydlidar_ros2_driver' build argument 'cmake_target_skip_unavailable' from command line to 'False'
[0.743s] Level 5:colcon.colcon_core.verb:set package 'ydlidar_ros2_driver' build argument 'cmake_clean_cache' from command line to 'False'
[0.744s] Level 5:colcon.colcon_core.verb:set package 'ydlidar_ros2_driver' build argument 'cmake_clean_first' from command line to 'False'
[0.746s] Level 5:colcon.colcon_core.verb:set package 'ydlidar_ros2_driver' build argument 'cmake_force_configure' from command line to 'False'
[0.747s] Level 5:colcon.colcon_core.verb:set package 'ydlidar_ros2_driver' build argument 'ament_cmake_args' from command line to 'None'
[0.747s] Level 5:colcon.colcon_core.verb:set package 'ydlidar_ros2_driver' build argument 'catkin_cmake_args' from command line to 'None'
[0.748s] Level 5:colcon.colcon_core.verb:set package 'ydlidar_ros2_driver' build argument 'catkin_skip_building_tests' from command line to 'False'
[0.748s] DEBUG:colcon.colcon_core.verb:Building package 'ydlidar_ros2_driver' with the following arguments: {'ament_cmake_args': None, 'build_base': '/workspaces/foxy_ws/src/omorobot_r1_mini/build/ydlidar_ros2_driver', 'catkin_cmake_args': None, 'catkin_skip_building_tests': False, 'cmake_args': None, 'cmake_clean_cache': False, 'cmake_clean_first': False, 'cmake_force_configure': False, 'cmake_target': None, 'cmake_target_skip_unavailable': False, 'install_base': '/workspaces/foxy_ws/src/omorobot_r1_mini/install/ydlidar_ros2_driver', 'merge_install': False, 'path': '/workspaces/foxy_ws/src/omorobot_r1_mini/src/ydlidar_ros2_driver', 'symlink_install': False, 'test_result_base': None}
[0.751s] Level 5:colcon.colcon_core.verb:set package 'ydlidar_sdk' build argument 'cmake_args' from command line to 'None'
[0.752s] Level 5:colcon.colcon_core.verb:set package 'ydlidar_sdk' build argument 'cmake_target' from command line to 'None'
[0.752s] Level 5:colcon.colcon_core.verb:set package 'ydlidar_sdk' build argument 'cmake_target_skip_unavailable' from command line to 'False'
[0.752s] Level 5:colcon.colcon_core.verb:set package 'ydlidar_sdk' build argument 'cmake_clean_cache' from command line to 'False'
[0.753s] Level 5:colcon.colcon_core.verb:set package 'ydlidar_sdk' build argument 'cmake_clean_first' from command line to 'False'
[0.753s] Level 5:colcon.colcon_core.verb:set package 'ydlidar_sdk' build argument 'cmake_force_configure' from command line to 'False'
[0.754s] Level 5:colcon.colcon_core.verb:set package 'ydlidar_sdk' build argument 'ament_cmake_args' from command line to 'None'
[0.754s] Level 5:colcon.colcon_core.verb:set package 'ydlidar_sdk' build argument 'catkin_cmake_args' from command line to 'None'
[0.755s] Level 5:colcon.colcon_core.verb:set package 'ydlidar_sdk' build argument 'catkin_skip_building_tests' from command line to 'False'
[0.755s] DEBUG:colcon.colcon_core.verb:Building package 'ydlidar_sdk' with the following arguments: {'ament_cmake_args': None, 'build_base': '/workspaces/foxy_ws/src/omorobot_r1_mini/build/ydlidar_sdk', 'catkin_cmake_args': None, 'catkin_skip_building_tests': False, 'cmake_args': None, 'cmake_clean_cache': False, 'cmake_clean_first': False, 'cmake_force_configure': False, 'cmake_target': None, 'cmake_target_skip_unavailable': False, 'install_base': '/workspaces/foxy_ws/src/omorobot_r1_mini/install/ydlidar_sdk', 'merge_install': False, 'path': '/workspaces/foxy_ws/src/omorobot_r1_mini/src/YDLidar-SDK', 'symlink_install': False, 'test_result_base': None}
[0.758s] Level 5:colcon.colcon_core.verb:set package 'omo_r1mini_bringup' build argument 'cmake_args' from command line to 'None'
[0.758s] Level 5:colcon.colcon_core.verb:set package 'omo_r1mini_bringup' build argument 'cmake_target' from command line to 'None'
[0.759s] Level 5:colcon.colcon_core.verb:set package 'omo_r1mini_bringup' build argument 'cmake_target_skip_unavailable' from command line to 'False'
[0.759s] Level 5:colcon.colcon_core.verb:set package 'omo_r1mini_bringup' build argument 'cmake_clean_cache' from command line to 'False'
[0.760s] Level 5:colcon.colcon_core.verb:set package 'omo_r1mini_bringup' build argument 'cmake_clean_first' from command line to 'False'
[0.760s] Level 5:colcon.colcon_core.verb:set package 'omo_r1mini_bringup' build argument 'cmake_force_configure' from command line to 'False'
[0.761s] Level 5:colcon.colcon_core.verb:set package 'omo_r1mini_bringup' build argument 'ament_cmake_args' from command line to 'None'
[0.761s] Level 5:colcon.colcon_core.verb:set package 'omo_r1mini_bringup' build argument 'catkin_cmake_args' from command line to 'None'
[0.761s] Level 5:colcon.colcon_core.verb:set package 'omo_r1mini_bringup' build argument 'catkin_skip_building_tests' from command line to 'False'
[0.762s] DEBUG:colcon.colcon_core.verb:Building package 'omo_r1mini_bringup' with the following arguments: {'ament_cmake_args': None, 'build_base': '/workspaces/foxy_ws/src/omorobot_r1_mini/build/omo_r1mini_bringup', 'catkin_cmake_args': None, 'catkin_skip_building_tests': False, 'cmake_args': None, 'cmake_clean_cache': False, 'cmake_clean_first': False, 'cmake_force_configure': False, 'cmake_target': None, 'cmake_target_skip_unavailable': False, 'install_base': '/workspaces/foxy_ws/src/omorobot_r1_mini/install/omo_r1mini_bringup', 'merge_install': False, 'path': '/workspaces/foxy_ws/src/omorobot_r1_mini/src/omo_r1mini-foxy/omo_r1mini_bringup', 'symlink_install': False, 'test_result_base': None}
[0.765s] Level 5:colcon.colcon_core.verb:set package 'omo_r1mini' build argument 'cmake_args' from command line to 'None'
[0.765s] Level 5:colcon.colcon_core.verb:set package 'omo_r1mini' build argument 'cmake_target' from command line to 'None'
[0.766s] Level 5:colcon.colcon_core.verb:set package 'omo_r1mini' build argument 'cmake_target_skip_unavailable' from command line to 'False'
[0.766s] Level 5:colcon.colcon_core.verb:set package 'omo_r1mini' build argument 'cmake_clean_cache' from command line to 'False'
[0.766s] Level 5:colcon.colcon_core.verb:set package 'omo_r1mini' build argument 'cmake_clean_first' from command line to 'False'
[0.767s] Level 5:colcon.colcon_core.verb:set package 'omo_r1mini' build argument 'cmake_force_configure' from command line to 'False'
[0.767s] Level 5:colcon.colcon_core.verb:set package 'omo_r1mini' build argument 'ament_cmake_args' from command line to 'None'
[0.768s] Level 5:colcon.colcon_core.verb:set package 'omo_r1mini' build argument 'catkin_cmake_args' from command line to 'None'
[0.768s] Level 5:colcon.colcon_core.verb:set package 'omo_r1mini' build argument 'catkin_skip_building_tests' from command line to 'False'
[0.769s] DEBUG:colcon.colcon_core.verb:Building package 'omo_r1mini' with the following arguments: {'ament_cmake_args': None, 'build_base': '/workspaces/foxy_ws/src/omorobot_r1_mini/build/omo_r1mini', 'catkin_cmake_args': None, 'catkin_skip_building_tests': False, 'cmake_args': None, 'cmake_clean_cache': False, 'cmake_clean_first': False, 'cmake_force_configure': False, 'cmake_target': None, 'cmake_target_skip_unavailable': False, 'install_base': '/workspaces/foxy_ws/src/omorobot_r1_mini/install/omo_r1mini', 'merge_install': False, 'path': '/workspaces/foxy_ws/src/omorobot_r1_mini/src/omo_r1mini-foxy/omo_r1mini', 'symlink_install': False, 'test_result_base': None}
[0.769s] INFO:colcon.colcon_core.executor:Executing jobs using 'parallel' executor
[0.772s] DEBUG:colcon.colcon_parallel_executor.executor.parallel:run_until_complete
[0.772s] INFO:colcon.colcon_ros.task.ament_cmake.build:Building ROS package in '/workspaces/foxy_ws/src/omorobot_r1_mini/src/omo_r1mini-foxy/omo_r1mini_description' with build type 'ament_cmake'
[0.773s] INFO:colcon.colcon_cmake.task.cmake.build:Building CMake package in '/workspaces/foxy_ws/src/omorobot_r1_mini/src/omo_r1mini-foxy/omo_r1mini_description'
[0.781s] INFO:colcon.colcon_core.plugin_system:Skipping extension 'colcon_core.shell.bat': Not used on non-Windows systems
[0.782s] INFO:colcon.colcon_core.shell:Skip shell extension 'powershell' for command environment: Not usable outside of PowerShell
[0.782s] DEBUG:colcon.colcon_core.shell:Skip shell extension 'dsv' for command environment
[0.792s] DEBUG:colcon.colcon_core.shell:Ignoring prefix path '/opt/ros/foxy'
[0.801s] INFO:colcon.colcon_ros.task.ament_cmake.build:Building ROS package in '/workspaces/foxy_ws/src/omorobot_r1_mini/src/omo_r1mini-foxy/omo_r1mini_cartographer' with build type 'ament_cmake'
[0.802s] INFO:colcon.colcon_cmake.task.cmake.build:Building CMake package in '/workspaces/foxy_ws/src/omorobot_r1_mini/src/omo_r1mini-foxy/omo_r1mini_cartographer'
[0.805s] INFO:colcon.colcon_core.shell:Skip shell extension 'powershell' for command environment: Not usable outside of PowerShell
[0.806s] DEBUG:colcon.colcon_core.shell:Skip shell extension 'dsv' for command environment
[0.815s] DEBUG:colcon.colcon_core.shell:Ignoring prefix path '/opt/ros/foxy'
[0.823s] INFO:colcon.colcon_ros.task.ament_cmake.build:Building ROS package in '/workspaces/foxy_ws/src/omorobot_r1_mini/src/omo_r1mini-foxy/omo_r1mini_navigation2' with build type 'ament_cmake'
[0.826s] INFO:colcon.colcon_cmake.task.cmake.build:Building CMake package in '/workspaces/foxy_ws/src/omorobot_r1_mini/src/omo_r1mini-foxy/omo_r1mini_navigation2'
[0.828s] INFO:colcon.colcon_core.shell:Skip shell extension 'powershell' for command environment: Not usable outside of PowerShell
[0.829s] DEBUG:colcon.colcon_core.shell:Skip shell extension 'dsv' for command environment
[0.838s] DEBUG:colcon.colcon_core.shell:Ignoring prefix path '/opt/ros/foxy'
[0.850s] INFO:colcon.colcon_ros.task.ament_python.build:Building ROS package in '/workspaces/foxy_ws/src/omorobot_r1_mini/src/omo_r1mini-foxy/omo_r1mini_teleop' with build type 'ament_python'
[0.853s] Level 1:colcon.colcon_core.shell:create_environment_hook('omo_r1mini_teleop', 'ament_prefix_path')
[0.855s] INFO:colcon.colcon_core.shell:Creating environment hook '/workspaces/foxy_ws/src/omorobot_r1_mini/install/omo_r1mini_teleop/share/omo_r1mini_teleop/hook/ament_prefix_path.ps1'
[0.862s] INFO:colcon.colcon_core.shell:Creating environment descriptor '/workspaces/foxy_ws/src/omorobot_r1_mini/install/omo_r1mini_teleop/share/omo_r1mini_teleop/hook/ament_prefix_path.dsv'
[0.866s] INFO:colcon.colcon_core.shell:Creating environment hook '/workspaces/foxy_ws/src/omorobot_r1_mini/install/omo_r1mini_teleop/share/omo_r1mini_teleop/hook/ament_prefix_path.sh'
[0.872s] INFO:colcon.colcon_core.shell:Skip shell extension 'powershell' for command environment: Not usable outside of PowerShell
[0.873s] DEBUG:colcon.colcon_core.shell:Skip shell extension 'dsv' for command environment
[0.884s] DEBUG:colcon.colcon_core.shell:Ignoring prefix path '/opt/ros/foxy'
[0.894s] INFO:colcon.colcon_ros.task.ament_cmake.build:Building ROS package in '/workspaces/foxy_ws/src/omorobot_r1_mini/src/omo_r1mini-foxy/omo_r1mini_gazebo' with build type 'ament_cmake'
[0.895s] INFO:colcon.colcon_cmake.task.cmake.build:Building CMake package in '/workspaces/foxy_ws/src/omorobot_r1_mini/src/omo_r1mini-foxy/omo_r1mini_gazebo'
[0.898s] INFO:colcon.colcon_core.shell:Skip shell extension 'powershell' for command environment: Not usable outside of PowerShell
[0.899s] DEBUG:colcon.colcon_core.shell:Skip shell extension 'dsv' for command environment
[0.910s] DEBUG:colcon.colcon_core.shell:Ignoring prefix path '/opt/ros/foxy'
[0.920s] INFO:colcon.colcon_ros.task.ament_cmake.build:Building ROS package in '/workspaces/foxy_ws/src/omorobot_r1_mini/src/ydlidar_ros2_driver' with build type 'ament_cmake'
[0.921s] INFO:colcon.colcon_cmake.task.cmake.build:Building CMake package in '/workspaces/foxy_ws/src/omorobot_r1_mini/src/ydlidar_ros2_driver'
[0.923s] INFO:colcon.colcon_core.shell:Skip shell extension 'powershell' for command environment: Not usable outside of PowerShell
[0.926s] DEBUG:colcon.colcon_core.shell:Skip shell extension 'dsv' for command environment
[0.936s] DEBUG:colcon.colcon_core.shell:Ignoring prefix path '/opt/ros/foxy'
[0.947s] INFO:colcon.colcon_cmake.task.cmake.build:Building CMake package in '/workspaces/foxy_ws/src/omorobot_r1_mini/src/YDLidar-SDK'
[0.950s] INFO:colcon.colcon_core.shell:Skip shell extension 'powershell' for command environment: Not usable outside of PowerShell
[0.952s] DEBUG:colcon.colcon_core.shell:Skip shell extension 'dsv' for command environment
[0.964s] DEBUG:colcon.colcon_core.shell:Ignoring prefix path '/opt/ros/foxy'
[1.017s] DEBUG:colcon.colcon_core.event_handler.log_command:Invoking command in '/workspaces/foxy_ws/src/omorobot_r1_mini/build/omo_r1mini_description': CMAKE_PREFIX_PATH=/workspaces/foxy_ws/src/nav2slam_example/install/unity_slam_example:/workspaces/foxy_ws/src/nav2slam_example/install/ros_tcp_endpoint:/workspaces/foxy_ws/src/nav2slam_example/colcon_ws/install/unity_slam_example:/opt/ros/foxy /usr/bin/cmake /workspaces/foxy_ws/src/omorobot_r1_mini/src/omo_r1mini-foxy/omo_r1mini_description -DCMAKE_INSTALL_PREFIX=/workspaces/foxy_ws/src/omorobot_r1_mini/install/omo_r1mini_description
[1.047s] DEBUG:colcon.colcon_core.event_handler.log_command:Invoking command in '/workspaces/foxy_ws/src/omorobot_r1_mini/build/omo_r1mini_cartographer': CMAKE_PREFIX_PATH=/workspaces/foxy_ws/src/nav2slam_example/install/unity_slam_example:/workspaces/foxy_ws/src/nav2slam_example/install/ros_tcp_endpoint:/workspaces/foxy_ws/src/nav2slam_example/colcon_ws/install/unity_slam_example:/opt/ros/foxy /usr/bin/cmake /workspaces/foxy_ws/src/omorobot_r1_mini/src/omo_r1mini-foxy/omo_r1mini_cartographer -DCMAKE_INSTALL_PREFIX=/workspaces/foxy_ws/src/omorobot_r1_mini/install/omo_r1mini_cartographer
[1.089s] DEBUG:colcon.colcon_core.event_handler.log_command:Invoking command in '/workspaces/foxy_ws/src/omorobot_r1_mini/build/omo_r1mini_navigation2': CMAKE_PREFIX_PATH=/workspaces/foxy_ws/src/nav2slam_example/install/unity_slam_example:/workspaces/foxy_ws/src/nav2slam_example/install/ros_tcp_endpoint:/workspaces/foxy_ws/src/nav2slam_example/colcon_ws/install/unity_slam_example:/opt/ros/foxy /usr/bin/cmake /workspaces/foxy_ws/src/omorobot_r1_mini/src/omo_r1mini-foxy/omo_r1mini_navigation2 -DCMAKE_INSTALL_PREFIX=/workspaces/foxy_ws/src/omorobot_r1_mini/install/omo_r1mini_navigation2
[1.424s] INFO:colcon.colcon_core.task.python.build:Building Python package in '/workspaces/foxy_ws/src/omorobot_r1_mini/src/omo_r1mini-foxy/omo_r1mini_teleop'
[1.426s] INFO:colcon.colcon_core.shell:Skip shell extension 'powershell' for command environment: Not usable outside of PowerShell
[1.427s] DEBUG:colcon.colcon_core.shell:Skip shell extension 'dsv' for command environment
[1.434s] DEBUG:colcon.colcon_core.shell:Ignoring prefix path '/opt/ros/foxy'
[1.492s] DEBUG:colcon.colcon_core.event_handler.log_command:Invoking command in '/workspaces/foxy_ws/src/omorobot_r1_mini/build/omo_r1mini_gazebo': CMAKE_PREFIX_PATH=/workspaces/foxy_ws/src/nav2slam_example/install/unity_slam_example:/workspaces/foxy_ws/src/nav2slam_example/install/ros_tcp_endpoint:/workspaces/foxy_ws/src/nav2slam_example/colcon_ws/install/unity_slam_example:/opt/ros/foxy /usr/bin/cmake /workspaces/foxy_ws/src/omorobot_r1_mini/src/omo_r1mini-foxy/omo_r1mini_gazebo -DCMAKE_INSTALL_PREFIX=/workspaces/foxy_ws/src/omorobot_r1_mini/install/omo_r1mini_gazebo
[1.546s] DEBUG:colcon.colcon_core.event_handler.log_command:Invoking command in '/workspaces/foxy_ws/src/omorobot_r1_mini/build/ydlidar_ros2_driver': CMAKE_PREFIX_PATH=/workspaces/foxy_ws/src/nav2slam_example/install/unity_slam_example:/workspaces/foxy_ws/src/nav2slam_example/install/ros_tcp_endpoint:/workspaces/foxy_ws/src/nav2slam_example/colcon_ws/install/unity_slam_example:/opt/ros/foxy /usr/bin/cmake /workspaces/foxy_ws/src/omorobot_r1_mini/src/ydlidar_ros2_driver -DCMAKE_INSTALL_PREFIX=/workspaces/foxy_ws/src/omorobot_r1_mini/install/ydlidar_ros2_driver
[1.677s] DEBUG:colcon.colcon_core.event_handler.log_command:Invoking command in '/workspaces/foxy_ws/src/omorobot_r1_mini/build/ydlidar_sdk': /usr/bin/cmake --build /workspaces/foxy_ws/src/omorobot_r1_mini/build/ydlidar_sdk -- -j8 -l8
[1.726s] DEBUG:colcon.colcon_core.event_handler.log_command:Invoking command in '/workspaces/foxy_ws/src/omorobot_r1_mini/build/omo_r1mini_teleop': PYTHONPATH=/workspaces/foxy_ws/src/omorobot_r1_mini/install/omo_r1mini_teleop/lib/python3.8/site-packages:${PYTHONPATH} /usr/bin/python3 setup.py develop --prefix /workspaces/foxy_ws/src/omorobot_r1_mini/install/omo_r1mini_teleop --uninstall --editable --build-directory /workspaces/foxy_ws/src/omorobot_r1_mini/build/omo_r1mini_teleop/build
[2.363s] DEBUG:colcon.colcon_core.event_handler.log_command:Invoked command in '/workspaces/foxy_ws/src/omorobot_r1_mini/build/ydlidar_sdk' returned '0': /usr/bin/cmake --build /workspaces/foxy_ws/src/omorobot_r1_mini/build/ydlidar_sdk -- -j8 -l8
[2.451s] DEBUG:colcon.colcon_core.event_handler.log_command:Invoked command in '/workspaces/foxy_ws/src/omorobot_r1_mini/build/omo_r1mini_teleop' returned '0': PYTHONPATH=/workspaces/foxy_ws/src/omorobot_r1_mini/install/omo_r1mini_teleop/lib/python3.8/site-packages:${PYTHONPATH} /usr/bin/python3 setup.py develop --prefix /workspaces/foxy_ws/src/omorobot_r1_mini/install/omo_r1mini_teleop --uninstall --editable --build-directory /workspaces/foxy_ws/src/omorobot_r1_mini/build/omo_r1mini_teleop/build
[2.460s] DEBUG:colcon.colcon_core.event_handler.log_command:Invoking command in '/workspaces/foxy_ws/src/omorobot_r1_mini/src/omo_r1mini-foxy/omo_r1mini_teleop': PYTHONPATH=/workspaces/foxy_ws/src/omorobot_r1_mini/install/omo_r1mini_teleop/lib/python3.8/site-packages:${PYTHONPATH} /usr/bin/python3 setup.py egg_info --egg-base ../../../build/omo_r1mini_teleop build --build-base /workspaces/foxy_ws/src/omorobot_r1_mini/build/omo_r1mini_teleop/build install --prefix /workspaces/foxy_ws/src/omorobot_r1_mini/install/omo_r1mini_teleop --record /workspaces/foxy_ws/src/omorobot_r1_mini/build/omo_r1mini_teleop/install.log --single-version-externally-managed
[2.566s] DEBUG:colcon.colcon_core.event_handler.log_command:Invoking command in '/workspaces/foxy_ws/src/omorobot_r1_mini/build/ydlidar_sdk': /usr/bin/cmake --install /workspaces/foxy_ws/src/omorobot_r1_mini/build/ydlidar_sdk
[2.994s] DEBUG:colcon.colcon_core.event_handler.log_command:Invoked command in '/workspaces/foxy_ws/src/omorobot_r1_mini/build/omo_r1mini_navigation2' returned '0': CMAKE_PREFIX_PATH=/workspaces/foxy_ws/src/nav2slam_example/install/unity_slam_example:/workspaces/foxy_ws/src/nav2slam_example/install/ros_tcp_endpoint:/workspaces/foxy_ws/src/nav2slam_example/colcon_ws/install/unity_slam_example:/opt/ros/foxy /usr/bin/cmake /workspaces/foxy_ws/src/omorobot_r1_mini/src/omo_r1mini-foxy/omo_r1mini_navigation2 -DCMAKE_INSTALL_PREFIX=/workspaces/foxy_ws/src/omorobot_r1_mini/install/omo_r1mini_navigation2
[3.009s] DEBUG:colcon.colcon_core.event_handler.log_command:Invoking command in '/workspaces/foxy_ws/src/omorobot_r1_mini/build/omo_r1mini_navigation2': CMAKE_PREFIX_PATH=/workspaces/foxy_ws/src/nav2slam_example/install/unity_slam_example:/workspaces/foxy_ws/src/nav2slam_example/install/ros_tcp_endpoint:/workspaces/foxy_ws/src/nav2slam_example/colcon_ws/install/unity_slam_example:/opt/ros/foxy /usr/bin/cmake --build /workspaces/foxy_ws/src/omorobot_r1_mini/build/omo_r1mini_navigation2 -- -j8 -l8
[3.087s] DEBUG:colcon.colcon_core.event_handler.log_command:Invoked command in '/workspaces/foxy_ws/src/omorobot_r1_mini/build/omo_r1mini_cartographer' returned '0': CMAKE_PREFIX_PATH=/workspaces/foxy_ws/src/nav2slam_example/install/unity_slam_example:/workspaces/foxy_ws/src/nav2slam_example/install/ros_tcp_endpoint:/workspaces/foxy_ws/src/nav2slam_example/colcon_ws/install/unity_slam_example:/opt/ros/foxy /usr/bin/cmake /workspaces/foxy_ws/src/omorobot_r1_mini/src/omo_r1mini-foxy/omo_r1mini_cartographer -DCMAKE_INSTALL_PREFIX=/workspaces/foxy_ws/src/omorobot_r1_mini/install/omo_r1mini_cartographer
[3.108s] DEBUG:colcon.colcon_core.event_handler.log_command:Invoking command in '/workspaces/foxy_ws/src/omorobot_r1_mini/build/omo_r1mini_cartographer': CMAKE_PREFIX_PATH=/workspaces/foxy_ws/src/nav2slam_example/install/unity_slam_example:/workspaces/foxy_ws/src/nav2slam_example/install/ros_tcp_endpoint:/workspaces/foxy_ws/src/nav2slam_example/colcon_ws/install/unity_slam_example:/opt/ros/foxy /usr/bin/cmake --build /workspaces/foxy_ws/src/omorobot_r1_mini/build/omo_r1mini_cartographer -- -j8 -l8
[3.129s] Level 1:colcon.colcon_core.environment:create_environment_scripts_only(ydlidar_sdk)
[3.137s] Level 1:colcon.colcon_core.environment:checking '/workspaces/foxy_ws/src/omorobot_r1_mini/install/ydlidar_sdk' for CMake module files
[3.162s] Level 1:colcon.colcon_core.shell:create_environment_hook('ydlidar_sdk', 'cmake_module_path')
[3.168s] INFO:colcon.colcon_core.shell:Creating environment hook '/workspaces/foxy_ws/src/omorobot_r1_mini/install/ydlidar_sdk/share/ydlidar_sdk/hook/cmake_module_path.ps1'
[3.181s] INFO:colcon.colcon_core.shell:Creating environment descriptor '/workspaces/foxy_ws/src/omorobot_r1_mini/install/ydlidar_sdk/share/ydlidar_sdk/hook/cmake_module_path.dsv'
[3.188s] INFO:colcon.colcon_core.shell:Creating environment hook '/workspaces/foxy_ws/src/omorobot_r1_mini/install/ydlidar_sdk/share/ydlidar_sdk/hook/cmake_module_path.sh'
[3.232s] Level 1:colcon.colcon_core.environment:checking '/workspaces/foxy_ws/src/omorobot_r1_mini/install/ydlidar_sdk' for CMake config files
[3.237s] Level 1:colcon.colcon_core.shell:create_environment_hook('ydlidar_sdk', 'cmake_prefix_path')
[3.241s] INFO:colcon.colcon_core.shell:Creating environment hook '/workspaces/foxy_ws/src/omorobot_r1_mini/install/ydlidar_sdk/share/ydlidar_sdk/hook/cmake_prefix_path.ps1'
[3.252s] INFO:colcon.colcon_core.shell:Creating environment descriptor '/workspaces/foxy_ws/src/omorobot_r1_mini/install/ydlidar_sdk/share/ydlidar_sdk/hook/cmake_prefix_path.dsv'
[3.267s] INFO:colcon.colcon_core.shell:Creating environment hook '/workspaces/foxy_ws/src/omorobot_r1_mini/install/ydlidar_sdk/share/ydlidar_sdk/hook/cmake_prefix_path.sh'
[3.284s] Level 1:colcon.colcon_core.environment:checking '/workspaces/foxy_ws/src/omorobot_r1_mini/install/ydlidar_sdk/lib'
[3.286s] Level 1:colcon.colcon_core.environment:checking '/workspaces/foxy_ws/src/omorobot_r1_mini/install/ydlidar_sdk/bin'
[3.287s] Level 1:colcon.colcon_core.shell:create_environment_hook('ydlidar_sdk', 'path')
[3.289s] INFO:colcon.colcon_core.shell:Creating environment hook '/workspaces/foxy_ws/src/omorobot_r1_mini/install/ydlidar_sdk/share/ydlidar_sdk/hook/path.ps1'
[3.298s] INFO:colcon.colcon_core.shell:Creating environment descriptor '/workspaces/foxy_ws/src/omorobot_r1_mini/install/ydlidar_sdk/share/ydlidar_sdk/hook/path.dsv'
[3.303s] INFO:colcon.colcon_core.shell:Creating environment hook '/workspaces/foxy_ws/src/omorobot_r1_mini/install/ydlidar_sdk/share/ydlidar_sdk/hook/path.sh'
[3.313s] Level 1:colcon.colcon_core.environment:checking '/workspaces/foxy_ws/src/omorobot_r1_mini/install/ydlidar_sdk/lib/pkgconfig/ydlidar_sdk.pc'
[3.315s] Level 1:colcon.colcon_core.shell:create_environment_hook('ydlidar_sdk', 'pkg_config')
[3.317s] INFO:colcon.colcon_core.shell:Creating environment hook '/workspaces/foxy_ws/src/omorobot_r1_mini/install/ydlidar_sdk/share/ydlidar_sdk/hook/pkg_config.ps1'
[3.326s] INFO:colcon.colcon_core.shell:Creating environment descriptor '/workspaces/foxy_ws/src/omorobot_r1_mini/install/ydlidar_sdk/share/ydlidar_sdk/hook/pkg_config.dsv'
[3.337s] INFO:colcon.colcon_core.shell:Creating environment hook '/workspaces/foxy_ws/src/omorobot_r1_mini/install/ydlidar_sdk/share/ydlidar_sdk/hook/pkg_config.sh'
[3.341s] DEBUG:colcon.colcon_core.event_handler.log_command:Invoked command in '/workspaces/foxy_ws/src/omorobot_r1_mini/build/omo_r1mini_navigation2' returned '0': CMAKE_PREFIX_PATH=/workspaces/foxy_ws/src/nav2slam_example/install/unity_slam_example:/workspaces/foxy_ws/src/nav2slam_example/install/ros_tcp_endpoint:/workspaces/foxy_ws/src/nav2slam_example/colcon_ws/install/unity_slam_example:/opt/ros/foxy /usr/bin/cmake --build /workspaces/foxy_ws/src/omorobot_r1_mini/build/omo_r1mini_navigation2 -- -j8 -l8
[3.349s] Level 1:colcon.colcon_core.environment:checking '/workspaces/foxy_ws/src/omorobot_r1_mini/install/ydlidar_sdk/lib/python3.8/site-packages'
[3.352s] INFO:colcon.colcon_core.shell:Creating package script '/workspaces/foxy_ws/src/omorobot_r1_mini/install/ydlidar_sdk/share/ydlidar_sdk/package.ps1'
[3.363s] INFO:colcon.colcon_core.shell:Creating package descriptor '/workspaces/foxy_ws/src/omorobot_r1_mini/install/ydlidar_sdk/share/ydlidar_sdk/package.dsv'
[3.373s] INFO:colcon.colcon_core.shell:Creating package script '/workspaces/foxy_ws/src/omorobot_r1_mini/install/ydlidar_sdk/share/ydlidar_sdk/package.sh'
[3.378s] INFO:colcon.colcon_core.shell:Creating package script '/workspaces/foxy_ws/src/omorobot_r1_mini/install/ydlidar_sdk/share/ydlidar_sdk/package.bash'
[3.388s] INFO:colcon.colcon_core.shell:Creating package script '/workspaces/foxy_ws/src/omorobot_r1_mini/install/ydlidar_sdk/share/ydlidar_sdk/package.zsh'
[3.394s] Level 1:colcon.colcon_core.environment:create_file_with_runtime_dependencies(/workspaces/foxy_ws/src/omorobot_r1_mini/install/ydlidar_sdk/share/colcon-core/packages/ydlidar_sdk)
[3.399s] DEBUG:colcon.colcon_core.event_handler.log_command:Invoked command in '/workspaces/foxy_ws/src/omorobot_r1_mini/build/omo_r1mini_cartographer' returned '0': CMAKE_PREFIX_PATH=/workspaces/foxy_ws/src/nav2slam_example/install/unity_slam_example:/workspaces/foxy_ws/src/nav2slam_example/install/ros_tcp_endpoint:/workspaces/foxy_ws/src/nav2slam_example/colcon_ws/install/unity_slam_example:/opt/ros/foxy /usr/bin/cmake --build /workspaces/foxy_ws/src/omorobot_r1_mini/build/omo_r1mini_cartographer -- -j8 -l8
[3.413s] Level 1:colcon.colcon_core.environment:create_environment_scripts_only(omo_r1mini_cartographer)
[3.416s] Level 1:colcon.colcon_core.environment:checking '/workspaces/foxy_ws/src/omorobot_r1_mini/install/omo_r1mini_cartographer' for CMake module files
[3.429s] DEBUG:colcon.colcon_core.event_handler.log_command:Invoked command in '/workspaces/foxy_ws/src/omorobot_r1_mini/build/omo_r1mini_description' returned '0': CMAKE_PREFIX_PATH=/workspaces/foxy_ws/src/nav2slam_example/install/unity_slam_example:/workspaces/foxy_ws/src/nav2slam_example/install/ros_tcp_endpoint:/workspaces/foxy_ws/src/nav2slam_example/colcon_ws/install/unity_slam_example:/opt/ros/foxy /usr/bin/cmake /workspaces/foxy_ws/src/omorobot_r1_mini/src/omo_r1mini-foxy/omo_r1mini_description -DCMAKE_INSTALL_PREFIX=/workspaces/foxy_ws/src/omorobot_r1_mini/install/omo_r1mini_description
[3.449s] DEBUG:colcon.colcon_core.event_handler.log_command:Invoking command in '/workspaces/foxy_ws/src/omorobot_r1_mini/build/omo_r1mini_description': CMAKE_PREFIX_PATH=/workspaces/foxy_ws/src/nav2slam_example/install/unity_slam_example:/workspaces/foxy_ws/src/nav2slam_example/install/ros_tcp_endpoint:/workspaces/foxy_ws/src/nav2slam_example/colcon_ws/install/unity_slam_example:/opt/ros/foxy /usr/bin/cmake --build /workspaces/foxy_ws/src/omorobot_r1_mini/build/omo_r1mini_description -- -j8 -l8
[3.460s] Level 1:colcon.colcon_core.environment:checking '/workspaces/foxy_ws/src/omorobot_r1_mini/install/omo_r1mini_cartographer' for CMake config files
[3.475s] Level 1:colcon.colcon_core.shell:create_environment_hook('omo_r1mini_cartographer', 'cmake_prefix_path')
[3.476s] INFO:colcon.colcon_core.shell:Creating environment hook '/workspaces/foxy_ws/src/omorobot_r1_mini/install/omo_r1mini_cartographer/share/omo_r1mini_cartographer/hook/cmake_prefix_path.ps1'
[3.480s] INFO:colcon.colcon_core.shell:Creating environment descriptor '/workspaces/foxy_ws/src/omorobot_r1_mini/install/omo_r1mini_cartographer/share/omo_r1mini_cartographer/hook/cmake_prefix_path.dsv'
[3.483s] INFO:colcon.colcon_core.shell:Creating environment hook '/workspaces/foxy_ws/src/omorobot_r1_mini/install/omo_r1mini_cartographer/share/omo_r1mini_cartographer/hook/cmake_prefix_path.sh'
[3.487s] Level 1:colcon.colcon_core.environment:checking '/workspaces/foxy_ws/src/omorobot_r1_mini/install/omo_r1mini_cartographer/bin'
[3.488s] Level 1:colcon.colcon_core.environment:checking '/workspaces/foxy_ws/src/omorobot_r1_mini/install/omo_r1mini_cartographer/lib/pkgconfig/omo_r1mini_cartographer.pc'
[3.489s] Level 1:colcon.colcon_core.environment:checking '/workspaces/foxy_ws/src/omorobot_r1_mini/install/omo_r1mini_cartographer/lib/python3.8/site-packages'
[3.491s] INFO:colcon.colcon_core.shell:Creating package script '/workspaces/foxy_ws/src/omorobot_r1_mini/install/omo_r1mini_cartographer/share/omo_r1mini_cartographer/package.ps1'
[3.502s] INFO:colcon.colcon_core.shell:Creating package descriptor '/workspaces/foxy_ws/src/omorobot_r1_mini/install/omo_r1mini_cartographer/share/omo_r1mini_cartographer/package.dsv'
[3.511s] INFO:colcon.colcon_core.shell:Creating package script '/workspaces/foxy_ws/src/omorobot_r1_mini/install/omo_r1mini_cartographer/share/omo_r1mini_cartographer/package.sh'
[3.516s] INFO:colcon.colcon_core.shell:Creating package script '/workspaces/foxy_ws/src/omorobot_r1_mini/install/omo_r1mini_cartographer/share/omo_r1mini_cartographer/package.bash'
[3.521s] INFO:colcon.colcon_core.shell:Creating package script '/workspaces/foxy_ws/src/omorobot_r1_mini/install/omo_r1mini_cartographer/share/omo_r1mini_cartographer/package.zsh'
[3.529s] Level 1:colcon.colcon_core.environment:create_file_with_runtime_dependencies(/workspaces/foxy_ws/src/omorobot_r1_mini/install/omo_r1mini_cartographer/share/colcon-core/packages/omo_r1mini_cartographer)
[3.539s] Level 1:colcon.colcon_core.environment:create_environment_scripts_only(omo_r1mini_navigation2)
[3.544s] Level 1:colcon.colcon_core.environment:checking '/workspaces/foxy_ws/src/omorobot_r1_mini/install/omo_r1mini_navigation2' for CMake module files
[3.571s] DEBUG:colcon.colcon_core.event_handler.log_command:Invoking command in '/workspaces/foxy_ws/src/omorobot_r1_mini/build/omo_r1mini_cartographer': CMAKE_PREFIX_PATH=/workspaces/foxy_ws/src/nav2slam_example/install/unity_slam_example:/workspaces/foxy_ws/src/nav2slam_example/install/ros_tcp_endpoint:/workspaces/foxy_ws/src/nav2slam_example/colcon_ws/install/unity_slam_example:/opt/ros/foxy /usr/bin/cmake --install /workspaces/foxy_ws/src/omorobot_r1_mini/build/omo_r1mini_cartographer
[3.577s] DEBUG:colcon.colcon_core.event_handler.log_command:Invoking command in '/workspaces/foxy_ws/src/omorobot_r1_mini/build/omo_r1mini_navigation2': CMAKE_PREFIX_PATH=/workspaces/foxy_ws/src/nav2slam_example/install/unity_slam_example:/workspaces/foxy_ws/src/nav2slam_example/install/ros_tcp_endpoint:/workspaces/foxy_ws/src/nav2slam_example/colcon_ws/install/unity_slam_example:/opt/ros/foxy /usr/bin/cmake --install /workspaces/foxy_ws/src/omorobot_r1_mini/build/omo_r1mini_navigation2
[3.580s] Level 1:colcon.colcon_core.environment:checking '/workspaces/foxy_ws/src/omorobot_r1_mini/install/omo_r1mini_navigation2' for CMake config files
[3.594s] Level 1:colcon.colcon_core.shell:create_environment_hook('omo_r1mini_navigation2', 'cmake_prefix_path')
[3.595s] INFO:colcon.colcon_core.shell:Creating environment hook '/workspaces/foxy_ws/src/omorobot_r1_mini/install/omo_r1mini_navigation2/share/omo_r1mini_navigation2/hook/cmake_prefix_path.ps1'
[3.600s] INFO:colcon.colcon_core.shell:Creating environment descriptor '/workspaces/foxy_ws/src/omorobot_r1_mini/install/omo_r1mini_navigation2/share/omo_r1mini_navigation2/hook/cmake_prefix_path.dsv'
[3.604s] INFO:colcon.colcon_core.shell:Creating environment hook '/workspaces/foxy_ws/src/omorobot_r1_mini/install/omo_r1mini_navigation2/share/omo_r1mini_navigation2/hook/cmake_prefix_path.sh'
[3.607s] Level 1:colcon.colcon_core.environment:checking '/workspaces/foxy_ws/src/omorobot_r1_mini/install/omo_r1mini_navigation2/bin'
[3.610s] Level 1:colcon.colcon_core.environment:checking '/workspaces/foxy_ws/src/omorobot_r1_mini/install/omo_r1mini_navigation2/lib/pkgconfig/omo_r1mini_navigation2.pc'
[3.612s] Level 1:colcon.colcon_core.environment:checking '/workspaces/foxy_ws/src/omorobot_r1_mini/install/omo_r1mini_navigation2/lib/python3.8/site-packages'
[3.614s] INFO:colcon.colcon_core.shell:Creating package script '/workspaces/foxy_ws/src/omorobot_r1_mini/install/omo_r1mini_navigation2/share/omo_r1mini_navigation2/package.ps1'
[3.618s] INFO:colcon.colcon_core.shell:Creating package descriptor '/workspaces/foxy_ws/src/omorobot_r1_mini/install/omo_r1mini_navigation2/share/omo_r1mini_navigation2/package.dsv'
[3.627s] INFO:colcon.colcon_core.shell:Creating package script '/workspaces/foxy_ws/src/omorobot_r1_mini/install/omo_r1mini_navigation2/share/omo_r1mini_navigation2/package.sh'
[3.633s] INFO:colcon.colcon_core.shell:Creating package script '/workspaces/foxy_ws/src/omorobot_r1_mini/install/omo_r1mini_navigation2/share/omo_r1mini_navigation2/package.bash'
[3.638s] INFO:colcon.colcon_core.shell:Creating package script '/workspaces/foxy_ws/src/omorobot_r1_mini/install/omo_r1mini_navigation2/share/omo_r1mini_navigation2/package.zsh'
[3.643s] Level 1:colcon.colcon_core.environment:create_file_with_runtime_dependencies(/workspaces/foxy_ws/src/omorobot_r1_mini/install/omo_r1mini_navigation2/share/colcon-core/packages/omo_r1mini_navigation2)
[3.653s] Level 1:colcon.colcon_core.environment:checking '/workspaces/foxy_ws/src/omorobot_r1_mini/install/omo_r1mini_teleop' for CMake module files
[3.673s] Level 1:colcon.colcon_core.environment:checking '/workspaces/foxy_ws/src/omorobot_r1_mini/install/omo_r1mini_teleop' for CMake config files
[3.685s] Level 1:colcon.colcon_core.environment:checking '/workspaces/foxy_ws/src/omorobot_r1_mini/install/omo_r1mini_teleop/lib'
[3.688s] Level 1:colcon.colcon_core.environment:checking '/workspaces/foxy_ws/src/omorobot_r1_mini/install/omo_r1mini_teleop/bin'
[3.690s] Level 1:colcon.colcon_core.environment:checking '/workspaces/foxy_ws/src/omorobot_r1_mini/install/omo_r1mini_teleop/lib/pkgconfig/omo_r1mini_teleop.pc'
[3.691s] Level 1:colcon.colcon_core.environment:checking '/workspaces/foxy_ws/src/omorobot_r1_mini/install/omo_r1mini_teleop/lib/python3.8/site-packages'
[3.695s] Level 1:colcon.colcon_core.shell:create_environment_hook('omo_r1mini_teleop', 'pythonpath')
[3.697s] INFO:colcon.colcon_core.shell:Creating environment hook '/workspaces/foxy_ws/src/omorobot_r1_mini/install/omo_r1mini_teleop/share/omo_r1mini_teleop/hook/pythonpath.ps1'
[3.702s] INFO:colcon.colcon_core.shell:Creating environment descriptor '/workspaces/foxy_ws/src/omorobot_r1_mini/install/omo_r1mini_teleop/share/omo_r1mini_teleop/hook/pythonpath.dsv'
[3.711s] DEBUG:colcon.colcon_core.event_handler.log_command:Invoked command in '/workspaces/foxy_ws/src/omorobot_r1_mini/build/ydlidar_sdk' returned '0': /usr/bin/cmake --install /workspaces/foxy_ws/src/omorobot_r1_mini/build/ydlidar_sdk
[3.711s] INFO:colcon.colcon_core.shell:Creating environment hook '/workspaces/foxy_ws/src/omorobot_r1_mini/install/omo_r1mini_teleop/share/omo_r1mini_teleop/hook/pythonpath.sh'
[3.716s] Level 1:colcon.colcon_core.environment:create_environment_scripts_only(omo_r1mini_teleop)
[3.718s] INFO:colcon.colcon_core.shell:Creating package script '/workspaces/foxy_ws/src/omorobot_r1_mini/install/omo_r1mini_teleop/share/omo_r1mini_teleop/package.ps1'
[3.726s] INFO:colcon.colcon_core.shell:Creating package descriptor '/workspaces/foxy_ws/src/omorobot_r1_mini/install/omo_r1mini_teleop/share/omo_r1mini_teleop/package.dsv'
[3.735s] INFO:colcon.colcon_core.shell:Creating package script '/workspaces/foxy_ws/src/omorobot_r1_mini/install/omo_r1mini_teleop/share/omo_r1mini_teleop/package.sh'
[3.739s] INFO:colcon.colcon_core.shell:Creating package script '/workspaces/foxy_ws/src/omorobot_r1_mini/install/omo_r1mini_teleop/share/omo_r1mini_teleop/package.bash'
[3.744s] INFO:colcon.colcon_core.shell:Creating package script '/workspaces/foxy_ws/src/omorobot_r1_mini/install/omo_r1mini_teleop/share/omo_r1mini_teleop/package.zsh'
[3.752s] Level 1:colcon.colcon_core.environment:create_file_with_runtime_dependencies(/workspaces/foxy_ws/src/omorobot_r1_mini/install/omo_r1mini_teleop/share/colcon-core/packages/omo_r1mini_teleop)
[3.769s] Level 1:colcon.colcon_core.environment:create_environment_scripts_only(omo_r1mini_cartographer)
[3.773s] Level 1:colcon.colcon_core.environment:checking '/workspaces/foxy_ws/src/omorobot_r1_mini/install/omo_r1mini_cartographer' for CMake module files
[3.817s] Level 1:colcon.colcon_core.environment:checking '/workspaces/foxy_ws/src/omorobot_r1_mini/install/omo_r1mini_cartographer' for CMake config files
[3.848s] Level 1:colcon.colcon_core.shell:create_environment_hook('omo_r1mini_cartographer', 'cmake_prefix_path')
[3.850s] INFO:colcon.colcon_core.shell:Creating environment hook '/workspaces/foxy_ws/src/omorobot_r1_mini/install/omo_r1mini_cartographer/share/omo_r1mini_cartographer/hook/cmake_prefix_path.ps1'
[3.860s] INFO:colcon.colcon_core.shell:Creating environment descriptor '/workspaces/foxy_ws/src/omorobot_r1_mini/install/omo_r1mini_cartographer/share/omo_r1mini_cartographer/hook/cmake_prefix_path.dsv'
[3.866s] INFO:colcon.colcon_core.shell:Creating environment hook '/workspaces/foxy_ws/src/omorobot_r1_mini/install/omo_r1mini_cartographer/share/omo_r1mini_cartographer/hook/cmake_prefix_path.sh'
[3.875s] Level 1:colcon.colcon_core.environment:checking '/workspaces/foxy_ws/src/omorobot_r1_mini/install/omo_r1mini_cartographer/bin'
[3.879s] Level 1:colcon.colcon_core.environment:checking '/workspaces/foxy_ws/src/omorobot_r1_mini/install/omo_r1mini_cartographer/lib/pkgconfig/omo_r1mini_cartographer.pc'
[3.883s] Level 1:colcon.colcon_core.environment:checking '/workspaces/foxy_ws/src/omorobot_r1_mini/install/omo_r1mini_cartographer/lib/python3.8/site-packages'
[3.886s] INFO:colcon.colcon_core.shell:Creating package script '/workspaces/foxy_ws/src/omorobot_r1_mini/install/omo_r1mini_cartographer/share/omo_r1mini_cartographer/package.ps1'
[3.897s] INFO:colcon.colcon_core.shell:Creating package descriptor '/workspaces/foxy_ws/src/omorobot_r1_mini/install/omo_r1mini_cartographer/share/omo_r1mini_cartographer/package.dsv'
[3.907s] INFO:colcon.colcon_core.shell:Creating package script '/workspaces/foxy_ws/src/omorobot_r1_mini/install/omo_r1mini_cartographer/share/omo_r1mini_cartographer/package.sh'
[3.915s] INFO:colcon.colcon_core.shell:Creating package script '/workspaces/foxy_ws/src/omorobot_r1_mini/install/omo_r1mini_cartographer/share/omo_r1mini_cartographer/package.bash'
[3.925s] INFO:colcon.colcon_core.shell:Creating package script '/workspaces/foxy_ws/src/omorobot_r1_mini/install/omo_r1mini_cartographer/share/omo_r1mini_cartographer/package.zsh'
[3.932s] Level 1:colcon.colcon_core.environment:create_file_with_runtime_dependencies(/workspaces/foxy_ws/src/omorobot_r1_mini/install/omo_r1mini_cartographer/share/colcon-core/packages/omo_r1mini_cartographer)
[3.945s] Level 1:colcon.colcon_core.environment:create_environment_scripts_only(omo_r1mini_navigation2)
[3.948s] Level 1:colcon.colcon_core.environment:checking '/workspaces/foxy_ws/src/omorobot_r1_mini/install/omo_r1mini_navigation2' for CMake module files
[3.996s] Level 1:colcon.colcon_core.environment:checking '/workspaces/foxy_ws/src/omorobot_r1_mini/install/omo_r1mini_navigation2' for CMake config files
[4.013s] Level 1:colcon.colcon_core.shell:create_environment_hook('omo_r1mini_navigation2', 'cmake_prefix_path')
[4.015s] INFO:colcon.colcon_core.shell:Creating environment hook '/workspaces/foxy_ws/src/omorobot_r1_mini/install/omo_r1mini_navigation2/share/omo_r1mini_navigation2/hook/cmake_prefix_path.ps1'
[4.029s] INFO:colcon.colcon_core.shell:Creating environment descriptor '/workspaces/foxy_ws/src/omorobot_r1_mini/install/omo_r1mini_navigation2/share/omo_r1mini_navigation2/hook/cmake_prefix_path.dsv'
[4.042s] INFO:colcon.colcon_core.shell:Creating environment hook '/workspaces/foxy_ws/src/omorobot_r1_mini/install/omo_r1mini_navigation2/share/omo_r1mini_navigation2/hook/cmake_prefix_path.sh'
[4.050s] Level 1:colcon.colcon_core.environment:checking '/workspaces/foxy_ws/src/omorobot_r1_mini/install/omo_r1mini_navigation2/bin'
[4.053s] Level 1:colcon.colcon_core.environment:checking '/workspaces/foxy_ws/src/omorobot_r1_mini/install/omo_r1mini_navigation2/lib/pkgconfig/omo_r1mini_navigation2.pc'
[4.056s] Level 1:colcon.colcon_core.environment:checking '/workspaces/foxy_ws/src/omorobot_r1_mini/install/omo_r1mini_navigation2/lib/python3.8/site-packages'
[4.058s] INFO:colcon.colcon_core.shell:Creating package script '/workspaces/foxy_ws/src/omorobot_r1_mini/install/omo_r1mini_navigation2/share/omo_r1mini_navigation2/package.ps1'
[4.063s] INFO:colcon.colcon_core.shell:Creating package descriptor '/workspaces/foxy_ws/src/omorobot_r1_mini/install/omo_r1mini_navigation2/share/omo_r1mini_navigation2/package.dsv'
[4.070s] INFO:colcon.colcon_core.shell:Creating package script '/workspaces/foxy_ws/src/omorobot_r1_mini/install/omo_r1mini_navigation2/share/omo_r1mini_navigation2/package.sh'
[4.076s] INFO:colcon.colcon_core.shell:Creating package script '/workspaces/foxy_ws/src/omorobot_r1_mini/install/omo_r1mini_navigation2/share/omo_r1mini_navigation2/package.bash'
[4.085s] DEBUG:colcon.colcon_core.event_handler.log_command:Invoked command in '/workspaces/foxy_ws/src/omorobot_r1_mini/build/omo_r1mini_description' returned '0': CMAKE_PREFIX_PATH=/workspaces/foxy_ws/src/nav2slam_example/install/unity_slam_example:/workspaces/foxy_ws/src/nav2slam_example/install/ros_tcp_endpoint:/workspaces/foxy_ws/src/nav2slam_example/colcon_ws/install/unity_slam_example:/opt/ros/foxy /usr/bin/cmake --build /workspaces/foxy_ws/src/omorobot_r1_mini/build/omo_r1mini_description -- -j8 -l8
[4.085s] INFO:colcon.colcon_core.shell:Creating package script '/workspaces/foxy_ws/src/omorobot_r1_mini/install/omo_r1mini_navigation2/share/omo_r1mini_navigation2/package.zsh'
[4.094s] DEBUG:colcon.colcon_core.event_handler.log_command:Invoked command in '/workspaces/foxy_ws/src/omorobot_r1_mini/build/omo_r1mini_cartographer' returned '0': CMAKE_PREFIX_PATH=/workspaces/foxy_ws/src/nav2slam_example/install/unity_slam_example:/workspaces/foxy_ws/src/nav2slam_example/install/ros_tcp_endpoint:/workspaces/foxy_ws/src/nav2slam_example/colcon_ws/install/unity_slam_example:/opt/ros/foxy /usr/bin/cmake --install /workspaces/foxy_ws/src/omorobot_r1_mini/build/omo_r1mini_cartographer
[4.095s] Level 1:colcon.colcon_core.environment:create_file_with_runtime_dependencies(/workspaces/foxy_ws/src/omorobot_r1_mini/install/omo_r1mini_navigation2/share/colcon-core/packages/omo_r1mini_navigation2)
[4.119s] Level 1:colcon.colcon_core.environment:create_environment_scripts_only(omo_r1mini_description)
[4.124s] Level 1:colcon.colcon_core.environment:checking '/workspaces/foxy_ws/src/omorobot_r1_mini/install/omo_r1mini_description' for CMake module files
[4.124s] DEBUG:colcon.colcon_core.event_handler.log_command:Invoked command in '/workspaces/foxy_ws/src/omorobot_r1_mini/build/omo_r1mini_navigation2' returned '0': CMAKE_PREFIX_PATH=/workspaces/foxy_ws/src/nav2slam_example/install/unity_slam_example:/workspaces/foxy_ws/src/nav2slam_example/install/ros_tcp_endpoint:/workspaces/foxy_ws/src/nav2slam_example/colcon_ws/install/unity_slam_example:/opt/ros/foxy /usr/bin/cmake --install /workspaces/foxy_ws/src/omorobot_r1_mini/build/omo_r1mini_navigation2
[4.155s] DEBUG:colcon.colcon_core.event_handler.log_command:Invoked command in '/workspaces/foxy_ws/src/omorobot_r1_mini/src/omo_r1mini-foxy/omo_r1mini_teleop' returned '0': PYTHONPATH=/workspaces/foxy_ws/src/omorobot_r1_mini/install/omo_r1mini_teleop/lib/python3.8/site-packages:${PYTHONPATH} /usr/bin/python3 setup.py egg_info --egg-base ../../../build/omo_r1mini_teleop build --build-base /workspaces/foxy_ws/src/omorobot_r1_mini/build/omo_r1mini_teleop/build install --prefix /workspaces/foxy_ws/src/omorobot_r1_mini/install/omo_r1mini_teleop --record /workspaces/foxy_ws/src/omorobot_r1_mini/build/omo_r1mini_teleop/install.log --single-version-externally-managed
[4.180s] DEBUG:colcon.colcon_core.event_handler.log_command:Invoking command in '/workspaces/foxy_ws/src/omorobot_r1_mini/build/omo_r1mini_description': CMAKE_PREFIX_PATH=/workspaces/foxy_ws/src/nav2slam_example/install/unity_slam_example:/workspaces/foxy_ws/src/nav2slam_example/install/ros_tcp_endpoint:/workspaces/foxy_ws/src/nav2slam_example/colcon_ws/install/unity_slam_example:/opt/ros/foxy /usr/bin/cmake --install /workspaces/foxy_ws/src/omorobot_r1_mini/build/omo_r1mini_description
[4.182s] Level 1:colcon.colcon_core.environment:checking '/workspaces/foxy_ws/src/omorobot_r1_mini/install/omo_r1mini_description' for CMake config files
[4.207s] Level 1:colcon.colcon_core.shell:create_environment_hook('omo_r1mini_description', 'cmake_prefix_path')
[4.210s] INFO:colcon.colcon_core.shell:Creating environment hook '/workspaces/foxy_ws/src/omorobot_r1_mini/install/omo_r1mini_description/share/omo_r1mini_description/hook/cmake_prefix_path.ps1'
[4.220s] INFO:colcon.colcon_core.shell:Creating environment descriptor '/workspaces/foxy_ws/src/omorobot_r1_mini/install/omo_r1mini_description/share/omo_r1mini_description/hook/cmake_prefix_path.dsv'
[4.226s] INFO:colcon.colcon_core.shell:Creating environment hook '/workspaces/foxy_ws/src/omorobot_r1_mini/install/omo_r1mini_description/share/omo_r1mini_description/hook/cmake_prefix_path.sh'
[4.237s] Level 1:colcon.colcon_core.environment:checking '/workspaces/foxy_ws/src/omorobot_r1_mini/install/omo_r1mini_description/bin'
[4.242s] Level 1:colcon.colcon_core.environment:checking '/workspaces/foxy_ws/src/omorobot_r1_mini/install/omo_r1mini_description/lib/pkgconfig/omo_r1mini_description.pc'
[4.245s] Level 1:colcon.colcon_core.environment:checking '/workspaces/foxy_ws/src/omorobot_r1_mini/install/omo_r1mini_description/lib/python3.8/site-packages'
[4.247s] INFO:colcon.colcon_core.shell:Creating package script '/workspaces/foxy_ws/src/omorobot_r1_mini/install/omo_r1mini_description/share/omo_r1mini_description/package.ps1'
[4.257s] INFO:colcon.colcon_core.shell:Creating package descriptor '/workspaces/foxy_ws/src/omorobot_r1_mini/install/omo_r1mini_description/share/omo_r1mini_description/package.dsv'
[4.266s] INFO:colcon.colcon_core.shell:Creating package script '/workspaces/foxy_ws/src/omorobot_r1_mini/install/omo_r1mini_description/share/omo_r1mini_description/package.sh'
[4.272s] INFO:colcon.colcon_core.shell:Creating package script '/workspaces/foxy_ws/src/omorobot_r1_mini/install/omo_r1mini_description/share/omo_r1mini_description/package.bash'
[4.279s] INFO:colcon.colcon_core.shell:Creating package script '/workspaces/foxy_ws/src/omorobot_r1_mini/install/omo_r1mini_description/share/omo_r1mini_description/package.zsh'
[4.287s] Level 1:colcon.colcon_core.environment:create_file_with_runtime_dependencies(/workspaces/foxy_ws/src/omorobot_r1_mini/install/omo_r1mini_description/share/colcon-core/packages/omo_r1mini_description)
[4.305s] Level 1:colcon.colcon_core.environment:create_environment_scripts_only(ydlidar_ros2_driver)
[4.308s] Level 1:colcon.colcon_core.environment:checking '/workspaces/foxy_ws/src/omorobot_r1_mini/install/ydlidar_ros2_driver' for CMake module files
[4.373s] Level 1:colcon.colcon_core.environment:checking '/workspaces/foxy_ws/src/omorobot_r1_mini/install/ydlidar_ros2_driver' for CMake config files
[4.403s] Level 1:colcon.colcon_core.shell:create_environment_hook('ydlidar_ros2_driver', 'cmake_prefix_path')
[4.405s] INFO:colcon.colcon_core.shell:Creating environment hook '/workspaces/foxy_ws/src/omorobot_r1_mini/install/ydlidar_ros2_driver/share/ydlidar_ros2_driver/hook/cmake_prefix_path.ps1'
[4.414s] INFO:colcon.colcon_core.shell:Creating environment descriptor '/workspaces/foxy_ws/src/omorobot_r1_mini/install/ydlidar_ros2_driver/share/ydlidar_ros2_driver/hook/cmake_prefix_path.dsv'
[4.418s] INFO:colcon.colcon_core.shell:Creating environment hook '/workspaces/foxy_ws/src/omorobot_r1_mini/install/ydlidar_ros2_driver/share/ydlidar_ros2_driver/hook/cmake_prefix_path.sh'
[4.423s] Level 1:colcon.colcon_core.environment:checking '/workspaces/foxy_ws/src/omorobot_r1_mini/install/ydlidar_ros2_driver/lib'
[4.424s] Level 1:colcon.colcon_core.environment:checking '/workspaces/foxy_ws/src/omorobot_r1_mini/install/ydlidar_ros2_driver/bin'
[4.426s] Level 1:colcon.colcon_core.environment:checking '/workspaces/foxy_ws/src/omorobot_r1_mini/install/ydlidar_ros2_driver/lib/pkgconfig/ydlidar_ros2_driver.pc'
[4.429s] Level 1:colcon.colcon_core.environment:checking '/workspaces/foxy_ws/src/omorobot_r1_mini/install/ydlidar_ros2_driver/lib/python3.8/site-packages'
[4.434s] INFO:colcon.colcon_core.shell:Creating package script '/workspaces/foxy_ws/src/omorobot_r1_mini/install/ydlidar_ros2_driver/share/ydlidar_ros2_driver/package.ps1'
[4.440s] INFO:colcon.colcon_core.shell:Creating package descriptor '/workspaces/foxy_ws/src/omorobot_r1_mini/install/ydlidar_ros2_driver/share/ydlidar_ros2_driver/package.dsv'
[4.448s] INFO:colcon.colcon_core.shell:Creating package script '/workspaces/foxy_ws/src/omorobot_r1_mini/install/ydlidar_ros2_driver/share/ydlidar_ros2_driver/package.sh'
[4.454s] INFO:colcon.colcon_core.shell:Creating package script '/workspaces/foxy_ws/src/omorobot_r1_mini/install/ydlidar_ros2_driver/share/ydlidar_ros2_driver/package.bash'
[4.461s] INFO:colcon.colcon_core.shell:Creating package script '/workspaces/foxy_ws/src/omorobot_r1_mini/install/ydlidar_ros2_driver/share/ydlidar_ros2_driver/package.zsh'
[4.466s] Level 1:colcon.colcon_core.environment:create_file_with_runtime_dependencies(/workspaces/foxy_ws/src/omorobot_r1_mini/install/ydlidar_ros2_driver/share/colcon-core/packages/ydlidar_ros2_driver)
[4.503s] DEBUG:colcon.colcon_core.event_handler.log_command:Invoked command in '/workspaces/foxy_ws/src/omorobot_r1_mini/build/ydlidar_ros2_driver' returned '1': CMAKE_PREFIX_PATH=/workspaces/foxy_ws/src/nav2slam_example/install/unity_slam_example:/workspaces/foxy_ws/src/nav2slam_example/install/ros_tcp_endpoint:/workspaces/foxy_ws/src/nav2slam_example/colcon_ws/install/unity_slam_example:/opt/ros/foxy /usr/bin/cmake /workspaces/foxy_ws/src/omorobot_r1_mini/src/ydlidar_ros2_driver -DCMAKE_INSTALL_PREFIX=/workspaces/foxy_ws/src/omorobot_r1_mini/install/ydlidar_ros2_driver
[4.511s] DEBUG:colcon.colcon_core.event_handler.log_command:Invoked command in '/workspaces/foxy_ws/src/omorobot_r1_mini/build/omo_r1mini_description' returned '0': CMAKE_PREFIX_PATH=/workspaces/foxy_ws/src/nav2slam_example/install/unity_slam_example:/workspaces/foxy_ws/src/nav2slam_example/install/ros_tcp_endpoint:/workspaces/foxy_ws/src/nav2slam_example/colcon_ws/install/unity_slam_example:/opt/ros/foxy /usr/bin/cmake --install /workspaces/foxy_ws/src/omorobot_r1_mini/build/omo_r1mini_description
[4.546s] DEBUG:colcon.colcon_parallel_executor.executor.parallel:closing loop
[4.548s] DEBUG:colcon.colcon_parallel_executor.executor.parallel:loop closed
[4.549s] DEBUG:colcon.colcon_parallel_executor.executor.parallel:run_until_complete finished with '1'
[4.550s] DEBUG:colcon.colcon_core.event_reactor:joining thread
[4.569s] INFO:colcon.colcon_core.plugin_system:Skipping extension 'colcon_notification.desktop_notification.notify_send': Could not find 'notify-send'
[4.570s] INFO:colcon.colcon_core.plugin_system:Skipping extension 'colcon_notification.desktop_notification.terminal_notifier': Not used on non-Darwin systems
[4.571s] INFO:colcon.colcon_core.plugin_system:Skipping extension 'colcon_notification.desktop_notification.win32': Not used on non-Windows systems
[4.572s] INFO:colcon.colcon_notification.desktop_notification:Sending desktop notification using 'notify2'
[4.578s] DEBUG:colcon.colcon_notification.desktop_notification.notify2:Failed to initialize notify2: org.freedesktop.DBus.Error.Spawn.ExecFailed: /usr/bin/dbus-launch terminated abnormally with the following error: Autolaunch error: X11 initialization failed.

[4.580s] DEBUG:colcon.colcon_core.event_reactor:joined thread
[4.583s] INFO:colcon.colcon_core.shell:Creating prefix script '/workspaces/foxy_ws/src/omorobot_r1_mini/install/local_setup.ps1'
[4.591s] INFO:colcon.colcon_core.shell:Creating prefix util module '/workspaces/foxy_ws/src/omorobot_r1_mini/install/_local_setup_util_ps1.py'
[4.600s] INFO:colcon.colcon_core.shell:Creating prefix chain script '/workspaces/foxy_ws/src/omorobot_r1_mini/install/setup.ps1'
[4.610s] INFO:colcon.colcon_core.shell:Creating prefix script '/workspaces/foxy_ws/src/omorobot_r1_mini/install/local_setup.sh'
[4.615s] INFO:colcon.colcon_core.shell:Creating prefix util module '/workspaces/foxy_ws/src/omorobot_r1_mini/install/_local_setup_util_sh.py'
[4.619s] INFO:colcon.colcon_core.shell:Creating prefix chain script '/workspaces/foxy_ws/src/omorobot_r1_mini/install/setup.sh'
[4.628s] INFO:colcon.colcon_core.shell:Creating prefix script '/workspaces/foxy_ws/src/omorobot_r1_mini/install/local_setup.bash'
[4.632s] INFO:colcon.colcon_core.shell:Creating prefix chain script '/workspaces/foxy_ws/src/omorobot_r1_mini/install/setup.bash'
[4.645s] INFO:colcon.colcon_core.shell:Creating prefix script '/workspaces/foxy_ws/src/omorobot_r1_mini/install/local_setup.zsh'
[4.648s] INFO:colcon.colcon_core.shell:Creating prefix chain script '/workspaces/foxy_ws/src/omorobot_r1_mini/install/setup.zsh'
