[0.549s] Invoking command in '/workspaces/foxy_ws/src/omorobot_r1_mini/build/ydlidar_ros2_driver': CMAKE_PREFIX_PATH=/opt/ros/foxy /usr/bin/cmake --build /workspaces/foxy_ws/src/omorobot_r1_mini/build/ydlidar_ros2_driver -- -j8 -l8
[1.094s] [ 75%] Built target ydlidar_ros2_driver_client
[1.139s] [100%] Built target ydlidar_ros2_driver_node
[1.318s] Invoked command in '/workspaces/foxy_ws/src/omorobot_r1_mini/build/ydlidar_ros2_driver' returned '0': CMAKE_PREFIX_PATH=/opt/ros/foxy /usr/bin/cmake --build /workspaces/foxy_ws/src/omorobot_r1_mini/build/ydlidar_ros2_driver -- -j8 -l8
[1.708s] Invoking command in '/workspaces/foxy_ws/src/omorobot_r1_mini/build/ydlidar_ros2_driver': CMAKE_PREFIX_PATH=/opt/ros/foxy /usr/bin/cmake --install /workspaces/foxy_ws/src/omorobot_r1_mini/build/ydlidar_ros2_driver
[1.729s] -- Install configuration: ""
[1.734s] -- Execute custom install script
[1.739s] -- Up-to-date symlink: /workspaces/foxy_ws/src/omorobot_r1_mini/install/ydlidar_ros2_driver/lib/ydlidar_ros2_driver/ydlidar_ros2_driver_node
[1.745s] -- Up-to-date symlink: /workspaces/foxy_ws/src/omorobot_r1_mini/install/ydlidar_ros2_driver/lib/ydlidar_ros2_driver/ydlidar_ros2_driver_client
[1.758s] -- Up-to-date symlink: /workspaces/foxy_ws/src/omorobot_r1_mini/install/ydlidar_ros2_driver/share/ydlidar_ros2_driver/launch/ydlidar.py
[1.763s] -- Up-to-date symlink: /workspaces/foxy_ws/src/omorobot_r1_mini/install/ydlidar_ros2_driver/share/ydlidar_ros2_driver/launch/ydlidar_launch.py
[1.766s] -- Up-to-date symlink: /workspaces/foxy_ws/src/omorobot_r1_mini/install/ydlidar_ros2_driver/share/ydlidar_ros2_driver/launch/ydlidar_launch_view.py
[1.773s] -- Up-to-date symlink: /workspaces/foxy_ws/src/omorobot_r1_mini/install/ydlidar_ros2_driver/share/ydlidar_ros2_driver/params/ydlidar.yaml
[1.777s] -- Up-to-date symlink: /workspaces/foxy_ws/src/omorobot_r1_mini/install/ydlidar_ros2_driver/share/ydlidar_ros2_driver/startup/initenv.sh
[1.786s] -- Up-to-date symlink: /workspaces/foxy_ws/src/omorobot_r1_mini/install/ydlidar_ros2_driver/share/ydlidar_ros2_driver/config/ydlidar.rviz
[1.790s] -- Up-to-date symlink: /workspaces/foxy_ws/src/omorobot_r1_mini/install/ydlidar_ros2_driver/share/ament_index/resource_index/package_run_dependencies/ydlidar_ros2_driver
[1.802s] -- Up-to-date symlink: /workspaces/foxy_ws/src/omorobot_r1_mini/install/ydlidar_ros2_driver/share/ament_index/resource_index/parent_prefix_path/ydlidar_ros2_driver
[1.806s] -- Up-to-date symlink: /workspaces/foxy_ws/src/omorobot_r1_mini/install/ydlidar_ros2_driver/share/ydlidar_ros2_driver/environment/ament_prefix_path.sh
[1.810s] -- Up-to-date symlink: /workspaces/foxy_ws/src/omorobot_r1_mini/install/ydlidar_ros2_driver/share/ydlidar_ros2_driver/environment/ament_prefix_path.dsv
[1.813s] -- Up-to-date symlink: /workspaces/foxy_ws/src/omorobot_r1_mini/install/ydlidar_ros2_driver/share/ydlidar_ros2_driver/environment/path.sh
[1.821s] -- Up-to-date symlink: /workspaces/foxy_ws/src/omorobot_r1_mini/install/ydlidar_ros2_driver/share/ydlidar_ros2_driver/environment/path.dsv
[1.845s] -- Up-to-date symlink: /workspaces/foxy_ws/src/omorobot_r1_mini/install/ydlidar_ros2_driver/share/ydlidar_ros2_driver/local_setup.bash
[1.860s] -- Up-to-date symlink: /workspaces/foxy_ws/src/omorobot_r1_mini/install/ydlidar_ros2_driver/share/ydlidar_ros2_driver/local_setup.sh
[1.871s] -- Up-to-date symlink: /workspaces/foxy_ws/src/omorobot_r1_mini/install/ydlidar_ros2_driver/share/ydlidar_ros2_driver/local_setup.zsh
[1.882s] -- Up-to-date symlink: /workspaces/foxy_ws/src/omorobot_r1_mini/install/ydlidar_ros2_driver/share/ydlidar_ros2_driver/local_setup.dsv
[1.902s] -- Symlinking: /workspaces/foxy_ws/src/omorobot_r1_mini/install/ydlidar_ros2_driver/share/ydlidar_ros2_driver/package.dsv
[1.909s] -- Up-to-date symlink: /workspaces/foxy_ws/src/omorobot_r1_mini/install/ydlidar_ros2_driver/share/ament_index/resource_index/packages/ydlidar_ros2_driver
[1.914s] -- Up-to-date symlink: /workspaces/foxy_ws/src/omorobot_r1_mini/install/ydlidar_ros2_driver/share/ydlidar_ros2_driver/cmake/ydlidar_ros2_driverConfig.cmake
[1.919s] -- Up-to-date symlink: /workspaces/foxy_ws/src/omorobot_r1_mini/install/ydlidar_ros2_driver/share/ydlidar_ros2_driver/cmake/ydlidar_ros2_driverConfig-version.cmake
[1.923s] -- Up-to-date symlink: /workspaces/foxy_ws/src/omorobot_r1_mini/install/ydlidar_ros2_driver/share/ydlidar_ros2_driver/package.xml
[1.993s] Invoked command in '/workspaces/foxy_ws/src/omorobot_r1_mini/build/ydlidar_ros2_driver' returned '0': CMAKE_PREFIX_PATH=/opt/ros/foxy /usr/bin/cmake --install /workspaces/foxy_ws/src/omorobot_r1_mini/build/ydlidar_ros2_driver
