-- Found ament_cmake: 0.9.8 (/opt/ros/foxy/share/ament_cmake/cmake)
-- Using PYTHON_EXECUTABLE: /usr/bin/python3
-- Override CMake install command with custom implementation using symlinks instead of copying resources
-- Found rclcpp: 2.3.1 (/opt/ros/foxy/share/rclcpp/cmake)
-- Using all available rosidl_typesupport_c: rosidl_typesupport_fastrtps_c;rosidl_typesupport_introspection_c
-- Found rosidl_adapter: 1.2.1 (/opt/ros/foxy/share/rosidl_adapter/cmake)
-- Using all available rosidl_typesupport_cpp: rosidl_typesupport_fastrtps_cpp;rosidl_typesupport_introspection_cpp
-- Found rmw_implementation_cmake: 1.0.3 (/opt/ros/foxy/share/rmw_implementation_cmake/cmake)
-- Using RMW implementation 'rmw_fastrtps_cpp' as default
-- Found rclcpp_action: 2.3.1 (/opt/ros/foxy/share/rclcpp_action/cmake)
-- Found rclcpp_components: 2.3.1 (/opt/ros/foxy/share/rclcpp_components/cmake)
-- Found custom_interfaces: 0.0.0 (/workspaces/foxy_ws/src/gcamp_ros2_ws/install/custom_interfaces/share/custom_interfaces/cmake)
-- Found ament_lint_auto: 0.9.6 (/opt/ros/foxy/share/ament_lint_auto/cmake)
-- Added test 'copyright' to check source files copyright and LICENSE
-- Added test 'cppcheck' to perform static code analysis on C / C++ code
-- Configured cppcheck include dirs: 
-- Configured cppcheck exclude dirs and/or files: 
-- Added test 'cpplint' to check C / C++ code against the Google style
-- Configured cpplint exclude dirs and/or files: 
-- Added test 'lint_cmake' to check CMake code style
-- Added test 'uncrustify' to check C / C++ code style
-- Configured uncrustify additional arguments: 
-- Added test 'xmllint' to check XML markup files
-- Configuring done
-- Generating done
-- Build files have been written to: /workspaces/foxy_ws/src/gcamp_ros2_ws/build/cpp_action_pkg
[ 25%] Built target fibonacci_action_server_oop_node
[ 75%] Built target fibonacci_action_client_oop_node
[ 87%] Built target fibonacci_action_client_node
[100%] Built target fibonacci_action_server_node
-- Install configuration: ""
-- Execute custom install script
-- Up-to-date symlink: /workspaces/foxy_ws/src/gcamp_ros2_ws/install/cpp_action_pkg/lib/cpp_action_pkg/fibonacci_action_client_node
-- Up-to-date symlink: /workspaces/foxy_ws/src/gcamp_ros2_ws/install/cpp_action_pkg/lib/cpp_action_pkg/fibonacci_action_client_oop_node
-- Up-to-date symlink: /workspaces/foxy_ws/src/gcamp_ros2_ws/install/cpp_action_pkg/lib/cpp_action_pkg/fibonacci_action_server_node
-- Up-to-date symlink: /workspaces/foxy_ws/src/gcamp_ros2_ws/install/cpp_action_pkg/lib/cpp_action_pkg/fibonacci_action_server_oop_node
-- Up-to-date symlink: /workspaces/foxy_ws/src/gcamp_ros2_ws/install/cpp_action_pkg/share/ament_index/resource_index/package_run_dependencies/cpp_action_pkg
-- Up-to-date symlink: /workspaces/foxy_ws/src/gcamp_ros2_ws/install/cpp_action_pkg/share/ament_index/resource_index/parent_prefix_path/cpp_action_pkg
-- Up-to-date symlink: /workspaces/foxy_ws/src/gcamp_ros2_ws/install/cpp_action_pkg/share/cpp_action_pkg/environment/ament_prefix_path.sh
-- Up-to-date symlink: /workspaces/foxy_ws/src/gcamp_ros2_ws/install/cpp_action_pkg/share/cpp_action_pkg/environment/ament_prefix_path.dsv
-- Up-to-date symlink: /workspaces/foxy_ws/src/gcamp_ros2_ws/install/cpp_action_pkg/share/cpp_action_pkg/environment/path.sh
-- Up-to-date symlink: /workspaces/foxy_ws/src/gcamp_ros2_ws/install/cpp_action_pkg/share/cpp_action_pkg/environment/path.dsv
-- Up-to-date symlink: /workspaces/foxy_ws/src/gcamp_ros2_ws/install/cpp_action_pkg/share/cpp_action_pkg/local_setup.bash
-- Up-to-date symlink: /workspaces/foxy_ws/src/gcamp_ros2_ws/install/cpp_action_pkg/share/cpp_action_pkg/local_setup.sh
-- Up-to-date symlink: /workspaces/foxy_ws/src/gcamp_ros2_ws/install/cpp_action_pkg/share/cpp_action_pkg/local_setup.zsh
-- Up-to-date symlink: /workspaces/foxy_ws/src/gcamp_ros2_ws/install/cpp_action_pkg/share/cpp_action_pkg/local_setup.dsv
-- Symlinking: /workspaces/foxy_ws/src/gcamp_ros2_ws/install/cpp_action_pkg/share/cpp_action_pkg/package.dsv
-- Up-to-date symlink: /workspaces/foxy_ws/src/gcamp_ros2_ws/install/cpp_action_pkg/share/ament_index/resource_index/packages/cpp_action_pkg
-- Up-to-date symlink: /workspaces/foxy_ws/src/gcamp_ros2_ws/install/cpp_action_pkg/share/cpp_action_pkg/cmake/cpp_action_pkgConfig.cmake
-- Up-to-date symlink: /workspaces/foxy_ws/src/gcamp_ros2_ws/install/cpp_action_pkg/share/cpp_action_pkg/cmake/cpp_action_pkgConfig-version.cmake
-- Up-to-date symlink: /workspaces/foxy_ws/src/gcamp_ros2_ws/install/cpp_action_pkg/share/cpp_action_pkg/package.xml
