[0.410s] Invoking command in '/workspaces/foxy_ws/src/gcamp_ros2_ws/build/cpp_action_pkg': AMENT_PREFIX_PATH=/workspaces/foxy_ws/src/gcamp_ros2_ws/install/custom_interfaces:${AMENT_PREFIX_PATH} CMAKE_PREFIX_PATH=/workspaces/foxy_ws/src/gcamp_ros2_ws/install/custom_interfaces:/workspaces/foxy_ws/src/install/ydlidar_sdk:/workspaces/foxy_ws/src/install/ydlidar_ros2_driver:/workspaces/foxy_ws/src/install/omo_r1mini:/workspaces/foxy_ws/src/install/omo_r1mini_navigation2:/workspaces/foxy_ws/src/install/omo_r1mini_gazebo:/workspaces/foxy_ws/src/install/omo_r1mini_description:/workspaces/foxy_ws/src/install/omo_r1mini_cartographer:/workspaces/foxy_ws/src/install/gcamp_gazebo:/workspaces/foxy_ws/src/install/cpp_service_pkg:/workspaces/foxy_ws/src/install/cpp_action_pkg:/workspaces/foxy_ws/src/install/custom_interfaces:/workspaces/foxy_ws/src/install/cpp_topic_pkg:/workspaces/foxy_ws/src/install/cpp_service_tutorial:/workspaces/foxy_ws/src/install/cpp_first_pkg:/workspaces/foxy_ws/src/install/unity_slam_example:/workspaces/foxy_ws/src/install/ros_tcp_endpoint:/workspaces/foxy_ws/src/install/py_topic_pkg:/workspaces/foxy_ws/src/install/py_service_pkg:/workspaces/foxy_ws/src/install/py_first_pkg:/workspaces/foxy_ws/src/install/py_action_pkg:/workspaces/foxy_ws/src/install/omo_r1mini_teleop:/workspaces/foxy_ws/src/install/omo_r1mini_bringup:/opt/ros/foxy LD_LIBRARY_PATH=/workspaces/foxy_ws/src/gcamp_ros2_ws/install/custom_interfaces/lib:${LD_LIBRARY_PATH} PYTHONPATH=/workspaces/foxy_ws/src/gcamp_ros2_ws/install/custom_interfaces/lib/python3.8/site-packages:${PYTHONPATH} /usr/bin/cmake /workspaces/foxy_ws/src/gcamp_ros2_ws/src/gcamp_ros2_basic/cpp_action_pkg -DCMAKE_INSTALL_PREFIX=/workspaces/foxy_ws/src/gcamp_ros2_ws/install/cpp_action_pkg
[0.578s] -- Found ament_cmake: 0.9.8 (/opt/ros/foxy/share/ament_cmake/cmake)
[0.657s] -- Using PYTHON_EXECUTABLE: /usr/bin/python3
[1.016s] -- Override CMake install command with custom implementation using symlinks instead of copying resources
[1.104s] -- Found rclcpp: 2.3.1 (/opt/ros/foxy/share/rclcpp/cmake)
[1.239s] -- Using all available rosidl_typesupport_c: rosidl_typesupport_fastrtps_c;rosidl_typesupport_introspection_c
[1.247s] -- Found rosidl_adapter: 1.2.1 (/opt/ros/foxy/share/rosidl_adapter/cmake)
[2.689s] -- Using all available rosidl_typesupport_cpp: rosidl_typesupport_fastrtps_cpp;rosidl_typesupport_introspection_cpp
[2.815s] -- Found rmw_implementation_cmake: 1.0.3 (/opt/ros/foxy/share/rmw_implementation_cmake/cmake)
[2.839s] -- Using RMW implementation 'rmw_fastrtps_cpp' as default
[3.088s] -- Found rclcpp_action: 2.3.1 (/opt/ros/foxy/share/rclcpp_action/cmake)
[3.221s] -- Found rclcpp_components: 2.3.1 (/opt/ros/foxy/share/rclcpp_components/cmake)
[3.309s] -- Found custom_interfaces: 0.0.0 (/workspaces/foxy_ws/src/gcamp_ros2_ws/install/custom_interfaces/share/custom_interfaces/cmake)
[3.491s] -- Found ament_lint_auto: 0.9.6 (/opt/ros/foxy/share/ament_lint_auto/cmake)
[3.969s] -- Added test 'copyright' to check source files copyright and LICENSE
[3.975s] -- Added test 'cppcheck' to perform static code analysis on C / C++ code
[3.982s] -- Configured cppcheck include dirs: 
[3.989s] -- Configured cppcheck exclude dirs and/or files: 
[3.998s] -- Added test 'cpplint' to check C / C++ code against the Google style
[4.030s] -- Configured cpplint exclude dirs and/or files: 
[4.037s] -- Added test 'lint_cmake' to check CMake code style
[4.048s] -- Added test 'uncrustify' to check C / C++ code style
[4.061s] -- Configured uncrustify additional arguments: 
[4.068s] -- Added test 'xmllint' to check XML markup files
[4.113s] -- Configuring done
[4.873s] -- Generating done
[4.992s] -- Build files have been written to: /workspaces/foxy_ws/src/gcamp_ros2_ws/build/cpp_action_pkg
[5.000s] Invoked command in '/workspaces/foxy_ws/src/gcamp_ros2_ws/build/cpp_action_pkg' returned '0': AMENT_PREFIX_PATH=/workspaces/foxy_ws/src/gcamp_ros2_ws/install/custom_interfaces:${AMENT_PREFIX_PATH} CMAKE_PREFIX_PATH=/workspaces/foxy_ws/src/gcamp_ros2_ws/install/custom_interfaces:/workspaces/foxy_ws/src/install/ydlidar_sdk:/workspaces/foxy_ws/src/install/ydlidar_ros2_driver:/workspaces/foxy_ws/src/install/omo_r1mini:/workspaces/foxy_ws/src/install/omo_r1mini_navigation2:/workspaces/foxy_ws/src/install/omo_r1mini_gazebo:/workspaces/foxy_ws/src/install/omo_r1mini_description:/workspaces/foxy_ws/src/install/omo_r1mini_cartographer:/workspaces/foxy_ws/src/install/gcamp_gazebo:/workspaces/foxy_ws/src/install/cpp_service_pkg:/workspaces/foxy_ws/src/install/cpp_action_pkg:/workspaces/foxy_ws/src/install/custom_interfaces:/workspaces/foxy_ws/src/install/cpp_topic_pkg:/workspaces/foxy_ws/src/install/cpp_service_tutorial:/workspaces/foxy_ws/src/install/cpp_first_pkg:/workspaces/foxy_ws/src/install/unity_slam_example:/workspaces/foxy_ws/src/install/ros_tcp_endpoint:/workspaces/foxy_ws/src/install/py_topic_pkg:/workspaces/foxy_ws/src/install/py_service_pkg:/workspaces/foxy_ws/src/install/py_first_pkg:/workspaces/foxy_ws/src/install/py_action_pkg:/workspaces/foxy_ws/src/install/omo_r1mini_teleop:/workspaces/foxy_ws/src/install/omo_r1mini_bringup:/opt/ros/foxy LD_LIBRARY_PATH=/workspaces/foxy_ws/src/gcamp_ros2_ws/install/custom_interfaces/lib:${LD_LIBRARY_PATH} PYTHONPATH=/workspaces/foxy_ws/src/gcamp_ros2_ws/install/custom_interfaces/lib/python3.8/site-packages:${PYTHONPATH} /usr/bin/cmake /workspaces/foxy_ws/src/gcamp_ros2_ws/src/gcamp_ros2_basic/cpp_action_pkg -DCMAKE_INSTALL_PREFIX=/workspaces/foxy_ws/src/gcamp_ros2_ws/install/cpp_action_pkg
[5.012s] Invoking command in '/workspaces/foxy_ws/src/gcamp_ros2_ws/build/cpp_action_pkg': AMENT_PREFIX_PATH=/workspaces/foxy_ws/src/gcamp_ros2_ws/install/custom_interfaces:${AMENT_PREFIX_PATH} CMAKE_PREFIX_PATH=/workspaces/foxy_ws/src/gcamp_ros2_ws/install/custom_interfaces:/workspaces/foxy_ws/src/install/ydlidar_sdk:/workspaces/foxy_ws/src/install/ydlidar_ros2_driver:/workspaces/foxy_ws/src/install/omo_r1mini:/workspaces/foxy_ws/src/install/omo_r1mini_navigation2:/workspaces/foxy_ws/src/install/omo_r1mini_gazebo:/workspaces/foxy_ws/src/install/omo_r1mini_description:/workspaces/foxy_ws/src/install/omo_r1mini_cartographer:/workspaces/foxy_ws/src/install/gcamp_gazebo:/workspaces/foxy_ws/src/install/cpp_service_pkg:/workspaces/foxy_ws/src/install/cpp_action_pkg:/workspaces/foxy_ws/src/install/custom_interfaces:/workspaces/foxy_ws/src/install/cpp_topic_pkg:/workspaces/foxy_ws/src/install/cpp_service_tutorial:/workspaces/foxy_ws/src/install/cpp_first_pkg:/workspaces/foxy_ws/src/install/unity_slam_example:/workspaces/foxy_ws/src/install/ros_tcp_endpoint:/workspaces/foxy_ws/src/install/py_topic_pkg:/workspaces/foxy_ws/src/install/py_service_pkg:/workspaces/foxy_ws/src/install/py_first_pkg:/workspaces/foxy_ws/src/install/py_action_pkg:/workspaces/foxy_ws/src/install/omo_r1mini_teleop:/workspaces/foxy_ws/src/install/omo_r1mini_bringup:/opt/ros/foxy LD_LIBRARY_PATH=/workspaces/foxy_ws/src/gcamp_ros2_ws/install/custom_interfaces/lib:${LD_LIBRARY_PATH} PYTHONPATH=/workspaces/foxy_ws/src/gcamp_ros2_ws/install/custom_interfaces/lib/python3.8/site-packages:${PYTHONPATH} /usr/bin/cmake --build /workspaces/foxy_ws/src/gcamp_ros2_ws/build/cpp_action_pkg -- -j8 -l8
[6.107s] [ 25%] Built target fibonacci_action_server_oop_node
[6.157s] [ 75%] Built target fibonacci_action_client_oop_node
[6.168s] [ 87%] Built target fibonacci_action_client_node
[6.177s] [100%] Built target fibonacci_action_server_node
[6.360s] Invoked command in '/workspaces/foxy_ws/src/gcamp_ros2_ws/build/cpp_action_pkg' returned '0': AMENT_PREFIX_PATH=/workspaces/foxy_ws/src/gcamp_ros2_ws/install/custom_interfaces:${AMENT_PREFIX_PATH} CMAKE_PREFIX_PATH=/workspaces/foxy_ws/src/gcamp_ros2_ws/install/custom_interfaces:/workspaces/foxy_ws/src/install/ydlidar_sdk:/workspaces/foxy_ws/src/install/ydlidar_ros2_driver:/workspaces/foxy_ws/src/install/omo_r1mini:/workspaces/foxy_ws/src/install/omo_r1mini_navigation2:/workspaces/foxy_ws/src/install/omo_r1mini_gazebo:/workspaces/foxy_ws/src/install/omo_r1mini_description:/workspaces/foxy_ws/src/install/omo_r1mini_cartographer:/workspaces/foxy_ws/src/install/gcamp_gazebo:/workspaces/foxy_ws/src/install/cpp_service_pkg:/workspaces/foxy_ws/src/install/cpp_action_pkg:/workspaces/foxy_ws/src/install/custom_interfaces:/workspaces/foxy_ws/src/install/cpp_topic_pkg:/workspaces/foxy_ws/src/install/cpp_service_tutorial:/workspaces/foxy_ws/src/install/cpp_first_pkg:/workspaces/foxy_ws/src/install/unity_slam_example:/workspaces/foxy_ws/src/install/ros_tcp_endpoint:/workspaces/foxy_ws/src/install/py_topic_pkg:/workspaces/foxy_ws/src/install/py_service_pkg:/workspaces/foxy_ws/src/install/py_first_pkg:/workspaces/foxy_ws/src/install/py_action_pkg:/workspaces/foxy_ws/src/install/omo_r1mini_teleop:/workspaces/foxy_ws/src/install/omo_r1mini_bringup:/opt/ros/foxy LD_LIBRARY_PATH=/workspaces/foxy_ws/src/gcamp_ros2_ws/install/custom_interfaces/lib:${LD_LIBRARY_PATH} PYTHONPATH=/workspaces/foxy_ws/src/gcamp_ros2_ws/install/custom_interfaces/lib/python3.8/site-packages:${PYTHONPATH} /usr/bin/cmake --build /workspaces/foxy_ws/src/gcamp_ros2_ws/build/cpp_action_pkg -- -j8 -l8
[6.801s] Invoking command in '/workspaces/foxy_ws/src/gcamp_ros2_ws/build/cpp_action_pkg': AMENT_PREFIX_PATH=/workspaces/foxy_ws/src/gcamp_ros2_ws/install/custom_interfaces:${AMENT_PREFIX_PATH} CMAKE_PREFIX_PATH=/workspaces/foxy_ws/src/gcamp_ros2_ws/install/custom_interfaces:/workspaces/foxy_ws/src/install/ydlidar_sdk:/workspaces/foxy_ws/src/install/ydlidar_ros2_driver:/workspaces/foxy_ws/src/install/omo_r1mini:/workspaces/foxy_ws/src/install/omo_r1mini_navigation2:/workspaces/foxy_ws/src/install/omo_r1mini_gazebo:/workspaces/foxy_ws/src/install/omo_r1mini_description:/workspaces/foxy_ws/src/install/omo_r1mini_cartographer:/workspaces/foxy_ws/src/install/gcamp_gazebo:/workspaces/foxy_ws/src/install/cpp_service_pkg:/workspaces/foxy_ws/src/install/cpp_action_pkg:/workspaces/foxy_ws/src/install/custom_interfaces:/workspaces/foxy_ws/src/install/cpp_topic_pkg:/workspaces/foxy_ws/src/install/cpp_service_tutorial:/workspaces/foxy_ws/src/install/cpp_first_pkg:/workspaces/foxy_ws/src/install/unity_slam_example:/workspaces/foxy_ws/src/install/ros_tcp_endpoint:/workspaces/foxy_ws/src/install/py_topic_pkg:/workspaces/foxy_ws/src/install/py_service_pkg:/workspaces/foxy_ws/src/install/py_first_pkg:/workspaces/foxy_ws/src/install/py_action_pkg:/workspaces/foxy_ws/src/install/omo_r1mini_teleop:/workspaces/foxy_ws/src/install/omo_r1mini_bringup:/opt/ros/foxy LD_LIBRARY_PATH=/workspaces/foxy_ws/src/gcamp_ros2_ws/install/custom_interfaces/lib:${LD_LIBRARY_PATH} PYTHONPATH=/workspaces/foxy_ws/src/gcamp_ros2_ws/install/custom_interfaces/lib/python3.8/site-packages:${PYTHONPATH} /usr/bin/cmake --install /workspaces/foxy_ws/src/gcamp_ros2_ws/build/cpp_action_pkg
[6.910s] -- Install configuration: ""
[6.914s] -- Execute custom install script
[6.924s] -- Up-to-date symlink: /workspaces/foxy_ws/src/gcamp_ros2_ws/install/cpp_action_pkg/lib/cpp_action_pkg/fibonacci_action_client_node
[6.928s] -- Up-to-date symlink: /workspaces/foxy_ws/src/gcamp_ros2_ws/install/cpp_action_pkg/lib/cpp_action_pkg/fibonacci_action_client_oop_node
[6.935s] -- Up-to-date symlink: /workspaces/foxy_ws/src/gcamp_ros2_ws/install/cpp_action_pkg/lib/cpp_action_pkg/fibonacci_action_server_node
[6.942s] -- Up-to-date symlink: /workspaces/foxy_ws/src/gcamp_ros2_ws/install/cpp_action_pkg/lib/cpp_action_pkg/fibonacci_action_server_oop_node
[6.946s] -- Up-to-date symlink: /workspaces/foxy_ws/src/gcamp_ros2_ws/install/cpp_action_pkg/share/ament_index/resource_index/package_run_dependencies/cpp_action_pkg
[6.955s] -- Up-to-date symlink: /workspaces/foxy_ws/src/gcamp_ros2_ws/install/cpp_action_pkg/share/ament_index/resource_index/parent_prefix_path/cpp_action_pkg
[6.959s] -- Up-to-date symlink: /workspaces/foxy_ws/src/gcamp_ros2_ws/install/cpp_action_pkg/share/cpp_action_pkg/environment/ament_prefix_path.sh
[6.966s] -- Up-to-date symlink: /workspaces/foxy_ws/src/gcamp_ros2_ws/install/cpp_action_pkg/share/cpp_action_pkg/environment/ament_prefix_path.dsv
[6.971s] -- Up-to-date symlink: /workspaces/foxy_ws/src/gcamp_ros2_ws/install/cpp_action_pkg/share/cpp_action_pkg/environment/path.sh
[6.980s] -- Up-to-date symlink: /workspaces/foxy_ws/src/gcamp_ros2_ws/install/cpp_action_pkg/share/cpp_action_pkg/environment/path.dsv
[6.984s] -- Up-to-date symlink: /workspaces/foxy_ws/src/gcamp_ros2_ws/install/cpp_action_pkg/share/cpp_action_pkg/local_setup.bash
[6.989s] -- Up-to-date symlink: /workspaces/foxy_ws/src/gcamp_ros2_ws/install/cpp_action_pkg/share/cpp_action_pkg/local_setup.sh
[6.995s] -- Up-to-date symlink: /workspaces/foxy_ws/src/gcamp_ros2_ws/install/cpp_action_pkg/share/cpp_action_pkg/local_setup.zsh
[7.001s] -- Up-to-date symlink: /workspaces/foxy_ws/src/gcamp_ros2_ws/install/cpp_action_pkg/share/cpp_action_pkg/local_setup.dsv
[7.005s] -- Symlinking: /workspaces/foxy_ws/src/gcamp_ros2_ws/install/cpp_action_pkg/share/cpp_action_pkg/package.dsv
[7.191s] -- Up-to-date symlink: /workspaces/foxy_ws/src/gcamp_ros2_ws/install/cpp_action_pkg/share/ament_index/resource_index/packages/cpp_action_pkg
[7.196s] -- Up-to-date symlink: /workspaces/foxy_ws/src/gcamp_ros2_ws/install/cpp_action_pkg/share/cpp_action_pkg/cmake/cpp_action_pkgConfig.cmake
[7.204s] -- Up-to-date symlink: /workspaces/foxy_ws/src/gcamp_ros2_ws/install/cpp_action_pkg/share/cpp_action_pkg/cmake/cpp_action_pkgConfig-version.cmake
[7.211s] -- Up-to-date symlink: /workspaces/foxy_ws/src/gcamp_ros2_ws/install/cpp_action_pkg/share/cpp_action_pkg/package.xml
[7.215s] Invoked command in '/workspaces/foxy_ws/src/gcamp_ros2_ws/build/cpp_action_pkg' returned '0': AMENT_PREFIX_PATH=/workspaces/foxy_ws/src/gcamp_ros2_ws/install/custom_interfaces:${AMENT_PREFIX_PATH} CMAKE_PREFIX_PATH=/workspaces/foxy_ws/src/gcamp_ros2_ws/install/custom_interfaces:/workspaces/foxy_ws/src/install/ydlidar_sdk:/workspaces/foxy_ws/src/install/ydlidar_ros2_driver:/workspaces/foxy_ws/src/install/omo_r1mini:/workspaces/foxy_ws/src/install/omo_r1mini_navigation2:/workspaces/foxy_ws/src/install/omo_r1mini_gazebo:/workspaces/foxy_ws/src/install/omo_r1mini_description:/workspaces/foxy_ws/src/install/omo_r1mini_cartographer:/workspaces/foxy_ws/src/install/gcamp_gazebo:/workspaces/foxy_ws/src/install/cpp_service_pkg:/workspaces/foxy_ws/src/install/cpp_action_pkg:/workspaces/foxy_ws/src/install/custom_interfaces:/workspaces/foxy_ws/src/install/cpp_topic_pkg:/workspaces/foxy_ws/src/install/cpp_service_tutorial:/workspaces/foxy_ws/src/install/cpp_first_pkg:/workspaces/foxy_ws/src/install/unity_slam_example:/workspaces/foxy_ws/src/install/ros_tcp_endpoint:/workspaces/foxy_ws/src/install/py_topic_pkg:/workspaces/foxy_ws/src/install/py_service_pkg:/workspaces/foxy_ws/src/install/py_first_pkg:/workspaces/foxy_ws/src/install/py_action_pkg:/workspaces/foxy_ws/src/install/omo_r1mini_teleop:/workspaces/foxy_ws/src/install/omo_r1mini_bringup:/opt/ros/foxy LD_LIBRARY_PATH=/workspaces/foxy_ws/src/gcamp_ros2_ws/install/custom_interfaces/lib:${LD_LIBRARY_PATH} PYTHONPATH=/workspaces/foxy_ws/src/gcamp_ros2_ws/install/custom_interfaces/lib/python3.8/site-packages:${PYTHONPATH} /usr/bin/cmake --install /workspaces/foxy_ws/src/gcamp_ros2_ws/build/cpp_action_pkg
