[0.182s] Invoking command in '/workspaces/foxy_ws/src/omorobot_r1_mini/src/build/omo_r1mini': AMENT_PREFIX_PATH=/workspaces/foxy_ws/src/omorobot_r1_mini/src/install/omo_r1mini_bringup:/workspaces/foxy_ws/src/omorobot_r1_mini/src/install/omo_r1mini_teleop:/workspaces/foxy_ws/src/omorobot_r1_mini/src/install/omo_r1mini_navigation2:/workspaces/foxy_ws/src/omorobot_r1_mini/src/install/omo_r1mini_description:/workspaces/foxy_ws/src/omorobot_r1_mini/src/install/omo_r1mini_cartographer:${AMENT_PREFIX_PATH} CMAKE_PREFIX_PATH=/workspaces/foxy_ws/src/omorobot_r1_mini/src/install/omo_r1mini_navigation2:/workspaces/foxy_ws/src/omorobot_r1_mini/src/install/omo_r1mini_description:/workspaces/foxy_ws/src/omorobot_r1_mini/src/install/omo_r1mini_cartographer:/workspaces/foxy_ws/src/nav2slam_example/install/unity_slam_example:/workspaces/foxy_ws/src/nav2slam_example/install/ros_tcp_endpoint:/workspaces/foxy_ws/src/nav2slam_example/colcon_ws/install/unity_slam_example:/opt/ros/foxy PYTHONPATH=/workspaces/foxy_ws/src/omorobot_r1_mini/src/build/omo_r1mini_bringup:/workspaces/foxy_ws/src/omorobot_r1_mini/src/install/omo_r1mini_bringup/lib/python3.8/site-packages:/workspaces/foxy_ws/src/omorobot_r1_mini/src/build/omo_r1mini_teleop:/workspaces/foxy_ws/src/omorobot_r1_mini/src/install/omo_r1mini_teleop/lib/python3.8/site-packages:${PYTHONPATH} /usr/bin/cmake /workspaces/foxy_ws/src/omorobot_r1_mini/src/omo_r1mini-foxy/omo_r1mini -DAMENT_CMAKE_SYMLINK_INSTALL=1 -DCMAKE_INSTALL_PREFIX=/workspaces/foxy_ws/src/omorobot_r1_mini/src/install/omo_r1mini
[0.622s] -- The C compiler identification is GNU 9.3.0
[1.187s] -- The CXX compiler identification is GNU 9.3.0
[1.296s] -- Check for working C compiler: /usr/bin/cc
[1.882s] -- Check for working C compiler: /usr/bin/cc -- works
[1.885s] -- Detecting C compiler ABI info
[2.459s] -- Detecting C compiler ABI info - done
[2.485s] -- Detecting C compile features
[2.490s] -- Detecting C compile features - done
[2.515s] -- Check for working CXX compiler: /usr/bin/c++
[3.212s] -- Check for working CXX compiler: /usr/bin/c++ -- works
[3.216s] -- Detecting CXX compiler ABI info
[3.896s] -- Detecting CXX compiler ABI info - done
[3.924s] -- Detecting CXX compile features
[3.930s] -- Detecting CXX compile features - done
[4.028s] -- Found ament_cmake: 0.9.8 (/opt/ros/foxy/share/ament_cmake/cmake)
[4.244s] -- Found PythonInterp: /usr/bin/python3 (found suitable version "3.8.10", minimum required is "3") 
[4.247s] -- Using PYTHON_EXECUTABLE: /usr/bin/python3
[4.702s] -- Override CMake install command with custom implementation using symlinks instead of copying resources
[6.700s] -- Configuring done
[7.193s] -- Generating done
[7.354s] -- Build files have been written to: /workspaces/foxy_ws/src/omorobot_r1_mini/src/build/omo_r1mini
[7.384s] Invoked command in '/workspaces/foxy_ws/src/omorobot_r1_mini/src/build/omo_r1mini' returned '0': AMENT_PREFIX_PATH=/workspaces/foxy_ws/src/omorobot_r1_mini/src/install/omo_r1mini_bringup:/workspaces/foxy_ws/src/omorobot_r1_mini/src/install/omo_r1mini_teleop:/workspaces/foxy_ws/src/omorobot_r1_mini/src/install/omo_r1mini_navigation2:/workspaces/foxy_ws/src/omorobot_r1_mini/src/install/omo_r1mini_description:/workspaces/foxy_ws/src/omorobot_r1_mini/src/install/omo_r1mini_cartographer:${AMENT_PREFIX_PATH} CMAKE_PREFIX_PATH=/workspaces/foxy_ws/src/omorobot_r1_mini/src/install/omo_r1mini_navigation2:/workspaces/foxy_ws/src/omorobot_r1_mini/src/install/omo_r1mini_description:/workspaces/foxy_ws/src/omorobot_r1_mini/src/install/omo_r1mini_cartographer:/workspaces/foxy_ws/src/nav2slam_example/install/unity_slam_example:/workspaces/foxy_ws/src/nav2slam_example/install/ros_tcp_endpoint:/workspaces/foxy_ws/src/nav2slam_example/colcon_ws/install/unity_slam_example:/opt/ros/foxy PYTHONPATH=/workspaces/foxy_ws/src/omorobot_r1_mini/src/build/omo_r1mini_bringup:/workspaces/foxy_ws/src/omorobot_r1_mini/src/install/omo_r1mini_bringup/lib/python3.8/site-packages:/workspaces/foxy_ws/src/omorobot_r1_mini/src/build/omo_r1mini_teleop:/workspaces/foxy_ws/src/omorobot_r1_mini/src/install/omo_r1mini_teleop/lib/python3.8/site-packages:${PYTHONPATH} /usr/bin/cmake /workspaces/foxy_ws/src/omorobot_r1_mini/src/omo_r1mini-foxy/omo_r1mini -DAMENT_CMAKE_SYMLINK_INSTALL=1 -DCMAKE_INSTALL_PREFIX=/workspaces/foxy_ws/src/omorobot_r1_mini/src/install/omo_r1mini
[7.408s] Invoking command in '/workspaces/foxy_ws/src/omorobot_r1_mini/src/build/omo_r1mini': AMENT_PREFIX_PATH=/workspaces/foxy_ws/src/omorobot_r1_mini/src/install/omo_r1mini_bringup:/workspaces/foxy_ws/src/omorobot_r1_mini/src/install/omo_r1mini_teleop:/workspaces/foxy_ws/src/omorobot_r1_mini/src/install/omo_r1mini_navigation2:/workspaces/foxy_ws/src/omorobot_r1_mini/src/install/omo_r1mini_description:/workspaces/foxy_ws/src/omorobot_r1_mini/src/install/omo_r1mini_cartographer:${AMENT_PREFIX_PATH} CMAKE_PREFIX_PATH=/workspaces/foxy_ws/src/omorobot_r1_mini/src/install/omo_r1mini_navigation2:/workspaces/foxy_ws/src/omorobot_r1_mini/src/install/omo_r1mini_description:/workspaces/foxy_ws/src/omorobot_r1_mini/src/install/omo_r1mini_cartographer:/workspaces/foxy_ws/src/nav2slam_example/install/unity_slam_example:/workspaces/foxy_ws/src/nav2slam_example/install/ros_tcp_endpoint:/workspaces/foxy_ws/src/nav2slam_example/colcon_ws/install/unity_slam_example:/opt/ros/foxy PYTHONPATH=/workspaces/foxy_ws/src/omorobot_r1_mini/src/build/omo_r1mini_bringup:/workspaces/foxy_ws/src/omorobot_r1_mini/src/install/omo_r1mini_bringup/lib/python3.8/site-packages:/workspaces/foxy_ws/src/omorobot_r1_mini/src/build/omo_r1mini_teleop:/workspaces/foxy_ws/src/omorobot_r1_mini/src/install/omo_r1mini_teleop/lib/python3.8/site-packages:${PYTHONPATH} /usr/bin/cmake --build /workspaces/foxy_ws/src/omorobot_r1_mini/src/build/omo_r1mini -- -j8 -l8
[7.599s] Invoked command in '/workspaces/foxy_ws/src/omorobot_r1_mini/src/build/omo_r1mini' returned '0': AMENT_PREFIX_PATH=/workspaces/foxy_ws/src/omorobot_r1_mini/src/install/omo_r1mini_bringup:/workspaces/foxy_ws/src/omorobot_r1_mini/src/install/omo_r1mini_teleop:/workspaces/foxy_ws/src/omorobot_r1_mini/src/install/omo_r1mini_navigation2:/workspaces/foxy_ws/src/omorobot_r1_mini/src/install/omo_r1mini_description:/workspaces/foxy_ws/src/omorobot_r1_mini/src/install/omo_r1mini_cartographer:${AMENT_PREFIX_PATH} CMAKE_PREFIX_PATH=/workspaces/foxy_ws/src/omorobot_r1_mini/src/install/omo_r1mini_navigation2:/workspaces/foxy_ws/src/omorobot_r1_mini/src/install/omo_r1mini_description:/workspaces/foxy_ws/src/omorobot_r1_mini/src/install/omo_r1mini_cartographer:/workspaces/foxy_ws/src/nav2slam_example/install/unity_slam_example:/workspaces/foxy_ws/src/nav2slam_example/install/ros_tcp_endpoint:/workspaces/foxy_ws/src/nav2slam_example/colcon_ws/install/unity_slam_example:/opt/ros/foxy PYTHONPATH=/workspaces/foxy_ws/src/omorobot_r1_mini/src/build/omo_r1mini_bringup:/workspaces/foxy_ws/src/omorobot_r1_mini/src/install/omo_r1mini_bringup/lib/python3.8/site-packages:/workspaces/foxy_ws/src/omorobot_r1_mini/src/build/omo_r1mini_teleop:/workspaces/foxy_ws/src/omorobot_r1_mini/src/install/omo_r1mini_teleop/lib/python3.8/site-packages:${PYTHONPATH} /usr/bin/cmake --build /workspaces/foxy_ws/src/omorobot_r1_mini/src/build/omo_r1mini -- -j8 -l8
[7.711s] Invoking command in '/workspaces/foxy_ws/src/omorobot_r1_mini/src/build/omo_r1mini': AMENT_PREFIX_PATH=/workspaces/foxy_ws/src/omorobot_r1_mini/src/install/omo_r1mini_bringup:/workspaces/foxy_ws/src/omorobot_r1_mini/src/install/omo_r1mini_teleop:/workspaces/foxy_ws/src/omorobot_r1_mini/src/install/omo_r1mini_navigation2:/workspaces/foxy_ws/src/omorobot_r1_mini/src/install/omo_r1mini_description:/workspaces/foxy_ws/src/omorobot_r1_mini/src/install/omo_r1mini_cartographer:${AMENT_PREFIX_PATH} CMAKE_PREFIX_PATH=/workspaces/foxy_ws/src/omorobot_r1_mini/src/install/omo_r1mini_navigation2:/workspaces/foxy_ws/src/omorobot_r1_mini/src/install/omo_r1mini_description:/workspaces/foxy_ws/src/omorobot_r1_mini/src/install/omo_r1mini_cartographer:/workspaces/foxy_ws/src/nav2slam_example/install/unity_slam_example:/workspaces/foxy_ws/src/nav2slam_example/install/ros_tcp_endpoint:/workspaces/foxy_ws/src/nav2slam_example/colcon_ws/install/unity_slam_example:/opt/ros/foxy PYTHONPATH=/workspaces/foxy_ws/src/omorobot_r1_mini/src/build/omo_r1mini_bringup:/workspaces/foxy_ws/src/omorobot_r1_mini/src/install/omo_r1mini_bringup/lib/python3.8/site-packages:/workspaces/foxy_ws/src/omorobot_r1_mini/src/build/omo_r1mini_teleop:/workspaces/foxy_ws/src/omorobot_r1_mini/src/install/omo_r1mini_teleop/lib/python3.8/site-packages:${PYTHONPATH} /usr/bin/cmake --install /workspaces/foxy_ws/src/omorobot_r1_mini/src/build/omo_r1mini
[7.729s] -- Install configuration: ""
[7.745s] -- Execute custom install script
[7.787s] -- Symlinking: /workspaces/foxy_ws/src/omorobot_r1_mini/src/install/omo_r1mini/share/ament_index/resource_index/package_run_dependencies/omo_r1mini
[7.837s] -- Symlinking: /workspaces/foxy_ws/src/omorobot_r1_mini/src/install/omo_r1mini/share/ament_index/resource_index/parent_prefix_path/omo_r1mini
[7.905s] -- Symlinking: /workspaces/foxy_ws/src/omorobot_r1_mini/src/install/omo_r1mini/share/omo_r1mini/environment/ament_prefix_path.sh
[7.955s] -- Symlinking: /workspaces/foxy_ws/src/omorobot_r1_mini/src/install/omo_r1mini/share/omo_r1mini/environment/ament_prefix_path.dsv
[8.004s] -- Symlinking: /workspaces/foxy_ws/src/omorobot_r1_mini/src/install/omo_r1mini/share/omo_r1mini/environment/path.sh
[8.053s] -- Symlinking: /workspaces/foxy_ws/src/omorobot_r1_mini/src/install/omo_r1mini/share/omo_r1mini/environment/path.dsv
[8.090s] -- Symlinking: /workspaces/foxy_ws/src/omorobot_r1_mini/src/install/omo_r1mini/share/omo_r1mini/local_setup.bash
[8.130s] -- Symlinking: /workspaces/foxy_ws/src/omorobot_r1_mini/src/install/omo_r1mini/share/omo_r1mini/local_setup.sh
[8.175s] -- Symlinking: /workspaces/foxy_ws/src/omorobot_r1_mini/src/install/omo_r1mini/share/omo_r1mini/local_setup.zsh
[8.217s] -- Symlinking: /workspaces/foxy_ws/src/omorobot_r1_mini/src/install/omo_r1mini/share/omo_r1mini/local_setup.dsv
[8.260s] -- Symlinking: /workspaces/foxy_ws/src/omorobot_r1_mini/src/install/omo_r1mini/share/omo_r1mini/package.dsv
[8.317s] -- Symlinking: /workspaces/foxy_ws/src/omorobot_r1_mini/src/install/omo_r1mini/share/ament_index/resource_index/packages/omo_r1mini
[8.363s] -- Symlinking: /workspaces/foxy_ws/src/omorobot_r1_mini/src/install/omo_r1mini/share/omo_r1mini/cmake/omo_r1miniConfig.cmake
[8.401s] -- Symlinking: /workspaces/foxy_ws/src/omorobot_r1_mini/src/install/omo_r1mini/share/omo_r1mini/cmake/omo_r1miniConfig-version.cmake
[8.434s] -- Symlinking: /workspaces/foxy_ws/src/omorobot_r1_mini/src/install/omo_r1mini/share/omo_r1mini/package.xml
[8.474s] Invoked command in '/workspaces/foxy_ws/src/omorobot_r1_mini/src/build/omo_r1mini' returned '0': AMENT_PREFIX_PATH=/workspaces/foxy_ws/src/omorobot_r1_mini/src/install/omo_r1mini_bringup:/workspaces/foxy_ws/src/omorobot_r1_mini/src/install/omo_r1mini_teleop:/workspaces/foxy_ws/src/omorobot_r1_mini/src/install/omo_r1mini_navigation2:/workspaces/foxy_ws/src/omorobot_r1_mini/src/install/omo_r1mini_description:/workspaces/foxy_ws/src/omorobot_r1_mini/src/install/omo_r1mini_cartographer:${AMENT_PREFIX_PATH} CMAKE_PREFIX_PATH=/workspaces/foxy_ws/src/omorobot_r1_mini/src/install/omo_r1mini_navigation2:/workspaces/foxy_ws/src/omorobot_r1_mini/src/install/omo_r1mini_description:/workspaces/foxy_ws/src/omorobot_r1_mini/src/install/omo_r1mini_cartographer:/workspaces/foxy_ws/src/nav2slam_example/install/unity_slam_example:/workspaces/foxy_ws/src/nav2slam_example/install/ros_tcp_endpoint:/workspaces/foxy_ws/src/nav2slam_example/colcon_ws/install/unity_slam_example:/opt/ros/foxy PYTHONPATH=/workspaces/foxy_ws/src/omorobot_r1_mini/src/build/omo_r1mini_bringup:/workspaces/foxy_ws/src/omorobot_r1_mini/src/install/omo_r1mini_bringup/lib/python3.8/site-packages:/workspaces/foxy_ws/src/omorobot_r1_mini/src/build/omo_r1mini_teleop:/workspaces/foxy_ws/src/omorobot_r1_mini/src/install/omo_r1mini_teleop/lib/python3.8/site-packages:${PYTHONPATH} /usr/bin/cmake --install /workspaces/foxy_ws/src/omorobot_r1_mini/src/build/omo_r1mini
