running develop
Removing /workspaces/foxy_ws/src/gcamp_ros2_ws/install/py_topic_pkg/lib/python3.8/site-packages/py-topic-pkg.egg-link (link to .)
running egg_info
writing ../../../build/py_topic_pkg/py_topic_pkg.egg-info/PKG-INFO
writing dependency_links to ../../../build/py_topic_pkg/py_topic_pkg.egg-info/dependency_links.txt
writing entry points to ../../../build/py_topic_pkg/py_topic_pkg.egg-info/entry_points.txt
writing requirements to ../../../build/py_topic_pkg/py_topic_pkg.egg-info/requires.txt
writing top-level names to ../../../build/py_topic_pkg/py_topic_pkg.egg-info/top_level.txt
reading manifest file '../../../build/py_topic_pkg/py_topic_pkg.egg-info/SOURCES.txt'
writing manifest file '../../../build/py_topic_pkg/py_topic_pkg.egg-info/SOURCES.txt'
running build
running build_py
creating /workspaces/foxy_ws/src/gcamp_ros2_ws/build/py_topic_pkg/build
creating /workspaces/foxy_ws/src/gcamp_ros2_ws/build/py_topic_pkg/build/lib
creating /workspaces/foxy_ws/src/gcamp_ros2_ws/build/py_topic_pkg/build/lib/py_topic_pkg
copying py_topic_pkg/__init__.py -> /workspaces/foxy_ws/src/gcamp_ros2_ws/build/py_topic_pkg/build/lib/py_topic_pkg
copying py_topic_pkg/cmd_vel_pub.py -> /workspaces/foxy_ws/src/gcamp_ros2_ws/build/py_topic_pkg/build/lib/py_topic_pkg
copying py_topic_pkg/endless_cmd_vel_pub.py -> /workspaces/foxy_ws/src/gcamp_ros2_ws/build/py_topic_pkg/build/lib/py_topic_pkg
copying py_topic_pkg/laser_raw.py -> /workspaces/foxy_ws/src/gcamp_ros2_ws/build/py_topic_pkg/build/lib/py_topic_pkg
copying py_topic_pkg/laser_sub.py -> /workspaces/foxy_ws/src/gcamp_ros2_ws/build/py_topic_pkg/build/lib/py_topic_pkg
copying py_topic_pkg/parking.py -> /workspaces/foxy_ws/src/gcamp_ros2_ws/build/py_topic_pkg/build/lib/py_topic_pkg
running install
running install_lib
creating /workspaces/foxy_ws/src/gcamp_ros2_ws/install/py_topic_pkg/lib/python3.8/site-packages/py_topic_pkg
copying /workspaces/foxy_ws/src/gcamp_ros2_ws/build/py_topic_pkg/build/lib/py_topic_pkg/__init__.py -> /workspaces/foxy_ws/src/gcamp_ros2_ws/install/py_topic_pkg/lib/python3.8/site-packages/py_topic_pkg
copying /workspaces/foxy_ws/src/gcamp_ros2_ws/build/py_topic_pkg/build/lib/py_topic_pkg/cmd_vel_pub.py -> /workspaces/foxy_ws/src/gcamp_ros2_ws/install/py_topic_pkg/lib/python3.8/site-packages/py_topic_pkg
copying /workspaces/foxy_ws/src/gcamp_ros2_ws/build/py_topic_pkg/build/lib/py_topic_pkg/endless_cmd_vel_pub.py -> /workspaces/foxy_ws/src/gcamp_ros2_ws/install/py_topic_pkg/lib/python3.8/site-packages/py_topic_pkg
copying /workspaces/foxy_ws/src/gcamp_ros2_ws/build/py_topic_pkg/build/lib/py_topic_pkg/laser_raw.py -> /workspaces/foxy_ws/src/gcamp_ros2_ws/install/py_topic_pkg/lib/python3.8/site-packages/py_topic_pkg
copying /workspaces/foxy_ws/src/gcamp_ros2_ws/build/py_topic_pkg/build/lib/py_topic_pkg/laser_sub.py -> /workspaces/foxy_ws/src/gcamp_ros2_ws/install/py_topic_pkg/lib/python3.8/site-packages/py_topic_pkg
copying /workspaces/foxy_ws/src/gcamp_ros2_ws/build/py_topic_pkg/build/lib/py_topic_pkg/parking.py -> /workspaces/foxy_ws/src/gcamp_ros2_ws/install/py_topic_pkg/lib/python3.8/site-packages/py_topic_pkg
byte-compiling /workspaces/foxy_ws/src/gcamp_ros2_ws/install/py_topic_pkg/lib/python3.8/site-packages/py_topic_pkg/__init__.py to __init__.cpython-38.pyc
byte-compiling /workspaces/foxy_ws/src/gcamp_ros2_ws/install/py_topic_pkg/lib/python3.8/site-packages/py_topic_pkg/cmd_vel_pub.py to cmd_vel_pub.cpython-38.pyc
byte-compiling /workspaces/foxy_ws/src/gcamp_ros2_ws/install/py_topic_pkg/lib/python3.8/site-packages/py_topic_pkg/endless_cmd_vel_pub.py to endless_cmd_vel_pub.cpython-38.pyc
byte-compiling /workspaces/foxy_ws/src/gcamp_ros2_ws/install/py_topic_pkg/lib/python3.8/site-packages/py_topic_pkg/laser_raw.py to laser_raw.cpython-38.pyc
byte-compiling /workspaces/foxy_ws/src/gcamp_ros2_ws/install/py_topic_pkg/lib/python3.8/site-packages/py_topic_pkg/laser_sub.py to laser_sub.cpython-38.pyc
byte-compiling /workspaces/foxy_ws/src/gcamp_ros2_ws/install/py_topic_pkg/lib/python3.8/site-packages/py_topic_pkg/parking.py to parking.cpython-38.pyc
running install_data
running install_egg_info
Copying ../../../build/py_topic_pkg/py_topic_pkg.egg-info to /workspaces/foxy_ws/src/gcamp_ros2_ws/install/py_topic_pkg/lib/python3.8/site-packages/py_topic_pkg-0.0.0-py3.8.egg-info
running install_scripts
Installing cmd_vel_pub_node script to /workspaces/foxy_ws/src/gcamp_ros2_ws/install/py_topic_pkg/lib/py_topic_pkg
Installing endless_cmd_vel_pub_node script to /workspaces/foxy_ws/src/gcamp_ros2_ws/install/py_topic_pkg/lib/py_topic_pkg
Installing laser_raw_node script to /workspaces/foxy_ws/src/gcamp_ros2_ws/install/py_topic_pkg/lib/py_topic_pkg
Installing laser_sub_node script to /workspaces/foxy_ws/src/gcamp_ros2_ws/install/py_topic_pkg/lib/py_topic_pkg
Installing parking_node script to /workspaces/foxy_ws/src/gcamp_ros2_ws/install/py_topic_pkg/lib/py_topic_pkg
writing list of installed files to '/workspaces/foxy_ws/src/gcamp_ros2_ws/build/py_topic_pkg/install.log'
