[0.585s] Invoking command in '/workspaces/foxy_ws/src/omorobot_r1_mini/build/omo_r1mini_gazebo': CMAKE_PREFIX_PATH=/opt/ros/foxy /usr/bin/cmake --build /workspaces/foxy_ws/src/omorobot_r1_mini/build/omo_r1mini_gazebo -- -j8 -l8
[0.784s] Invoked command in '/workspaces/foxy_ws/src/omorobot_r1_mini/build/omo_r1mini_gazebo' returned '0': CMAKE_PREFIX_PATH=/opt/ros/foxy /usr/bin/cmake --build /workspaces/foxy_ws/src/omorobot_r1_mini/build/omo_r1mini_gazebo -- -j8 -l8
[0.859s] Invoking command in '/workspaces/foxy_ws/src/omorobot_r1_mini/build/omo_r1mini_gazebo': CMAKE_PREFIX_PATH=/opt/ros/foxy /usr/bin/cmake --install /workspaces/foxy_ws/src/omorobot_r1_mini/build/omo_r1mini_gazebo
[1.513s] -- Install configuration: ""
[1.519s] -- Execute custom install script
[1.527s] -- Up-to-date symlink: /workspaces/foxy_ws/src/omorobot_r1_mini/install/omo_r1mini_gazebo/share/omo_r1mini_gazebo//launch/empty_world.launch.py
[1.535s] -- Up-to-date symlink: /workspaces/foxy_ws/src/omorobot_r1_mini/install/omo_r1mini_gazebo/share/omo_r1mini_gazebo//launch/omo_r1mini.launch.py
[1.539s] -- Up-to-date symlink: /workspaces/foxy_ws/src/omorobot_r1_mini/install/omo_r1mini_gazebo/share/omo_r1mini_gazebo//launch/robot_state_publisher.launch.py
[1.544s] -- Up-to-date symlink: /workspaces/foxy_ws/src/omorobot_r1_mini/install/omo_r1mini_gazebo/share/omo_r1mini_gazebo//models/omo_r1mini/meshes/bases/body_assy.dae
[1.548s] -- Up-to-date symlink: /workspaces/foxy_ws/src/omorobot_r1_mini/install/omo_r1mini_gazebo/share/omo_r1mini_gazebo//models/omo_r1mini/meshes/bases/housing_body.dae
[1.561s] -- Up-to-date symlink: /workspaces/foxy_ws/src/omorobot_r1_mini/install/omo_r1mini_gazebo/share/omo_r1mini_gazebo//models/omo_r1mini/meshes/sensors/ydlidar_assy.dae
[1.569s] -- Up-to-date symlink: /workspaces/foxy_ws/src/omorobot_r1_mini/install/omo_r1mini_gazebo/share/omo_r1mini_gazebo//models/omo_r1mini/meshes/wheels/caster_wheel.dae
[1.575s] -- Up-to-date symlink: /workspaces/foxy_ws/src/omorobot_r1_mini/install/omo_r1mini_gazebo/share/omo_r1mini_gazebo//models/omo_r1mini/meshes/wheels/caster_wheel_mount.dae
[1.579s] -- Up-to-date symlink: /workspaces/foxy_ws/src/omorobot_r1_mini/install/omo_r1mini_gazebo/share/omo_r1mini_gazebo//models/omo_r1mini/meshes/wheels/caster_wheel_rotate.dae
[1.586s] -- Up-to-date symlink: /workspaces/foxy_ws/src/omorobot_r1_mini/install/omo_r1mini_gazebo/share/omo_r1mini_gazebo//models/omo_r1mini/meshes/wheels/wheel_assy.dae
[1.596s] -- Up-to-date symlink: /workspaces/foxy_ws/src/omorobot_r1_mini/install/omo_r1mini_gazebo/share/omo_r1mini_gazebo//models/omo_r1mini/model.config
[1.604s] -- Up-to-date symlink: /workspaces/foxy_ws/src/omorobot_r1_mini/install/omo_r1mini_gazebo/share/omo_r1mini_gazebo//models/omo_r1mini/model.sdf
[1.609s] -- Up-to-date symlink: /workspaces/foxy_ws/src/omorobot_r1_mini/install/omo_r1mini_gazebo/share/omo_r1mini_gazebo//models/turtlebot3_world/meshes/hexagon.dae
[1.613s] -- Up-to-date symlink: /workspaces/foxy_ws/src/omorobot_r1_mini/install/omo_r1mini_gazebo/share/omo_r1mini_gazebo//models/turtlebot3_world/meshes/wall.dae
[1.620s] -- Up-to-date symlink: /workspaces/foxy_ws/src/omorobot_r1_mini/install/omo_r1mini_gazebo/share/omo_r1mini_gazebo//models/turtlebot3_world/model.config
[1.627s] -- Up-to-date symlink: /workspaces/foxy_ws/src/omorobot_r1_mini/install/omo_r1mini_gazebo/share/omo_r1mini_gazebo//models/turtlebot3_world/model.sdf
[1.631s] -- Up-to-date symlink: /workspaces/foxy_ws/src/omorobot_r1_mini/install/omo_r1mini_gazebo/share/omo_r1mini_gazebo//rviz/tb3_gazebo.rviz
[1.642s] -- Up-to-date symlink: /workspaces/foxy_ws/src/omorobot_r1_mini/install/omo_r1mini_gazebo/share/omo_r1mini_gazebo//worlds/empty_worlds/omo_r1mini.model
[1.645s] -- Up-to-date symlink: /workspaces/foxy_ws/src/omorobot_r1_mini/install/omo_r1mini_gazebo/share/omo_r1mini_gazebo//worlds/turtlebot3_worlds/omo_r1mini.model
[1.659s] -- Up-to-date symlink: /workspaces/foxy_ws/src/omorobot_r1_mini/install/omo_r1mini_gazebo/share/ament_index/resource_index/package_run_dependencies/omo_r1mini_gazebo
[1.669s] -- Up-to-date symlink: /workspaces/foxy_ws/src/omorobot_r1_mini/install/omo_r1mini_gazebo/share/ament_index/resource_index/parent_prefix_path/omo_r1mini_gazebo
[1.673s] -- Up-to-date symlink: /workspaces/foxy_ws/src/omorobot_r1_mini/install/omo_r1mini_gazebo/share/omo_r1mini_gazebo/environment/ament_prefix_path.sh
[1.677s] -- Up-to-date symlink: /workspaces/foxy_ws/src/omorobot_r1_mini/install/omo_r1mini_gazebo/share/omo_r1mini_gazebo/environment/ament_prefix_path.dsv
[1.706s] -- Up-to-date symlink: /workspaces/foxy_ws/src/omorobot_r1_mini/install/omo_r1mini_gazebo/share/omo_r1mini_gazebo/environment/path.sh
[1.715s] -- Up-to-date symlink: /workspaces/foxy_ws/src/omorobot_r1_mini/install/omo_r1mini_gazebo/share/omo_r1mini_gazebo/environment/path.dsv
[1.724s] -- Up-to-date symlink: /workspaces/foxy_ws/src/omorobot_r1_mini/install/omo_r1mini_gazebo/share/omo_r1mini_gazebo/local_setup.bash
[1.740s] -- Up-to-date symlink: /workspaces/foxy_ws/src/omorobot_r1_mini/install/omo_r1mini_gazebo/share/omo_r1mini_gazebo/local_setup.sh
[1.750s] -- Up-to-date symlink: /workspaces/foxy_ws/src/omorobot_r1_mini/install/omo_r1mini_gazebo/share/omo_r1mini_gazebo/local_setup.zsh
[1.774s] -- Up-to-date symlink: /workspaces/foxy_ws/src/omorobot_r1_mini/install/omo_r1mini_gazebo/share/omo_r1mini_gazebo/local_setup.dsv
[1.780s] -- Symlinking: /workspaces/foxy_ws/src/omorobot_r1_mini/install/omo_r1mini_gazebo/share/omo_r1mini_gazebo/package.dsv
[1.789s] -- Up-to-date symlink: /workspaces/foxy_ws/src/omorobot_r1_mini/install/omo_r1mini_gazebo/share/ament_index/resource_index/packages/omo_r1mini_gazebo
[1.798s] -- Up-to-date symlink: /workspaces/foxy_ws/src/omorobot_r1_mini/install/omo_r1mini_gazebo/share/omo_r1mini_gazebo/cmake/ament_cmake_export_dependencies-extras.cmake
[1.807s] -- Up-to-date symlink: /workspaces/foxy_ws/src/omorobot_r1_mini/install/omo_r1mini_gazebo/share/omo_r1mini_gazebo/cmake/omo_r1mini_gazeboConfig.cmake
[1.821s] -- Up-to-date symlink: /workspaces/foxy_ws/src/omorobot_r1_mini/install/omo_r1mini_gazebo/share/omo_r1mini_gazebo/cmake/omo_r1mini_gazeboConfig-version.cmake
[1.838s] -- Up-to-date symlink: /workspaces/foxy_ws/src/omorobot_r1_mini/install/omo_r1mini_gazebo/share/omo_r1mini_gazebo/package.xml
[1.954s] Invoked command in '/workspaces/foxy_ws/src/omorobot_r1_mini/build/omo_r1mini_gazebo' returned '0': CMAKE_PREFIX_PATH=/opt/ros/foxy /usr/bin/cmake --install /workspaces/foxy_ws/src/omorobot_r1_mini/build/omo_r1mini_gazebo
