[1.372s] Invoking command in '/workspaces/foxy_ws/src/gcamp_ros2_ws/build/py_first_pkg': PYTHONPATH=/workspaces/foxy_ws/src/gcamp_ros2_ws/install/py_first_pkg/lib/python3.8/site-packages:${PYTHONPATH} /usr/bin/python3 setup.py develop --prefix /workspaces/foxy_ws/src/gcamp_ros2_ws/install/py_first_pkg --uninstall --editable --build-directory /workspaces/foxy_ws/src/gcamp_ros2_ws/build/py_first_pkg/build
[2.289s] running develop
[2.478s] Invoked command in '/workspaces/foxy_ws/src/gcamp_ros2_ws/build/py_first_pkg' returned '0': PYTHONPATH=/workspaces/foxy_ws/src/gcamp_ros2_ws/install/py_first_pkg/lib/python3.8/site-packages:${PYTHONPATH} /usr/bin/python3 setup.py develop --prefix /workspaces/foxy_ws/src/gcamp_ros2_ws/install/py_first_pkg --uninstall --editable --build-directory /workspaces/foxy_ws/src/gcamp_ros2_ws/build/py_first_pkg/build
[2.482s] Invoking command in '/workspaces/foxy_ws/src/gcamp_ros2_ws/src/gcamp_ros2_basic/py_first_pkg': PYTHONPATH=/workspaces/foxy_ws/src/gcamp_ros2_ws/install/py_first_pkg/lib/python3.8/site-packages:${PYTHONPATH} /usr/bin/python3 setup.py egg_info --egg-base ../../../build/py_first_pkg build --build-base /workspaces/foxy_ws/src/gcamp_ros2_ws/build/py_first_pkg/build install --prefix /workspaces/foxy_ws/src/gcamp_ros2_ws/install/py_first_pkg --record /workspaces/foxy_ws/src/gcamp_ros2_ws/build/py_first_pkg/install.log --single-version-externally-managed
[2.798s] running egg_info
[2.810s] writing ../../../build/py_first_pkg/py_first_pkg.egg-info/PKG-INFO
[2.817s] writing dependency_links to ../../../build/py_first_pkg/py_first_pkg.egg-info/dependency_links.txt
[2.831s] writing entry points to ../../../build/py_first_pkg/py_first_pkg.egg-info/entry_points.txt
[2.837s] writing requirements to ../../../build/py_first_pkg/py_first_pkg.egg-info/requires.txt
[2.843s] writing top-level names to ../../../build/py_first_pkg/py_first_pkg.egg-info/top_level.txt
[2.937s] reading manifest file '../../../build/py_first_pkg/py_first_pkg.egg-info/SOURCES.txt'
[2.956s] writing manifest file '../../../build/py_first_pkg/py_first_pkg.egg-info/SOURCES.txt'
[2.970s] running build
[2.983s] running build_py
[2.987s] running install
[2.996s] running install_lib
[3.001s] running install_data
[3.007s] running install_egg_info
[3.015s] removing '/workspaces/foxy_ws/src/gcamp_ros2_ws/install/py_first_pkg/lib/python3.8/site-packages/py_first_pkg-0.0.0-py3.8.egg-info' (and everything under it)
[3.020s] Copying ../../../build/py_first_pkg/py_first_pkg.egg-info to /workspaces/foxy_ws/src/gcamp_ros2_ws/install/py_first_pkg/lib/python3.8/site-packages/py_first_pkg-0.0.0-py3.8.egg-info
[3.145s] running install_scripts
[3.184s] Installing hello_ros_node script to /workspaces/foxy_ws/src/gcamp_ros2_ws/install/py_first_pkg/lib/py_first_pkg
[3.246s] writing list of installed files to '/workspaces/foxy_ws/src/gcamp_ros2_ws/build/py_first_pkg/install.log'
[3.283s] Invoked command in '/workspaces/foxy_ws/src/gcamp_ros2_ws/src/gcamp_ros2_basic/py_first_pkg' returned '0': PYTHONPATH=/workspaces/foxy_ws/src/gcamp_ros2_ws/install/py_first_pkg/lib/python3.8/site-packages:${PYTHONPATH} /usr/bin/python3 setup.py egg_info --egg-base ../../../build/py_first_pkg build --build-base /workspaces/foxy_ws/src/gcamp_ros2_ws/build/py_first_pkg/build install --prefix /workspaces/foxy_ws/src/gcamp_ros2_ws/install/py_first_pkg --record /workspaces/foxy_ws/src/gcamp_ros2_ws/build/py_first_pkg/install.log --single-version-externally-managed
