[0.602s] Invoking command in '/workspaces/foxy_ws/src/omorobot_r1_mini/build/ydlidar_ros2_driver': CMAKE_PREFIX_PATH=/opt/ros/foxy /usr/bin/cmake /workspaces/foxy_ws/src/omorobot_r1_mini/src/ydlidar_ros2_driver -DAMENT_CMAKE_SYMLINK_INSTALL=1 -DCMAKE_INSTALL_PREFIX=/workspaces/foxy_ws/src/omorobot_r1_mini/install/ydlidar_ros2_driver
[0.679s] -- Found ament_cmake: 0.9.8 (/opt/ros/foxy/share/ament_cmake/cmake)
[0.710s] -- Using PYTHON_EXECUTABLE: /usr/bin/python3
[1.408s] -- Override CMake install command with custom implementation using symlinks instead of copying resources
[1.741s] -- Found rclcpp: 2.3.1 (/opt/ros/foxy/share/rclcpp/cmake)
[1.784s] -- Using all available rosidl_typesupport_c: rosidl_typesupport_fastrtps_c;rosidl_typesupport_introspection_c
[1.799s] -- Found rosidl_adapter: 1.2.1 (/opt/ros/foxy/share/rosidl_adapter/cmake)
[1.904s] -- Using all available rosidl_typesupport_cpp: rosidl_typesupport_fastrtps_cpp;rosidl_typesupport_introspection_cpp
[1.922s] -- Found rmw_implementation_cmake: 1.0.3 (/opt/ros/foxy/share/rmw_implementation_cmake/cmake)
[1.927s] -- Using RMW implementation 'rmw_fastrtps_cpp' as default
[1.985s] -- Found sensor_msgs: 2.0.4 (/opt/ros/foxy/share/sensor_msgs/cmake)
[2.038s] -- Found visualization_msgs: 2.0.4 (/opt/ros/foxy/share/visualization_msgs/cmake)
[2.160s] -- Found std_srvs: 2.0.4 (/opt/ros/foxy/share/std_srvs/cmake)
[2.206s] -- Found ament_lint_auto: 0.9.6 (/opt/ros/foxy/share/ament_lint_auto/cmake)
[2.550s] -- Added test 'copyright' to check source files copyright and LICENSE
[2.654s] -- Added test 'cppcheck' to perform static code analysis on C / C++ code
[2.659s] -- Configured cppcheck include dirs: /workspaces/foxy_ws/src/omorobot_r1_mini/src/ydlidar_ros2_driver/src
[2.665s] -- Configured cppcheck exclude dirs and/or files: 
[2.864s] -- Added test 'cpplint' to check C / C++ code against the Google style
[2.867s] -- Configured cpplint exclude dirs and/or files: 
[2.919s] -- Added test 'flake8' to check Python code syntax and style conventions
[2.981s] -- Added test 'lint_cmake' to check CMake code style
[3.020s] -- Added test 'pep257' to check Python code against some of the style conventions in PEP 257
[3.298s] -- Added test 'uncrustify' to check C / C++ code style
[3.307s] -- Configured uncrustify additional arguments: 
[3.348s] -- Added test 'xmllint' to check XML markup files
[3.494s] -- Configuring done
[3.635s] -- Generating done
[3.747s] -- Build files have been written to: /workspaces/foxy_ws/src/omorobot_r1_mini/build/ydlidar_ros2_driver
[3.754s] Invoked command in '/workspaces/foxy_ws/src/omorobot_r1_mini/build/ydlidar_ros2_driver' returned '0': CMAKE_PREFIX_PATH=/opt/ros/foxy /usr/bin/cmake /workspaces/foxy_ws/src/omorobot_r1_mini/src/ydlidar_ros2_driver -DAMENT_CMAKE_SYMLINK_INSTALL=1 -DCMAKE_INSTALL_PREFIX=/workspaces/foxy_ws/src/omorobot_r1_mini/install/ydlidar_ros2_driver
[3.764s] Invoking command in '/workspaces/foxy_ws/src/omorobot_r1_mini/build/ydlidar_ros2_driver': CMAKE_PREFIX_PATH=/opt/ros/foxy /usr/bin/cmake --build /workspaces/foxy_ws/src/omorobot_r1_mini/build/ydlidar_ros2_driver -- -j8 -l8
[3.933s] [ 75%] Built target ydlidar_ros2_driver_node
[3.948s] [100%] Built target ydlidar_ros2_driver_client
[3.975s] Invoked command in '/workspaces/foxy_ws/src/omorobot_r1_mini/build/ydlidar_ros2_driver' returned '0': CMAKE_PREFIX_PATH=/opt/ros/foxy /usr/bin/cmake --build /workspaces/foxy_ws/src/omorobot_r1_mini/build/ydlidar_ros2_driver -- -j8 -l8
[4.029s] Invoking command in '/workspaces/foxy_ws/src/omorobot_r1_mini/build/ydlidar_ros2_driver': CMAKE_PREFIX_PATH=/opt/ros/foxy /usr/bin/cmake --install /workspaces/foxy_ws/src/omorobot_r1_mini/build/ydlidar_ros2_driver
[4.042s] -- Install configuration: ""
[4.046s] -- Execute custom install script
[4.051s] -- Up-to-date symlink: /workspaces/foxy_ws/src/omorobot_r1_mini/install/ydlidar_ros2_driver/lib/ydlidar_ros2_driver/ydlidar_ros2_driver_node
[4.062s] -- Up-to-date symlink: /workspaces/foxy_ws/src/omorobot_r1_mini/install/ydlidar_ros2_driver/lib/ydlidar_ros2_driver/ydlidar_ros2_driver_client
[4.067s] -- Up-to-date symlink: /workspaces/foxy_ws/src/omorobot_r1_mini/install/ydlidar_ros2_driver/share/ydlidar_ros2_driver/launch/ydlidar.py
[4.077s] -- Up-to-date symlink: /workspaces/foxy_ws/src/omorobot_r1_mini/install/ydlidar_ros2_driver/share/ydlidar_ros2_driver/launch/ydlidar_launch.py
[4.085s] -- Up-to-date symlink: /workspaces/foxy_ws/src/omorobot_r1_mini/install/ydlidar_ros2_driver/share/ydlidar_ros2_driver/launch/ydlidar_launch_view.py
[4.088s] -- Up-to-date symlink: /workspaces/foxy_ws/src/omorobot_r1_mini/install/ydlidar_ros2_driver/share/ydlidar_ros2_driver/params/ydlidar.yaml
[4.095s] -- Up-to-date symlink: /workspaces/foxy_ws/src/omorobot_r1_mini/install/ydlidar_ros2_driver/share/ydlidar_ros2_driver/startup/initenv.sh
[4.098s] -- Up-to-date symlink: /workspaces/foxy_ws/src/omorobot_r1_mini/install/ydlidar_ros2_driver/share/ydlidar_ros2_driver/config/ydlidar.rviz
[4.103s] -- Up-to-date symlink: /workspaces/foxy_ws/src/omorobot_r1_mini/install/ydlidar_ros2_driver/share/ament_index/resource_index/package_run_dependencies/ydlidar_ros2_driver
[4.113s] -- Up-to-date symlink: /workspaces/foxy_ws/src/omorobot_r1_mini/install/ydlidar_ros2_driver/share/ament_index/resource_index/parent_prefix_path/ydlidar_ros2_driver
[4.117s] -- Up-to-date symlink: /workspaces/foxy_ws/src/omorobot_r1_mini/install/ydlidar_ros2_driver/share/ydlidar_ros2_driver/environment/ament_prefix_path.sh
[4.121s] -- Up-to-date symlink: /workspaces/foxy_ws/src/omorobot_r1_mini/install/ydlidar_ros2_driver/share/ydlidar_ros2_driver/environment/ament_prefix_path.dsv
[4.132s] -- Up-to-date symlink: /workspaces/foxy_ws/src/omorobot_r1_mini/install/ydlidar_ros2_driver/share/ydlidar_ros2_driver/environment/path.sh
[4.139s] -- Up-to-date symlink: /workspaces/foxy_ws/src/omorobot_r1_mini/install/ydlidar_ros2_driver/share/ydlidar_ros2_driver/environment/path.dsv
[4.143s] -- Up-to-date symlink: /workspaces/foxy_ws/src/omorobot_r1_mini/install/ydlidar_ros2_driver/share/ydlidar_ros2_driver/local_setup.bash
[4.151s] -- Up-to-date symlink: /workspaces/foxy_ws/src/omorobot_r1_mini/install/ydlidar_ros2_driver/share/ydlidar_ros2_driver/local_setup.sh
[4.159s] -- Up-to-date symlink: /workspaces/foxy_ws/src/omorobot_r1_mini/install/ydlidar_ros2_driver/share/ydlidar_ros2_driver/local_setup.zsh
[4.166s] -- Up-to-date symlink: /workspaces/foxy_ws/src/omorobot_r1_mini/install/ydlidar_ros2_driver/share/ydlidar_ros2_driver/local_setup.dsv
[4.169s] -- Symlinking: /workspaces/foxy_ws/src/omorobot_r1_mini/install/ydlidar_ros2_driver/share/ydlidar_ros2_driver/package.dsv
[4.208s] -- Up-to-date symlink: /workspaces/foxy_ws/src/omorobot_r1_mini/install/ydlidar_ros2_driver/share/ament_index/resource_index/packages/ydlidar_ros2_driver
[4.218s] -- Up-to-date symlink: /workspaces/foxy_ws/src/omorobot_r1_mini/install/ydlidar_ros2_driver/share/ydlidar_ros2_driver/cmake/ydlidar_ros2_driverConfig.cmake
[4.233s] -- Up-to-date symlink: /workspaces/foxy_ws/src/omorobot_r1_mini/install/ydlidar_ros2_driver/share/ydlidar_ros2_driver/cmake/ydlidar_ros2_driverConfig-version.cmake
[4.241s] -- Up-to-date symlink: /workspaces/foxy_ws/src/omorobot_r1_mini/install/ydlidar_ros2_driver/share/ydlidar_ros2_driver/package.xml
[4.256s] Invoked command in '/workspaces/foxy_ws/src/omorobot_r1_mini/build/ydlidar_ros2_driver' returned '0': CMAKE_PREFIX_PATH=/opt/ros/foxy /usr/bin/cmake --install /workspaces/foxy_ws/src/omorobot_r1_mini/build/ydlidar_ros2_driver
