[0.492s] Invoking command in '/workspaces/foxy_ws/src/gcamp_ros2_ws/build/cpp_first_pkg': CMAKE_PREFIX_PATH=${CMAKE_PREFIX_PATH}:/workspaces/foxy_ws/src/install/unity_slam_example:/workspaces/foxy_ws/src/install/ros_tcp_endpoint:/workspaces/foxy_ws/src/install/py_topic_pkg:/workspaces/foxy_ws/src/install/py_service_pkg:/workspaces/foxy_ws/src/install/py_first_pkg:/workspaces/foxy_ws/src/install/py_action_pkg:/workspaces/foxy_ws/src/install/omo_r1mini_teleop:/workspaces/foxy_ws/src/install/omo_r1mini_bringup:/opt/ros/foxy /usr/bin/cmake /workspaces/foxy_ws/src/gcamp_ros2_ws/src/gcamp_ros2_basic/cpp_first_pkg -DCMAKE_INSTALL_PREFIX=/workspaces/foxy_ws/src/gcamp_ros2_ws/install/cpp_first_pkg
[1.364s] -- Found ament_cmake: 0.9.8 (/opt/ros/foxy/share/ament_cmake/cmake)
[1.370s] -- Using PYTHON_EXECUTABLE: /usr/bin/python3
[1.380s] -- Override CMake install command with custom implementation using symlinks instead of copying resources
[1.390s] -- Found rclcpp: 2.3.1 (/opt/ros/foxy/share/rclcpp/cmake)
[1.601s] -- Using all available rosidl_typesupport_c: rosidl_typesupport_fastrtps_c;rosidl_typesupport_introspection_c
[1.606s] -- Found rosidl_adapter: 1.2.1 (/opt/ros/foxy/share/rosidl_adapter/cmake)
[3.587s] -- Using all available rosidl_typesupport_cpp: rosidl_typesupport_fastrtps_cpp;rosidl_typesupport_introspection_cpp
[3.718s] -- Found rmw_implementation_cmake: 1.0.3 (/opt/ros/foxy/share/rmw_implementation_cmake/cmake)
[3.762s] -- Using RMW implementation 'rmw_fastrtps_cpp' as default
[3.953s] -- Found ament_lint_auto: 0.9.6 (/opt/ros/foxy/share/ament_lint_auto/cmake)
[4.578s] -- Added test 'copyright' to check source files copyright and LICENSE
[4.604s] -- Added test 'cppcheck' to perform static code analysis on C / C++ code
[4.620s] -- Configured cppcheck include dirs: 
[4.641s] -- Configured cppcheck exclude dirs and/or files: 
[4.654s] -- Added test 'cpplint' to check C / C++ code against the Google style
[4.659s] -- Configured cpplint exclude dirs and/or files: 
[4.666s] -- Added test 'flake8' to check Python code syntax and style conventions
[4.702s] -- Added test 'lint_cmake' to check CMake code style
[4.708s] -- Added test 'pep257' to check Python code against some of the style conventions in PEP 257
[4.719s] -- Added test 'uncrustify' to check C / C++ code style
[4.723s] -- Configured uncrustify additional arguments: 
[4.736s] -- Added test 'xmllint' to check XML markup files
[4.793s] -- Configuring done
[5.845s] -- Generating done
[6.087s] -- Build files have been written to: /workspaces/foxy_ws/src/gcamp_ros2_ws/build/cpp_first_pkg
[6.099s] Invoked command in '/workspaces/foxy_ws/src/gcamp_ros2_ws/build/cpp_first_pkg' returned '0': CMAKE_PREFIX_PATH=${CMAKE_PREFIX_PATH}:/workspaces/foxy_ws/src/install/unity_slam_example:/workspaces/foxy_ws/src/install/ros_tcp_endpoint:/workspaces/foxy_ws/src/install/py_topic_pkg:/workspaces/foxy_ws/src/install/py_service_pkg:/workspaces/foxy_ws/src/install/py_first_pkg:/workspaces/foxy_ws/src/install/py_action_pkg:/workspaces/foxy_ws/src/install/omo_r1mini_teleop:/workspaces/foxy_ws/src/install/omo_r1mini_bringup:/opt/ros/foxy /usr/bin/cmake /workspaces/foxy_ws/src/gcamp_ros2_ws/src/gcamp_ros2_basic/cpp_first_pkg -DCMAKE_INSTALL_PREFIX=/workspaces/foxy_ws/src/gcamp_ros2_ws/install/cpp_first_pkg
[6.116s] Invoking command in '/workspaces/foxy_ws/src/gcamp_ros2_ws/build/cpp_first_pkg': CMAKE_PREFIX_PATH=${CMAKE_PREFIX_PATH}:/workspaces/foxy_ws/src/install/unity_slam_example:/workspaces/foxy_ws/src/install/ros_tcp_endpoint:/workspaces/foxy_ws/src/install/py_topic_pkg:/workspaces/foxy_ws/src/install/py_service_pkg:/workspaces/foxy_ws/src/install/py_first_pkg:/workspaces/foxy_ws/src/install/py_action_pkg:/workspaces/foxy_ws/src/install/omo_r1mini_teleop:/workspaces/foxy_ws/src/install/omo_r1mini_bringup:/opt/ros/foxy /usr/bin/cmake --build /workspaces/foxy_ws/src/gcamp_ros2_ws/build/cpp_first_pkg -- -j8 -l8
[7.133s] [ 20%] Built target lifecycle_node
[7.182s] [ 40%] Built target simple_loop_node
[7.205s] [ 60%] Built target simple_without_oop_node
[7.261s] [ 80%] Built target simple_node
[7.319s] [100%] Built target simple_oop_node
[7.508s] Invoked command in '/workspaces/foxy_ws/src/gcamp_ros2_ws/build/cpp_first_pkg' returned '0': CMAKE_PREFIX_PATH=${CMAKE_PREFIX_PATH}:/workspaces/foxy_ws/src/install/unity_slam_example:/workspaces/foxy_ws/src/install/ros_tcp_endpoint:/workspaces/foxy_ws/src/install/py_topic_pkg:/workspaces/foxy_ws/src/install/py_service_pkg:/workspaces/foxy_ws/src/install/py_first_pkg:/workspaces/foxy_ws/src/install/py_action_pkg:/workspaces/foxy_ws/src/install/omo_r1mini_teleop:/workspaces/foxy_ws/src/install/omo_r1mini_bringup:/opt/ros/foxy /usr/bin/cmake --build /workspaces/foxy_ws/src/gcamp_ros2_ws/build/cpp_first_pkg -- -j8 -l8
[8.992s] Invoking command in '/workspaces/foxy_ws/src/gcamp_ros2_ws/build/cpp_first_pkg': CMAKE_PREFIX_PATH=${CMAKE_PREFIX_PATH}:/workspaces/foxy_ws/src/install/unity_slam_example:/workspaces/foxy_ws/src/install/ros_tcp_endpoint:/workspaces/foxy_ws/src/install/py_topic_pkg:/workspaces/foxy_ws/src/install/py_service_pkg:/workspaces/foxy_ws/src/install/py_first_pkg:/workspaces/foxy_ws/src/install/py_action_pkg:/workspaces/foxy_ws/src/install/omo_r1mini_teleop:/workspaces/foxy_ws/src/install/omo_r1mini_bringup:/opt/ros/foxy /usr/bin/cmake --install /workspaces/foxy_ws/src/gcamp_ros2_ws/build/cpp_first_pkg
[9.121s] -- Install configuration: ""
[9.127s] -- Execute custom install script
[9.136s] -- Up-to-date symlink: /workspaces/foxy_ws/src/gcamp_ros2_ws/install/cpp_first_pkg/lib/cpp_first_pkg/lifecycle_node
[9.141s] -- Up-to-date symlink: /workspaces/foxy_ws/src/gcamp_ros2_ws/install/cpp_first_pkg/lib/cpp_first_pkg/simple_loop_node
[9.150s] -- Up-to-date symlink: /workspaces/foxy_ws/src/gcamp_ros2_ws/install/cpp_first_pkg/lib/cpp_first_pkg/simple_oop_node
[9.157s] -- Up-to-date symlink: /workspaces/foxy_ws/src/gcamp_ros2_ws/install/cpp_first_pkg/lib/cpp_first_pkg/simple_without_oop_node
[9.162s] -- Up-to-date symlink: /workspaces/foxy_ws/src/gcamp_ros2_ws/install/cpp_first_pkg/lib/cpp_first_pkg/simple_node
[9.171s] -- Up-to-date symlink: /workspaces/foxy_ws/src/gcamp_ros2_ws/install/cpp_first_pkg/share/ament_index/resource_index/package_run_dependencies/cpp_first_pkg
[9.176s] -- Up-to-date symlink: /workspaces/foxy_ws/src/gcamp_ros2_ws/install/cpp_first_pkg/share/ament_index/resource_index/parent_prefix_path/cpp_first_pkg
[9.188s] -- Up-to-date symlink: /workspaces/foxy_ws/src/gcamp_ros2_ws/install/cpp_first_pkg/share/cpp_first_pkg/environment/ament_prefix_path.sh
[9.212s] -- Up-to-date symlink: /workspaces/foxy_ws/src/gcamp_ros2_ws/install/cpp_first_pkg/share/cpp_first_pkg/environment/ament_prefix_path.dsv
[9.225s] -- Up-to-date symlink: /workspaces/foxy_ws/src/gcamp_ros2_ws/install/cpp_first_pkg/share/cpp_first_pkg/environment/path.sh
[9.232s] -- Up-to-date symlink: /workspaces/foxy_ws/src/gcamp_ros2_ws/install/cpp_first_pkg/share/cpp_first_pkg/environment/path.dsv
[9.235s] -- Up-to-date symlink: /workspaces/foxy_ws/src/gcamp_ros2_ws/install/cpp_first_pkg/share/cpp_first_pkg/local_setup.bash
[9.239s] -- Up-to-date symlink: /workspaces/foxy_ws/src/gcamp_ros2_ws/install/cpp_first_pkg/share/cpp_first_pkg/local_setup.sh
[9.254s] -- Up-to-date symlink: /workspaces/foxy_ws/src/gcamp_ros2_ws/install/cpp_first_pkg/share/cpp_first_pkg/local_setup.zsh
[9.265s] -- Up-to-date symlink: /workspaces/foxy_ws/src/gcamp_ros2_ws/install/cpp_first_pkg/share/cpp_first_pkg/local_setup.dsv
[9.268s] -- Symlinking: /workspaces/foxy_ws/src/gcamp_ros2_ws/install/cpp_first_pkg/share/cpp_first_pkg/package.dsv
[9.380s] -- Up-to-date symlink: /workspaces/foxy_ws/src/gcamp_ros2_ws/install/cpp_first_pkg/share/ament_index/resource_index/packages/cpp_first_pkg
[9.393s] -- Up-to-date symlink: /workspaces/foxy_ws/src/gcamp_ros2_ws/install/cpp_first_pkg/share/cpp_first_pkg/cmake/cpp_first_pkgConfig.cmake
[9.398s] -- Up-to-date symlink: /workspaces/foxy_ws/src/gcamp_ros2_ws/install/cpp_first_pkg/share/cpp_first_pkg/cmake/cpp_first_pkgConfig-version.cmake
[9.410s] -- Up-to-date symlink: /workspaces/foxy_ws/src/gcamp_ros2_ws/install/cpp_first_pkg/share/cpp_first_pkg/package.xml
[9.425s] -- Up-to-date symlink: /workspaces/foxy_ws/src/gcamp_ros2_ws/install/cpp_first_pkg/share/cpp_first_pkg//launch/simple_node.launch.py
[9.437s] Invoked command in '/workspaces/foxy_ws/src/gcamp_ros2_ws/build/cpp_first_pkg' returned '0': CMAKE_PREFIX_PATH=${CMAKE_PREFIX_PATH}:/workspaces/foxy_ws/src/install/unity_slam_example:/workspaces/foxy_ws/src/install/ros_tcp_endpoint:/workspaces/foxy_ws/src/install/py_topic_pkg:/workspaces/foxy_ws/src/install/py_service_pkg:/workspaces/foxy_ws/src/install/py_first_pkg:/workspaces/foxy_ws/src/install/py_action_pkg:/workspaces/foxy_ws/src/install/omo_r1mini_teleop:/workspaces/foxy_ws/src/install/omo_r1mini_bringup:/opt/ros/foxy /usr/bin/cmake --install /workspaces/foxy_ws/src/gcamp_ros2_ws/build/cpp_first_pkg
