[0.412s] Invoking command in '/workspaces/foxy_ws/src/gcamp_ros2_ws/build/cpp_service_pkg': AMENT_PREFIX_PATH=/workspaces/foxy_ws/src/gcamp_ros2_ws/install/custom_interfaces:${AMENT_PREFIX_PATH} CMAKE_PREFIX_PATH=/workspaces/foxy_ws/src/gcamp_ros2_ws/install/custom_interfaces:/workspaces/foxy_ws/src/install/ydlidar_sdk:/workspaces/foxy_ws/src/install/ydlidar_ros2_driver:/workspaces/foxy_ws/src/install/omo_r1mini:/workspaces/foxy_ws/src/install/omo_r1mini_navigation2:/workspaces/foxy_ws/src/install/omo_r1mini_gazebo:/workspaces/foxy_ws/src/install/omo_r1mini_description:/workspaces/foxy_ws/src/install/omo_r1mini_cartographer:/workspaces/foxy_ws/src/install/gcamp_gazebo:/workspaces/foxy_ws/src/install/cpp_service_pkg:/workspaces/foxy_ws/src/install/cpp_action_pkg:/workspaces/foxy_ws/src/install/custom_interfaces:/workspaces/foxy_ws/src/install/cpp_topic_pkg:/workspaces/foxy_ws/src/install/cpp_service_tutorial:/workspaces/foxy_ws/src/install/cpp_first_pkg:/workspaces/foxy_ws/src/install/unity_slam_example:/workspaces/foxy_ws/src/install/ros_tcp_endpoint:/workspaces/foxy_ws/src/install/py_topic_pkg:/workspaces/foxy_ws/src/install/py_service_pkg:/workspaces/foxy_ws/src/install/py_first_pkg:/workspaces/foxy_ws/src/install/py_action_pkg:/workspaces/foxy_ws/src/install/omo_r1mini_teleop:/workspaces/foxy_ws/src/install/omo_r1mini_bringup:/opt/ros/foxy LD_LIBRARY_PATH=/workspaces/foxy_ws/src/gcamp_ros2_ws/install/custom_interfaces/lib:${LD_LIBRARY_PATH} PYTHONPATH=/workspaces/foxy_ws/src/gcamp_ros2_ws/install/custom_interfaces/lib/python3.8/site-packages:${PYTHONPATH} /usr/bin/cmake /workspaces/foxy_ws/src/gcamp_ros2_ws/src/gcamp_ros2_basic/cpp_service_pkg -DCMAKE_INSTALL_PREFIX=/workspaces/foxy_ws/src/gcamp_ros2_ws/install/cpp_service_pkg
[0.556s] -- Found ament_cmake: 0.9.8 (/opt/ros/foxy/share/ament_cmake/cmake)
[0.619s] -- Using PYTHON_EXECUTABLE: /usr/bin/python3
[0.946s] -- Override CMake install command with custom implementation using symlinks instead of copying resources
[1.039s] -- Found rclcpp: 2.3.1 (/opt/ros/foxy/share/rclcpp/cmake)
[1.176s] -- Using all available rosidl_typesupport_c: rosidl_typesupport_fastrtps_c;rosidl_typesupport_introspection_c
[1.180s] -- Found rosidl_adapter: 1.2.1 (/opt/ros/foxy/share/rosidl_adapter/cmake)
[2.576s] -- Using all available rosidl_typesupport_cpp: rosidl_typesupport_fastrtps_cpp;rosidl_typesupport_introspection_cpp
[2.681s] -- Found rmw_implementation_cmake: 1.0.3 (/opt/ros/foxy/share/rmw_implementation_cmake/cmake)
[2.705s] -- Using RMW implementation 'rmw_fastrtps_cpp' as default
[2.951s] -- Found gazebo_msgs: 3.5.3 (/opt/ros/foxy/share/gazebo_msgs/cmake)
[3.427s] -- Found custom_interfaces: 0.0.0 (/workspaces/foxy_ws/src/gcamp_ros2_ws/install/custom_interfaces/share/custom_interfaces/cmake)
[3.681s] -- Found example_interfaces: 0.9.1 (/opt/ros/foxy/share/example_interfaces/cmake)
[3.811s] -- Found ament_lint_auto: 0.9.6 (/opt/ros/foxy/share/ament_lint_auto/cmake)
[4.248s] -- Added test 'copyright' to check source files copyright and LICENSE
[4.260s] -- Added test 'cppcheck' to perform static code analysis on C / C++ code
[4.263s] -- Configured cppcheck include dirs: 
[4.266s] -- Configured cppcheck exclude dirs and/or files: 
[4.269s] -- Added test 'cpplint' to check C / C++ code against the Google style
[4.273s] -- Configured cpplint exclude dirs and/or files: 
[4.278s] -- Added test 'lint_cmake' to check CMake code style
[4.281s] -- Added test 'uncrustify' to check C / C++ code style
[4.284s] -- Configured uncrustify additional arguments: 
[4.292s] -- Added test 'xmllint' to check XML markup files
[4.334s] -- Configuring done
[4.978s] -- Generating done
[5.082s] -- Build files have been written to: /workspaces/foxy_ws/src/gcamp_ros2_ws/build/cpp_service_pkg
[5.092s] Invoked command in '/workspaces/foxy_ws/src/gcamp_ros2_ws/build/cpp_service_pkg' returned '0': AMENT_PREFIX_PATH=/workspaces/foxy_ws/src/gcamp_ros2_ws/install/custom_interfaces:${AMENT_PREFIX_PATH} CMAKE_PREFIX_PATH=/workspaces/foxy_ws/src/gcamp_ros2_ws/install/custom_interfaces:/workspaces/foxy_ws/src/install/ydlidar_sdk:/workspaces/foxy_ws/src/install/ydlidar_ros2_driver:/workspaces/foxy_ws/src/install/omo_r1mini:/workspaces/foxy_ws/src/install/omo_r1mini_navigation2:/workspaces/foxy_ws/src/install/omo_r1mini_gazebo:/workspaces/foxy_ws/src/install/omo_r1mini_description:/workspaces/foxy_ws/src/install/omo_r1mini_cartographer:/workspaces/foxy_ws/src/install/gcamp_gazebo:/workspaces/foxy_ws/src/install/cpp_service_pkg:/workspaces/foxy_ws/src/install/cpp_action_pkg:/workspaces/foxy_ws/src/install/custom_interfaces:/workspaces/foxy_ws/src/install/cpp_topic_pkg:/workspaces/foxy_ws/src/install/cpp_service_tutorial:/workspaces/foxy_ws/src/install/cpp_first_pkg:/workspaces/foxy_ws/src/install/unity_slam_example:/workspaces/foxy_ws/src/install/ros_tcp_endpoint:/workspaces/foxy_ws/src/install/py_topic_pkg:/workspaces/foxy_ws/src/install/py_service_pkg:/workspaces/foxy_ws/src/install/py_first_pkg:/workspaces/foxy_ws/src/install/py_action_pkg:/workspaces/foxy_ws/src/install/omo_r1mini_teleop:/workspaces/foxy_ws/src/install/omo_r1mini_bringup:/opt/ros/foxy LD_LIBRARY_PATH=/workspaces/foxy_ws/src/gcamp_ros2_ws/install/custom_interfaces/lib:${LD_LIBRARY_PATH} PYTHONPATH=/workspaces/foxy_ws/src/gcamp_ros2_ws/install/custom_interfaces/lib/python3.8/site-packages:${PYTHONPATH} /usr/bin/cmake /workspaces/foxy_ws/src/gcamp_ros2_ws/src/gcamp_ros2_basic/cpp_service_pkg -DCMAKE_INSTALL_PREFIX=/workspaces/foxy_ws/src/gcamp_ros2_ws/install/cpp_service_pkg
[5.101s] Invoking command in '/workspaces/foxy_ws/src/gcamp_ros2_ws/build/cpp_service_pkg': AMENT_PREFIX_PATH=/workspaces/foxy_ws/src/gcamp_ros2_ws/install/custom_interfaces:${AMENT_PREFIX_PATH} CMAKE_PREFIX_PATH=/workspaces/foxy_ws/src/gcamp_ros2_ws/install/custom_interfaces:/workspaces/foxy_ws/src/install/ydlidar_sdk:/workspaces/foxy_ws/src/install/ydlidar_ros2_driver:/workspaces/foxy_ws/src/install/omo_r1mini:/workspaces/foxy_ws/src/install/omo_r1mini_navigation2:/workspaces/foxy_ws/src/install/omo_r1mini_gazebo:/workspaces/foxy_ws/src/install/omo_r1mini_description:/workspaces/foxy_ws/src/install/omo_r1mini_cartographer:/workspaces/foxy_ws/src/install/gcamp_gazebo:/workspaces/foxy_ws/src/install/cpp_service_pkg:/workspaces/foxy_ws/src/install/cpp_action_pkg:/workspaces/foxy_ws/src/install/custom_interfaces:/workspaces/foxy_ws/src/install/cpp_topic_pkg:/workspaces/foxy_ws/src/install/cpp_service_tutorial:/workspaces/foxy_ws/src/install/cpp_first_pkg:/workspaces/foxy_ws/src/install/unity_slam_example:/workspaces/foxy_ws/src/install/ros_tcp_endpoint:/workspaces/foxy_ws/src/install/py_topic_pkg:/workspaces/foxy_ws/src/install/py_service_pkg:/workspaces/foxy_ws/src/install/py_first_pkg:/workspaces/foxy_ws/src/install/py_action_pkg:/workspaces/foxy_ws/src/install/omo_r1mini_teleop:/workspaces/foxy_ws/src/install/omo_r1mini_bringup:/opt/ros/foxy LD_LIBRARY_PATH=/workspaces/foxy_ws/src/gcamp_ros2_ws/install/custom_interfaces/lib:${LD_LIBRARY_PATH} PYTHONPATH=/workspaces/foxy_ws/src/gcamp_ros2_ws/install/custom_interfaces/lib/python3.8/site-packages:${PYTHONPATH} /usr/bin/cmake --build /workspaces/foxy_ws/src/gcamp_ros2_ws/build/cpp_service_pkg -- -j8 -l8
[6.225s] [ 25%] Built target basic_client_node
[6.251s] [ 50%] Built target basic_server_node
[6.264s] [100%] Built target robot_turning_server_node
[6.273s] [100%] Built target robot_turning_client_node
[6.440s] Invoked command in '/workspaces/foxy_ws/src/gcamp_ros2_ws/build/cpp_service_pkg' returned '0': AMENT_PREFIX_PATH=/workspaces/foxy_ws/src/gcamp_ros2_ws/install/custom_interfaces:${AMENT_PREFIX_PATH} CMAKE_PREFIX_PATH=/workspaces/foxy_ws/src/gcamp_ros2_ws/install/custom_interfaces:/workspaces/foxy_ws/src/install/ydlidar_sdk:/workspaces/foxy_ws/src/install/ydlidar_ros2_driver:/workspaces/foxy_ws/src/install/omo_r1mini:/workspaces/foxy_ws/src/install/omo_r1mini_navigation2:/workspaces/foxy_ws/src/install/omo_r1mini_gazebo:/workspaces/foxy_ws/src/install/omo_r1mini_description:/workspaces/foxy_ws/src/install/omo_r1mini_cartographer:/workspaces/foxy_ws/src/install/gcamp_gazebo:/workspaces/foxy_ws/src/install/cpp_service_pkg:/workspaces/foxy_ws/src/install/cpp_action_pkg:/workspaces/foxy_ws/src/install/custom_interfaces:/workspaces/foxy_ws/src/install/cpp_topic_pkg:/workspaces/foxy_ws/src/install/cpp_service_tutorial:/workspaces/foxy_ws/src/install/cpp_first_pkg:/workspaces/foxy_ws/src/install/unity_slam_example:/workspaces/foxy_ws/src/install/ros_tcp_endpoint:/workspaces/foxy_ws/src/install/py_topic_pkg:/workspaces/foxy_ws/src/install/py_service_pkg:/workspaces/foxy_ws/src/install/py_first_pkg:/workspaces/foxy_ws/src/install/py_action_pkg:/workspaces/foxy_ws/src/install/omo_r1mini_teleop:/workspaces/foxy_ws/src/install/omo_r1mini_bringup:/opt/ros/foxy LD_LIBRARY_PATH=/workspaces/foxy_ws/src/gcamp_ros2_ws/install/custom_interfaces/lib:${LD_LIBRARY_PATH} PYTHONPATH=/workspaces/foxy_ws/src/gcamp_ros2_ws/install/custom_interfaces/lib/python3.8/site-packages:${PYTHONPATH} /usr/bin/cmake --build /workspaces/foxy_ws/src/gcamp_ros2_ws/build/cpp_service_pkg -- -j8 -l8
[6.850s] Invoking command in '/workspaces/foxy_ws/src/gcamp_ros2_ws/build/cpp_service_pkg': AMENT_PREFIX_PATH=/workspaces/foxy_ws/src/gcamp_ros2_ws/install/custom_interfaces:${AMENT_PREFIX_PATH} CMAKE_PREFIX_PATH=/workspaces/foxy_ws/src/gcamp_ros2_ws/install/custom_interfaces:/workspaces/foxy_ws/src/install/ydlidar_sdk:/workspaces/foxy_ws/src/install/ydlidar_ros2_driver:/workspaces/foxy_ws/src/install/omo_r1mini:/workspaces/foxy_ws/src/install/omo_r1mini_navigation2:/workspaces/foxy_ws/src/install/omo_r1mini_gazebo:/workspaces/foxy_ws/src/install/omo_r1mini_description:/workspaces/foxy_ws/src/install/omo_r1mini_cartographer:/workspaces/foxy_ws/src/install/gcamp_gazebo:/workspaces/foxy_ws/src/install/cpp_service_pkg:/workspaces/foxy_ws/src/install/cpp_action_pkg:/workspaces/foxy_ws/src/install/custom_interfaces:/workspaces/foxy_ws/src/install/cpp_topic_pkg:/workspaces/foxy_ws/src/install/cpp_service_tutorial:/workspaces/foxy_ws/src/install/cpp_first_pkg:/workspaces/foxy_ws/src/install/unity_slam_example:/workspaces/foxy_ws/src/install/ros_tcp_endpoint:/workspaces/foxy_ws/src/install/py_topic_pkg:/workspaces/foxy_ws/src/install/py_service_pkg:/workspaces/foxy_ws/src/install/py_first_pkg:/workspaces/foxy_ws/src/install/py_action_pkg:/workspaces/foxy_ws/src/install/omo_r1mini_teleop:/workspaces/foxy_ws/src/install/omo_r1mini_bringup:/opt/ros/foxy LD_LIBRARY_PATH=/workspaces/foxy_ws/src/gcamp_ros2_ws/install/custom_interfaces/lib:${LD_LIBRARY_PATH} PYTHONPATH=/workspaces/foxy_ws/src/gcamp_ros2_ws/install/custom_interfaces/lib/python3.8/site-packages:${PYTHONPATH} /usr/bin/cmake --install /workspaces/foxy_ws/src/gcamp_ros2_ws/build/cpp_service_pkg
[6.994s] -- Install configuration: ""
[6.999s] -- Execute custom install script
[7.005s] -- Up-to-date symlink: /workspaces/foxy_ws/src/gcamp_ros2_ws/install/cpp_service_pkg/lib/cpp_service_pkg/basic_server_node
[7.014s] -- Up-to-date symlink: /workspaces/foxy_ws/src/gcamp_ros2_ws/install/cpp_service_pkg/lib/cpp_service_pkg/basic_client_node
[7.020s] -- Up-to-date symlink: /workspaces/foxy_ws/src/gcamp_ros2_ws/install/cpp_service_pkg/lib/cpp_service_pkg/robot_turning_server_node
[7.028s] -- Up-to-date symlink: /workspaces/foxy_ws/src/gcamp_ros2_ws/install/cpp_service_pkg/lib/cpp_service_pkg/robot_turning_client_node
[7.033s] -- Up-to-date symlink: /workspaces/foxy_ws/src/gcamp_ros2_ws/install/cpp_service_pkg/share/ament_index/resource_index/package_run_dependencies/cpp_service_pkg
[7.043s] -- Up-to-date symlink: /workspaces/foxy_ws/src/gcamp_ros2_ws/install/cpp_service_pkg/share/ament_index/resource_index/parent_prefix_path/cpp_service_pkg
[7.047s] -- Up-to-date symlink: /workspaces/foxy_ws/src/gcamp_ros2_ws/install/cpp_service_pkg/share/cpp_service_pkg/environment/ament_prefix_path.sh
[7.053s] -- Up-to-date symlink: /workspaces/foxy_ws/src/gcamp_ros2_ws/install/cpp_service_pkg/share/cpp_service_pkg/environment/ament_prefix_path.dsv
[7.059s] -- Up-to-date symlink: /workspaces/foxy_ws/src/gcamp_ros2_ws/install/cpp_service_pkg/share/cpp_service_pkg/environment/path.sh
[7.064s] -- Up-to-date symlink: /workspaces/foxy_ws/src/gcamp_ros2_ws/install/cpp_service_pkg/share/cpp_service_pkg/environment/path.dsv
[7.070s] -- Up-to-date symlink: /workspaces/foxy_ws/src/gcamp_ros2_ws/install/cpp_service_pkg/share/cpp_service_pkg/local_setup.bash
[7.075s] -- Up-to-date symlink: /workspaces/foxy_ws/src/gcamp_ros2_ws/install/cpp_service_pkg/share/cpp_service_pkg/local_setup.sh
[7.085s] -- Up-to-date symlink: /workspaces/foxy_ws/src/gcamp_ros2_ws/install/cpp_service_pkg/share/cpp_service_pkg/local_setup.zsh
[7.089s] -- Up-to-date symlink: /workspaces/foxy_ws/src/gcamp_ros2_ws/install/cpp_service_pkg/share/cpp_service_pkg/local_setup.dsv
[7.093s] -- Symlinking: /workspaces/foxy_ws/src/gcamp_ros2_ws/install/cpp_service_pkg/share/cpp_service_pkg/package.dsv
[7.262s] -- Up-to-date symlink: /workspaces/foxy_ws/src/gcamp_ros2_ws/install/cpp_service_pkg/share/ament_index/resource_index/packages/cpp_service_pkg
[7.267s] -- Up-to-date symlink: /workspaces/foxy_ws/src/gcamp_ros2_ws/install/cpp_service_pkg/share/cpp_service_pkg/cmake/cpp_service_pkgConfig.cmake
[7.271s] -- Up-to-date symlink: /workspaces/foxy_ws/src/gcamp_ros2_ws/install/cpp_service_pkg/share/cpp_service_pkg/cmake/cpp_service_pkgConfig-version.cmake
[7.283s] -- Up-to-date symlink: /workspaces/foxy_ws/src/gcamp_ros2_ws/install/cpp_service_pkg/share/cpp_service_pkg/package.xml
[7.292s] Invoked command in '/workspaces/foxy_ws/src/gcamp_ros2_ws/build/cpp_service_pkg' returned '0': AMENT_PREFIX_PATH=/workspaces/foxy_ws/src/gcamp_ros2_ws/install/custom_interfaces:${AMENT_PREFIX_PATH} CMAKE_PREFIX_PATH=/workspaces/foxy_ws/src/gcamp_ros2_ws/install/custom_interfaces:/workspaces/foxy_ws/src/install/ydlidar_sdk:/workspaces/foxy_ws/src/install/ydlidar_ros2_driver:/workspaces/foxy_ws/src/install/omo_r1mini:/workspaces/foxy_ws/src/install/omo_r1mini_navigation2:/workspaces/foxy_ws/src/install/omo_r1mini_gazebo:/workspaces/foxy_ws/src/install/omo_r1mini_description:/workspaces/foxy_ws/src/install/omo_r1mini_cartographer:/workspaces/foxy_ws/src/install/gcamp_gazebo:/workspaces/foxy_ws/src/install/cpp_service_pkg:/workspaces/foxy_ws/src/install/cpp_action_pkg:/workspaces/foxy_ws/src/install/custom_interfaces:/workspaces/foxy_ws/src/install/cpp_topic_pkg:/workspaces/foxy_ws/src/install/cpp_service_tutorial:/workspaces/foxy_ws/src/install/cpp_first_pkg:/workspaces/foxy_ws/src/install/unity_slam_example:/workspaces/foxy_ws/src/install/ros_tcp_endpoint:/workspaces/foxy_ws/src/install/py_topic_pkg:/workspaces/foxy_ws/src/install/py_service_pkg:/workspaces/foxy_ws/src/install/py_first_pkg:/workspaces/foxy_ws/src/install/py_action_pkg:/workspaces/foxy_ws/src/install/omo_r1mini_teleop:/workspaces/foxy_ws/src/install/omo_r1mini_bringup:/opt/ros/foxy LD_LIBRARY_PATH=/workspaces/foxy_ws/src/gcamp_ros2_ws/install/custom_interfaces/lib:${LD_LIBRARY_PATH} PYTHONPATH=/workspaces/foxy_ws/src/gcamp_ros2_ws/install/custom_interfaces/lib/python3.8/site-packages:${PYTHONPATH} /usr/bin/cmake --install /workspaces/foxy_ws/src/gcamp_ros2_ws/build/cpp_service_pkg
