/workspaces/foxy_ws/src/gcamp_ros2_ws/install/py_service_pkg/lib/python3.8/site-packages/py_service_pkg/__init__.py
/workspaces/foxy_ws/src/gcamp_ros2_ws/install/py_service_pkg/lib/python3.8/site-packages/py_service_pkg/basic_srv_client.py
/workspaces/foxy_ws/src/gcamp_ros2_ws/install/py_service_pkg/lib/python3.8/site-packages/py_service_pkg/basic_srv_server.py
/workspaces/foxy_ws/src/gcamp_ros2_ws/install/py_service_pkg/lib/python3.8/site-packages/py_service_pkg/custom_srv_client.py
/workspaces/foxy_ws/src/gcamp_ros2_ws/install/py_service_pkg/lib/python3.8/site-packages/py_service_pkg/custom_srv_server.py
/workspaces/foxy_ws/src/gcamp_ros2_ws/install/py_service_pkg/lib/python3.8/site-packages/py_service_pkg/robot_turning_client.py
/workspaces/foxy_ws/src/gcamp_ros2_ws/install/py_service_pkg/lib/python3.8/site-packages/py_service_pkg/robot_turning_srv.py
/workspaces/foxy_ws/src/gcamp_ros2_ws/install/py_service_pkg/lib/python3.8/site-packages/py_service_pkg/spawn_model.py
/workspaces/foxy_ws/src/gcamp_ros2_ws/install/py_service_pkg/lib/python3.8/site-packages/py_service_pkg/spawn_skidbot.py
/workspaces/foxy_ws/src/gcamp_ros2_ws/install/py_service_pkg/lib/python3.8/site-packages/py_service_pkg/__pycache__/__init__.cpython-38.pyc
/workspaces/foxy_ws/src/gcamp_ros2_ws/install/py_service_pkg/lib/python3.8/site-packages/py_service_pkg/__pycache__/basic_srv_client.cpython-38.pyc
/workspaces/foxy_ws/src/gcamp_ros2_ws/install/py_service_pkg/lib/python3.8/site-packages/py_service_pkg/__pycache__/basic_srv_server.cpython-38.pyc
/workspaces/foxy_ws/src/gcamp_ros2_ws/install/py_service_pkg/lib/python3.8/site-packages/py_service_pkg/__pycache__/custom_srv_client.cpython-38.pyc
/workspaces/foxy_ws/src/gcamp_ros2_ws/install/py_service_pkg/lib/python3.8/site-packages/py_service_pkg/__pycache__/custom_srv_server.cpython-38.pyc
/workspaces/foxy_ws/src/gcamp_ros2_ws/install/py_service_pkg/lib/python3.8/site-packages/py_service_pkg/__pycache__/robot_turning_client.cpython-38.pyc
/workspaces/foxy_ws/src/gcamp_ros2_ws/install/py_service_pkg/lib/python3.8/site-packages/py_service_pkg/__pycache__/robot_turning_srv.cpython-38.pyc
/workspaces/foxy_ws/src/gcamp_ros2_ws/install/py_service_pkg/lib/python3.8/site-packages/py_service_pkg/__pycache__/spawn_model.cpython-38.pyc
/workspaces/foxy_ws/src/gcamp_ros2_ws/install/py_service_pkg/lib/python3.8/site-packages/py_service_pkg/__pycache__/spawn_skidbot.cpython-38.pyc
/workspaces/foxy_ws/src/gcamp_ros2_ws/install/py_service_pkg/share/ament_index/resource_index/packages/py_service_pkg
/workspaces/foxy_ws/src/gcamp_ros2_ws/install/py_service_pkg/share/py_service_pkg/package.xml
/workspaces/foxy_ws/src/gcamp_ros2_ws/install/py_service_pkg/lib/python3.8/site-packages/py_service_pkg-0.0.0-py3.8.egg-info/PKG-INFO
/workspaces/foxy_ws/src/gcamp_ros2_ws/install/py_service_pkg/lib/python3.8/site-packages/py_service_pkg-0.0.0-py3.8.egg-info/SOURCES.txt
/workspaces/foxy_ws/src/gcamp_ros2_ws/install/py_service_pkg/lib/python3.8/site-packages/py_service_pkg-0.0.0-py3.8.egg-info/dependency_links.txt
/workspaces/foxy_ws/src/gcamp_ros2_ws/install/py_service_pkg/lib/python3.8/site-packages/py_service_pkg-0.0.0-py3.8.egg-info/entry_points.txt
/workspaces/foxy_ws/src/gcamp_ros2_ws/install/py_service_pkg/lib/python3.8/site-packages/py_service_pkg-0.0.0-py3.8.egg-info/requires.txt
/workspaces/foxy_ws/src/gcamp_ros2_ws/install/py_service_pkg/lib/python3.8/site-packages/py_service_pkg-0.0.0-py3.8.egg-info/top_level.txt
/workspaces/foxy_ws/src/gcamp_ros2_ws/install/py_service_pkg/lib/python3.8/site-packages/py_service_pkg-0.0.0-py3.8.egg-info/zip-safe
/workspaces/foxy_ws/src/gcamp_ros2_ws/install/py_service_pkg/lib/py_service_pkg/basic_client
/workspaces/foxy_ws/src/gcamp_ros2_ws/install/py_service_pkg/lib/py_service_pkg/basic_server
/workspaces/foxy_ws/src/gcamp_ros2_ws/install/py_service_pkg/lib/py_service_pkg/custom_srv_client
/workspaces/foxy_ws/src/gcamp_ros2_ws/install/py_service_pkg/lib/py_service_pkg/custom_srv_server
/workspaces/foxy_ws/src/gcamp_ros2_ws/install/py_service_pkg/lib/py_service_pkg/gazebo_model_spawner
/workspaces/foxy_ws/src/gcamp_ros2_ws/install/py_service_pkg/lib/py_service_pkg/robot_turning_client
/workspaces/foxy_ws/src/gcamp_ros2_ws/install/py_service_pkg/lib/py_service_pkg/robot_turning_server
/workspaces/foxy_ws/src/gcamp_ros2_ws/install/py_service_pkg/lib/py_service_pkg/spawn_skidbot
