[0.124s] Invoking command in '/workspaces/foxy_ws/src/omorobot_r1_mini/src/build/omo_r1mini': AMENT_PREFIX_PATH=/workspaces/foxy_ws/src/omorobot_r1_mini/src/install/omo_r1mini_bringup:/workspaces/foxy_ws/src/omorobot_r1_mini/src/install/omo_r1mini_teleop:/workspaces/foxy_ws/src/omorobot_r1_mini/src/install/omo_r1mini_navigation2:/workspaces/foxy_ws/src/omorobot_r1_mini/src/install/omo_r1mini_description:/workspaces/foxy_ws/src/omorobot_r1_mini/src/install/omo_r1mini_cartographer:${AMENT_PREFIX_PATH} CMAKE_PREFIX_PATH=/workspaces/foxy_ws/src/omorobot_r1_mini/src/install/omo_r1mini_navigation2:/workspaces/foxy_ws/src/omorobot_r1_mini/src/install/omo_r1mini_description:/workspaces/foxy_ws/src/omorobot_r1_mini/src/install/omo_r1mini_cartographer:/opt/ros/foxy PYTHONPATH=/workspaces/foxy_ws/src/omorobot_r1_mini/src/install/omo_r1mini_bringup/lib/python3.8/site-packages:/workspaces/foxy_ws/src/omorobot_r1_mini/src/install/omo_r1mini_teleop/lib/python3.8/site-packages:${PYTHONPATH} /usr/bin/cmake --build /workspaces/foxy_ws/src/omorobot_r1_mini/src/build/omo_r1mini -- -j8 -l8
[0.215s] -- Found ament_cmake: 0.9.9 (/opt/ros/foxy/share/ament_cmake/cmake)
[0.263s] -- Using PYTHON_EXECUTABLE: /usr/bin/python3
[0.538s] -- Override CMake install command with custom implementation using symlinks instead of copying resources
[0.877s] -- Configuring done
[1.058s] -- Generating done
[1.127s] -- Build files have been written to: /workspaces/foxy_ws/src/omorobot_r1_mini/src/build/omo_r1mini
[1.178s] Invoked command in '/workspaces/foxy_ws/src/omorobot_r1_mini/src/build/omo_r1mini' returned '0': AMENT_PREFIX_PATH=/workspaces/foxy_ws/src/omorobot_r1_mini/src/install/omo_r1mini_bringup:/workspaces/foxy_ws/src/omorobot_r1_mini/src/install/omo_r1mini_teleop:/workspaces/foxy_ws/src/omorobot_r1_mini/src/install/omo_r1mini_navigation2:/workspaces/foxy_ws/src/omorobot_r1_mini/src/install/omo_r1mini_description:/workspaces/foxy_ws/src/omorobot_r1_mini/src/install/omo_r1mini_cartographer:${AMENT_PREFIX_PATH} CMAKE_PREFIX_PATH=/workspaces/foxy_ws/src/omorobot_r1_mini/src/install/omo_r1mini_navigation2:/workspaces/foxy_ws/src/omorobot_r1_mini/src/install/omo_r1mini_description:/workspaces/foxy_ws/src/omorobot_r1_mini/src/install/omo_r1mini_cartographer:/opt/ros/foxy PYTHONPATH=/workspaces/foxy_ws/src/omorobot_r1_mini/src/install/omo_r1mini_bringup/lib/python3.8/site-packages:/workspaces/foxy_ws/src/omorobot_r1_mini/src/install/omo_r1mini_teleop/lib/python3.8/site-packages:${PYTHONPATH} /usr/bin/cmake --build /workspaces/foxy_ws/src/omorobot_r1_mini/src/build/omo_r1mini -- -j8 -l8
[1.223s] Invoking command in '/workspaces/foxy_ws/src/omorobot_r1_mini/src/build/omo_r1mini': AMENT_PREFIX_PATH=/workspaces/foxy_ws/src/omorobot_r1_mini/src/install/omo_r1mini_bringup:/workspaces/foxy_ws/src/omorobot_r1_mini/src/install/omo_r1mini_teleop:/workspaces/foxy_ws/src/omorobot_r1_mini/src/install/omo_r1mini_navigation2:/workspaces/foxy_ws/src/omorobot_r1_mini/src/install/omo_r1mini_description:/workspaces/foxy_ws/src/omorobot_r1_mini/src/install/omo_r1mini_cartographer:${AMENT_PREFIX_PATH} CMAKE_PREFIX_PATH=/workspaces/foxy_ws/src/omorobot_r1_mini/src/install/omo_r1mini_navigation2:/workspaces/foxy_ws/src/omorobot_r1_mini/src/install/omo_r1mini_description:/workspaces/foxy_ws/src/omorobot_r1_mini/src/install/omo_r1mini_cartographer:/opt/ros/foxy PYTHONPATH=/workspaces/foxy_ws/src/omorobot_r1_mini/src/install/omo_r1mini_bringup/lib/python3.8/site-packages:/workspaces/foxy_ws/src/omorobot_r1_mini/src/install/omo_r1mini_teleop/lib/python3.8/site-packages:${PYTHONPATH} /usr/bin/cmake --install /workspaces/foxy_ws/src/omorobot_r1_mini/src/build/omo_r1mini
[1.235s] -- Install configuration: ""
[1.242s] -- Execute custom install script
[1.248s] -- Symlinking: /workspaces/foxy_ws/src/omorobot_r1_mini/src/install/omo_r1mini/share/ament_index/resource_index/package_run_dependencies/omo_r1mini
[1.282s] -- Symlinking: /workspaces/foxy_ws/src/omorobot_r1_mini/src/install/omo_r1mini/share/ament_index/resource_index/parent_prefix_path/omo_r1mini
[1.310s] -- Symlinking: /workspaces/foxy_ws/src/omorobot_r1_mini/src/install/omo_r1mini/share/omo_r1mini/environment/ament_prefix_path.sh
[1.340s] -- Symlinking: /workspaces/foxy_ws/src/omorobot_r1_mini/src/install/omo_r1mini/share/omo_r1mini/environment/ament_prefix_path.dsv
[1.373s] -- Symlinking: /workspaces/foxy_ws/src/omorobot_r1_mini/src/install/omo_r1mini/share/omo_r1mini/environment/path.sh
[1.397s] -- Symlinking: /workspaces/foxy_ws/src/omorobot_r1_mini/src/install/omo_r1mini/share/omo_r1mini/environment/path.dsv
[1.422s] -- Symlinking: /workspaces/foxy_ws/src/omorobot_r1_mini/src/install/omo_r1mini/share/omo_r1mini/local_setup.bash
[1.450s] -- Symlinking: /workspaces/foxy_ws/src/omorobot_r1_mini/src/install/omo_r1mini/share/omo_r1mini/local_setup.sh
[1.485s] -- Symlinking: /workspaces/foxy_ws/src/omorobot_r1_mini/src/install/omo_r1mini/share/omo_r1mini/local_setup.zsh
[1.553s] -- Symlinking: /workspaces/foxy_ws/src/omorobot_r1_mini/src/install/omo_r1mini/share/omo_r1mini/local_setup.dsv
[1.603s] -- Symlinking: /workspaces/foxy_ws/src/omorobot_r1_mini/src/install/omo_r1mini/share/omo_r1mini/package.dsv
[1.628s] -- Symlinking: /workspaces/foxy_ws/src/omorobot_r1_mini/src/install/omo_r1mini/share/ament_index/resource_index/packages/omo_r1mini
[1.667s] -- Symlinking: /workspaces/foxy_ws/src/omorobot_r1_mini/src/install/omo_r1mini/share/omo_r1mini/cmake/omo_r1miniConfig.cmake
[1.715s] -- Symlinking: /workspaces/foxy_ws/src/omorobot_r1_mini/src/install/omo_r1mini/share/omo_r1mini/cmake/omo_r1miniConfig-version.cmake
[1.742s] -- Symlinking: /workspaces/foxy_ws/src/omorobot_r1_mini/src/install/omo_r1mini/share/omo_r1mini/package.xml
[1.777s] Invoked command in '/workspaces/foxy_ws/src/omorobot_r1_mini/src/build/omo_r1mini' returned '0': AMENT_PREFIX_PATH=/workspaces/foxy_ws/src/omorobot_r1_mini/src/install/omo_r1mini_bringup:/workspaces/foxy_ws/src/omorobot_r1_mini/src/install/omo_r1mini_teleop:/workspaces/foxy_ws/src/omorobot_r1_mini/src/install/omo_r1mini_navigation2:/workspaces/foxy_ws/src/omorobot_r1_mini/src/install/omo_r1mini_description:/workspaces/foxy_ws/src/omorobot_r1_mini/src/install/omo_r1mini_cartographer:${AMENT_PREFIX_PATH} CMAKE_PREFIX_PATH=/workspaces/foxy_ws/src/omorobot_r1_mini/src/install/omo_r1mini_navigation2:/workspaces/foxy_ws/src/omorobot_r1_mini/src/install/omo_r1mini_description:/workspaces/foxy_ws/src/omorobot_r1_mini/src/install/omo_r1mini_cartographer:/opt/ros/foxy PYTHONPATH=/workspaces/foxy_ws/src/omorobot_r1_mini/src/install/omo_r1mini_bringup/lib/python3.8/site-packages:/workspaces/foxy_ws/src/omorobot_r1_mini/src/install/omo_r1mini_teleop/lib/python3.8/site-packages:${PYTHONPATH} /usr/bin/cmake --install /workspaces/foxy_ws/src/omorobot_r1_mini/src/build/omo_r1mini
