[0.629s] Invoking command in '/workspaces/foxy_ws/src/omorobot_r1_mini/src/build/ydlidar_sdk': /usr/bin/cmake /workspaces/foxy_ws/src/omorobot_r1_mini/src/YDLidar-SDK -DCMAKE_INSTALL_PREFIX=/workspaces/foxy_ws/src/omorobot_r1_mini/src/install/ydlidar_sdk
[1.123s] -- The C compiler identification is GNU 9.3.0
[1.515s] -- The CXX compiler identification is GNU 9.3.0
[1.575s] -- Check for working C compiler: /usr/bin/cc
[2.269s] -- Check for working C compiler: /usr/bin/cc -- works
[2.274s] -- Detecting C compiler ABI info
[3.158s] -- Detecting C compiler ABI info - done
[3.188s] -- Detecting C compile features
[3.194s] -- Detecting C compile features - done
[3.231s] -- Check for working CXX compiler: /usr/bin/c++
[4.025s] -- Check for working CXX compiler: /usr/bin/c++ -- works
[4.033s] -- Detecting CXX compiler ABI info
[5.830s] -- Detecting CXX compiler ABI info - done
[5.866s] -- Detecting CXX compile features
[5.868s] -- Detecting CXX compile features - done
[5.917s] CMake Deprecation Warning at CMakeLists.txt:44 (cmake_policy):
[5.923s]   The OLD behavior for policy CMP0053 will be removed from a future version
[5.928s]   of CMake.
[5.938s] 
[5.946s]   The cmake-policies(7) manual explains that the OLD behaviors of all
[5.950s]   policies are deprecated and that a policy should be set to OLD only under
[5.959s]   specific short-term circumstances.  Projects should be ported to the NEW
[5.964s]   behavior and not rely on setting a policy to OLD.
[5.970s] 
[5.979s] 
[5.983s] CMake Deprecation Warning at CMakeLists.txt:47 (cmake_policy):
[5.992s]   The OLD behavior for policy CMP0037 will be removed from a future version
[6.001s]   of CMake.
[6.010s] 
[6.016s]   The cmake-policies(7) manual explains that the OLD behaviors of all
[6.022s]   policies are deprecated and that a policy should be set to OLD only under
[6.027s]   specific short-term circumstances.  Projects should be ported to the NEW
[6.035s]   behavior and not rely on setting a policy to OLD.
[6.042s] 
[6.052s] 
[6.062s] CMake Deprecation Warning at CMakeLists.txt:50 (cmake_policy):
[6.069s]   The OLD behavior for policy CMP0043 will be removed from a future version
[6.074s]   of CMake.
[6.081s] 
[6.085s]   The cmake-policies(7) manual explains that the OLD behaviors of all
[6.094s]   policies are deprecated and that a policy should be set to OLD only under
[6.105s]   specific short-term circumstances.  Projects should be ported to the NEW
[6.109s]   behavior and not rely on setting a policy to OLD.
[6.115s] 
[6.120s] 
[6.123s] -- Could NOT find SWIG (missing: SWIG_EXECUTABLE SWIG_DIR) 
[6.131s] -- Found PythonInterp: /usr/local/bin/python (found version "3.8.10") 
[6.138s] -- Found PythonLibs: /usr/lib/x86_64-linux-gnu/libpython3.8.so (found version "3.8.10") 
[6.143s] -- Found GTest: /usr/lib/x86_64-linux-gnu/libgtest.a  
[9.542s] -- build test is ON.....
[9.559s] CMake Deprecation Warning at cmake/install_package.cmake:101 (cmake_policy):
[9.562s]   The OLD behavior for policy CMP0026 will be removed from a future version
[9.570s]   of CMake.
[9.574s] 
[9.576s]   The cmake-policies(7) manual explains that the OLD behaviors of all
[9.587s]   policies are deprecated and that a policy should be set to OLD only under
[9.590s]   specific short-term circumstances.  Projects should be ported to the NEW
[9.596s]   behavior and not rely on setting a policy to OLD.
[9.601s] Call Stack (most recent call first):
[9.607s]   CMakeLists.txt:161 (install_package)
[9.615s] 
[9.620s] 
[9.680s] CMake Warning (dev) at cmake/install_package.cmake:191 (install):
[9.690s]   Policy CMP0062 is not set: Disallow install() of export() result.  Run
[9.698s]   "cmake --help-policy CMP0062" for policy details.  Use the cmake_policy
[9.705s]   command to set the policy and suppress this warning.
[9.714s] 
[9.717s]   The file
[9.719s] 
[9.726s]     /workspaces/foxy_ws/src/omorobot_r1_mini/src/build/ydlidar_sdk/ydlidar_sdkTargets.cmake
[9.730s] 
[9.732s]   was generated by the export() command.  It should not be installed with the
[9.736s]   install() command.  Use the install(EXPORT) mechanism instead.  See the
[9.742s]   cmake-packages(7) manual for more.
[9.746s] 
[9.751s] Call Stack (most recent call first):
[9.763s]   CMakeLists.txt:161 (install_package)
[9.774s] This warning is for project developers.  Use -Wno-dev to suppress it.
[9.782s] 
[9.928s] -- 
[9.934s] -- +===========================================================================+
[9.939s] -- |         Resulting configuration for                             |
[9.943s] -- +===========================================================================+
[9.946s] --  _________________________ PLATFORM _____________________________
[9.952s] --  Host                        : Linux5.10.25-linuxkitx86_64
[9.958s] --  Is the system big endian?   :  No 
[9.964s] --  Word size (32/64 bit)       : 64
[9.967s] --  CMake version               : 3.16.3
[9.973s] --  CMake generator             : Unix Makefiles
[9.976s] --  CMake build tool            : /usr/bin/make
[9.987s] --  Compiler                    : GNU
[9.990s] --  Configuration               : 
[9.995s] -- 
[10.000s] --  __________________________ OPTIONS _____________________________
[10.008s] --  Build YDLidar-SDK as a shared library?　　 :  No 
[10.016s] --  Build Examples?　　　　　　　　　　　　　　 : Yes 
[10.019s] --  Build C Sharp API?　　　　　　　　　　　　 :  No 
[10.023s] --  Build TEST?  			　　　 : Yes 
[10.026s] -- 
[10.030s] --  _________________________ INSTALL _____________________
[10.036s] --  Install prefix                    : /workspaces/foxy_ws/src/omorobot_r1_mini/src/install/ydlidar_sdk
[10.041s] -- 
[10.045s] --  _______________________ WRAPPERS/BINDINGS ______________________
[10.049s] --  Python bindings (pyydlidar)   :  No 
[10.053s] --   - dep: Swig found?       :  No [Version: ]
[10.058s] --   - dep: PythonLibs found?  : Yes [Version: 3.8.10]
[10.064s] -- 
[10.067s] -- Configuring done
[11.448s] -- Generating done
[11.700s] -- Build files have been written to: /workspaces/foxy_ws/src/omorobot_r1_mini/src/build/ydlidar_sdk
[11.711s] Invoked command in '/workspaces/foxy_ws/src/omorobot_r1_mini/src/build/ydlidar_sdk' returned '0': /usr/bin/cmake /workspaces/foxy_ws/src/omorobot_r1_mini/src/YDLidar-SDK -DCMAKE_INSTALL_PREFIX=/workspaces/foxy_ws/src/omorobot_r1_mini/src/install/ydlidar_sdk
[11.718s] Invoking command in '/workspaces/foxy_ws/src/omorobot_r1_mini/src/build/ydlidar_sdk': /usr/bin/cmake --build /workspaces/foxy_ws/src/omorobot_r1_mini/src/build/ydlidar_sdk -- -j8 -l8
[11.868s] [35m[1mScanning dependencies of target ydlidar_sdk[0m
[15.872s] [ 16%] [32mBuilding CXX object CMakeFiles/ydlidar_sdk.dir/core/network/PassiveSocket.cpp.o[0m
[15.883s] [ 16%] [32mBuilding CXX object CMakeFiles/ydlidar_sdk.dir/core/common/ydlidar_def.cpp.o[0m
[15.890s] [ 16%] [32mBuilding CXX object CMakeFiles/ydlidar_sdk.dir/core/base/timer.cpp.o[0m
[15.896s] [ 16%] [32mBuilding CXX object CMakeFiles/ydlidar_sdk.dir/core/network/ActiveSocket.cpp.o[0m
[15.904s] [ 33%] [32mBuilding CXX object CMakeFiles/ydlidar_sdk.dir/core/network/SimpleSocket.cpp.o[0m
[15.917s] [ 33%] [32mBuilding CXX object CMakeFiles/ydlidar_sdk.dir/core/serial/impl/unix/list_ports_linux.cpp.o[0m
[15.928s] [ 33%] [32mBuilding CXX object CMakeFiles/ydlidar_sdk.dir/core/serial/serial.cpp.o[0m
[15.949s] [ 33%] [32mBuilding C object CMakeFiles/ydlidar_sdk.dir/core/serial/impl/unix/lock.c.o[0m
[16.570s] [ 37%] [32mBuilding CXX object CMakeFiles/ydlidar_sdk.dir/core/serial/impl/unix/unix_serial.cpp.o[0m
[17.546s] [ 41%] [32mBuilding CXX object CMakeFiles/ydlidar_sdk.dir/src/CYdLidar.cpp.o[0m
[18.196s] [ 45%] [32mBuilding CXX object CMakeFiles/ydlidar_sdk.dir/src/ETLidarDriver.cpp.o[0m
[19.356s] [ 50%] [32mBuilding CXX object CMakeFiles/ydlidar_sdk.dir/src/ydlidar_driver.cpp.o[0m
[19.375s] [ 54%] [32mBuilding CXX object CMakeFiles/ydlidar_sdk.dir/src/ydlidar_sdk.cpp.o[0m
[22.371s] [ 58%] [32m[1mLinking CXX static library libydlidar_sdk.a[0m
[22.845s] [ 58%] Built target ydlidar_sdk
[22.891s] [35m[1mScanning dependencies of target lidar_c_api_test[0m
[22.902s] [35m[1mScanning dependencies of target tof_test[0m
[22.909s] [35m[1mScanning dependencies of target etlidar_test[0m
[22.912s] [35m[1mScanning dependencies of target lidar_test[0m
[22.918s] [35m[1mScanning dependencies of target ydlidar_test[0m
[23.103s] [ 62%] [32mBuilding C object samples/CMakeFiles/lidar_c_api_test.dir/lidar_c_api_test.c.o[0m
[23.119s] [01m[Kcc1:[m[K [01;35m[Kwarning: [m[Kcommand line option ‘[01m[K-std=c++11[m[K’ is valid for C++/ObjC++ but not for C
[23.479s] [ 75%] [32mBuilding CXX object samples/CMakeFiles/tof_test.dir/tof_test.cpp.o[0m
[23.483s] [ 75%] [32mBuilding CXX object samples/CMakeFiles/etlidar_test.dir/etlidar_test.cpp.o[0m
[23.494s] [ 75%] [32mBuilding CXX object samples/CMakeFiles/ydlidar_test.dir/ydlidar_test.cpp.o[0m
[23.533s] [ 79%] [32mBuilding CXX object test/CMakeFiles/lidar_test.dir/lidar_test.cpp.o[0m
[23.654s] [01m[K/workspaces/foxy_ws/src/omorobot_r1_mini/src/YDLidar-SDK/samples/lidar_c_api_test.c:[m[K In function ‘[01m[Kmain[m[K’:
[23.663s] [01m[K/workspaces/foxy_ws/src/omorobot_r1_mini/src/YDLidar-SDK/samples/lidar_c_api_test.c:102:47:[m[K [01;35m[Kwarning: [m[Kformat ‘[01m[K%llu[m[K’ expects argument of type ‘[01m[Klong long unsigned int[m[K’, but argument 3 has type ‘[01m[Kuint64_t[m[K’ {aka ‘[01m[Klong unsigned int[m[K’} [[01;35m[K-Wformat=[m[K]
[23.671s]   102 |             fprintf(stdout, "Scan received[[01;35m[K%llu[m[K]: %u ranges is [%f]Hz\n",
[23.675s]       |                                            [01;35m[K~~~^[m[K
[23.683s]       |                                               [01;35m[K|[m[K
[23.688s]       |                                               [01;35m[Klong long unsigned int[m[K
[23.695s]       |                                            [32m[K%lu[m[K
[23.705s]   103 |                     [32m[Kscan.stamp[m[K,
[23.712s]       |                     [32m[K~~~~~~~~~~[m[K                 
[23.723s]       |                         [32m[K|[m[K
[23.729s]       |                         [32m[Kuint64_t {aka long unsigned int}[m[K
[23.756s] [ 83%] [32m[1mLinking CXX executable ../lidar_c_api_test[0m
[25.709s] [01m[K/workspaces/foxy_ws/src/omorobot_r1_mini/src/YDLidar-SDK/samples/etlidar_test.cpp:[m[K In function ‘[01m[Kint main(int, char**)[m[K’:
[25.719s] [01m[K/workspaces/foxy_ws/src/omorobot_r1_mini/src/YDLidar-SDK/samples/etlidar_test.cpp:178:41:[m[K [01;35m[Kwarning: [m[Kformat ‘[01m[K%llu[m[K’ expects argument of type ‘[01m[Klong long unsigned int[m[K’, but argument 3 has type ‘[01m[Kuint64_t[m[K’ {aka ‘[01m[Klong unsigned int[m[K’} [[01;35m[K-Wformat=[m[K]
[25.729s]   178 |       fprintf(stdout, "Scan received[[01;35m[K%llu[m[K]: %u ranges is [%f]Hz\n",
[25.737s]       |                                      [01;35m[K~~~^[m[K
[25.740s]       |                                         [01;35m[K|[m[K
[25.743s]       |                                         [01;35m[Klong long unsigned int[m[K
[25.748s]       |                                      [32m[K%lu[m[K
[25.762s]   179 |               [32m[Kscan.stamp[m[K,
[25.770s]       |               [32m[K~~~~~~~~~~[m[K                 
[25.774s]       |                    [32m[K|[m[K
[25.784s]       |                    [32m[Kuint64_t {aka long unsigned int}[m[K
[25.788s] [01m[K/workspaces/foxy_ws/src/omorobot_r1_mini/src/YDLidar-SDK/samples/ydlidar_test.cpp:[m[K In function ‘[01m[Kint main(int, char**)[m[K’:
[25.792s] [01m[K/workspaces/foxy_ws/src/omorobot_r1_mini/src/YDLidar-SDK/samples/ydlidar_test.cpp:262:41:[m[K [01;35m[Kwarning: [m[Kformat ‘[01m[K%llu[m[K’ expects argument of type ‘[01m[Klong long unsigned int[m[K’, but argument 3 has type ‘[01m[Kuint64_t[m[K’ {aka ‘[01m[Klong unsigned int[m[K’} [[01;35m[K-Wformat=[m[K]
[25.798s]   262 |       fprintf(stdout, "Scan received[[01;35m[K%llu[m[K]: %u ranges is [%f]Hz\n",
[25.809s]       |                                      [01;35m[K~~~^[m[K
[25.815s]       |                                         [01;35m[K|[m[K
[25.825s]       |                                         [01;35m[Klong long unsigned int[m[K
[25.834s]       |                                      [32m[K%lu[m[K
[25.844s]   263 |               [32m[Kscan.stamp[m[K,
[25.849s]       |               [32m[K~~~~~~~~~~[m[K                 
[25.853s]       |                    [32m[K|[m[K
[25.864s]       |                    [32m[Kuint64_t {aka long unsigned int}[m[K
[25.868s] [01m[K/workspaces/foxy_ws/src/omorobot_r1_mini/src/YDLidar-SDK/samples/tof_test.cpp:[m[K In function ‘[01m[Kint main(int, char**)[m[K’:
[25.878s] [01m[K/workspaces/foxy_ws/src/omorobot_r1_mini/src/YDLidar-SDK/samples/tof_test.cpp:259:41:[m[K [01;35m[Kwarning: [m[Kformat ‘[01m[K%llu[m[K’ expects argument of type ‘[01m[Klong long unsigned int[m[K’, but argument 3 has type ‘[01m[Kuint64_t[m[K’ {aka ‘[01m[Klong unsigned int[m[K’} [[01;35m[K-Wformat=[m[K]
[25.882s]   259 |       fprintf(stdout, "Scan received[[01;35m[K%llu[m[K]: %u ranges is [%f]Hz\n",
[25.898s]       |                                      [01;35m[K~~~^[m[K
[25.902s]       |                                         [01;35m[K|[m[K
[25.912s]       |                                         [01;35m[Klong long unsigned int[m[K
[25.918s]       |                                      [32m[K%lu[m[K
[25.929s]   260 |               [32m[Kscan.stamp[m[K,
[25.935s]       |               [32m[K~~~~~~~~~~[m[K                 
[25.948s]       |                    [32m[K|[m[K
[25.961s]       |                    [32m[Kuint64_t {aka long unsigned int}[m[K
[25.971s] [ 87%] [32m[1mLinking CXX executable ../etlidar_test[0m
[26.409s] [ 91%] [32m[1mLinking CXX executable ../ydlidar_test[0m
[26.487s] [ 95%] [32m[1mLinking CXX executable ../tof_test[0m
[26.507s] [ 95%] Built target lidar_c_api_test
[27.031s] [100%] [32m[1mLinking CXX executable lidar_test[0m
[28.499s] [100%] Built target etlidar_test
[28.901s] [100%] Built target ydlidar_test
[28.975s] [100%] Built target tof_test
[31.461s] [100%] Built target lidar_test
[31.529s] Invoked command in '/workspaces/foxy_ws/src/omorobot_r1_mini/src/build/ydlidar_sdk' returned '0': /usr/bin/cmake --build /workspaces/foxy_ws/src/omorobot_r1_mini/src/build/ydlidar_sdk -- -j8 -l8
[31.625s] Invoking command in '/workspaces/foxy_ws/src/omorobot_r1_mini/src/build/ydlidar_sdk': /usr/bin/cmake --install /workspaces/foxy_ws/src/omorobot_r1_mini/src/build/ydlidar_sdk
[31.640s] -- Install configuration: ""
[31.658s] -- Installing: /workspaces/foxy_ws/src/omorobot_r1_mini/src/install/ydlidar_sdk/include/core/base/datatype.h
[31.675s] -- Installing: /workspaces/foxy_ws/src/omorobot_r1_mini/src/install/ydlidar_sdk/include/core/base/locker.h
[31.697s] -- Installing: /workspaces/foxy_ws/src/omorobot_r1_mini/src/install/ydlidar_sdk/include/core/base/thread.h
[31.717s] -- Installing: /workspaces/foxy_ws/src/omorobot_r1_mini/src/install/ydlidar_sdk/include/core/base/timer.h
[31.739s] -- Installing: /workspaces/foxy_ws/src/omorobot_r1_mini/src/install/ydlidar_sdk/include/core/base/typedef.h
[31.760s] -- Installing: /workspaces/foxy_ws/src/omorobot_r1_mini/src/install/ydlidar_sdk/include/core/base/utils.h
[31.783s] -- Installing: /workspaces/foxy_ws/src/omorobot_r1_mini/src/install/ydlidar_sdk/include/core/base/v8stdint.h
[31.809s] -- Installing: /workspaces/foxy_ws/src/omorobot_r1_mini/src/install/ydlidar_sdk/include/core/base/ydlidar.h
[31.832s] -- Installing: /workspaces/foxy_ws/src/omorobot_r1_mini/src/install/ydlidar_sdk/include/core/common/ChannelDevice.h
[31.854s] -- Installing: /workspaces/foxy_ws/src/omorobot_r1_mini/src/install/ydlidar_sdk/include/core/common/DriverInterface.h
[31.880s] -- Installing: /workspaces/foxy_ws/src/omorobot_r1_mini/src/install/ydlidar_sdk/include/core/common/ydlidar_datatype.h
[31.903s] -- Installing: /workspaces/foxy_ws/src/omorobot_r1_mini/src/install/ydlidar_sdk/include/core/common/ydlidar_def.h
[31.927s] -- Installing: /workspaces/foxy_ws/src/omorobot_r1_mini/src/install/ydlidar_sdk/include/core/common/ydlidar_help.h
[31.948s] -- Installing: /workspaces/foxy_ws/src/omorobot_r1_mini/src/install/ydlidar_sdk/include/core/common/ydlidar_protocol.h
[31.975s] -- Installing: /workspaces/foxy_ws/src/omorobot_r1_mini/src/install/ydlidar_sdk/include/core/math/angles.h
[32.005s] -- Installing: /workspaces/foxy_ws/src/omorobot_r1_mini/src/install/ydlidar_sdk/include/core/network/ActiveSocket.h
[32.027s] -- Installing: /workspaces/foxy_ws/src/omorobot_r1_mini/src/install/ydlidar_sdk/include/core/network/PassiveSocket.h
[32.051s] -- Installing: /workspaces/foxy_ws/src/omorobot_r1_mini/src/install/ydlidar_sdk/include/core/network/SimpleSocket.h
[32.074s] -- Installing: /workspaces/foxy_ws/src/omorobot_r1_mini/src/install/ydlidar_sdk/include/core/network/StatTimer.h
[32.098s] -- Installing: /workspaces/foxy_ws/src/omorobot_r1_mini/src/install/ydlidar_sdk/include/core/serial/common.h
[32.123s] -- Installing: /workspaces/foxy_ws/src/omorobot_r1_mini/src/install/ydlidar_sdk/include/core/serial/serial.h
[32.156s] -- Installing: /workspaces/foxy_ws/src/omorobot_r1_mini/src/install/ydlidar_sdk/include/core/serial/impl/unix/lock.h
[32.184s] -- Installing: /workspaces/foxy_ws/src/omorobot_r1_mini/src/install/ydlidar_sdk/include/core/serial/impl/unix/unix.h
[32.210s] -- Installing: /workspaces/foxy_ws/src/omorobot_r1_mini/src/install/ydlidar_sdk/include/core/serial/impl/unix/unix_serial.h
[32.236s] -- Installing: /workspaces/foxy_ws/src/omorobot_r1_mini/src/install/ydlidar_sdk/include/src/CYdLidar.h
[32.265s] -- Installing: /workspaces/foxy_ws/src/omorobot_r1_mini/src/install/ydlidar_sdk/include/src/ETLidarDriver.h
[32.288s] -- Installing: /workspaces/foxy_ws/src/omorobot_r1_mini/src/install/ydlidar_sdk/include/src/ydlidar_driver.h
[32.321s] -- Installing: /workspaces/foxy_ws/src/omorobot_r1_mini/src/install/ydlidar_sdk/include/src/ydlidar_sdk.h
[32.342s] -- Installing: /workspaces/foxy_ws/src/omorobot_r1_mini/src/install/ydlidar_sdk/include/ydlidar_config.h
[32.368s] -- Installing: /workspaces/foxy_ws/src/omorobot_r1_mini/src/install/ydlidar_sdk/lib/libydlidar_sdk.a
[32.595s] -- Installing: /workspaces/foxy_ws/src/omorobot_r1_mini/src/install/ydlidar_sdk/lib/pkgconfig/YDLIDAR_SDK.pc
[32.628s] -- Installing: /workspaces/foxy_ws/src/omorobot_r1_mini/src/install/ydlidar_sdk/lib/cmake/ydlidar_sdk/ydlidar_sdkConfig.cmake
[32.649s] -- Installing: /workspaces/foxy_ws/src/omorobot_r1_mini/src/install/ydlidar_sdk/lib/cmake/ydlidar_sdk/ydlidar_sdkTargets.cmake
[32.670s] -- Installing: /workspaces/foxy_ws/src/omorobot_r1_mini/src/install/ydlidar_sdk/lib/cmake/ydlidar_sdk/ydlidar_sdkConfigVersion.cmake
[32.709s] -- Installing: /workspaces/foxy_ws/src/omorobot_r1_mini/src/install/ydlidar_sdk/share/YDLIDAR_SDK/FindYDLIDAR_SDK.cmake
[32.742s] -- Up-to-date: /workspaces/foxy_ws/src/omorobot_r1_mini/src/install/ydlidar_sdk/share/YDLIDAR_SDK
[32.749s] -- Installing: /workspaces/foxy_ws/src/omorobot_r1_mini/src/install/ydlidar_sdk/share/YDLIDAR_SDK/FindPackage.cmake.in
[32.772s] -- Installing: /workspaces/foxy_ws/src/omorobot_r1_mini/src/install/ydlidar_sdk/share/YDLIDAR_SDK/PackageConfig.cmake.in
[32.792s] -- Installing: /workspaces/foxy_ws/src/omorobot_r1_mini/src/install/ydlidar_sdk/share/YDLIDAR_SDK/PackageConfigVersion.cmake.in
[32.820s] -- Installing: /workspaces/foxy_ws/src/omorobot_r1_mini/src/install/ydlidar_sdk/share/YDLIDAR_SDK/PkgConfig.pc.in
[32.845s] -- Installing: /workspaces/foxy_ws/src/omorobot_r1_mini/src/install/ydlidar_sdk/share/YDLIDAR_SDK/cmake_uninstall.cmake.in
[32.868s] -- Installing: /workspaces/foxy_ws/src/omorobot_r1_mini/src/install/ydlidar_sdk/share/YDLIDAR_SDK/common
[32.879s] -- Installing: /workspaces/foxy_ws/src/omorobot_r1_mini/src/install/ydlidar_sdk/share/YDLIDAR_SDK/common/ydlidar_base.cmake
[32.909s] -- Installing: /workspaces/foxy_ws/src/omorobot_r1_mini/src/install/ydlidar_sdk/share/YDLIDAR_SDK/common/ydlidar_parse.cmake
[32.934s] -- Installing: /workspaces/foxy_ws/src/omorobot_r1_mini/src/install/ydlidar_sdk/share/YDLIDAR_SDK/install_package.cmake
[32.953s] -- Installing: /workspaces/foxy_ws/src/omorobot_r1_mini/src/install/ydlidar_sdk/share/YDLIDAR_SDK/script_show_final_summary.cmake
[32.975s] -- Installing: /workspaces/foxy_ws/src/omorobot_r1_mini/src/install/ydlidar_sdk/share/YDLIDAR_SDK/LICENSE.txt
[33.000s] -- Installing: /workspaces/foxy_ws/src/omorobot_r1_mini/src/install/ydlidar_sdk/share/YDLIDAR_SDK/README.md
[33.027s] -- Installing: /workspaces/foxy_ws/src/omorobot_r1_mini/src/install/ydlidar_sdk/share/YDLIDAR_SDK/doc
[33.034s] -- Installing: /workspaces/foxy_ws/src/omorobot_r1_mini/src/install/ydlidar_sdk/share/YDLIDAR_SDK/doc/Dataset.md
[33.054s] -- Installing: /workspaces/foxy_ws/src/omorobot_r1_mini/src/install/ydlidar_sdk/share/YDLIDAR_SDK/doc/Diagram.md
[33.073s] -- Installing: /workspaces/foxy_ws/src/omorobot_r1_mini/src/install/ydlidar_sdk/share/YDLIDAR_SDK/doc/FAQs
[33.082s] -- Installing: /workspaces/foxy_ws/src/omorobot_r1_mini/src/install/ydlidar_sdk/share/YDLIDAR_SDK/doc/FAQs/General_FAQs.md
[33.106s] -- Installing: /workspaces/foxy_ws/src/omorobot_r1_mini/src/install/ydlidar_sdk/share/YDLIDAR_SDK/doc/FAQs/General_FAQs_cn.md
[33.129s] -- Installing: /workspaces/foxy_ws/src/omorobot_r1_mini/src/install/ydlidar_sdk/share/YDLIDAR_SDK/doc/FAQs/Hardware_FAQs.md
[33.148s] -- Installing: /workspaces/foxy_ws/src/omorobot_r1_mini/src/install/ydlidar_sdk/share/YDLIDAR_SDK/doc/FAQs/Hardware_FAQs_cn.md
[33.167s] -- Installing: /workspaces/foxy_ws/src/omorobot_r1_mini/src/install/ydlidar_sdk/share/YDLIDAR_SDK/doc/FAQs/README.md
[33.189s] -- Installing: /workspaces/foxy_ws/src/omorobot_r1_mini/src/install/ydlidar_sdk/share/YDLIDAR_SDK/doc/FAQs/Software_FAQs.md
[33.211s] -- Installing: /workspaces/foxy_ws/src/omorobot_r1_mini/src/install/ydlidar_sdk/share/YDLIDAR_SDK/doc/FAQs/Software_FAQs_cn.md
[33.238s] -- Installing: /workspaces/foxy_ws/src/omorobot_r1_mini/src/install/ydlidar_sdk/share/YDLIDAR_SDK/doc/README.md
[33.259s] -- Installing: /workspaces/foxy_ws/src/omorobot_r1_mini/src/install/ydlidar_sdk/share/YDLIDAR_SDK/doc/SDK.pdf
[33.674s] -- Installing: /workspaces/foxy_ws/src/omorobot_r1_mini/src/install/ydlidar_sdk/share/YDLIDAR_SDK/doc/Tutorials.md
[33.700s] -- Installing: /workspaces/foxy_ws/src/omorobot_r1_mini/src/install/ydlidar_sdk/share/YDLIDAR_SDK/doc/YDLIDAR_SDK_API_for_Developers.md
[33.738s] -- Installing: /workspaces/foxy_ws/src/omorobot_r1_mini/src/install/ydlidar_sdk/share/YDLIDAR_SDK/doc/YDLidar-SDK-Communication-Protocol.html
[33.781s] -- Installing: /workspaces/foxy_ws/src/omorobot_r1_mini/src/install/ydlidar_sdk/share/YDLIDAR_SDK/doc/YDLidar-SDK-Communication-Protocol.md
[33.810s] -- Installing: /workspaces/foxy_ws/src/omorobot_r1_mini/src/install/ydlidar_sdk/share/YDLIDAR_SDK/doc/YDLidar-SDK-Communication-Protocol.pdf
[33.916s] -- Installing: /workspaces/foxy_ws/src/omorobot_r1_mini/src/install/ydlidar_sdk/share/YDLIDAR_SDK/doc/YDLidar_SDK_Communication_Protocol.pdf
[34.067s] -- Installing: /workspaces/foxy_ws/src/omorobot_r1_mini/src/install/ydlidar_sdk/share/YDLIDAR_SDK/doc/howto
[34.075s] -- Installing: /workspaces/foxy_ws/src/omorobot_r1_mini/src/install/ydlidar_sdk/share/YDLIDAR_SDK/doc/howto/README.md
[34.101s] -- Installing: /workspaces/foxy_ws/src/omorobot_r1_mini/src/install/ydlidar_sdk/share/YDLIDAR_SDK/doc/howto/how_to_build_and_debug_using_vscode.md
[34.129s] -- Installing: /workspaces/foxy_ws/src/omorobot_r1_mini/src/install/ydlidar_sdk/share/YDLIDAR_SDK/doc/howto/how_to_build_and_install.md
[34.152s] -- Installing: /workspaces/foxy_ws/src/omorobot_r1_mini/src/install/ydlidar_sdk/share/YDLIDAR_SDK/doc/howto/how_to_create_a_csharp_project.md
[34.181s] -- Installing: /workspaces/foxy_ws/src/omorobot_r1_mini/src/install/ydlidar_sdk/share/YDLIDAR_SDK/doc/howto/how_to_create_a_pull.md
[34.232s] -- Installing: /workspaces/foxy_ws/src/omorobot_r1_mini/src/install/ydlidar_sdk/share/YDLIDAR_SDK/doc/howto/how_to_create_a_udev_rules.md
[34.251s] -- Installing: /workspaces/foxy_ws/src/omorobot_r1_mini/src/install/ydlidar_sdk/share/YDLIDAR_SDK/doc/howto/how_to_gerenrate_vs_project_by_cmake.md
[34.273s] -- Installing: /workspaces/foxy_ws/src/omorobot_r1_mini/src/install/ydlidar_sdk/share/YDLIDAR_SDK/doc/howto/how_to_solve_slow_pull_from_cn.md
[34.294s] -- Installing: /workspaces/foxy_ws/src/omorobot_r1_mini/src/install/ydlidar_sdk/share/YDLIDAR_SDK/doc/howto/images
[34.303s] -- Installing: /workspaces/foxy_ws/src/omorobot_r1_mini/src/install/ydlidar_sdk/share/YDLIDAR_SDK/doc/howto/images/cpack.png
[34.339s] -- Installing: /workspaces/foxy_ws/src/omorobot_r1_mini/src/install/ydlidar_sdk/share/YDLIDAR_SDK/doc/howto/images/csharp_build.png
[34.369s] -- Installing: /workspaces/foxy_ws/src/omorobot_r1_mini/src/install/ydlidar_sdk/share/YDLIDAR_SDK/doc/howto/images/csharp_exception.png
[34.413s] -- Installing: /workspaces/foxy_ws/src/omorobot_r1_mini/src/install/ydlidar_sdk/share/YDLIDAR_SDK/doc/howto/images/csharp_library.png
[34.449s] -- Installing: /workspaces/foxy_ws/src/omorobot_r1_mini/src/install/ydlidar_sdk/share/YDLIDAR_SDK/doc/howto/images/csharp_project.png
[34.494s] -- Installing: /workspaces/foxy_ws/src/omorobot_r1_mini/src/install/ydlidar_sdk/share/YDLIDAR_SDK/doc/howto/images/csharp_running.png
[34.540s] -- Installing: /workspaces/foxy_ws/src/omorobot_r1_mini/src/install/ydlidar_sdk/share/YDLIDAR_SDK/doc/howto/images/sdk_init.png
[34.560s] -- Installing: /workspaces/foxy_ws/src/omorobot_r1_mini/src/install/ydlidar_sdk/share/YDLIDAR_SDK/doc/howto/images/sdk_scanning.png
[34.600s] -- Installing: /workspaces/foxy_ws/src/omorobot_r1_mini/src/install/ydlidar_sdk/share/YDLIDAR_SDK/doc/howto/images/sequence.png
[34.634s] -- Installing: /workspaces/foxy_ws/src/omorobot_r1_mini/src/install/ydlidar_sdk/share/YDLIDAR_SDK/doc/howto/images/ttyUSB0.png
[34.663s] -- Installing: /workspaces/foxy_ws/src/omorobot_r1_mini/src/install/ydlidar_sdk/share/YDLIDAR_SDK/doc/howto/images/ttyUSB1.png
[34.700s] -- Installing: /workspaces/foxy_ws/src/omorobot_r1_mini/src/install/ydlidar_sdk/share/YDLIDAR_SDK/doc/howto/images/vscode
[34.711s] -- Installing: /workspaces/foxy_ws/src/omorobot_r1_mini/src/install/ydlidar_sdk/share/YDLIDAR_SDK/doc/howto/images/vscode/run_tasks.jpg
[34.911s] -- Installing: /workspaces/foxy_ws/src/omorobot_r1_mini/src/install/ydlidar_sdk/share/YDLIDAR_SDK/doc/howto/images/vscode/tasks.png
[35.084s] -- Installing: /workspaces/foxy_ws/src/omorobot_r1_mini/src/install/ydlidar_sdk/share/YDLIDAR_SDK/doc/howto/images/ydlidar_lidar_monitor.png
[35.161s] -- Installing: /workspaces/foxy_ws/src/omorobot_r1_mini/src/install/ydlidar_sdk/share/YDLIDAR_SDK/doc/images
[35.171s] -- Installing: /workspaces/foxy_ws/src/omorobot_r1_mini/src/install/ydlidar_sdk/share/YDLIDAR_SDK/doc/images/EAI.png
[35.309s] -- Installing: /workspaces/foxy_ws/src/omorobot_r1_mini/src/install/ydlidar_sdk/share/YDLIDAR_SDK/doc/images/FlowChart.png
[35.346s] -- Installing: /workspaces/foxy_ws/src/omorobot_r1_mini/src/install/ydlidar_sdk/share/YDLIDAR_SDK/doc/images/YDLidar.jpg
[35.374s] -- Installing: /workspaces/foxy_ws/src/omorobot_r1_mini/src/install/ydlidar_sdk/share/YDLIDAR_SDK/doc/images/YDLidar.png
[35.397s] -- Installing: /workspaces/foxy_ws/src/omorobot_r1_mini/src/install/ydlidar_sdk/share/YDLIDAR_SDK/doc/images/angle_q2.png
[35.429s] -- Installing: /workspaces/foxy_ws/src/omorobot_r1_mini/src/install/ydlidar_sdk/share/YDLIDAR_SDK/doc/images/communication_mechanism.png
[35.482s] -- Installing: /workspaces/foxy_ws/src/omorobot_r1_mini/src/install/ydlidar_sdk/share/YDLIDAR_SDK/doc/images/frame.png
[35.534s] -- Installing: /workspaces/foxy_ws/src/omorobot_r1_mini/src/install/ydlidar_sdk/share/YDLIDAR_SDK/doc/images/frame_intensity.png
[35.568s] -- Installing: /workspaces/foxy_ws/src/omorobot_r1_mini/src/install/ydlidar_sdk/share/YDLIDAR_SDK/doc/images/sdk_architecture.png
[35.594s] -- Installing: /workspaces/foxy_ws/src/omorobot_r1_mini/src/install/ydlidar_sdk/share/YDLIDAR_SDK/doc/images/sdk_init.png
[35.631s] -- Installing: /workspaces/foxy_ws/src/omorobot_r1_mini/src/install/ydlidar_sdk/share/YDLIDAR_SDK/doc/images/sdk_scanning.png
[35.674s] -- Installing: /workspaces/foxy_ws/src/omorobot_r1_mini/src/install/ydlidar_sdk/share/YDLIDAR_SDK/doc/images/sequence.png
[35.706s] -- Installing: /workspaces/foxy_ws/src/omorobot_r1_mini/src/install/ydlidar_sdk/share/YDLIDAR_SDK/doc/images/system_workflow.png
[35.773s] -- Installing: /workspaces/foxy_ws/src/omorobot_r1_mini/src/install/ydlidar_sdk/share/YDLIDAR_SDK/doc/quickstart
[35.784s] -- Installing: /workspaces/foxy_ws/src/omorobot_r1_mini/src/install/ydlidar_sdk/share/YDLIDAR_SDK/doc/quickstart/README.md
[35.809s] -- Installing: /workspaces/foxy_ws/src/omorobot_r1_mini/src/install/ydlidar_sdk/share/YDLIDAR_SDK/doc/quickstart/ydlidar_sdk_software_installation_guide.md
[35.832s] -- Installing: /workspaces/foxy_ws/src/omorobot_r1_mini/src/install/ydlidar_sdk/share/YDLIDAR_SDK/doc/tutorials
[35.843s] -- Installing: /workspaces/foxy_ws/src/omorobot_r1_mini/src/install/ydlidar_sdk/share/YDLIDAR_SDK/doc/tutorials/examine_the_simple_lidar_tutorial.md
[35.865s] -- Installing: /workspaces/foxy_ws/src/omorobot_r1_mini/src/install/ydlidar_sdk/share/YDLIDAR_SDK/doc/tutorials/writing_lidar_network_adapter_tutorial_c++.md
[35.887s] -- Installing: /workspaces/foxy_ws/src/omorobot_r1_mini/src/install/ydlidar_sdk/share/YDLIDAR_SDK/doc/tutorials/writing_lidar_tutorial_c++.md
[35.910s] -- Installing: /workspaces/foxy_ws/src/omorobot_r1_mini/src/install/ydlidar_sdk/share/YDLIDAR_SDK/doc/tutorials/writing_lidar_tutorial_c.md
[35.943s] -- Installing: /workspaces/foxy_ws/src/omorobot_r1_mini/src/install/ydlidar_sdk/share/YDLIDAR_SDK/doc/tutorials/writing_lidar_tutorial_python.md
[35.970s] -- Installing: /workspaces/foxy_ws/src/omorobot_r1_mini/src/install/ydlidar_sdk/startup/initenv.sh
[36.028s] -- Installing: /workspaces/foxy_ws/src/omorobot_r1_mini/src/install/ydlidar_sdk/bin/etlidar_test
[36.172s] -- Installing: /workspaces/foxy_ws/src/omorobot_r1_mini/src/install/ydlidar_sdk/bin/tof_test
[36.302s] -- Installing: /workspaces/foxy_ws/src/omorobot_r1_mini/src/install/ydlidar_sdk/bin/ydlidar_test
[36.447s] -- Installing: /workspaces/foxy_ws/src/omorobot_r1_mini/src/install/ydlidar_sdk/bin/lidar_c_api_test
[36.581s] Invoked command in '/workspaces/foxy_ws/src/omorobot_r1_mini/src/build/ydlidar_sdk' returned '0': /usr/bin/cmake --install /workspaces/foxy_ws/src/omorobot_r1_mini/src/build/ydlidar_sdk
