running egg_info
creating ../build/unity_slam_example/unity_slam_example.egg-info
writing ../build/unity_slam_example/unity_slam_example.egg-info/PKG-INFO
writing dependency_links to ../build/unity_slam_example/unity_slam_example.egg-info/dependency_links.txt
writing requirements to ../build/unity_slam_example/unity_slam_example.egg-info/requires.txt
writing top-level names to ../build/unity_slam_example/unity_slam_example.egg-info/top_level.txt
writing manifest file '../build/unity_slam_example/unity_slam_example.egg-info/SOURCES.txt'
reading manifest file '../build/unity_slam_example/unity_slam_example.egg-info/SOURCES.txt'
writing manifest file '../build/unity_slam_example/unity_slam_example.egg-info/SOURCES.txt'
running build
running install
running install_data
creating /workspaces/foxy_ws/src/nav2_slam_example/src/install/unity_slam_example/share/ament_index
creating /workspaces/foxy_ws/src/nav2_slam_example/src/install/unity_slam_example/share/ament_index/resource_index
creating /workspaces/foxy_ws/src/nav2_slam_example/src/install/unity_slam_example/share/ament_index/resource_index/packages
copying resource/unity_slam_example -> /workspaces/foxy_ws/src/nav2_slam_example/src/install/unity_slam_example/share/ament_index/resource_index/packages
copying package.xml -> /workspaces/foxy_ws/src/nav2_slam_example/src/install/unity_slam_example/share/unity_slam_example
copying rviz/nav2_unity.rviz -> /workspaces/foxy_ws/src/nav2_slam_example/src/install/unity_slam_example/share/unity_slam_example
copying launch/unity_slam_example.py -> /workspaces/foxy_ws/src/nav2_slam_example/src/install/unity_slam_example/share/unity_slam_example
running install_egg_info
Copying ../build/unity_slam_example/unity_slam_example.egg-info to /workspaces/foxy_ws/src/nav2_slam_example/src/install/unity_slam_example/lib/python3.8/site-packages/unity_slam_example-0.0.1-py3.8.egg-info
running install_scripts
writing list of installed files to '/workspaces/foxy_ws/src/nav2_slam_example/src/build/unity_slam_example/install.log'
