[ 50%] Built target srv_server_node
[ 87%] Built target cpp_simple_service_client_node
[ 87%] Built target srv_client_node
[100%] Built target cpp_simple_service_dummy_server_node
-- Install configuration: ""
-- Execute custom install script
-- Up-to-date symlink: /workspaces/foxy_ws/src/gcamp_ros2_ws/install/cpp_service_tutorial/lib/cpp_service_tutorial/cpp_simple_service_client_node
-- Up-to-date symlink: /workspaces/foxy_ws/src/gcamp_ros2_ws/install/cpp_service_tutorial/lib/cpp_service_tutorial/cpp_simple_service_dummy_server_node
-- Up-to-date symlink: /workspaces/foxy_ws/src/gcamp_ros2_ws/install/cpp_service_tutorial/lib/cpp_service_tutorial/srv_server_node
-- Up-to-date symlink: /workspaces/foxy_ws/src/gcamp_ros2_ws/install/cpp_service_tutorial/lib/cpp_service_tutorial/srv_client_node
-- Up-to-date symlink: /workspaces/foxy_ws/src/gcamp_ros2_ws/install/cpp_service_tutorial/share/ament_index/resource_index/package_run_dependencies/cpp_service_tutorial
-- Up-to-date symlink: /workspaces/foxy_ws/src/gcamp_ros2_ws/install/cpp_service_tutorial/share/ament_index/resource_index/parent_prefix_path/cpp_service_tutorial
-- Up-to-date symlink: /workspaces/foxy_ws/src/gcamp_ros2_ws/install/cpp_service_tutorial/share/cpp_service_tutorial/environment/ament_prefix_path.sh
-- Up-to-date symlink: /workspaces/foxy_ws/src/gcamp_ros2_ws/install/cpp_service_tutorial/share/cpp_service_tutorial/environment/ament_prefix_path.dsv
-- Up-to-date symlink: /workspaces/foxy_ws/src/gcamp_ros2_ws/install/cpp_service_tutorial/share/cpp_service_tutorial/environment/path.sh
-- Up-to-date symlink: /workspaces/foxy_ws/src/gcamp_ros2_ws/install/cpp_service_tutorial/share/cpp_service_tutorial/environment/path.dsv
-- Up-to-date symlink: /workspaces/foxy_ws/src/gcamp_ros2_ws/install/cpp_service_tutorial/share/cpp_service_tutorial/local_setup.bash
-- Up-to-date symlink: /workspaces/foxy_ws/src/gcamp_ros2_ws/install/cpp_service_tutorial/share/cpp_service_tutorial/local_setup.sh
-- Up-to-date symlink: /workspaces/foxy_ws/src/gcamp_ros2_ws/install/cpp_service_tutorial/share/cpp_service_tutorial/local_setup.zsh
-- Up-to-date symlink: /workspaces/foxy_ws/src/gcamp_ros2_ws/install/cpp_service_tutorial/share/cpp_service_tutorial/local_setup.dsv
-- Symlinking: /workspaces/foxy_ws/src/gcamp_ros2_ws/install/cpp_service_tutorial/share/cpp_service_tutorial/package.dsv
-- Up-to-date symlink: /workspaces/foxy_ws/src/gcamp_ros2_ws/install/cpp_service_tutorial/share/ament_index/resource_index/packages/cpp_service_tutorial
-- Up-to-date symlink: /workspaces/foxy_ws/src/gcamp_ros2_ws/install/cpp_service_tutorial/share/cpp_service_tutorial/cmake/cpp_service_tutorialConfig.cmake
-- Up-to-date symlink: /workspaces/foxy_ws/src/gcamp_ros2_ws/install/cpp_service_tutorial/share/cpp_service_tutorial/cmake/cpp_service_tutorialConfig-version.cmake
-- Up-to-date symlink: /workspaces/foxy_ws/src/gcamp_ros2_ws/install/cpp_service_tutorial/share/cpp_service_tutorial/package.xml
